{"Timestamp": "2019-02-13 18:04:57.462400Z", "Channel": "Security", "Provider": "Microsoft-Windows-Security-Auditing", "Hostname": "PC01.example.corp", "SID": "S-1-5-18", "EventID": 4688, "RecordID": 227748, "Level": "0", "Descr": "A new process has been created", "Username": "PC01$", "Domain": "EXAMPLE", "LogonId": "0x3e7", "NewProcessId": "0x38c", "NewProcessPath": "C:\\Windows\\System32\\smss.exe", "TokenElevationType": "TokenElevationTypeDefault (1)", "ProcessId": "0x124", "Command": null}
{"Timestamp": "2019-02-13 18:04:57.442372Z", "Channel": "Security", "Provider": "Microsoft-Windows-Security-Auditing", "Hostname": "PC01.example.corp", "SID": "S-1-0-0", "EventID": 4624, "RecordID": 227747, "Level": "0", "Descr": "An account was successfully logged on", "Username": "-", "Domain": "-", "LogonId": "0x0", "TargetSID": "S-1-5-21-1587066498-1489273250-1035260531-1108", "TargetUsername": "admin01", "TargetDomain": "EXAMPLE", "TargetLogonId": "0x148f5d", "LogonType+": "3", "LogonType": "3", "LogonProcess": "NtLmSsp ", "AuthenticationPackage": "NTLM", "WorkstationName": "PC02", "LogonGUID": "00000000-0000-0000-0000-000000000000", "TransmittedServices": "-", "KeyLength": "128", "ProcessId": "0x0", "ProcessPath": "-", "IP": "-", "Port": "-"}
{"Timestamp": "2019-02-13 18:04:57.442372Z", "Channel": "Security", "Provider": "Microsoft-Windows-Security-Auditing", "Hostname": "PC01.example.corp", "SID": null, "EventID": 4672, "RecordID": 227746, "Level": "0", "Descr": "Special privileges assigned to new logon", "TargetSID": "S-1-5-21-1587066498-1489273250-1035260531-1108", "TargetUsername": "admin01", "TargetDomain": "EXAMPLE", "TargetLogonId": "0x148f5d", "PrivilegeList": "SeSecurityPrivilege\n\t\t\tSeBackupPrivilege\n\t\t\tSeRestorePrivilege\n\t\t\tSeTakeOwnershipPrivilege\n\t\t\tSeDebugPrivilege\n\t\t\tSeSystemEnvironmentPrivilege\n\t\t\tSeLoadDriverPrivilege\n\t\t\tSeImpersonatePrivilege"}
{"Timestamp": "2019-02-13 18:04:57.442372Z", "Channel": "Security", "Provider": "Microsoft-Windows-Security-Auditing", "Hostname": "PC01.example.corp", "SID": null, "EventID": 5156, "RecordID": 227745, "Level": "0", "Descr": "The Windows Filtering Platform has permitted a connection", "ProcessPath": "\\device\\harddiskvolume1\\windows\\system32\\lsass.exe", "Direction": "Outbound", "TargetIP": "10.0.2.15", "TargetPort": "49158", "Protocol+": "6", "Protocol": "6", "TargetSID": "S-1-0-0", "TargetMachineSID": "S-1-0-0"}
{"Timestamp": "2019-02-13 18:04:45.905783Z", "Channel": "Security", "Provider": "Microsoft-Windows-Security-Auditing", "Hostname": "PC01.example.corp", "SID": null, "EventID": 5156, "RecordID": 227742, "Level": "0", "Descr": "The Windows Filtering Platform has permitted a connection", "ProcessPath": "System", "Direction": "Inbound", "TargetIP": "127.0.0.1", "TargetPort": "49274", "Protocol+": "6", "Protocol": "6", "TargetSID": "S-1-0-0", "TargetMachineSID": "S-1-0-0"}
{"Timestamp": "2019-02-13 18:04:45.905783Z", "Channel": "Security", "Provider": "Microsoft-Windows-Security-Auditing", "Hostname": "PC01.example.corp", "SID": null, "EventID": 5156, "RecordID": 227741, "Level": "0", "Descr": "The Windows Filtering Platform has permitted a connection", "ProcessPath": "\\device\\harddiskvolume1\\users\\user01\\desktop\\plink.exe", "Direction": "Outbound", "TargetIP": "127.0.0.2", "TargetPort": "3389", "Protocol+": "6", "Protocol": "6", "TargetSID": "S-1-0-0", "TargetMachineSID": "S-1-0-0"}
{"Timestamp": "2019-02-13 18:04:43.171852Z", "Channel": "Security", "Provider": "Microsoft-Windows-Security-Auditing", "Hostname": "PC01.example.corp", "SID": "S-1-0-0", "EventID": 4624, "RecordID": 227740, "Level": "0", "Descr": "An account was successfully logged on", "Username": "-", "Domain": "-", "LogonId": "0x0", "TargetSID": "S-1-5-21-1587066498-1489273250-1035260531-1108", "TargetUsername": "admin01", "TargetDomain": "EXAMPLE", "TargetLogonId": "0x14871d", "LogonType+": "3", "LogonType": "3", "LogonProcess": "NtLmSsp ", "AuthenticationPackage": "NTLM", "WorkstationName": "PC02", "LogonGUID": "00000000-0000-0000-0000-000000000000", "TransmittedServices": "-", "KeyLength": "128", "ProcessId": "0x0", "ProcessPath": "-", "IP": "-", "Port": "-"}
{"Timestamp": "2019-02-13 18:04:43.171852Z", "Channel": "Security", "Provider": "Microsoft-Windows-Security-Auditing", "Hostname": "PC01.example.corp", "SID": null, "EventID": 4672, "RecordID": 227739, "Level": "0", "Descr": "Special privileges assigned to new logon", "TargetSID": "S-1-5-21-1587066498-1489273250-1035260531-1108", "TargetUsername": "admin01", "TargetDomain": "EXAMPLE", "TargetLogonId": "0x14871d", "PrivilegeList": "SeSecurityPrivilege\n\t\t\tSeBackupPrivilege\n\t\t\tSeRestorePrivilege\n\t\t\tSeTakeOwnershipPrivilege\n\t\t\tSeDebugPrivilege\n\t\t\tSeSystemEnvironmentPrivilege\n\t\t\tSeLoadDriverPrivilege\n\t\t\tSeImpersonatePrivilege"}
{"Timestamp": "2019-02-13 18:04:43.171852Z", "Channel": "Security", "Provider": "Microsoft-Windows-Security-Auditing", "Hostname": "PC01.example.corp", "SID": null, "EventID": 5156, "RecordID": 227738, "Level": "0", "Descr": "The Windows Filtering Platform has permitted a connection", "ProcessPath": "\\device\\harddiskvolume1\\windows\\system32\\lsass.exe", "Direction": "Outbound", "TargetIP": "10.0.2.15", "TargetPort": "49158", "Protocol+": "6", "Protocol": "6", "TargetSID": "S-1-0-0", "TargetMachineSID": "S-1-0-0"}
{"Timestamp": "2019-02-13 18:04:43.171852Z", "Channel": "Security", "Provider": "Microsoft-Windows-Security-Auditing", "Hostname": "PC01.example.corp", "SID": null, "EventID": 5156, "RecordID": 227737, "Level": "0", "Descr": "The Windows Filtering Platform has permitted a connection", "ProcessPath": "\\device\\harddiskvolume1\\windows\\system32\\lsass.exe", "Direction": "Outbound", "TargetIP": "10.0.2.15", "TargetPort": "135", "Protocol+": "6", "Protocol": "6", "TargetSID": "S-1-0-0", "TargetMachineSID": "S-1-0-0"}
{"Timestamp": "2019-02-13 18:04:01.722250Z", "Channel": "Security", "Provider": "Microsoft-Windows-Security-Auditing", "Hostname": "PC01.example.corp", "SID": null, "EventID": 5156, "RecordID": 227736, "Level": "0", "Descr": "The Windows Filtering Platform has permitted a connection", "ProcessPath": "\\device\\harddiskvolume1\\windows\\system32\\svchost.exe", "Direction": "Outbound", "TargetIP": "224.0.0.252", "TargetPort": "5355", "Protocol+": "17", "Protocol": "17", "TargetSID": "S-1-0-0", "TargetMachineSID": "S-1-0-0"}
{"Timestamp": "2019-02-13 18:04:01.722250Z", "Channel": "Security", "Provider": "Microsoft-Windows-Security-Auditing", "Hostname": "PC01.example.corp", "SID": null, "EventID": 5158, "RecordID": 227735, "Level": "0", "Descr": "The Windows Filtering Platform has permitted a bind to a local port", "ProcessId": "1280", "ProcessPath": "\\device\\harddiskvolume1\\windows\\system32\\svchost.exe", "IP": "0.0.0.0", "Port": "53613", "Protocol+": "17", "Protocol": "17"}
{"Timestamp": "2019-02-13 18:04:01.722250Z", "Channel": "Security", "Provider": "Microsoft-Windows-Security-Auditing", "Hostname": "PC01.example.corp", "SID": null, "EventID": 5156, "RecordID": 227734, "Level": "0", "Descr": "The Windows Filtering Platform has permitted a connection", "ProcessPath": "\\device\\harddiskvolume1\\windows\\system32\\svchost.exe", "Direction": "Outbound", "TargetIP": "ff02::1:3", "TargetPort": "5355", "Protocol+": "17", "Protocol": "17", "TargetSID": "S-1-0-0", "TargetMachineSID": "S-1-0-0"}
{"Timestamp": "2019-02-13 18:04:01.722250Z", "Channel": "Security", "Provider": "Microsoft-Windows-Security-Auditing", "Hostname": "PC01.example.corp", "SID": null, "EventID": 5158, "RecordID": 227733, "Level": "0", "Descr": "The Windows Filtering Platform has permitted a bind to a local port", "ProcessId": "1280", "ProcessPath": "\\device\\harddiskvolume1\\windows\\system32\\svchost.exe", "IP": "::", "Port": "50448", "Protocol+": "17", "Protocol": "17"}
{"Timestamp": "2019-02-13 18:04:01.722250Z", "Channel": "Security", "Provider": "Microsoft-Windows-Security-Auditing", "Hostname": "PC01.example.corp", "SID": null, "EventID": 5156, "RecordID": 227732, "Level": "0", "Descr": "The Windows Filtering Platform has permitted a connection", "ProcessPath": "\\device\\harddiskvolume1\\windows\\system32\\svchost.exe", "Direction": "Outbound", "TargetIP": "10.0.2.15", "TargetPort": "53", "Protocol+": "17", "Protocol": "17", "TargetSID": "S-1-0-0", "TargetMachineSID": "S-1-0-0"}
{"Timestamp": "2019-02-13 18:04:01.722250Z", "Channel": "Security", "Provider": "Microsoft-Windows-Security-Auditing", "Hostname": "PC01.example.corp", "SID": null, "EventID": 5158, "RecordID": 227731, "Level": "0", "Descr": "The Windows Filtering Platform has permitted a bind to a local port", "ProcessId": "1280", "ProcessPath": "\\device\\harddiskvolume1\\windows\\system32\\svchost.exe", "IP": "0.0.0.0", "Port": "55355", "Protocol+": "17", "Protocol": "17"}
{"Timestamp": "2019-02-13 18:04:01.632120Z", "Channel": "Security", "Provider": "Microsoft-Windows-Security-Auditing", "Hostname": "PC01.example.corp", "SID": null, "EventID": 5156, "RecordID": 227728, "Level": "0", "Descr": "The Windows Filtering Platform has permitted a connection", "ProcessPath": "System", "Direction": "Inbound", "TargetIP": "127.0.0.1", "TargetPort": "49271", "Protocol+": "6", "Protocol": "6", "TargetSID": "S-1-0-0", "TargetMachineSID": "S-1-0-0"}
{"Timestamp": "2019-02-13 18:04:01.632120Z", "Channel": "Security", "Provider": "Microsoft-Windows-Security-Auditing", "Hostname": "PC01.example.corp", "SID": null, "EventID": 5156, "RecordID": 227727, "Level": "0", "Descr": "The Windows Filtering Platform has permitted a connection", "ProcessPath": "\\device\\harddiskvolume1\\users\\user01\\desktop\\plink.exe", "Direction": "Outbound", "TargetIP": "127.0.0.2", "TargetPort": "3389", "Protocol+": "6", "Protocol": "6", "TargetSID": "S-1-0-0", "TargetMachineSID": "S-1-0-0"}
{"Timestamp": "2019-02-13 18:03:42.664847Z", "Channel": "Security", "Provider": "Microsoft-Windows-Security-Auditing", "Hostname": "PC01.example.corp", "SID": "S-1-5-18", "EventID": 4688, "RecordID": 227726, "Level": "0", "Descr": "A new process has been created", "Username": "PC01$", "Domain": "EXAMPLE", "LogonId": "0x3e7", "NewProcessId": "0x934", "NewProcessPath": "C:\\Windows\\System32\\UI0Detect.exe", "TokenElevationType": "TokenElevationTypeDefault (1)", "ProcessId": "0x990", "Command": null}
{"Timestamp": "2019-02-13 18:03:36.025300Z", "Channel": "Security", "Provider": "Microsoft-Windows-Security-Auditing", "Hostname": "PC01.example.corp", "SID": null, "EventID": 5156, "RecordID": 227725, "Level": "0", "Descr": "The Windows Filtering Platform has permitted a connection", "ProcessPath": "System", "Direction": "Inbound", "TargetIP": "10.0.2.18", "TargetPort": "138", "Protocol+": "17", "Protocol": "17", "TargetSID": "S-1-0-0", "TargetMachineSID": "S-1-0-0"}
{"Timestamp": "2019-02-13 18:03:36.025300Z", "Channel": "Security", "Provider": "Microsoft-Windows-Security-Auditing", "Hostname": "PC01.example.corp", "SID": null, "EventID": 5156, "RecordID": 227724, "Level": "0", "Descr": "The Windows Filtering Platform has permitted a connection", "ProcessPath": "System", "Direction": "Inbound", "TargetIP": "10.0.2.18", "TargetPort": "137", "Protocol+": "17", "Protocol": "17", "TargetSID": "S-1-0-0", "TargetMachineSID": "S-1-0-0"}
{"Timestamp": "2019-02-13 18:03:35.704839Z", "Channel": "Security", "Provider": "Microsoft-Windows-Security-Auditing", "Hostname": "PC01.example.corp", "SID": "S-1-5-18", "EventID": 4688, "RecordID": 227721, "Level": "0", "Descr": "A new process has been created", "Username": "PC01$", "Domain": "EXAMPLE", "LogonId": "0x3e7", "NewProcessId": "0xa38", "NewProcessPath": "C:\\Windows\\System32\\slui.exe", "TokenElevationType": "TokenElevationTypeDefault (1)", "ProcessId": "0x278", "Command": null}
{"Timestamp": "2019-02-13 18:03:32.183609Z", "Channel": "Security", "Provider": "Microsoft-Windows-Security-Auditing", "Hostname": "PC01.example.corp", "SID": null, "EventID": 5156, "RecordID": 227720, "Level": "0", "Descr": "The Windows Filtering Platform has permitted a connection", "ProcessPath": "System", "Direction": "Outbound", "TargetIP": "10.0.2.15", "TargetPort": "445", "Protocol+": "6", "Protocol": "6", "TargetSID": "S-1-0-0", "TargetMachineSID": "S-1-0-0"}
{"Timestamp": "2019-02-13 18:03:29.121592Z", "Channel": "Security", "Provider": "Microsoft-Windows-Security-Auditing", "Hostname": "PC01.example.corp", "SID": null, "EventID": 5156, "RecordID": 227719, "Level": "0", "Descr": "The Windows Filtering Platform has permitted a connection", "ProcessPath": "System", "Direction": "Inbound", "TargetIP": "10.0.2.18", "TargetPort": "138", "Protocol+": "17", "Protocol": "17", "TargetSID": "S-1-0-0", "TargetMachineSID": "S-1-0-0"}
{"Timestamp": "2019-02-13 18:03:29.121592Z", "Channel": "Security", "Provider": "Microsoft-Windows-Security-Auditing", "Hostname": "PC01.example.corp", "SID": null, "EventID": 5156, "RecordID": 227718, "Level": "0", "Descr": "The Windows Filtering Platform has permitted a connection", "ProcessPath": "System", "Direction": "Inbound", "TargetIP": "10.0.2.18", "TargetPort": "137", "Protocol+": "17", "Protocol": "17", "TargetSID": "S-1-0-0", "TargetMachineSID": "S-1-0-0"}
{"Timestamp": "2019-02-13 18:03:28.348559Z", "Channel": "Security", "Provider": "Microsoft-Windows-Security-Auditing", "Hostname": "PC01.example.corp", "SID": null, "EventID": 5156, "RecordID": 227717, "Level": "0", "Descr": "The Windows Filtering Platform has permitted a connection", "ProcessPath": "\\device\\harddiskvolume1\\users\\user01\\desktop\\plink.exe", "Direction": "Outbound", "TargetIP": "10.0.2.18", "TargetPort": "80", "Protocol+": "6", "Protocol": "6", "TargetSID": "S-1-0-0", "TargetMachineSID": "S-1-0-0"}
{"Timestamp": "2019-02-13 18:03:28.318440Z", "Channel": "Security", "Provider": "Microsoft-Windows-Security-Auditing", "Hostname": "PC01.example.corp", "SID": "S-1-5-21-1587066498-1489273250-1035260531-1106", "EventID": 4688, "RecordID": 227714, "Level": "0", "Descr": "A new process has been created", "Username": "user01", "Domain": "EXAMPLE", "LogonId": "0x2ed80", "NewProcessId": "0xcfc", "NewProcessPath": "C:\\Users\\user01\\Desktop\\plink.exe", "TokenElevationType": "TokenElevationTypeDefault (1)", "ProcessId": "0xe60", "Command": null}
{"Timestamp": "2019-02-13 18:02:19.518362Z", "Channel": "Security", "Provider": "Microsoft-Windows-Security-Auditing", "Hostname": "PC01.example.corp", "SID": null, "EventID": 5156, "RecordID": 227713, "Level": "0", "Descr": "The Windows Filtering Platform has permitted a connection", "ProcessPath": "\\device\\harddiskvolume1\\windows\\system32\\svchost.exe", "Direction": "Outbound", "TargetIP": "ff02::1:2", "TargetPort": "547", "Protocol+": "17", "Protocol": "17", "TargetSID": "S-1-0-0", "TargetMachineSID": "S-1-0-0"}
{"Timestamp": "2019-02-13 18:02:05.528246Z", "Channel": "Security", "Provider": "Microsoft-Windows-Security-Auditing", "Hostname": "PC01.example.corp", "SID": "S-1-5-18", "EventID": 4688, "RecordID": 227712, "Level": "0", "Descr": "A new process has been created", "Username": "PC01$", "Domain": "EXAMPLE", "LogonId": "0x3e7", "NewProcessId": "0x250", "NewProcessPath": "C:\\Windows\\System32\\AtBroker.exe", "TokenElevationType": "TokenElevationTypeDefault (1)", "ProcessId": "0x1d0", "Command": null}
{"Timestamp": "2019-02-13 18:02:05.458145Z", "Channel": "Security", "Provider": "Microsoft-Windows-Security-Auditing", "Hostname": "PC01.example.corp", "SID": null, "EventID": 5156, "RecordID": 227710, "Level": "0", "Descr": "The Windows Filtering Platform has permitted a connection", "ProcessPath": "\\device\\harddiskvolume1\\windows\\system32\\lsass.exe", "Direction": "Outbound", "TargetIP": "10.0.2.15", "TargetPort": "49155", "Protocol+": "6", "Protocol": "6", "TargetSID": "S-1-0-0", "TargetMachineSID": "S-1-0-0"}
{"Timestamp": "2019-02-13 18:02:05.418087Z", "Channel": "Security", "Provider": "Microsoft-Windows-Security-Auditing", "Hostname": "PC01.example.corp", "SID": null, "EventID": 5156, "RecordID": 227709, "Level": "0", "Descr": "The Windows Filtering Platform has permitted a connection", "ProcessPath": "\\device\\harddiskvolume1\\windows\\system32\\lsass.exe", "Direction": "Outbound", "TargetIP": "10.0.2.15", "TargetPort": "135", "Protocol+": "6", "Protocol": "6", "TargetSID": "S-1-0-0", "TargetMachineSID": "S-1-0-0"}
{"Timestamp": "2019-02-13 18:02:04.526806Z", "Channel": "Security", "Provider": "Microsoft-Windows-Security-Auditing", "Hostname": "PC01.example.corp", "SID": "S-1-5-18", "EventID": 4624, "RecordID": 227708, "Level": "0", "Descr": "An account was successfully logged on", "Username": "PC01$", "Domain": "EXAMPLE", "LogonId": "0x3e7", "TargetSID": "S-1-5-21-1587066498-1489273250-1035260531-1106", "TargetUsername": "user01", "TargetDomain": "EXAMPLE", "TargetLogonId": "0x1414d9", "LogonType+": "7", "LogonType": "7", "LogonProcess": "Negotiat", "AuthenticationPackage": "Negotiate", "WorkstationName": "PC01", "LogonGUID": "42DAF7A9-F185-F292-0EBD-B86A26624D31", "TransmittedServices": "-", "KeyLength": "0", "ProcessId": "0x208", "ProcessPath": "C:\\Windows\\System32\\lsass.exe", "IP": "-", "Port": "-"}
{"Timestamp": "2019-02-13 18:02:04.526806Z", "Channel": "Security", "Provider": "Microsoft-Windows-Security-Auditing", "Hostname": "PC01.example.corp", "SID": "S-1-5-18", "EventID": 4648, "RecordID": 227707, "Level": "0", "Descr": "A logon was attempted using explicit credentials", "Username": "PC01$", "Domain": "EXAMPLE", "LogonId": "0x3e7", "LogonGUID": "00000000-0000-0000-0000-000000000000", "TargetUsername": "user01", "TargetDomain": "EXAMPLE", "TargetLogonGuid": "42DAF7A9-F185-F292-0EBD-B86A26624D31", "TargetServerName": "localhost", "TargetInfo": "localhost", "ProcessId": "0x208", "ProcessPath": "C:\\Windows\\System32\\lsass.exe", "IP": "-", "Port": "-"}
{"Timestamp": "2019-02-13 18:02:04.476734Z", "Channel": "Security", "Provider": "Microsoft-Windows-Security-Auditing", "Hostname": "PC01.example.corp", "SID": null, "EventID": 5156, "RecordID": 227705, "Level": "0", "Descr": "The Windows Filtering Platform has permitted a connection", "ProcessPath": "\\device\\harddiskvolume1\\windows\\system32\\lsass.exe", "Direction": "Outbound", "TargetIP": "10.0.2.15", "TargetPort": "88", "Protocol+": "6", "Protocol": "6", "TargetSID": "S-1-0-0", "TargetMachineSID": "S-1-0-0"}
{"Timestamp": "2019-02-13 18:02:04.476734Z", "Channel": "Security", "Provider": "Microsoft-Windows-Security-Auditing", "Hostname": "PC01.example.corp", "SID": null, "EventID": 5156, "RecordID": 227704, "Level": "0", "Descr": "The Windows Filtering Platform has permitted a connection", "ProcessPath": "\\device\\harddiskvolume1\\windows\\system32\\lsass.exe", "Direction": "Outbound", "TargetIP": "10.0.2.15", "TargetPort": "88", "Protocol+": "6", "Protocol": "6", "TargetSID": "S-1-0-0", "TargetMachineSID": "S-1-0-0"}
{"Timestamp": "2019-02-13 18:02:04.466719Z", "Channel": "Security", "Provider": "Microsoft-Windows-Security-Auditing", "Hostname": "PC01.example.corp", "SID": null, "EventID": 5156, "RecordID": 227703, "Level": "0", "Descr": "The Windows Filtering Platform has permitted a connection", "ProcessPath": "\\device\\harddiskvolume1\\windows\\system32\\lsass.exe", "Direction": "Outbound", "TargetIP": "10.0.2.15", "TargetPort": "88", "Protocol+": "6", "Protocol": "6", "TargetSID": "S-1-0-0", "TargetMachineSID": "S-1-0-0"}
{"Timestamp": "2019-02-13 18:02:04.426662Z", "Channel": "Security", "Provider": "Microsoft-Windows-Security-Auditing", "Hostname": "PC01.example.corp", "SID": "S-1-5-18", "EventID": 4624, "RecordID": 227701, "Level": "0", "Descr": "An account was successfully logged on", "Username": "PC01$", "Domain": "EXAMPLE", "LogonId": "0x3e7", "TargetSID": "S-1-5-21-1587066498-1489273250-1035260531-1106", "TargetUsername": "user01", "TargetDomain": "EXAMPLE", "TargetLogonId": "0x1414c8", "LogonType+": "11", "LogonType": "11", "LogonProcess": "User32 ", "AuthenticationPackage": "Negotiate", "WorkstationName": "PC01", "LogonGUID": "00000000-0000-0000-0000-000000000000", "TransmittedServices": "-", "KeyLength": "0", "ProcessId": "0x704", "ProcessPath": "C:\\Windows\\System32\\winlogon.exe", "IP": "127.0.0.1", "Port": "0"}
{"Timestamp": "2019-02-13 18:02:04.426662Z", "Channel": "Security", "Provider": "Microsoft-Windows-Security-Auditing", "Hostname": "PC01.example.corp", "SID": "S-1-5-18", "EventID": 4648, "RecordID": 227700, "Level": "0", "Descr": "A logon was attempted using explicit credentials", "Username": "PC01$", "Domain": "EXAMPLE", "LogonId": "0x3e7", "LogonGUID": "00000000-0000-0000-0000-000000000000", "TargetUsername": "user01", "TargetDomain": "EXAMPLE", "TargetLogonGuid": "00000000-0000-0000-0000-000000000000", "TargetServerName": "localhost", "TargetInfo": "localhost", "ProcessId": "0x704", "ProcessPath": "C:\\Windows\\System32\\winlogon.exe", "IP": "127.0.0.1", "Port": "0"}
{"Timestamp": "2019-02-13 18:02:04.426662Z", "Channel": "Security", "Provider": "Microsoft-Windows-Security-Auditing", "Hostname": "PC01.example.corp", "SID": null, "EventID": 5156, "RecordID": 227698, "Level": "0", "Descr": "The Windows Filtering Platform has permitted a connection", "ProcessPath": "\\device\\harddiskvolume1\\windows\\system32\\lsass.exe", "Direction": "Outbound", "TargetIP": "10.0.2.15", "TargetPort": "88", "Protocol+": "6", "Protocol": "6", "TargetSID": "S-1-0-0", "TargetMachineSID": "S-1-0-0"}
{"Timestamp": "2019-02-13 18:01:47.562412Z", "Channel": "Security", "Provider": "Microsoft-Windows-Security-Auditing", "Hostname": "PC01.example.corp", "SID": "S-1-5-18", "EventID": 4688, "RecordID": 227695, "Level": "0", "Descr": "A new process has been created", "Username": "PC01$", "Domain": "EXAMPLE", "LogonId": "0x3e7", "NewProcessId": "0x1fc", "NewProcessPath": "C:\\Windows\\System32\\TSTheme.exe", "TokenElevationType": "TokenElevationTypeDefault (1)", "ProcessId": "0x278", "Command": null}
{"Timestamp": "2019-02-13 18:01:47.512340Z", "Channel": "Security", "Provider": "Microsoft-Windows-Security-Auditing", "Hostname": "PC01.example.corp", "SID": null, "EventID": 5156, "RecordID": 227694, "Level": "0", "Descr": "The Windows Filtering Platform has permitted a connection", "ProcessPath": "\\device\\harddiskvolume1\\windows\\system32\\svchost.exe", "Direction": "Outbound", "TargetIP": "ff02::1:2", "TargetPort": "547", "Protocol+": "17", "Protocol": "17", "TargetSID": "S-1-0-0", "TargetMachineSID": "S-1-0-0"}
{"Timestamp": "2019-02-13 18:01:41.593830Z", "Channel": "Security", "Provider": "Microsoft-Windows-Eventlog", "Hostname": "PC01.example.corp", "SID": "S-1-5-21-1587066498-1489273250-1035260531-1108", "EventID": 1102, "RecordID": 227693, "Level": "Information", "Descr": "The audit log was cleared", "Username": "admin01", "Domain": "EXAMPLE", "LogonId": "0xaf855"}
{"Timestamp": "2019-05-08 02:10:43.487217Z", "Channel": "Security", "Provider": "Microsoft-Windows-Security-Auditing", "Hostname": "DC1.insecurebank.local", "SID": "S-1-5-21-738609754-2819869699-4189121830-500", "EventID": 4662, "RecordID": 202793, "Level": "0", "Descr": "An operation was performed on an object", "Username": "Administrator", "Domain": "insecurebank", "LogonId": "0x40c6511", "ObjectServer": "DS", "ObjectType": "%{19195a5b-6da0-11d0-afd3-00c04fd930c9}", "ObjectName": "%{c6faf700-bfe4-452a-a766-424f84c29583}", "OperationType": "Object Access", "HandleId": "0x0", "AccessList": "Control Access", "AccessMask": "0x100", "Properties": "%%7688\n\t\t{1131f6ad-9c07-11d1-f79f-00c04fc2dcd2}\n\t{19195a5b-6da0-11d0-afd3-00c04fd930c9}\n"}
{"Timestamp": "2019-05-08 02:10:43.487217Z", "Channel": "Security", "Provider": "Microsoft-Windows-Security-Auditing", "Hostname": "DC1.insecurebank.local", "SID": "S-1-5-21-738609754-2819869699-4189121830-500", "EventID": 4662, "RecordID": 202792, "Level": "0", "Descr": "An operation was performed on an object", "Username": "Administrator", "Domain": "insecurebank", "LogonId": "0x40c6511", "ObjectServer": "DS", "ObjectType": "%{19195a5b-6da0-11d0-afd3-00c04fd930c9}", "ObjectName": "%{c6faf700-bfe4-452a-a766-424f84c29583}", "OperationType": "Object Access", "HandleId": "0x0", "AccessList": "Control Access", "AccessMask": "0x100", "Properties": "%%7688\n\t\t{1131f6aa-9c07-11d1-f79f-00c04fc2dcd2}\n\t{19195a5b-6da0-11d0-afd3-00c04fd930c9}\n"}
{"Timestamp": "2019-05-08 02:10:43.487217Z", "Channel": "Security", "Provider": "Microsoft-Windows-Security-Auditing", "Hostname": "DC1.insecurebank.local", "SID": "S-1-5-21-738609754-2819869699-4189121830-500", "EventID": 4662, "RecordID": 202791, "Level": "0", "Descr": "An operation was performed on an object", "Username": "Administrator", "Domain": "insecurebank", "LogonId": "0x40c6511", "ObjectServer": "DS", "ObjectType": "%{19195a5b-6da0-11d0-afd3-00c04fd930c9}", "ObjectName": "%{c6faf700-bfe4-452a-a766-424f84c29583}", "OperationType": "Object Access", "HandleId": "0x0", "AccessList": "Control Access", "AccessMask": "0x100", "Properties": "%%7688\n\t\t{1131f6aa-9c07-11d1-f79f-00c04fc2dcd2}\n\t{19195a5b-6da0-11d0-afd3-00c04fd930c9}\n"}
{"Timestamp": "2019-08-27 17:26:41.870939Z", "Channel": "Microsoft-Windows-RemoteDesktopServices-RdpCoreTS/Operational", "Provider": "Microsoft-Windows-RemoteDesktopServices-RdpCoreTS", "Hostname": "MSEDGEWIN10", "SID": "S-1-5-20", "EventID": 148, "RecordID": 964, "Level": "Information", "Descr": "<ChannelName> has been closed between the server and the client on transport tunnel <TunnelID>", "ChannelName": "rdpdr", "TunnelID": "1"}
{"Timestamp": "2019-08-27 17:26:41.870165Z", "Channel": "Microsoft-Windows-RemoteDesktopServices-RdpCoreTS/Operational", "Provider": "Microsoft-Windows-RemoteDesktopServices-RdpCoreTS", "Hostname": "MSEDGEWIN10", "SID": "S-1-5-20", "EventID": 148, "RecordID": 963, "Level": "Information", "Descr": "<ChannelName> has been closed between the server and the client on transport tunnel <TunnelID>", "ChannelName": "Microsoft::Windows::RDS::Geometry::v08.01", "TunnelID": "1"}
{"Timestamp": "2019-08-27 17:26:41.870157Z", "Channel": "Microsoft-Windows-RemoteDesktopServices-RdpCoreTS/Operational", "Provider": "Microsoft-Windows-RemoteDesktopServices-RdpCoreTS", "Hostname": "MSEDGEWIN10", "SID": "S-1-5-20", "EventID": 148, "RecordID": 962, "Level": "Information", "Descr": "<ChannelName> has been closed between the server and the client on transport tunnel <TunnelID>", "ChannelName": "Microsoft::Windows::RDS::Video::Data::v08.01", "TunnelID": "1"}
{"Timestamp": "2019-08-27 17:26:41.870150Z", "Channel": "Microsoft-Windows-RemoteDesktopServices-RdpCoreTS/Operational", "Provider": "Microsoft-Windows-RemoteDesktopServices-RdpCoreTS", "Hostname": "MSEDGEWIN10", "SID": "S-1-5-20", "EventID": 148, "RecordID": 961, "Level": "Information", "Descr": "<ChannelName> has been closed between the server and the client on transport tunnel <TunnelID>", "ChannelName": "Microsoft::Windows::RDS::Video::Control::v08.01", "TunnelID": "1"}
{"Timestamp": "2019-08-27 17:26:41.870134Z", "Channel": "Microsoft-Windows-RemoteDesktopServices-RdpCoreTS/Operational", "Provider": "Microsoft-Windows-RemoteDesktopServices-RdpCoreTS", "Hostname": "MSEDGEWIN10", "SID": "S-1-5-20", "EventID": 148, "RecordID": 960, "Level": "Information", "Descr": "<ChannelName> has been closed between the server and the client on transport tunnel <TunnelID>", "ChannelName": "ECHO", "TunnelID": "1"}
{"Timestamp": "2019-08-27 17:26:41.867256Z", "Channel": "Microsoft-Windows-RemoteDesktopServices-RdpCoreTS/Operational", "Provider": "Microsoft-Windows-RemoteDesktopServices-RdpCoreTS", "Hostname": "MSEDGEWIN10", "SID": "S-1-5-20", "EventID": 148, "RecordID": 959, "Level": "Information", "Descr": "<ChannelName> has been closed between the server and the client on transport tunnel <TunnelID>", "ChannelName": "Microsoft::Windows::RDS::Graphics", "TunnelID": "1"}
{"Timestamp": "2019-08-27 17:26:41.867249Z", "Channel": "Microsoft-Windows-RemoteDesktopServices-RdpCoreTS/Operational", "Provider": "Microsoft-Windows-RemoteDesktopServices-RdpCoreTS", "Hostname": "MSEDGEWIN10", "SID": "S-1-5-20", "EventID": 148, "RecordID": 958, "Level": "Information", "Descr": "<ChannelName> has been closed between the server and the client on transport tunnel <TunnelID>", "ChannelName": "Microsoft::Windows::RDS::Frame_Buffer::Control::v08.01", "TunnelID": "1"}
{"Timestamp": "2019-08-27 17:26:41.867243Z", "Channel": "Microsoft-Windows-RemoteDesktopServices-RdpCoreTS/Operational", "Provider": "Microsoft-Windows-RemoteDesktopServices-RdpCoreTS", "Hostname": "MSEDGEWIN10", "SID": "S-1-5-20", "EventID": 148, "RecordID": 957, "Level": "Information", "Descr": "<ChannelName> has been closed between the server and the client on transport tunnel <TunnelID>", "ChannelName": "railenc", "TunnelID": "0"}
{"Timestamp": "2019-08-27 17:26:41.867238Z", "Channel": "Microsoft-Windows-RemoteDesktopServices-RdpCoreTS/Operational", "Provider": "Microsoft-Windows-RemoteDesktopServices-RdpCoreTS", "Hostname": "MSEDGEWIN10", "SID": "S-1-5-20", "EventID": 148, "RecordID": 956, "Level": "Information", "Descr": "<ChannelName> has been closed between the server and the client on transport tunnel <TunnelID>", "ChannelName": "rdpgrfx", "TunnelID": "0"}
{"Timestamp": "2019-08-27 17:26:41.867214Z", "Channel": "Microsoft-Windows-RemoteDesktopServices-RdpCoreTS/Operational", "Provider": "Microsoft-Windows-RemoteDesktopServices-RdpCoreTS", "Hostname": "MSEDGEWIN10", "SID": "S-1-5-20", "EventID": 148, "RecordID": 955, "Level": "Information", "Descr": "<ChannelName> has been closed between the server and the client on transport tunnel <TunnelID>", "ChannelName": "Microsoft::Windows::RDS::Geometry::v08.01", "TunnelID": "1"}
{"Timestamp": "2019-08-27 17:26:41.866959Z", "Channel": "Microsoft-Windows-RemoteDesktopServices-RdpCoreTS/Operational", "Provider": "Microsoft-Windows-RemoteDesktopServices-RdpCoreTS", "Hostname": "MSEDGEWIN10", "SID": "S-1-5-20", "EventID": 148, "RecordID": 954, "Level": "Information", "Descr": "<ChannelName> has been closed between the server and the client on transport tunnel <TunnelID>", "ChannelName": "rdplic", "TunnelID": "0"}
{"Timestamp": "2019-08-27 17:26:41.866955Z", "Channel": "Microsoft-Windows-RemoteDesktopServices-RdpCoreTS/Operational", "Provider": "Microsoft-Windows-RemoteDesktopServices-RdpCoreTS", "Hostname": "MSEDGEWIN10", "SID": "S-1-5-20", "EventID": 148, "RecordID": 953, "Level": "Information", "Descr": "<ChannelName> has been closed between the server and the client on transport tunnel <TunnelID>", "ChannelName": "rdpcmd", "TunnelID": "0"}
{"Timestamp": "2019-08-27 17:26:41.866950Z", "Channel": "Microsoft-Windows-RemoteDesktopServices-RdpCoreTS/Operational", "Provider": "Microsoft-Windows-RemoteDesktopServices-RdpCoreTS", "Hostname": "MSEDGEWIN10", "SID": "S-1-5-20", "EventID": 148, "RecordID": 952, "Level": "Information", "Descr": "<ChannelName> has been closed between the server and the client on transport tunnel <TunnelID>", "ChannelName": "rdpinpt", "TunnelID": "0"}
{"Timestamp": "2019-08-27 17:26:41.816319Z", "Channel": "Microsoft-Windows-RemoteDesktopServices-RdpCoreTS/Operational", "Provider": "Microsoft-Windows-RemoteDesktopServices-RdpCoreTS", "Hostname": "MSEDGEWIN10", "SID": "S-1-5-20", "EventID": 148, "RecordID": 945, "Level": "Information", "Descr": "<ChannelName> has been closed between the server and the client on transport tunnel <TunnelID>", "ChannelName": "rdpgrfx", "TunnelID": "0"}
{"Timestamp": "2019-08-27 17:17:49.816109Z", "Channel": "Microsoft-Windows-RemoteDesktopServices-RdpCoreTS/Operational", "Provider": "Microsoft-Windows-RemoteDesktopServices-RdpCoreTS", "Hostname": "MSEDGEWIN10", "SID": "S-1-5-20", "EventID": 148, "RecordID": 932, "Level": "Information", "Descr": "<ChannelName> has been closed between the server and the client on transport tunnel <TunnelID>", "ChannelName": "Microsoft::Windows::RDS::Geometry::v08.01", "TunnelID": "1"}
{"Timestamp": "2019-08-27 17:17:49.157368Z", "Channel": "Microsoft-Windows-RemoteDesktopServices-RdpCoreTS/Operational", "Provider": "Microsoft-Windows-RemoteDesktopServices-RdpCoreTS", "Hostname": "MSEDGEWIN10", "SID": "S-1-5-20", "EventID": 148, "RecordID": 926, "Level": "Information", "Descr": "<ChannelName> has been closed between the server and the client on transport tunnel <TunnelID>", "ChannelName": "Microsoft::Windows::RDS::Input", "TunnelID": "1"}
{"Timestamp": "2019-08-27 17:17:49.145577Z", "Channel": "Microsoft-Windows-RemoteDesktopServices-RdpCoreTS/Operational", "Provider": "Microsoft-Windows-RemoteDesktopServices-RdpCoreTS", "Hostname": "MSEDGEWIN10", "SID": "S-1-5-20", "EventID": 148, "RecordID": 924, "Level": "Information", "Descr": "<ChannelName> has been closed between the server and the client on transport tunnel <TunnelID>", "ChannelName": "RDCamera_Device_Enumerator", "TunnelID": "1"}
{"Timestamp": "2019-08-27 17:17:47.627581Z", "Channel": "Microsoft-Windows-RemoteDesktopServices-RdpCoreTS/Operational", "Provider": "Microsoft-Windows-RemoteDesktopServices-RdpCoreTS", "Hostname": "MSEDGEWIN10", "SID": "S-1-5-20", "EventID": 148, "RecordID": 917, "Level": "Information", "Descr": "<ChannelName> has been closed between the server and the client on transport tunnel <TunnelID>", "ChannelName": "Microsoft::Windows::RDS::Telemetry", "TunnelID": "1"}
{"Timestamp": "2019-08-27 17:17:45.647913Z", "Channel": "Microsoft-Windows-RemoteDesktopServices-RdpCoreTS/Operational", "Provider": "Microsoft-Windows-RemoteDesktopServices-RdpCoreTS", "Hostname": "MSEDGEWIN10", "SID": "S-1-5-20", "EventID": 131, "RecordID": 896, "Level": "Information", "Descr": "The server accepted a new <Protocol> connection from <IPPort>", "Protocol": "UDP", "IPPort": "[10.0.2.17]:56873"}
{"Timestamp": "2019-08-27 17:17:45.624254Z", "Channel": "Microsoft-Windows-RemoteDesktopServices-RdpCoreTS/Operational", "Provider": "Microsoft-Windows-RemoteDesktopServices-RdpCoreTS", "Hostname": "MSEDGEWIN10", "SID": "S-1-5-20", "EventID": 98, "RecordID": 891, "Level": "Information", "Descr": "A TCP connection has been successfully established"}
{"Timestamp": "2019-08-27 17:17:44.948782Z", "Channel": "Microsoft-Windows-RemoteDesktopServices-RdpCoreTS/Operational", "Provider": "Microsoft-Windows-RemoteDesktopServices-RdpCoreTS", "Hostname": "MSEDGEWIN10", "SID": "S-1-5-20", "EventID": 131, "RecordID": 875, "Level": "Information", "Descr": "The server accepted a new <Protocol> connection from <IPPort>", "Protocol": "TCP", "IPPort": "10.0.2.17:57148"}
{"Timestamp": "2019-08-27 17:17:42.684843Z", "Channel": "Microsoft-Windows-RemoteDesktopServices-RdpCoreTS/Operational", "Provider": "Microsoft-Windows-RemoteDesktopServices-RdpCoreTS", "Hostname": "MSEDGEWIN10", "SID": "S-1-5-20", "EventID": 148, "RecordID": 873, "Level": "Information", "Descr": "<ChannelName> has been closed between the server and the client on transport tunnel <TunnelID>", "ChannelName": "rdplic", "TunnelID": "0"}
{"Timestamp": "2019-08-27 17:17:42.684839Z", "Channel": "Microsoft-Windows-RemoteDesktopServices-RdpCoreTS/Operational", "Provider": "Microsoft-Windows-RemoteDesktopServices-RdpCoreTS", "Hostname": "MSEDGEWIN10", "SID": "S-1-5-20", "EventID": 148, "RecordID": 872, "Level": "Information", "Descr": "<ChannelName> has been closed between the server and the client on transport tunnel <TunnelID>", "ChannelName": "rdpcmd", "TunnelID": "0"}
{"Timestamp": "2019-08-27 17:17:42.684835Z", "Channel": "Microsoft-Windows-RemoteDesktopServices-RdpCoreTS/Operational", "Provider": "Microsoft-Windows-RemoteDesktopServices-RdpCoreTS", "Hostname": "MSEDGEWIN10", "SID": "S-1-5-20", "EventID": 148, "RecordID": 871, "Level": "Information", "Descr": "<ChannelName> has been closed between the server and the client on transport tunnel <TunnelID>", "ChannelName": "rdpinpt", "TunnelID": "0"}
{"Timestamp": "2019-08-27 17:17:42.659937Z", "Channel": "Microsoft-Windows-RemoteDesktopServices-RdpCoreTS/Operational", "Provider": "Microsoft-Windows-RemoteDesktopServices-RdpCoreTS", "Hostname": "MSEDGEWIN10", "SID": "S-1-5-20", "EventID": 131, "RecordID": 860, "Level": "Information", "Descr": "The server accepted a new <Protocol> connection from <IPPort>", "Protocol": "TCP", "IPPort": "10.0.2.17:57145"}
{"Timestamp": "2019-08-27 17:16:34.852516Z", "Channel": "Microsoft-Windows-RemoteDesktopServices-RdpCoreTS/Operational", "Provider": "Microsoft-Windows-RemoteDesktopServices-RdpCoreTS", "Hostname": "MSEDGEWIN10", "SID": "S-1-5-20", "EventID": 148, "RecordID": 859, "Level": "Information", "Descr": "<ChannelName> has been closed between the server and the client on transport tunnel <TunnelID>", "ChannelName": "rdplic", "TunnelID": "0"}
{"Timestamp": "2019-08-27 17:16:34.852511Z", "Channel": "Microsoft-Windows-RemoteDesktopServices-RdpCoreTS/Operational", "Provider": "Microsoft-Windows-RemoteDesktopServices-RdpCoreTS", "Hostname": "MSEDGEWIN10", "SID": "S-1-5-20", "EventID": 148, "RecordID": 858, "Level": "Information", "Descr": "<ChannelName> has been closed between the server and the client on transport tunnel <TunnelID>", "ChannelName": "rdpcmd", "TunnelID": "0"}
{"Timestamp": "2019-08-27 17:16:34.852505Z", "Channel": "Microsoft-Windows-RemoteDesktopServices-RdpCoreTS/Operational", "Provider": "Microsoft-Windows-RemoteDesktopServices-RdpCoreTS", "Hostname": "MSEDGEWIN10", "SID": "S-1-5-20", "EventID": 148, "RecordID": 856, "Level": "Information", "Descr": "<ChannelName> has been closed between the server and the client on transport tunnel <TunnelID>", "ChannelName": "rdpinpt", "TunnelID": "0"}
{"Timestamp": "2019-08-27 17:16:28.543877Z", "Channel": "Microsoft-Windows-RemoteDesktopServices-RdpCoreTS/Operational", "Provider": "Microsoft-Windows-RemoteDesktopServices-RdpCoreTS", "Hostname": "MSEDGEWIN10", "SID": "S-1-5-20", "EventID": 131, "RecordID": 845, "Level": "Information", "Descr": "The server accepted a new <Protocol> connection from <IPPort>", "Protocol": "TCP", "IPPort": "10.0.2.17:57064"}
{"Timestamp": "2019-08-28 10:07:44.045926Z", "Channel": "Microsoft-Windows-RemoteDesktopServices-RdpCoreTS/Operational", "Provider": "Microsoft-Windows-RemoteDesktopServices-RdpCoreTS", "Hostname": "MSEDGEWIN10", "SID": "S-1-5-20", "EventID": 148, "RecordID": 1080, "Level": "Information", "Descr": "<ChannelName> has been closed between the server and the client on transport tunnel <TunnelID>", "ChannelName": "Microsoft::Windows::RDS::Video::Control::v08.01", "TunnelID": "1"}
{"Timestamp": "2019-08-28 10:07:44.045902Z", "Channel": "Microsoft-Windows-RemoteDesktopServices-RdpCoreTS/Operational", "Provider": "Microsoft-Windows-RemoteDesktopServices-RdpCoreTS", "Hostname": "MSEDGEWIN10", "SID": "S-1-5-20", "EventID": 148, "RecordID": 1079, "Level": "Information", "Descr": "<ChannelName> has been closed between the server and the client on transport tunnel <TunnelID>", "ChannelName": "ECHO", "TunnelID": "1"}
{"Timestamp": "2019-08-28 10:07:44.045898Z", "Channel": "Microsoft-Windows-RemoteDesktopServices-RdpCoreTS/Operational", "Provider": "Microsoft-Windows-RemoteDesktopServices-RdpCoreTS", "Hostname": "MSEDGEWIN10", "SID": "S-1-5-20", "EventID": 148, "RecordID": 1078, "Level": "Information", "Descr": "<ChannelName> has been closed between the server and the client on transport tunnel <TunnelID>", "ChannelName": "Microsoft::Windows::RDS::Graphics", "TunnelID": "1"}
{"Timestamp": "2019-08-28 10:07:44.045879Z", "Channel": "Microsoft-Windows-RemoteDesktopServices-RdpCoreTS/Operational", "Provider": "Microsoft-Windows-RemoteDesktopServices-RdpCoreTS", "Hostname": "MSEDGEWIN10", "SID": "S-1-5-20", "EventID": 148, "RecordID": 1077, "Level": "Information", "Descr": "<ChannelName> has been closed between the server and the client on transport tunnel <TunnelID>", "ChannelName": "Microsoft::Windows::RDS::Frame_Buffer::Control::v08.01", "TunnelID": "1"}
{"Timestamp": "2019-08-28 10:07:44.045851Z", "Channel": "Microsoft-Windows-RemoteDesktopServices-RdpCoreTS/Operational", "Provider": "Microsoft-Windows-RemoteDesktopServices-RdpCoreTS", "Hostname": "MSEDGEWIN10", "SID": "S-1-5-20", "EventID": 148, "RecordID": 1076, "Level": "Information", "Descr": "<ChannelName> has been closed between the server and the client on transport tunnel <TunnelID>", "ChannelName": "AUDIO_PLAYBACK_DVC", "TunnelID": "1"}
{"Timestamp": "2019-08-28 10:07:44.045526Z", "Channel": "Microsoft-Windows-RemoteDesktopServices-RdpCoreTS/Operational", "Provider": "Microsoft-Windows-RemoteDesktopServices-RdpCoreTS", "Hostname": "MSEDGEWIN10", "SID": "S-1-5-20", "EventID": 148, "RecordID": 1075, "Level": "Information", "Descr": "<ChannelName> has been closed between the server and the client on transport tunnel <TunnelID>", "ChannelName": "railenc", "TunnelID": "0"}
{"Timestamp": "2019-08-28 10:07:44.045523Z", "Channel": "Microsoft-Windows-RemoteDesktopServices-RdpCoreTS/Operational", "Provider": "Microsoft-Windows-RemoteDesktopServices-RdpCoreTS", "Hostname": "MSEDGEWIN10", "SID": "S-1-5-20", "EventID": 148, "RecordID": 1074, "Level": "Information", "Descr": "<ChannelName> has been closed between the server and the client on transport tunnel <TunnelID>", "ChannelName": "rdpgrfx", "TunnelID": "0"}
{"Timestamp": "2019-08-28 10:07:44.045496Z", "Channel": "Microsoft-Windows-RemoteDesktopServices-RdpCoreTS/Operational", "Provider": "Microsoft-Windows-RemoteDesktopServices-RdpCoreTS", "Hostname": "MSEDGEWIN10", "SID": "S-1-5-20", "EventID": 148, "RecordID": 1073, "Level": "Information", "Descr": "<ChannelName> has been closed between the server and the client on transport tunnel <TunnelID>", "ChannelName": "rdplic", "TunnelID": "0"}
{"Timestamp": "2019-08-28 10:07:44.045491Z", "Channel": "Microsoft-Windows-RemoteDesktopServices-RdpCoreTS/Operational", "Provider": "Microsoft-Windows-RemoteDesktopServices-RdpCoreTS", "Hostname": "MSEDGEWIN10", "SID": "S-1-5-20", "EventID": 148, "RecordID": 1072, "Level": "Information", "Descr": "<ChannelName> has been closed between the server and the client on transport tunnel <TunnelID>", "ChannelName": "rdpcmd", "TunnelID": "0"}
{"Timestamp": "2019-08-28 10:07:44.045484Z", "Channel": "Microsoft-Windows-RemoteDesktopServices-RdpCoreTS/Operational", "Provider": "Microsoft-Windows-RemoteDesktopServices-RdpCoreTS", "Hostname": "MSEDGEWIN10", "SID": "S-1-5-20", "EventID": 148, "RecordID": 1071, "Level": "Information", "Descr": "<ChannelName> has been closed between the server and the client on transport tunnel <TunnelID>", "ChannelName": "rdpinpt", "TunnelID": "0"}
{"Timestamp": "2019-08-28 10:02:59.068664Z", "Channel": "Microsoft-Windows-RemoteDesktopServices-RdpCoreTS/Operational", "Provider": "Microsoft-Windows-RemoteDesktopServices-RdpCoreTS", "Hostname": "MSEDGEWIN10", "SID": "S-1-5-20", "EventID": 148, "RecordID": 1065, "Level": "Information", "Descr": "<ChannelName> has been closed between the server and the client on transport tunnel <TunnelID>", "ChannelName": "Microsoft::Windows::RDS::Geometry::v08.01", "TunnelID": "1"}
{"Timestamp": "2019-08-28 10:02:58.603337Z", "Channel": "Microsoft-Windows-RemoteDesktopServices-RdpCoreTS/Operational", "Provider": "Microsoft-Windows-RemoteDesktopServices-RdpCoreTS", "Hostname": "MSEDGEWIN10", "SID": "S-1-5-20", "EventID": 148, "RecordID": 1062, "Level": "Information", "Descr": "<ChannelName> has been closed between the server and the client on transport tunnel <TunnelID>", "ChannelName": "RDCamera_Device_Enumerator", "TunnelID": "1"}
{"Timestamp": "2019-08-28 10:02:58.505753Z", "Channel": "Microsoft-Windows-RemoteDesktopServices-RdpCoreTS/Operational", "Provider": "Microsoft-Windows-RemoteDesktopServices-RdpCoreTS", "Hostname": "MSEDGEWIN10", "SID": "S-1-5-20", "EventID": 148, "RecordID": 1056, "Level": "Information", "Descr": "<ChannelName> has been closed between the server and the client on transport tunnel <TunnelID>", "ChannelName": "Microsoft::Windows::RDS::Input", "TunnelID": "1"}
{"Timestamp": "2019-08-28 10:02:58.222163Z", "Channel": "Microsoft-Windows-RemoteDesktopServices-RdpCoreTS/Operational", "Provider": "Microsoft-Windows-RemoteDesktopServices-RdpCoreTS", "Hostname": "MSEDGEWIN10", "SID": "S-1-5-20", "EventID": 148, "RecordID": 1052, "Level": "Information", "Descr": "<ChannelName> has been closed between the server and the client on transport tunnel <TunnelID>", "ChannelName": "Microsoft::Windows::RDS::Telemetry", "TunnelID": "1"}
{"Timestamp": "2019-08-28 10:02:55.075224Z", "Channel": "Microsoft-Windows-RemoteDesktopServices-RdpCoreTS/Operational", "Provider": "Microsoft-Windows-RemoteDesktopServices-RdpCoreTS", "Hostname": "MSEDGEWIN10", "SID": "S-1-5-20", "EventID": 131, "RecordID": 1029, "Level": "Information", "Descr": "The server accepted a new <Protocol> connection from <IPPort>", "Protocol": "UDP", "IPPort": "[10.0.2.17]:64046"}
{"Timestamp": "2019-08-28 10:02:55.041982Z", "Channel": "Microsoft-Windows-RemoteDesktopServices-RdpCoreTS/Operational", "Provider": "Microsoft-Windows-RemoteDesktopServices-RdpCoreTS", "Hostname": "MSEDGEWIN10", "SID": "S-1-5-20", "EventID": 98, "RecordID": 1024, "Level": "Information", "Descr": "A TCP connection has been successfully established"}
{"Timestamp": "2019-08-28 10:02:54.594028Z", "Channel": "Microsoft-Windows-RemoteDesktopServices-RdpCoreTS/Operational", "Provider": "Microsoft-Windows-RemoteDesktopServices-RdpCoreTS", "Hostname": "MSEDGEWIN10", "SID": "S-1-5-20", "EventID": 131, "RecordID": 1008, "Level": "Information", "Descr": "The server accepted a new <Protocol> connection from <IPPort>", "Protocol": "TCP", "IPPort": "10.0.2.17:53936"}
{"Timestamp": "2019-08-28 10:02:52.172267Z", "Channel": "Microsoft-Windows-RemoteDesktopServices-RdpCoreTS/Operational", "Provider": "Microsoft-Windows-RemoteDesktopServices-RdpCoreTS", "Hostname": "MSEDGEWIN10", "SID": "S-1-5-20", "EventID": 148, "RecordID": 1006, "Level": "Information", "Descr": "<ChannelName> has been closed between the server and the client on transport tunnel <TunnelID>", "ChannelName": "rdplic", "TunnelID": "0"}
{"Timestamp": "2019-08-28 10:02:52.172263Z", "Channel": "Microsoft-Windows-RemoteDesktopServices-RdpCoreTS/Operational", "Provider": "Microsoft-Windows-RemoteDesktopServices-RdpCoreTS", "Hostname": "MSEDGEWIN10", "SID": "S-1-5-20", "EventID": 148, "RecordID": 1005, "Level": "Information", "Descr": "<ChannelName> has been closed between the server and the client on transport tunnel <TunnelID>", "ChannelName": "rdpcmd", "TunnelID": "0"}
{"Timestamp": "2019-08-28 10:02:52.172259Z", "Channel": "Microsoft-Windows-RemoteDesktopServices-RdpCoreTS/Operational", "Provider": "Microsoft-Windows-RemoteDesktopServices-RdpCoreTS", "Hostname": "MSEDGEWIN10", "SID": "S-1-5-20", "EventID": 148, "RecordID": 1004, "Level": "Information", "Descr": "<ChannelName> has been closed between the server and the client on transport tunnel <TunnelID>", "ChannelName": "rdpinpt", "TunnelID": "0"}
{"Timestamp": "2019-08-28 10:02:52.049363Z", "Channel": "Microsoft-Windows-RemoteDesktopServices-RdpCoreTS/Operational", "Provider": "Microsoft-Windows-RemoteDesktopServices-RdpCoreTS", "Hostname": "MSEDGEWIN10", "SID": "S-1-5-20", "EventID": 131, "RecordID": 993, "Level": "Information", "Descr": "The server accepted a new <Protocol> connection from <IPPort>", "Protocol": "TCP", "IPPort": "10.0.2.17:53935"}
{"Timestamp": "2019-08-27 17:26:41.877310Z", "Channel": "Microsoft-Windows-RemoteDesktopServices-RdpCoreTS/Operational", "Provider": "Microsoft-Windows-RemoteDesktopServices-RdpCoreTS", "Hostname": "MSEDGEWIN10", "SID": "S-1-5-20", "EventID": 148, "RecordID": 974, "Level": "Information", "Descr": "<ChannelName> has been closed between the server and the client on transport tunnel <TunnelID>", "ChannelName": "XPSRD", "TunnelID": "1"}
{"Timestamp": "2019-08-27 17:26:41.876691Z", "Channel": "Microsoft-Windows-RemoteDesktopServices-RdpCoreTS/Operational", "Provider": "Microsoft-Windows-RemoteDesktopServices-RdpCoreTS", "Hostname": "MSEDGEWIN10", "SID": "S-1-5-20", "EventID": 148, "RecordID": 973, "Level": "Information", "Descr": "<ChannelName> has been closed between the server and the client on transport tunnel <TunnelID>", "ChannelName": "XPSRD", "TunnelID": "1"}
{"Timestamp": "2019-08-27 17:26:41.875983Z", "Channel": "Microsoft-Windows-RemoteDesktopServices-RdpCoreTS/Operational", "Provider": "Microsoft-Windows-RemoteDesktopServices-RdpCoreTS", "Hostname": "MSEDGEWIN10", "SID": "S-1-5-20", "EventID": 148, "RecordID": 972, "Level": "Information", "Descr": "<ChannelName> has been closed between the server and the client on transport tunnel <TunnelID>", "ChannelName": "XPSRD", "TunnelID": "1"}
{"Timestamp": "2019-08-27 17:26:41.875307Z", "Channel": "Microsoft-Windows-RemoteDesktopServices-RdpCoreTS/Operational", "Provider": "Microsoft-Windows-RemoteDesktopServices-RdpCoreTS", "Hostname": "MSEDGEWIN10", "SID": "S-1-5-20", "EventID": 148, "RecordID": 971, "Level": "Information", "Descr": "<ChannelName> has been closed between the server and the client on transport tunnel <TunnelID>", "ChannelName": "XPSRD", "TunnelID": "1"}
{"Timestamp": "2019-08-27 17:26:41.874819Z", "Channel": "Microsoft-Windows-RemoteDesktopServices-RdpCoreTS/Operational", "Provider": "Microsoft-Windows-RemoteDesktopServices-RdpCoreTS", "Hostname": "MSEDGEWIN10", "SID": "S-1-5-20", "EventID": 148, "RecordID": 970, "Level": "Information", "Descr": "<ChannelName> has been closed between the server and the client on transport tunnel <TunnelID>", "ChannelName": "XPSRD", "TunnelID": "1"}
{"Timestamp": "2019-08-27 17:26:41.873815Z", "Channel": "Microsoft-Windows-RemoteDesktopServices-RdpCoreTS/Operational", "Provider": "Microsoft-Windows-RemoteDesktopServices-RdpCoreTS", "Hostname": "MSEDGEWIN10", "SID": "S-1-5-20", "EventID": 148, "RecordID": 969, "Level": "Information", "Descr": "<ChannelName> has been closed between the server and the client on transport tunnel <TunnelID>", "ChannelName": "Microsoft::Windows::RDS::DisplayControl", "TunnelID": "1"}
