{"Timestamp": "2019-03-18 23:23:57.397648Z", "Channel": "Security", "Provider": "Microsoft-Windows-Security-Auditing", "Hostname": "WIN-77LTAPHIQ1R.example.corp", "SID": "S-1-5-18", "EventID": 5145, "RecordID": 565613, "Level": "0", "Descr": "A network share object was checked to see whether client can be granted desired access", "Username": "WIN-77LTAPHIQ1R$", "Domain": "EXAMPLE", "LogonId": "0x15e25f", "ObjectType": "File", "IP": "fe80::79bf:8ee2:433c:2567", "Port": "55873", "ShareName": "\\\\*\\SYSVOL", "ShareLocalPath": "\\??\\C:\\Windows\\SYSVOL\\sysvol", "RelativeTargetName": "\\", "AccessMask": "0x100080", "AccessList": "SYNCHRONIZE, ReadAttributes", "AccessReason": "%%1541:\t%%1801\tD:(A;;0x1200a9;;;WD)\n\t\t\t\t%%4423:\t%%1801\tD:(A;;0x1200a9;;;WD)\n\t\t\t\t"}
{"Timestamp": "2019-03-18 23:23:57.397648Z", "Channel": "Security", "Provider": "Microsoft-Windows-Security-Auditing", "Hostname": "WIN-77LTAPHIQ1R.example.corp", "SID": "S-1-5-18", "EventID": 5140, "RecordID": 565612, "Level": "0", "Descr": "A network share object was accessed", "Username": "WIN-77LTAPHIQ1R$", "Domain": "EXAMPLE", "LogonId": "0x15e25f", "ObjectType": "File", "IP": "fe80::79bf:8ee2:433c:2567", "Port": "55873", "ShareName": "\\\\*\\SYSVOL", "ShareLocalPath": "\\??\\C:\\Windows\\SYSVOL\\sysvol", "AccessList": "ReadData (or ListDirectory)"}
{"Timestamp": "2019-03-18 23:23:57.397648Z", "Channel": "Security", "Provider": "Microsoft-Windows-Security-Auditing", "Hostname": "WIN-77LTAPHIQ1R.example.corp", "SID": "S-1-0-0", "EventID": 4624, "RecordID": 565611, "Level": "0", "Descr": "An account was successfully logged on", "Username": "-", "Domain": "-", "LogonId": "0x0", "TargetSID": "S-1-5-18", "TargetUsername": "WIN-77LTAPHIQ1R$", "TargetDomain": "EXAMPLE", "TargetLogonId": "0x15e25f", "LogonType+": "3", "LogonType": "3", "LogonProcess": "Kerberos", "AuthenticationPackage": "Kerberos", "WorkstationName": null, "LogonGUID": "1054A084-EFFD-F992-9C74-63873C88272E", "TransmittedServices": "-", "KeyLength": "0", "ProcessId": "0x0", "ProcessPath": "-", "IP": "fe80::79bf:8ee2:433c:2567", "Port": "55873"}
{"Timestamp": "2019-03-18 23:23:57.397648Z", "Channel": "Security", "Provider": "Microsoft-Windows-Security-Auditing", "Hostname": "WIN-77LTAPHIQ1R.example.corp", "SID": null, "EventID": 4672, "RecordID": 565610, "Level": "0", "Descr": "Special privileges assigned to new logon", "TargetSID": "S-1-5-18", "TargetUsername": "WIN-77LTAPHIQ1R$", "TargetDomain": "EXAMPLE", "TargetLogonId": "0x15e25f", "PrivilegeList": "SeSecurityPrivilege\n\t\t\tSeBackupPrivilege\n\t\t\tSeRestorePrivilege\n\t\t\tSeTakeOwnershipPrivilege\n\t\t\tSeDebugPrivilege\n\t\t\tSeSystemEnvironmentPrivilege\n\t\t\tSeLoadDriverPrivilege\n\t\t\tSeImpersonatePrivilege\n\t\t\tSeEnableDelegationPrivilege"}
{"Timestamp": "2019-03-18 23:23:57.397648Z", "Channel": "Security", "Provider": "Microsoft-Windows-Security-Auditing", "Hostname": "WIN-77LTAPHIQ1R.example.corp", "SID": null, "EventID": 5156, "RecordID": 565609, "Level": "0", "Descr": "The Windows Filtering Platform has permitted a connection", "ProcessPath": "System", "Direction": "Inbound", "TargetIP": "fe80::79bf:8ee2:433c:2567", "TargetPort": "55873", "Protocol+": "6", "Protocol": "6", "TargetSID": "S-1-0-0", "TargetMachineSID": "S-1-0-0"}
{"Timestamp": "2019-03-18 23:23:57.397648Z", "Channel": "Security", "Provider": "Microsoft-Windows-Security-Auditing", "Hostname": "WIN-77LTAPHIQ1R.example.corp", "SID": null, "EventID": 5156, "RecordID": 565608, "Level": "0", "Descr": "The Windows Filtering Platform has permitted a connection", "ProcessPath": "System", "Direction": "Outbound", "TargetIP": "fe80::79bf:8ee2:433c:2567", "TargetPort": "445", "Protocol+": "6", "Protocol": "6", "TargetSID": "S-1-0-0", "TargetMachineSID": "S-1-0-0"}
{"Timestamp": "2019-03-18 23:23:57.397648Z", "Channel": "Security", "Provider": "Microsoft-Windows-Security-Auditing", "Hostname": "WIN-77LTAPHIQ1R.example.corp", "SID": null, "EventID": 5158, "RecordID": 565607, "Level": "0", "Descr": "The Windows Filtering Platform has permitted a bind to a local port", "ProcessId": "4", "ProcessPath": "System", "IP": "::", "Port": "55873", "Protocol+": "6", "Protocol": "6"}
{"Timestamp": "2019-03-18 23:23:52.538513Z", "Channel": "Security", "Provider": "Microsoft-Windows-Security-Auditing", "Hostname": "WIN-77LTAPHIQ1R.example.corp", "SID": "S-1-5-21-1587066498-1489273250-1035260531-1106", "EventID": 5145, "RecordID": 565604, "Level": "0", "Descr": "A network share object was checked to see whether client can be granted desired access", "Username": "user01", "Domain": "EXAMPLE", "LogonId": "0x15e1a7", "ObjectType": "File", "IP": "10.0.2.17", "Port": "49222", "ShareName": "\\\\*\\IPC$", "ShareLocalPath": null, "RelativeTargetName": "samr", "AccessMask": "0x12019f", "AccessList": "READ_CONTROL, SYNCHRONIZE, ReadData (or ListDirectory), WriteData (or AddFile), AppendData (or AddSubdirectory or CreatePipeInstance), ReadEA, WriteEA, ReadAttributes, WriteAttributes", "AccessReason": "-"}
{"Timestamp": "2019-03-18 23:23:52.507387Z", "Channel": "Security", "Provider": "Microsoft-Windows-Security-Auditing", "Hostname": "WIN-77LTAPHIQ1R.example.corp", "SID": "S-1-5-21-1587066498-1489273250-1035260531-1106", "EventID": 5145, "RecordID": 565601, "Level": "0", "Descr": "A network share object was checked to see whether client can be granted desired access", "Username": "user01", "Domain": "EXAMPLE", "LogonId": "0x15e1a7", "ObjectType": "File", "IP": "10.0.2.17", "Port": "49222", "ShareName": "\\\\*\\IPC$", "ShareLocalPath": null, "RelativeTargetName": "samr", "AccessMask": "0x12019f", "AccessList": "READ_CONTROL, SYNCHRONIZE, ReadData (or ListDirectory), WriteData (or AddFile), AppendData (or AddSubdirectory or CreatePipeInstance), ReadEA, WriteEA, ReadAttributes, WriteAttributes", "AccessReason": "-"}
{"Timestamp": "2019-03-18 23:23:52.507387Z", "Channel": "Security", "Provider": "Microsoft-Windows-Security-Auditing", "Hostname": "WIN-77LTAPHIQ1R.example.corp", "SID": "S-1-5-21-1587066498-1489273250-1035260531-1106", "EventID": 5140, "RecordID": 565600, "Level": "0", "Descr": "A network share object was accessed", "Username": "user01", "Domain": "EXAMPLE", "LogonId": "0x15e1a7", "ObjectType": "File", "IP": "10.0.2.17", "Port": "49222", "ShareName": "\\\\*\\IPC$", "ShareLocalPath": null, "AccessList": "ReadData (or ListDirectory)"}
{"Timestamp": "2019-03-18 23:23:52.491923Z", "Channel": "Security", "Provider": "Microsoft-Windows-Security-Auditing", "Hostname": "WIN-77LTAPHIQ1R.example.corp", "SID": "S-1-0-0", "EventID": 4624, "RecordID": 565599, "Level": "0", "Descr": "An account was successfully logged on", "Username": "-", "Domain": "-", "LogonId": "0x0", "TargetSID": "S-1-5-21-1587066498-1489273250-1035260531-1106", "TargetUsername": "user01", "TargetDomain": "EXAMPLE", "TargetLogonId": "0x15e1a7", "LogonType+": "3", "LogonType": "3", "LogonProcess": "Kerberos", "AuthenticationPackage": "Kerberos", "WorkstationName": null, "LogonGUID": "14CCCD18-A781-AC28-C773-EA57D49F4B90", "TransmittedServices": "-", "KeyLength": "0", "ProcessId": "0x0", "ProcessPath": "-", "IP": "10.0.2.17", "Port": "49222"}
{"Timestamp": "2019-03-18 23:23:52.491923Z", "Channel": "Security", "Provider": "Microsoft-Windows-Security-Auditing", "Hostname": "WIN-77LTAPHIQ1R.example.corp", "SID": null, "EventID": 5156, "RecordID": 565598, "Level": "0", "Descr": "The Windows Filtering Platform has permitted a connection", "ProcessPath": "System", "Direction": "Inbound", "TargetIP": "10.0.2.17", "TargetPort": "49222", "Protocol+": "6", "Protocol": "6", "TargetSID": "S-1-0-0", "TargetMachineSID": "S-1-0-0"}
{"Timestamp": "2019-03-18 23:23:51.772355Z", "Channel": "Security", "Provider": "Microsoft-Windows-Security-Auditing", "Hostname": "WIN-77LTAPHIQ1R.example.corp", "SID": null, "EventID": 5156, "RecordID": 565597, "Level": "0", "Descr": "The Windows Filtering Platform has permitted a connection", "ProcessPath": "\\device\\harddiskvolume2\\windows\\system32\\svchost.exe", "Direction": "Outbound", "TargetIP": "ff02::1:2", "TargetPort": "547", "Protocol+": "17", "Protocol": "17", "TargetSID": "S-1-0-0", "TargetMachineSID": "S-1-0-0"}
{"Timestamp": "2019-03-18 23:23:43.570212Z", "Channel": "Security", "Provider": "Microsoft-Windows-Security-Auditing", "Hostname": "WIN-77LTAPHIQ1R.example.corp", "SID": "S-1-0-0", "EventID": 4624, "RecordID": 565596, "Level": "0", "Descr": "An account was successfully logged on", "Username": "-", "Domain": "-", "LogonId": "0x0", "TargetSID": "S-1-5-18", "TargetUsername": "WIN-77LTAPHIQ1R$", "TargetDomain": "EXAMPLE", "TargetLogonId": "0x15e162", "LogonType+": "3", "LogonType": "3", "LogonProcess": "Kerberos", "AuthenticationPackage": "Kerberos", "WorkstationName": null, "LogonGUID": "5FDB15EE-2283-F23C-E23B-5E5DDB11BB9C", "TransmittedServices": "-", "KeyLength": "0", "ProcessId": "0x0", "ProcessPath": "-", "IP": "fe80::79bf:8ee2:433c:2567", "Port": "55872"}
{"Timestamp": "2019-03-18 23:23:43.570212Z", "Channel": "Security", "Provider": "Microsoft-Windows-Security-Auditing", "Hostname": "WIN-77LTAPHIQ1R.example.corp", "SID": null, "EventID": 4672, "RecordID": 565595, "Level": "0", "Descr": "Special privileges assigned to new logon", "TargetSID": "S-1-5-18", "TargetUsername": "WIN-77LTAPHIQ1R$", "TargetDomain": "EXAMPLE", "TargetLogonId": "0x15e162", "PrivilegeList": "SeSecurityPrivilege\n\t\t\tSeBackupPrivilege\n\t\t\tSeRestorePrivilege\n\t\t\tSeTakeOwnershipPrivilege\n\t\t\tSeDebugPrivilege\n\t\t\tSeSystemEnvironmentPrivilege\n\t\t\tSeLoadDriverPrivilege\n\t\t\tSeImpersonatePrivilege\n\t\t\tSeEnableDelegationPrivilege"}
{"Timestamp": "2019-03-18 23:23:43.570212Z", "Channel": "Security", "Provider": "Microsoft-Windows-Security-Auditing", "Hostname": "WIN-77LTAPHIQ1R.example.corp", "SID": null, "EventID": 5156, "RecordID": 565594, "Level": "0", "Descr": "The Windows Filtering Platform has permitted a connection", "ProcessPath": "\\device\\harddiskvolume2\\windows\\system32\\lsass.exe", "Direction": "Inbound", "TargetIP": "fe80::79bf:8ee2:433c:2567", "TargetPort": "55872", "Protocol+": "6", "Protocol": "6", "TargetSID": "S-1-0-0", "TargetMachineSID": "S-1-0-0"}
{"Timestamp": "2019-03-18 23:23:43.570212Z", "Channel": "Security", "Provider": "Microsoft-Windows-Security-Auditing", "Hostname": "WIN-77LTAPHIQ1R.example.corp", "SID": null, "EventID": 5156, "RecordID": 565593, "Level": "0", "Descr": "The Windows Filtering Platform has permitted a connection", "ProcessPath": "\\device\\harddiskvolume2\\windows\\system32\\dns.exe", "Direction": "Outbound", "TargetIP": "fe80::79bf:8ee2:433c:2567", "TargetPort": "389", "Protocol+": "6", "Protocol": "6", "TargetSID": "S-1-0-0", "TargetMachineSID": "S-1-0-0"}
{"Timestamp": "2019-03-18 23:23:43.570212Z", "Channel": "Security", "Provider": "Microsoft-Windows-Security-Auditing", "Hostname": "WIN-77LTAPHIQ1R.example.corp", "SID": null, "EventID": 5158, "RecordID": 565592, "Level": "0", "Descr": "The Windows Filtering Platform has permitted a bind to a local port", "ProcessId": "1452", "ProcessPath": "\\device\\harddiskvolume2\\windows\\system32\\dns.exe", "IP": "::", "Port": "55872", "Protocol+": "6", "Protocol": "6"}
{"Timestamp": "2019-03-18 23:23:37.147709Z", "Channel": "Security", "Provider": "Microsoft-Windows-Eventlog", "Hostname": "WIN-77LTAPHIQ1R.example.corp", "SID": "S-1-5-21-1587066498-1489273250-1035260531-500", "EventID": 1102, "RecordID": 565591, "Level": "Information", "Descr": "The audit log was cleared", "Username": "administrator", "Domain": "EXAMPLE", "LogonId": "0x4fd77"}
{"Timestamp": "2019-03-18 23:24:20.960030Z", "Channel": "Security", "Provider": "Microsoft-Windows-Security-Auditing", "Hostname": "WIN-77LTAPHIQ1R.example.corp", "SID": "S-1-0-0", "EventID": 4624, "RecordID": 565653, "Level": "0", "Descr": "An account was successfully logged on", "Username": "-", "Domain": "-", "LogonId": "0x0", "TargetSID": "S-1-5-18", "TargetUsername": "WIN-77LTAPHIQ1R$", "TargetDomain": "EXAMPLE", "TargetLogonId": "0x16792b", "LogonType+": "3", "LogonType": "3", "LogonProcess": "Kerberos", "AuthenticationPackage": "Kerberos", "WorkstationName": null, "LogonGUID": "5FDB15EE-2283-F23C-E23B-5E5DDB11BB9C", "TransmittedServices": "-", "KeyLength": "0", "ProcessId": "0x0", "ProcessPath": "-", "IP": "::1", "Port": "55878"}
{"Timestamp": "2019-03-18 23:24:20.960030Z", "Channel": "Security", "Provider": "Microsoft-Windows-Security-Auditing", "Hostname": "WIN-77LTAPHIQ1R.example.corp", "SID": null, "EventID": 4672, "RecordID": 565652, "Level": "0", "Descr": "Special privileges assigned to new logon", "TargetSID": "S-1-5-18", "TargetUsername": "WIN-77LTAPHIQ1R$", "TargetDomain": "EXAMPLE", "TargetLogonId": "0x16792b", "PrivilegeList": "SeSecurityPrivilege\n\t\t\tSeBackupPrivilege\n\t\t\tSeRestorePrivilege\n\t\t\tSeTakeOwnershipPrivilege\n\t\t\tSeDebugPrivilege\n\t\t\tSeSystemEnvironmentPrivilege\n\t\t\tSeLoadDriverPrivilege\n\t\t\tSeImpersonatePrivilege\n\t\t\tSeEnableDelegationPrivilege"}
{"Timestamp": "2019-03-18 23:24:20.960030Z", "Channel": "Security", "Provider": "Microsoft-Windows-Security-Auditing", "Hostname": "WIN-77LTAPHIQ1R.example.corp", "SID": null, "EventID": 5156, "RecordID": 565651, "Level": "0", "Descr": "The Windows Filtering Platform has permitted a connection", "ProcessPath": "\\device\\harddiskvolume2\\windows\\system32\\lsass.exe", "Direction": "Inbound", "TargetIP": "::1", "TargetPort": "55878", "Protocol+": "6", "Protocol": "6", "TargetSID": "S-1-0-0", "TargetMachineSID": "S-1-0-0"}
{"Timestamp": "2019-03-18 23:24:20.960030Z", "Channel": "Security", "Provider": "Microsoft-Windows-Security-Auditing", "Hostname": "WIN-77LTAPHIQ1R.example.corp", "SID": null, "EventID": 5156, "RecordID": 565650, "Level": "0", "Descr": "The Windows Filtering Platform has permitted a connection", "ProcessPath": "\\device\\harddiskvolume2\\windows\\adws\\microsoft.activedirectory.webservices.exe", "Direction": "Outbound", "TargetIP": "::1", "TargetPort": "389", "Protocol+": "6", "Protocol": "6", "TargetSID": "S-1-0-0", "TargetMachineSID": "S-1-0-0"}
{"Timestamp": "2019-03-18 23:24:20.960030Z", "Channel": "Security", "Provider": "Microsoft-Windows-Security-Auditing", "Hostname": "WIN-77LTAPHIQ1R.example.corp", "SID": null, "EventID": 5158, "RecordID": 565649, "Level": "0", "Descr": "The Windows Filtering Platform has permitted a bind to a local port", "ProcessId": "1320", "ProcessPath": "\\device\\harddiskvolume2\\windows\\adws\\microsoft.activedirectory.webservices.exe", "IP": "::", "Port": "55878", "Protocol+": "6", "Protocol": "6"}
{"Timestamp": "2019-03-18 23:24:15.647429Z", "Channel": "Security", "Provider": "Microsoft-Windows-Security-Auditing", "Hostname": "WIN-77LTAPHIQ1R.example.corp", "SID": null, "EventID": 4776, "RecordID": 565645, "Level": "0", "Descr": "The computer attempted to validate the credentials for an account", "AuthenticationPackage": "MICROSOFT_AUTHENTICATION_PACKAGE_V1_0", "TargetUsername": "Administrator", "WorkstationName": "WIN-77LTAPHIQ1R", "ResultCode+": "0x0", "ResultCode": "0x0"}
{"Timestamp": "2019-03-18 23:24:15.647429Z", "Channel": "Security", "Provider": "Microsoft-Windows-Security-Auditing", "Hostname": "WIN-77LTAPHIQ1R.example.corp", "SID": null, "EventID": 5156, "RecordID": 565644, "Level": "0", "Descr": "The Windows Filtering Platform has permitted a connection", "ProcessPath": "\\device\\harddiskvolume2\\windows\\system32\\lsass.exe", "Direction": "Inbound", "TargetIP": "10.0.2.17", "TargetPort": "49224", "Protocol+": "6", "Protocol": "6", "TargetSID": "S-1-0-0", "TargetMachineSID": "S-1-0-0"}
{"Timestamp": "2019-03-18 23:24:15.647429Z", "Channel": "Security", "Provider": "Microsoft-Windows-Security-Auditing", "Hostname": "WIN-77LTAPHIQ1R.example.corp", "SID": null, "EventID": 5156, "RecordID": 565643, "Level": "0", "Descr": "The Windows Filtering Platform has permitted a connection", "ProcessPath": "\\device\\harddiskvolume2\\windows\\system32\\svchost.exe", "Direction": "Inbound", "TargetIP": "10.0.2.17", "TargetPort": "49223", "Protocol+": "6", "Protocol": "6", "TargetSID": "S-1-0-0", "TargetMachineSID": "S-1-0-0"}
{"Timestamp": "2019-03-18 23:24:15.631792Z", "Channel": "Security", "Provider": "Microsoft-Windows-Security-Auditing", "Hostname": "WIN-77LTAPHIQ1R.example.corp", "SID": null, "EventID": 5156, "RecordID": 565642, "Level": "0", "Descr": "The Windows Filtering Platform has permitted a connection", "ProcessPath": "System", "Direction": "Outbound", "TargetIP": "10.0.2.17", "TargetPort": "445", "Protocol+": "6", "Protocol": "6", "TargetSID": "S-1-0-0", "TargetMachineSID": "S-1-0-0"}
{"Timestamp": "2019-11-26 23:55:02Z", "Channel": "Application", "Provider": "ESENT", "Hostname": "DC1.insecurebank.local", "SID": null, "EventID": 327, "RecordID": 1972, "Level": "Information", "Descr": "%1 (%2) %3 The database engine detached a database (%4, %5). (Time=%6 seconds)", "Data": "NTDS,3392,,1,C:\\$SNAP_201911270054_VOLUMEC$\\Windows\\NTDS\\ntds.dit,0,[1] 0.000, [2] 0.000, [3] 0.000, [4] 0.000, [5] 0.000, [6] 0.000, [7] 0.000, [8] 0.000, [9] 0.000, [10] 0.000, [11] 0.000, [12] 0.000.,0 0"}
{"Timestamp": "2019-11-26 23:55:02Z", "Channel": "Application", "Provider": "ESENT", "Hostname": "DC1.insecurebank.local", "SID": null, "EventID": 327, "RecordID": 1971, "Level": "Information", "Descr": "%1 (%2) %3 The database engine detached a database (%4, %5). (Time=%6 seconds)", "Data": "NTDS,3392,,2,C:\\Users\\bob\\Desktop\\test\\Folder\\ntds\\Active Directory\\ntds.dit,0,[1] 0.000, [2] 0.000, [3] 0.000, [4] 0.110, [5] 0.000, [6] 0.015, [7] 0.000, [8] 0.000, [9] 0.000, [10] 0.266, [11] 0.000, [12] 0.000.,0 0"}
{"Timestamp": "2019-11-26 23:55:00Z", "Channel": "Application", "Provider": "ESENT", "Hostname": "DC1.insecurebank.local", "SID": null, "EventID": 325, "RecordID": 1970, "Level": "Information", "Descr": "%1 (%2) %3 The database engine created a new database (%4, %5). (Time=%6 seconds)", "Data": "NTDS,3392,,2,C:\\Users\\bob\\Desktop\\test\\Folder\\ntds\\Active Directory\\ntds.dit,0,[1] 0.000, [2] 0.000, [3] 0.000, [4] 0.047, [5] 0.000, [6] 0.000, [7] 0.000, [8] 0.000, [9] 0.000, [10] 0.000, [11] 0.000."}
{"Timestamp": "2019-11-26 23:55:00Z", "Channel": "Application", "Provider": "ESENT", "Hostname": "DC1.insecurebank.local", "SID": null, "EventID": 326, "RecordID": 1969, "Level": "Information", "Descr": "%1 (%2) %3 The database engine attached a database (%4, %5). (Time=%6 seconds)", "Data": "NTDS,3392,,1,C:\\$SNAP_201911270054_VOLUMEC$\\Windows\\NTDS\\ntds.dit,0,[1] 0.000, [2] 0.000, [3] 0.000, [4] 0.000, [5] 0.000, [6] 0.000, [7] 0.000, [8] 0.000, [9] 0.000, [10] 0.000, [11] 0.000, [12] 0.000.,1 0"}
{"Timestamp": "2019-02-13 18:05:24.611439Z", "Channel": "Security", "Provider": "Microsoft-Windows-Security-Auditing", "Hostname": "PC01.example.corp", "SID": null, "EventID": 5156, "RecordID": 227960, "Level": "0", "Descr": "The Windows Filtering Platform has permitted a connection", "ProcessPath": "\\device\\harddiskvolume1\\windows\\system32\\svchost.exe", "Direction": "Inbound", "TargetIP": "127.0.0.1", "TargetPort": "55141", "Protocol+": "17", "Protocol": "17", "TargetSID": "S-1-0-0", "TargetMachineSID": "S-1-0-0"}
{"Timestamp": "2019-02-13 18:05:24.611439Z", "Channel": "Security", "Provider": "Microsoft-Windows-Security-Auditing", "Hostname": "PC01.example.corp", "SID": null, "EventID": 5156, "RecordID": 227959, "Level": "0", "Descr": "The Windows Filtering Platform has permitted a connection", "ProcessPath": "\\device\\harddiskvolume1\\windows\\system32\\svchost.exe", "Direction": "Inbound", "TargetIP": "::1", "TargetPort": "55139", "Protocol+": "17", "Protocol": "17", "TargetSID": "S-1-0-0", "TargetMachineSID": "S-1-0-0"}
{"Timestamp": "2019-02-13 18:05:24.601424Z", "Channel": "Security", "Provider": "Microsoft-Windows-Security-Auditing", "Hostname": "PC01.example.corp", "SID": null, "EventID": 5156, "RecordID": 227958, "Level": "0", "Descr": "The Windows Filtering Platform has permitted a connection", "ProcessPath": "\\device\\harddiskvolume1\\windows\\system32\\svchost.exe", "Direction": "Inbound", "TargetIP": "127.0.0.1", "TargetPort": "55141", "Protocol+": "17", "Protocol": "17", "TargetSID": "S-1-0-0", "TargetMachineSID": "S-1-0-0"}
{"Timestamp": "2019-02-13 18:05:24.601424Z", "Channel": "Security", "Provider": "Microsoft-Windows-Security-Auditing", "Hostname": "PC01.example.corp", "SID": null, "EventID": 5156, "RecordID": 227957, "Level": "0", "Descr": "The Windows Filtering Platform has permitted a connection", "ProcessPath": "\\device\\harddiskvolume1\\windows\\system32\\svchost.exe", "Direction": "Inbound", "TargetIP": "::1", "TargetPort": "55139", "Protocol+": "17", "Protocol": "17", "TargetSID": "S-1-0-0", "TargetMachineSID": "S-1-0-0"}
{"Timestamp": "2019-02-13 18:05:21.607119Z", "Channel": "Security", "Provider": "Microsoft-Windows-Security-Auditing", "Hostname": "PC01.example.corp", "SID": null, "EventID": 5156, "RecordID": 227956, "Level": "0", "Descr": "The Windows Filtering Platform has permitted a connection", "ProcessPath": "\\device\\harddiskvolume1\\windows\\system32\\svchost.exe", "Direction": "Inbound", "TargetIP": "127.0.0.1", "TargetPort": "55141", "Protocol+": "17", "Protocol": "17", "TargetSID": "S-1-0-0", "TargetMachineSID": "S-1-0-0"}
{"Timestamp": "2019-02-13 18:05:21.607119Z", "Channel": "Security", "Provider": "Microsoft-Windows-Security-Auditing", "Hostname": "PC01.example.corp", "SID": null, "EventID": 5156, "RecordID": 227955, "Level": "0", "Descr": "The Windows Filtering Platform has permitted a connection", "ProcessPath": "\\device\\harddiskvolume1\\windows\\system32\\svchost.exe", "Direction": "Inbound", "TargetIP": "::1", "TargetPort": "55139", "Protocol+": "17", "Protocol": "17", "TargetSID": "S-1-0-0", "TargetMachineSID": "S-1-0-0"}
{"Timestamp": "2019-02-13 18:05:21.597104Z", "Channel": "Security", "Provider": "Microsoft-Windows-Security-Auditing", "Hostname": "PC01.example.corp", "SID": null, "EventID": 5156, "RecordID": 227954, "Level": "0", "Descr": "The Windows Filtering Platform has permitted a connection", "ProcessPath": "\\device\\harddiskvolume1\\windows\\system32\\svchost.exe", "Direction": "Inbound", "TargetIP": "127.0.0.1", "TargetPort": "55141", "Protocol+": "17", "Protocol": "17", "TargetSID": "S-1-0-0", "TargetMachineSID": "S-1-0-0"}
{"Timestamp": "2019-02-13 18:05:21.597104Z", "Channel": "Security", "Provider": "Microsoft-Windows-Security-Auditing", "Hostname": "PC01.example.corp", "SID": null, "EventID": 5156, "RecordID": 227953, "Level": "0", "Descr": "The Windows Filtering Platform has permitted a connection", "ProcessPath": "\\device\\harddiskvolume1\\windows\\system32\\svchost.exe", "Direction": "Inbound", "TargetIP": "::1", "TargetPort": "55139", "Protocol+": "17", "Protocol": "17", "TargetSID": "S-1-0-0", "TargetMachineSID": "S-1-0-0"}
{"Timestamp": "2019-02-13 18:05:19.734426Z", "Channel": "Security", "Provider": "Microsoft-Windows-Security-Auditing", "Hostname": "PC01.example.corp", "SID": null, "EventID": 5156, "RecordID": 227952, "Level": "0", "Descr": "The Windows Filtering Platform has permitted a connection", "ProcessPath": "System", "Direction": "Inbound", "TargetIP": "127.0.0.1", "TargetPort": "49284", "Protocol+": "6", "Protocol": "6", "TargetSID": "S-1-0-0", "TargetMachineSID": "S-1-0-0"}
{"Timestamp": "2019-02-13 18:05:19.734426Z", "Channel": "Security", "Provider": "Microsoft-Windows-Security-Auditing", "Hostname": "PC01.example.corp", "SID": null, "EventID": 5156, "RecordID": 227951, "Level": "0", "Descr": "The Windows Filtering Platform has permitted a connection", "ProcessPath": "\\device\\harddiskvolume1\\windows\\system32\\svchost.exe", "Direction": "Outbound", "TargetIP": "127.0.0.1", "TargetPort": "5357", "Protocol+": "6", "Protocol": "6", "TargetSID": "S-1-0-0", "TargetMachineSID": "S-1-0-0"}
{"Timestamp": "2019-02-13 18:05:19.684354Z", "Channel": "Security", "Provider": "Microsoft-Windows-Security-Auditing", "Hostname": "PC01.example.corp", "SID": null, "EventID": 5156, "RecordID": 227950, "Level": "0", "Descr": "The Windows Filtering Platform has permitted a connection", "ProcessPath": "\\device\\harddiskvolume1\\windows\\system32\\svchost.exe", "Direction": "Outbound", "TargetIP": "127.0.0.1", "TargetPort": "53614", "Protocol+": "17", "Protocol": "17", "TargetSID": "S-1-0-0", "TargetMachineSID": "S-1-0-0"}
{"Timestamp": "2019-02-13 18:05:18.793072Z", "Channel": "Security", "Provider": "Microsoft-Windows-Security-Auditing", "Hostname": "PC01.example.corp", "SID": null, "EventID": 5156, "RecordID": 227949, "Level": "0", "Descr": "The Windows Filtering Platform has permitted a connection", "ProcessPath": "\\device\\harddiskvolume1\\windows\\system32\\svchost.exe", "Direction": "Inbound", "TargetIP": "127.0.0.1", "TargetPort": "53614", "Protocol+": "17", "Protocol": "17", "TargetSID": "S-1-0-0", "TargetMachineSID": "S-1-0-0"}
{"Timestamp": "2019-02-13 18:05:18.793072Z", "Channel": "Security", "Provider": "Microsoft-Windows-Security-Auditing", "Hostname": "PC01.example.corp", "SID": null, "EventID": 5156, "RecordID": 227948, "Level": "0", "Descr": "The Windows Filtering Platform has permitted a connection", "ProcessPath": "\\device\\harddiskvolume1\\windows\\system32\\svchost.exe", "Direction": "Inbound", "TargetIP": "127.0.0.1", "TargetPort": "53614", "Protocol+": "17", "Protocol": "17", "TargetSID": "S-1-0-0", "TargetMachineSID": "S-1-0-0"}
{"Timestamp": "2019-02-13 18:05:18.773044Z", "Channel": "Security", "Provider": "Microsoft-Windows-Security-Auditing", "Hostname": "PC01.example.corp", "SID": null, "EventID": 5156, "RecordID": 227947, "Level": "0", "Descr": "The Windows Filtering Platform has permitted a connection", "ProcessPath": "\\device\\harddiskvolume1\\windows\\system32\\svchost.exe", "Direction": "Inbound", "TargetIP": "::1", "TargetPort": "53615", "Protocol+": "17", "Protocol": "17", "TargetSID": "S-1-0-0", "TargetMachineSID": "S-1-0-0"}
{"Timestamp": "2019-02-13 18:05:18.773044Z", "Channel": "Security", "Provider": "Microsoft-Windows-Security-Auditing", "Hostname": "PC01.example.corp", "SID": null, "EventID": 5156, "RecordID": 227946, "Level": "0", "Descr": "The Windows Filtering Platform has permitted a connection", "ProcessPath": "\\device\\harddiskvolume1\\windows\\system32\\svchost.exe", "Direction": "Inbound", "TargetIP": "::1", "TargetPort": "53615", "Protocol+": "17", "Protocol": "17", "TargetSID": "S-1-0-0", "TargetMachineSID": "S-1-0-0"}
{"Timestamp": "2019-02-13 18:05:18.712957Z", "Channel": "Security", "Provider": "Microsoft-Windows-Security-Auditing", "Hostname": "PC01.example.corp", "SID": null, "EventID": 5156, "RecordID": 227875, "Level": "0", "Descr": "The Windows Filtering Platform has permitted a connection", "ProcessPath": "\\device\\harddiskvolume1\\windows\\system32\\svchost.exe", "Direction": "Inbound", "TargetIP": "::1", "TargetPort": "53615", "Protocol+": "17", "Protocol": "17", "TargetSID": "S-1-0-0", "TargetMachineSID": "S-1-0-0"}
{"Timestamp": "2019-02-13 18:05:18.712957Z", "Channel": "Security", "Provider": "Microsoft-Windows-Security-Auditing", "Hostname": "PC01.example.corp", "SID": null, "EventID": 5156, "RecordID": 227874, "Level": "0", "Descr": "The Windows Filtering Platform has permitted a connection", "ProcessPath": "\\device\\harddiskvolume1\\windows\\system32\\svchost.exe", "Direction": "Inbound", "TargetIP": "::1", "TargetPort": "53615", "Protocol+": "17", "Protocol": "17", "TargetSID": "S-1-0-0", "TargetMachineSID": "S-1-0-0"}
{"Timestamp": "2019-02-13 18:05:18.712957Z", "Channel": "Security", "Provider": "Microsoft-Windows-Security-Auditing", "Hostname": "PC01.example.corp", "SID": null, "EventID": 5156, "RecordID": 227873, "Level": "0", "Descr": "The Windows Filtering Platform has permitted a connection", "ProcessPath": "\\device\\harddiskvolume1\\windows\\system32\\svchost.exe", "Direction": "Outbound", "TargetIP": "ff02::c", "TargetPort": "3702", "Protocol+": "17", "Protocol": "17", "TargetSID": "S-1-0-0", "TargetMachineSID": "S-1-0-0"}
{"Timestamp": "2019-02-13 18:05:18.712957Z", "Channel": "Security", "Provider": "Microsoft-Windows-Security-Auditing", "Hostname": "PC01.example.corp", "SID": null, "EventID": 5156, "RecordID": 227872, "Level": "0", "Descr": "The Windows Filtering Platform has permitted a connection", "ProcessPath": "\\device\\harddiskvolume1\\windows\\system32\\svchost.exe", "Direction": "Outbound", "TargetIP": "ff02::c", "TargetPort": "3702", "Protocol+": "17", "Protocol": "17", "TargetSID": "S-1-0-0", "TargetMachineSID": "S-1-0-0"}
{"Timestamp": "2019-02-13 18:05:18.712957Z", "Channel": "Security", "Provider": "Microsoft-Windows-Security-Auditing", "Hostname": "PC01.example.corp", "SID": null, "EventID": 5156, "RecordID": 227871, "Level": "0", "Descr": "The Windows Filtering Platform has permitted a connection", "ProcessPath": "\\device\\harddiskvolume1\\windows\\system32\\svchost.exe", "Direction": "Inbound", "TargetIP": "127.0.0.1", "TargetPort": "53614", "Protocol+": "17", "Protocol": "17", "TargetSID": "S-1-0-0", "TargetMachineSID": "S-1-0-0"}
{"Timestamp": "2019-02-13 18:05:18.712957Z", "Channel": "Security", "Provider": "Microsoft-Windows-Security-Auditing", "Hostname": "PC01.example.corp", "SID": null, "EventID": 5156, "RecordID": 227870, "Level": "0", "Descr": "The Windows Filtering Platform has permitted a connection", "ProcessPath": "\\device\\harddiskvolume1\\windows\\system32\\svchost.exe", "Direction": "Inbound", "TargetIP": "127.0.0.1", "TargetPort": "53614", "Protocol+": "17", "Protocol": "17", "TargetSID": "S-1-0-0", "TargetMachineSID": "S-1-0-0"}
{"Timestamp": "2019-02-13 18:05:18.712957Z", "Channel": "Security", "Provider": "Microsoft-Windows-Security-Auditing", "Hostname": "PC01.example.corp", "SID": null, "EventID": 5156, "RecordID": 227869, "Level": "0", "Descr": "The Windows Filtering Platform has permitted a connection", "ProcessPath": "\\device\\harddiskvolume1\\windows\\system32\\svchost.exe", "Direction": "Outbound", "TargetIP": "239.255.255.250", "TargetPort": "3702", "Protocol+": "17", "Protocol": "17", "TargetSID": "S-1-0-0", "TargetMachineSID": "S-1-0-0"}
{"Timestamp": "2019-02-13 18:05:18.712957Z", "Channel": "Security", "Provider": "Microsoft-Windows-Security-Auditing", "Hostname": "PC01.example.corp", "SID": null, "EventID": 5156, "RecordID": 227868, "Level": "0", "Descr": "The Windows Filtering Platform has permitted a connection", "ProcessPath": "\\device\\harddiskvolume1\\windows\\system32\\svchost.exe", "Direction": "Outbound", "TargetIP": "239.255.255.250", "TargetPort": "3702", "Protocol+": "17", "Protocol": "17", "TargetSID": "S-1-0-0", "TargetMachineSID": "S-1-0-0"}
{"Timestamp": "2019-02-13 18:05:18.702943Z", "Channel": "Security", "Provider": "Microsoft-Windows-Security-Auditing", "Hostname": "PC01.example.corp", "SID": null, "EventID": 5158, "RecordID": 227867, "Level": "0", "Descr": "The Windows Filtering Platform has permitted a bind to a local port", "ProcessId": "984", "ProcessPath": "\\device\\harddiskvolume1\\windows\\system32\\svchost.exe", "IP": "::", "Port": "53615", "Protocol+": "17", "Protocol": "17"}
{"Timestamp": "2019-02-13 18:05:18.702943Z", "Channel": "Security", "Provider": "Microsoft-Windows-Security-Auditing", "Hostname": "PC01.example.corp", "SID": null, "EventID": 5158, "RecordID": 227866, "Level": "0", "Descr": "The Windows Filtering Platform has permitted a bind to a local port", "ProcessId": "984", "ProcessPath": "\\device\\harddiskvolume1\\windows\\system32\\svchost.exe", "IP": "0.0.0.0", "Port": "53614", "Protocol+": "17", "Protocol": "17"}
{"Timestamp": "2019-02-13 18:05:18.702943Z", "Channel": "Security", "Provider": "Microsoft-Windows-Security-Auditing", "Hostname": "PC01.example.corp", "SID": null, "EventID": 5158, "RecordID": 227865, "Level": "0", "Descr": "The Windows Filtering Platform has permitted a bind to a local port", "ProcessId": "984", "ProcessPath": "\\device\\harddiskvolume1\\windows\\system32\\svchost.exe", "IP": "::", "Port": "3702", "Protocol+": "17", "Protocol": "17"}
{"Timestamp": "2019-02-13 18:05:18.702943Z", "Channel": "Security", "Provider": "Microsoft-Windows-Security-Auditing", "Hostname": "PC01.example.corp", "SID": null, "EventID": 5158, "RecordID": 227864, "Level": "0", "Descr": "The Windows Filtering Platform has permitted a bind to a local port", "ProcessId": "984", "ProcessPath": "\\device\\harddiskvolume1\\windows\\system32\\svchost.exe", "IP": "::", "Port": "3702", "Protocol+": "17", "Protocol": "17"}
{"Timestamp": "2019-02-13 18:05:18.702943Z", "Channel": "Security", "Provider": "Microsoft-Windows-Security-Auditing", "Hostname": "PC01.example.corp", "SID": null, "EventID": 5158, "RecordID": 227863, "Level": "0", "Descr": "The Windows Filtering Platform has permitted a bind to a local port", "ProcessId": "984", "ProcessPath": "\\device\\harddiskvolume1\\windows\\system32\\svchost.exe", "IP": "0.0.0.0", "Port": "3702", "Protocol+": "17", "Protocol": "17"}
{"Timestamp": "2019-02-13 18:05:18.702943Z", "Channel": "Security", "Provider": "Microsoft-Windows-Security-Auditing", "Hostname": "PC01.example.corp", "SID": null, "EventID": 5158, "RecordID": 227862, "Level": "0", "Descr": "The Windows Filtering Platform has permitted a bind to a local port", "ProcessId": "984", "ProcessPath": "\\device\\harddiskvolume1\\windows\\system32\\svchost.exe", "IP": "0.0.0.0", "Port": "3702", "Protocol+": "17", "Protocol": "17"}
{"Timestamp": "2019-02-13 18:05:18.602799Z", "Channel": "Security", "Provider": "Microsoft-Windows-Security-Auditing", "Hostname": "PC01.example.corp", "SID": null, "EventID": 5156, "RecordID": 227833, "Level": "0", "Descr": "The Windows Filtering Platform has permitted a connection", "ProcessPath": "\\device\\harddiskvolume1\\windows\\system32\\svchost.exe", "Direction": "Inbound", "TargetIP": "127.0.0.1", "TargetPort": "55141", "Protocol+": "17", "Protocol": "17", "TargetSID": "S-1-0-0", "TargetMachineSID": "S-1-0-0"}
{"Timestamp": "2019-02-13 18:05:18.602799Z", "Channel": "Security", "Provider": "Microsoft-Windows-Security-Auditing", "Hostname": "PC01.example.corp", "SID": null, "EventID": 5156, "RecordID": 227832, "Level": "0", "Descr": "The Windows Filtering Platform has permitted a connection", "ProcessPath": "\\device\\harddiskvolume1\\windows\\system32\\svchost.exe", "Direction": "Inbound", "TargetIP": "::1", "TargetPort": "55139", "Protocol+": "17", "Protocol": "17", "TargetSID": "S-1-0-0", "TargetMachineSID": "S-1-0-0"}
{"Timestamp": "2019-02-13 18:05:18.592784Z", "Channel": "Security", "Provider": "Microsoft-Windows-Security-Auditing", "Hostname": "PC01.example.corp", "SID": null, "EventID": 5156, "RecordID": 227831, "Level": "0", "Descr": "The Windows Filtering Platform has permitted a connection", "ProcessPath": "\\device\\harddiskvolume1\\windows\\system32\\svchost.exe", "Direction": "Inbound", "TargetIP": "127.0.0.1", "TargetPort": "55141", "Protocol+": "17", "Protocol": "17", "TargetSID": "S-1-0-0", "TargetMachineSID": "S-1-0-0"}
{"Timestamp": "2019-02-13 18:05:18.592784Z", "Channel": "Security", "Provider": "Microsoft-Windows-Security-Auditing", "Hostname": "PC01.example.corp", "SID": null, "EventID": 5156, "RecordID": 227830, "Level": "0", "Descr": "The Windows Filtering Platform has permitted a connection", "ProcessPath": "\\device\\harddiskvolume1\\windows\\system32\\svchost.exe", "Direction": "Outbound", "TargetIP": "239.255.255.250", "TargetPort": "1900", "Protocol+": "17", "Protocol": "17", "TargetSID": "S-1-0-0", "TargetMachineSID": "S-1-0-0"}
{"Timestamp": "2019-02-13 18:05:18.592784Z", "Channel": "Security", "Provider": "Microsoft-Windows-Security-Auditing", "Hostname": "PC01.example.corp", "SID": null, "EventID": 5156, "RecordID": 227829, "Level": "0", "Descr": "The Windows Filtering Platform has permitted a connection", "ProcessPath": "\\device\\harddiskvolume1\\windows\\system32\\svchost.exe", "Direction": "Outbound", "TargetIP": "239.255.255.250", "TargetPort": "1900", "Protocol+": "17", "Protocol": "17", "TargetSID": "S-1-0-0", "TargetMachineSID": "S-1-0-0"}
{"Timestamp": "2019-02-13 18:05:18.592784Z", "Channel": "Security", "Provider": "Microsoft-Windows-Security-Auditing", "Hostname": "PC01.example.corp", "SID": null, "EventID": 5156, "RecordID": 227828, "Level": "0", "Descr": "The Windows Filtering Platform has permitted a connection", "ProcessPath": "\\device\\harddiskvolume1\\windows\\system32\\svchost.exe", "Direction": "Inbound", "TargetIP": "::1", "TargetPort": "55139", "Protocol+": "17", "Protocol": "17", "TargetSID": "S-1-0-0", "TargetMachineSID": "S-1-0-0"}
{"Timestamp": "2019-02-13 18:05:18.592784Z", "Channel": "Security", "Provider": "Microsoft-Windows-Security-Auditing", "Hostname": "PC01.example.corp", "SID": null, "EventID": 5156, "RecordID": 227827, "Level": "0", "Descr": "The Windows Filtering Platform has permitted a connection", "ProcessPath": "\\device\\harddiskvolume1\\windows\\system32\\svchost.exe", "Direction": "Outbound", "TargetIP": "ff02::c", "TargetPort": "1900", "Protocol+": "17", "Protocol": "17", "TargetSID": "S-1-0-0", "TargetMachineSID": "S-1-0-0"}
{"Timestamp": "2019-02-13 18:05:18.592784Z", "Channel": "Security", "Provider": "Microsoft-Windows-Security-Auditing", "Hostname": "PC01.example.corp", "SID": null, "EventID": 5156, "RecordID": 227826, "Level": "0", "Descr": "The Windows Filtering Platform has permitted a connection", "ProcessPath": "\\device\\harddiskvolume1\\windows\\system32\\svchost.exe", "Direction": "Outbound", "TargetIP": "ff02::c", "TargetPort": "1900", "Protocol+": "17", "Protocol": "17", "TargetSID": "S-1-0-0", "TargetMachineSID": "S-1-0-0"}
{"Timestamp": "2019-02-13 18:05:06.585519Z", "Channel": "Security", "Provider": "Microsoft-Windows-Security-Auditing", "Hostname": "PC01.example.corp", "SID": "S-1-5-18", "EventID": 4688, "RecordID": 227784, "Level": "0", "Descr": "A new process has been created", "Username": "PC01$", "Domain": "EXAMPLE", "LogonId": "0x3e7", "NewProcessId": "0x7f0", "NewProcessPath": "C:\\Windows\\System32\\AtBroker.exe", "TokenElevationType": "TokenElevationTypeDefault (1)", "ProcessId": "0xdec", "Command": null}
{"Timestamp": "2019-02-13 18:05:06.575504Z", "Channel": "Security", "Provider": "Microsoft-Windows-Security-Auditing", "Hostname": "PC01.example.corp", "SID": "S-1-5-20", "EventID": 4688, "RecordID": 227783, "Level": "0", "Descr": "A new process has been created", "Username": "PC01$", "Domain": "EXAMPLE", "LogonId": "0x3e4", "NewProcessId": "0xa1c", "NewProcessPath": "C:\\Windows\\System32\\rdpclip.exe", "TokenElevationType": "TokenElevationTypeDefault (1)", "ProcessId": "0x500", "Command": null}
{"Timestamp": "2019-02-13 18:05:05.253604Z", "Channel": "Security", "Provider": "Microsoft-Windows-Security-Auditing", "Hostname": "PC01.example.corp", "SID": "S-1-5-18", "EventID": 4688, "RecordID": 227776, "Level": "0", "Descr": "A new process has been created", "Username": "PC01$", "Domain": "EXAMPLE", "LogonId": "0x3e7", "NewProcessId": "0x9fc", "NewProcessPath": "C:\\Windows\\System32\\TSTheme.exe", "TokenElevationType": "TokenElevationTypeDefault (1)", "ProcessId": "0x278", "Command": null}
{"Timestamp": "2019-02-13 18:05:05.123416Z", "Channel": "Security", "Provider": "Microsoft-Windows-Security-Auditing", "Hostname": "PC01.example.corp", "SID": "S-1-5-18", "EventID": 4688, "RecordID": 227775, "Level": "0", "Descr": "A new process has been created", "Username": "PC01$", "Domain": "EXAMPLE", "LogonId": "0x3e7", "NewProcessId": "0xce0", "NewProcessPath": "C:\\Windows\\System32\\LogonUI.exe", "TokenElevationType": "TokenElevationTypeDefault (1)", "ProcessId": "0x768", "Command": null}
{"Timestamp": "2019-02-13 18:05:04.873056Z", "Channel": "Security", "Provider": "Microsoft-Windows-Security-Auditing", "Hostname": "PC01.example.corp", "SID": "S-1-5-18", "EventID": 4688, "RecordID": 227774, "Level": "0", "Descr": "A new process has been created", "Username": "PC01$", "Domain": "EXAMPLE", "LogonId": "0x3e7", "NewProcessId": "0x768", "NewProcessPath": "C:\\Windows\\System32\\winlogon.exe", "TokenElevationType": "TokenElevationTypeDefault (1)", "ProcessId": "0x62c", "Command": null}
{"Timestamp": "2019-02-13 18:05:04.802956Z", "Channel": "Security", "Provider": "Microsoft-Windows-Security-Auditing", "Hostname": "PC01.example.corp", "SID": "S-1-5-18", "EventID": 4688, "RecordID": 227773, "Level": "0", "Descr": "A new process has been created", "Username": "PC01$", "Domain": "EXAMPLE", "LogonId": "0x3e7", "NewProcessId": "0xadc", "NewProcessPath": "C:\\Windows\\System32\\csrss.exe", "TokenElevationType": "TokenElevationTypeDefault (1)", "ProcessId": "0x62c", "Command": null}
{"Timestamp": "2019-02-13 18:05:04.802956Z", "Channel": "Security", "Provider": "Microsoft-Windows-Security-Auditing", "Hostname": "PC01.example.corp", "SID": "S-1-5-18", "EventID": 4688, "RecordID": 227772, "Level": "0", "Descr": "A new process has been created", "Username": "PC01$", "Domain": "EXAMPLE", "LogonId": "0x3e7", "NewProcessId": "0x62c", "NewProcessPath": "C:\\Windows\\System32\\smss.exe", "TokenElevationType": "TokenElevationTypeDefault (1)", "ProcessId": "0x124", "Command": null}
{"Timestamp": "2019-02-13 18:05:00.997484Z", "Channel": "Security", "Provider": "Microsoft-Windows-Security-Auditing", "Hostname": "PC01.example.corp", "SID": "S-1-5-18", "EventID": 4688, "RecordID": 227769, "Level": "0", "Descr": "A new process has been created", "Username": "PC01$", "Domain": "EXAMPLE", "LogonId": "0x3e7", "NewProcessId": "0x410", "NewProcessPath": "C:\\Windows\\System32\\rundll32.exe", "TokenElevationType": "TokenElevationTypeDefault (1)", "ProcessId": "0x278", "Command": null}
{"Timestamp": "2019-02-13 18:04:58.543956Z", "Channel": "Security", "Provider": "Microsoft-Windows-Security-Auditing", "Hostname": "PC01.example.corp", "SID": null, "EventID": 5156, "RecordID": 227768, "Level": "0", "Descr": "The Windows Filtering Platform has permitted a connection", "ProcessPath": "\\device\\harddiskvolume1\\windows\\system32\\lsass.exe", "Direction": "Outbound", "TargetIP": "10.0.2.15", "TargetPort": "88", "Protocol+": "6", "Protocol": "6", "TargetSID": "S-1-0-0", "TargetMachineSID": "S-1-0-0"}
{"Timestamp": "2019-02-13 18:04:58.413768Z", "Channel": "Security", "Provider": "Microsoft-Windows-Security-Auditing", "Hostname": "PC01.example.corp", "SID": null, "EventID": 5156, "RecordID": 227767, "Level": "0", "Descr": "The Windows Filtering Platform has permitted a connection", "ProcessPath": "\\device\\harddiskvolume1\\windows\\system32\\lsass.exe", "Direction": "Outbound", "TargetIP": "10.0.2.15", "TargetPort": "88", "Protocol+": "6", "Protocol": "6", "TargetSID": "S-1-0-0", "TargetMachineSID": "S-1-0-0"}
{"Timestamp": "2019-02-13 18:04:58.413768Z", "Channel": "Security", "Provider": "Microsoft-Windows-Security-Auditing", "Hostname": "PC01.example.corp", "SID": null, "EventID": 5156, "RecordID": 227766, "Level": "0", "Descr": "The Windows Filtering Platform has permitted a connection", "ProcessPath": "\\device\\harddiskvolume1\\windows\\system32\\lsass.exe", "Direction": "Outbound", "TargetIP": "10.0.2.15", "TargetPort": "88", "Protocol+": "6", "Protocol": "6", "TargetSID": "S-1-0-0", "TargetMachineSID": "S-1-0-0"}
{"Timestamp": "2019-02-13 18:04:58.413768Z", "Channel": "Security", "Provider": "Microsoft-Windows-Security-Auditing", "Hostname": "PC01.example.corp", "SID": null, "EventID": 5156, "RecordID": 227765, "Level": "0", "Descr": "The Windows Filtering Platform has permitted a connection", "ProcessPath": "System", "Direction": "Outbound", "TargetIP": "10.0.2.15", "TargetPort": "445", "Protocol+": "6", "Protocol": "6", "TargetSID": "S-1-0-0", "TargetMachineSID": "S-1-0-0"}
{"Timestamp": "2019-02-13 18:04:58.363696Z", "Channel": "Security", "Provider": "Microsoft-Windows-Security-Auditing", "Hostname": "PC01.example.corp", "SID": null, "EventID": 4672, "RecordID": 227763, "Level": "0", "Descr": "Special privileges assigned to new logon", "TargetSID": "S-1-5-21-1587066498-1489273250-1035260531-1108", "TargetUsername": "admin01", "TargetDomain": "EXAMPLE", "TargetLogonId": "0x14a321", "PrivilegeList": "SeSecurityPrivilege\n\t\t\tSeTakeOwnershipPrivilege\n\t\t\tSeLoadDriverPrivilege\n\t\t\tSeBackupPrivilege\n\t\t\tSeRestorePrivilege\n\t\t\tSeDebugPrivilege\n\t\t\tSeSystemEnvironmentPrivilege\n\t\t\tSeImpersonatePrivilege"}
{"Timestamp": "2019-02-13 18:04:58.363696Z", "Channel": "Security", "Provider": "Microsoft-Windows-Security-Auditing", "Hostname": "PC01.example.corp", "SID": "S-1-5-18", "EventID": 4624, "RecordID": 227762, "Level": "0", "Descr": "An account was successfully logged on", "Username": "PC01$", "Domain": "EXAMPLE", "LogonId": "0x3e7", "TargetSID": "S-1-5-21-1587066498-1489273250-1035260531-1108", "TargetUsername": "admin01", "TargetDomain": "EXAMPLE", "TargetLogonId": "0x14a321", "LogonType+": "10", "LogonType": "10", "LogonProcess": "User32 ", "AuthenticationPackage": "Negotiate", "WorkstationName": "PC01", "LogonGUID": "AF83A89C-C68A-5397-5AC6-24A0C4D2BAF6", "TransmittedServices": "-", "KeyLength": "0", "ProcessId": "0x4b8", "ProcessPath": "C:\\Windows\\System32\\winlogon.exe", "IP": "127.0.0.1", "Port": "49274"}
{"Timestamp": "2019-02-13 18:04:58.363696Z", "Channel": "Security", "Provider": "Microsoft-Windows-Security-Auditing", "Hostname": "PC01.example.corp", "SID": "S-1-5-18", "EventID": 4648, "RecordID": 227761, "Level": "0", "Descr": "A logon was attempted using explicit credentials", "Username": "PC01$", "Domain": "EXAMPLE", "LogonId": "0x3e7", "LogonGUID": "00000000-0000-0000-0000-000000000000", "TargetUsername": "admin01", "TargetDomain": "EXAMPLE", "TargetLogonGuid": "AF83A89C-C68A-5397-5AC6-24A0C4D2BAF6", "TargetServerName": "localhost", "TargetInfo": "localhost", "ProcessId": "0x4b8", "ProcessPath": "C:\\Windows\\System32\\winlogon.exe", "IP": "127.0.0.1", "Port": "49274"}
{"Timestamp": "2019-02-13 18:04:58.333653Z", "Channel": "Security", "Provider": "Microsoft-Windows-Security-Auditing", "Hostname": "PC01.example.corp", "SID": null, "EventID": 5156, "RecordID": 227759, "Level": "0", "Descr": "The Windows Filtering Platform has permitted a connection", "ProcessPath": "\\device\\harddiskvolume1\\windows\\system32\\lsass.exe", "Direction": "Outbound", "TargetIP": "10.0.2.15", "TargetPort": "88", "Protocol+": "6", "Protocol": "6", "TargetSID": "S-1-0-0", "TargetMachineSID": "S-1-0-0"}
{"Timestamp": "2019-02-13 18:04:58.333653Z", "Channel": "Security", "Provider": "Microsoft-Windows-Security-Auditing", "Hostname": "PC01.example.corp", "SID": null, "EventID": 5156, "RecordID": 227758, "Level": "0", "Descr": "The Windows Filtering Platform has permitted a connection", "ProcessPath": "\\device\\harddiskvolume1\\windows\\system32\\lsass.exe", "Direction": "Outbound", "TargetIP": "10.0.2.15", "TargetPort": "88", "Protocol+": "6", "Protocol": "6", "TargetSID": "S-1-0-0", "TargetMachineSID": "S-1-0-0"}
{"Timestamp": "2019-02-13 18:04:58.323639Z", "Channel": "Security", "Provider": "Microsoft-Windows-Security-Auditing", "Hostname": "PC01.example.corp", "SID": null, "EventID": 5156, "RecordID": 227757, "Level": "0", "Descr": "The Windows Filtering Platform has permitted a connection", "ProcessPath": "\\device\\harddiskvolume1\\windows\\system32\\lsass.exe", "Direction": "Outbound", "TargetIP": "10.0.2.15", "TargetPort": "88", "Protocol+": "6", "Protocol": "6", "TargetSID": "S-1-0-0", "TargetMachineSID": "S-1-0-0"}
{"Timestamp": "2019-02-13 18:04:58.283581Z", "Channel": "Security", "Provider": "Microsoft-Windows-Security-Auditing", "Hostname": "PC01.example.corp", "SID": null, "EventID": 5156, "RecordID": 227756, "Level": "0", "Descr": "The Windows Filtering Platform has permitted a connection", "ProcessPath": "\\device\\harddiskvolume1\\windows\\system32\\lsass.exe", "Direction": "Outbound", "TargetIP": "10.0.2.15", "TargetPort": "88", "Protocol+": "6", "Protocol": "6", "TargetSID": "S-1-0-0", "TargetMachineSID": "S-1-0-0"}
{"Timestamp": "2019-02-13 18:04:57.672703Z", "Channel": "Security", "Provider": "Microsoft-Windows-Security-Auditing", "Hostname": "PC01.example.corp", "SID": "S-1-5-18", "EventID": 4688, "RecordID": 227751, "Level": "0", "Descr": "A new process has been created", "Username": "PC01$", "Domain": "EXAMPLE", "LogonId": "0x3e7", "NewProcessId": "0xc70", "NewProcessPath": "C:\\Windows\\System32\\LogonUI.exe", "TokenElevationType": "TokenElevationTypeDefault (1)", "ProcessId": "0x4b8", "Command": null}
{"Timestamp": "2019-02-13 18:04:57.542516Z", "Channel": "Security", "Provider": "Microsoft-Windows-Security-Auditing", "Hostname": "PC01.example.corp", "SID": "S-1-5-18", "EventID": 4688, "RecordID": 227750, "Level": "0", "Descr": "A new process has been created", "Username": "PC01$", "Domain": "EXAMPLE", "LogonId": "0x3e7", "NewProcessId": "0x4b8", "NewProcessPath": "C:\\Windows\\System32\\winlogon.exe", "TokenElevationType": "TokenElevationTypeDefault (1)", "ProcessId": "0x38c", "Command": null}
{"Timestamp": "2019-02-13 18:04:57.462400Z", "Channel": "Security", "Provider": "Microsoft-Windows-Security-Auditing", "Hostname": "PC01.example.corp", "SID": "S-1-5-18", "EventID": 4688, "RecordID": 227749, "Level": "0", "Descr": "A new process has been created", "Username": "PC01$", "Domain": "EXAMPLE", "LogonId": "0x3e7", "NewProcessId": "0x9d4", "NewProcessPath": "C:\\Windows\\System32\\csrss.exe", "TokenElevationType": "TokenElevationTypeDefault (1)", "ProcessId": "0x38c", "Command": null}
