{"Timestamp": "2019-09-22 11:23:19.251925Z", "Channel": "Security", "Provider": "Microsoft-Windows-Security-Auditing", "Hostname": "MSEDGEWIN10", "SID": "S-1-5-21-3461203602-4096304019-2269080069-1000", "EventID": 4732, "RecordID": 191030, "Level": "0", "Descr": "A member was added to a security-enabled local group", "TargetUsername": "-", "TargetSID": "S-1-5-20", "TargetGroup": "Administrators", "TargetDomain": "Builtin", "TargetGroupSID": "S-1-5-32-544", "Username": "IEUser", "Domain": "MSEDGEWIN10", "LogonId": "0x27a10f", "PrivilegeList": "-"}
{"Timestamp": "2019-09-22 11:22:05.201727Z", "Channel": "Security", "Provider": "Microsoft-Windows-Security-Auditing", "Hostname": "MSEDGEWIN10", "SID": "S-1-5-21-3461203602-4096304019-2269080069-1000", "EventID": 4732, "RecordID": 191029, "Level": "0", "Descr": "A member was added to a security-enabled local group", "TargetUsername": "-", "TargetSID": "S-1-5-21-3461203602-4096304019-2269080069-501", "TargetGroup": "Administrators", "TargetDomain": "Builtin", "TargetGroupSID": "S-1-5-32-544", "Username": "IEUser", "Domain": "MSEDGEWIN10", "LogonId": "0x27a10f", "PrivilegeList": "-"}
{"Timestamp": "2019-05-16 01:33:54.567896Z", "Channel": "Microsoft-Windows-WinRM/Operational", "Provider": "Microsoft-Windows-WinRM", "Hostname": "DC1.insecurebank.local", "SID": "S-1-5-21-738609754-2819869699-4189121830-500", "EventID": 91, "RecordID": 508, "Level": "Information", "Descr": "Creating WSMan shell on server with <ResourceUri>"}
{"Timestamp": "2019-03-19 00:02:21.929554Z", "Channel": "Security", "Provider": "Microsoft-Windows-Security-Auditing", "Hostname": "WIN-77LTAPHIQ1R.example.corp", "SID": "S-1-0-0", "EventID": 4624, "RecordID": 566894, "Level": "0", "Descr": "An account was successfully logged on", "Username": "-", "Domain": "-", "LogonId": "0x0", "TargetSID": "S-1-5-18", "TargetUsername": "WIN-77LTAPHIQ1R$", "TargetDomain": "EXAMPLE", "TargetLogonId": "0x18423d", "LogonType+": "3", "LogonType": "3", "LogonProcess": "Kerberos", "AuthenticationPackage": "Kerberos", "WorkstationName": null, "LogonGUID": "5FDB15EE-2283-F23C-E23B-5E5DDB11BB9C", "TransmittedServices": "-", "KeyLength": "0", "ProcessId": "0x0", "ProcessPath": "-", "IP": "fe80::79bf:8ee2:433c:2567", "Port": "56034"}
{"Timestamp": "2019-03-19 00:02:21.929554Z", "Channel": "Security", "Provider": "Microsoft-Windows-Security-Auditing", "Hostname": "WIN-77LTAPHIQ1R.example.corp", "SID": null, "EventID": 4672, "RecordID": 566893, "Level": "0", "Descr": "Special privileges assigned to new logon", "TargetSID": "S-1-5-18", "TargetUsername": "WIN-77LTAPHIQ1R$", "TargetDomain": "EXAMPLE", "TargetLogonId": "0x18423d", "PrivilegeList": "SeSecurityPrivilege\n\t\t\tSeBackupPrivilege\n\t\t\tSeRestorePrivilege\n\t\t\tSeTakeOwnershipPrivilege\n\t\t\tSeDebugPrivilege\n\t\t\tSeSystemEnvironmentPrivilege\n\t\t\tSeLoadDriverPrivilege\n\t\t\tSeImpersonatePrivilege\n\t\t\tSeEnableDelegationPrivilege"}
{"Timestamp": "2019-03-19 00:02:21.460919Z", "Channel": "Security", "Provider": "Microsoft-Windows-Security-Auditing", "Hostname": "WIN-77LTAPHIQ1R.example.corp", "SID": "S-1-0-0", "EventID": 4624, "RecordID": 566889, "Level": "0", "Descr": "An account was successfully logged on", "Username": "-", "Domain": "-", "LogonId": "0x0", "TargetSID": "S-1-5-18", "TargetUsername": "WIN-77LTAPHIQ1R$", "TargetDomain": "EXAMPLE", "TargetLogonId": "0x184212", "LogonType+": "3", "LogonType": "3", "LogonProcess": "Kerberos", "AuthenticationPackage": "Kerberos", "WorkstationName": null, "LogonGUID": "5FDB15EE-2283-F23C-E23B-5E5DDB11BB9C", "TransmittedServices": "-", "KeyLength": "0", "ProcessId": "0x0", "ProcessPath": "-", "IP": "::1", "Port": "56033"}
{"Timestamp": "2019-03-19 00:02:21.460919Z", "Channel": "Security", "Provider": "Microsoft-Windows-Security-Auditing", "Hostname": "WIN-77LTAPHIQ1R.example.corp", "SID": null, "EventID": 4672, "RecordID": 566888, "Level": "0", "Descr": "Special privileges assigned to new logon", "TargetSID": "S-1-5-18", "TargetUsername": "WIN-77LTAPHIQ1R$", "TargetDomain": "EXAMPLE", "TargetLogonId": "0x184212", "PrivilegeList": "SeSecurityPrivilege\n\t\t\tSeBackupPrivilege\n\t\t\tSeRestorePrivilege\n\t\t\tSeTakeOwnershipPrivilege\n\t\t\tSeDebugPrivilege\n\t\t\tSeSystemEnvironmentPrivilege\n\t\t\tSeLoadDriverPrivilege\n\t\t\tSeImpersonatePrivilege\n\t\t\tSeEnableDelegationPrivilege"}
{"Timestamp": "2019-03-19 00:02:16.835958Z", "Channel": "Security", "Provider": "Microsoft-Windows-Security-Auditing", "Hostname": "WIN-77LTAPHIQ1R.example.corp", "SID": null, "EventID": 4776, "RecordID": 566853, "Level": "0", "Descr": "The computer attempted to validate the credentials for an account", "AuthenticationPackage": "MICROSOFT_AUTHENTICATION_PACKAGE_V1_0", "TargetUsername": "Administrator", "WorkstationName": "WIN-77LTAPHIQ1R", "ResultCode+": "0x0", "ResultCode": "0x0"}
{"Timestamp": "2019-03-19 00:02:07.523676Z", "Channel": "Security", "Provider": "Microsoft-Windows-Security-Auditing", "Hostname": "WIN-77LTAPHIQ1R.example.corp", "SID": "S-1-5-21-1587066498-1489273250-1035260531-500", "EventID": 5145, "RecordID": 566848, "Level": "0", "Descr": "A network share object was checked to see whether client can be granted desired access", "Username": "Administrator", "Domain": "EXAMPLE", "LogonId": "0x17e2c0", "ObjectType": "File", "IP": "10.0.2.17", "Port": "49237", "ShareName": "\\\\*\\ADMIN$", "ShareLocalPath": "\\??\\C:\\Windows", "RelativeTargetName": "Temp\\CYAlyNSS.tmp", "AccessMask": "0x10080", "AccessList": "DELETE, ReadAttributes", "AccessReason": "-"}
{"Timestamp": "2019-03-19 00:02:07.508324Z", "Channel": "Security", "Provider": "Microsoft-Windows-Security-Auditing", "Hostname": "WIN-77LTAPHIQ1R.example.corp", "SID": "S-1-5-21-1587066498-1489273250-1035260531-500", "EventID": 5140, "RecordID": 566847, "Level": "0", "Descr": "A network share object was accessed", "Username": "Administrator", "Domain": "EXAMPLE", "LogonId": "0x17e2c0", "ObjectType": "File", "IP": "10.0.2.17", "Port": "49237", "ShareName": "\\\\*\\ADMIN$", "ShareLocalPath": "\\??\\C:\\Windows", "AccessList": "ReadData (or ListDirectory)"}
{"Timestamp": "2019-03-19 00:02:07.445773Z", "Channel": "Security", "Provider": "Microsoft-Windows-Security-Auditing", "Hostname": "WIN-77LTAPHIQ1R.example.corp", "SID": "S-1-5-21-1587066498-1489273250-1035260531-500", "EventID": 5145, "RecordID": 566846, "Level": "0", "Descr": "A network share object was checked to see whether client can be granted desired access", "Username": "Administrator", "Domain": "EXAMPLE", "LogonId": "0x17e2c0", "ObjectType": "File", "IP": "10.0.2.17", "Port": "49237", "ShareName": "\\\\*\\ADMIN$", "ShareLocalPath": "\\??\\C:\\Windows", "RelativeTargetName": "Temp\\CYAlyNSS.tmp", "AccessMask": "0x1", "AccessList": "ReadData (or ListDirectory)", "AccessReason": "-"}
{"Timestamp": "2019-03-19 00:02:07.430210Z", "Channel": "Security", "Provider": "Microsoft-Windows-Security-Auditing", "Hostname": "WIN-77LTAPHIQ1R.example.corp", "SID": "S-1-5-21-1587066498-1489273250-1035260531-500", "EventID": 5140, "RecordID": 566845, "Level": "0", "Descr": "A network share object was accessed", "Username": "Administrator", "Domain": "EXAMPLE", "LogonId": "0x17e2c0", "ObjectType": "File", "IP": "10.0.2.17", "Port": "49237", "ShareName": "\\\\*\\ADMIN$", "ShareLocalPath": "\\??\\C:\\Windows", "AccessList": "ReadData (or ListDirectory)"}
{"Timestamp": "2019-03-19 00:02:04.398153Z", "Channel": "Security", "Provider": "Microsoft-Windows-Security-Auditing", "Hostname": "WIN-77LTAPHIQ1R.example.corp", "SID": "S-1-5-18", "EventID": 4688, "RecordID": 566844, "Level": "0", "Descr": "A new process has been created", "Username": "WIN-77LTAPHIQ1R$", "Domain": "EXAMPLE", "LogonId": "0x3e7", "NewProcessId": "0x3b4", "NewProcessPath": "C:\\Windows\\System32\\wbem\\WmiPrvSE.exe", "TokenElevationType": "TokenElevationTypeDefault (1)", "ProcessId": "0x248", "Command": null}
{"Timestamp": "2019-03-19 00:02:04.398153Z", "Channel": "Security", "Provider": "Microsoft-Windows-Security-Auditing", "Hostname": "WIN-77LTAPHIQ1R.example.corp", "SID": "S-1-5-21-1587066498-1489273250-1035260531-500", "EventID": 5145, "RecordID": 566843, "Level": "0", "Descr": "A network share object was checked to see whether client can be granted desired access", "Username": "Administrator", "Domain": "EXAMPLE", "LogonId": "0x17e2c0", "ObjectType": "File", "IP": "10.0.2.17", "Port": "49237", "ShareName": "\\\\*\\ADMIN$", "ShareLocalPath": "\\??\\C:\\Windows", "RelativeTargetName": "Temp\\CYAlyNSS.tmp", "AccessMask": "0x1", "AccessList": "ReadData (or ListDirectory)", "AccessReason": "-"}
{"Timestamp": "2019-03-19 00:02:04.398153Z", "Channel": "Security", "Provider": "Microsoft-Windows-Security-Auditing", "Hostname": "WIN-77LTAPHIQ1R.example.corp", "SID": "S-1-5-21-1587066498-1489273250-1035260531-500", "EventID": 5145, "RecordID": 566842, "Level": "0", "Descr": "A network share object was checked to see whether client can be granted desired access", "Username": "Administrator", "Domain": "EXAMPLE", "LogonId": "0x17e2c0", "ObjectType": "File", "IP": "10.0.2.17", "Port": "49237", "ShareName": "\\\\*\\ADMIN$", "ShareLocalPath": "\\??\\C:\\Windows", "RelativeTargetName": "Temp\\CYAlyNSS.tmp", "AccessMask": "0x1", "AccessList": "ReadData (or ListDirectory)", "AccessReason": "-"}
{"Timestamp": "2019-03-19 00:02:04.367441Z", "Channel": "Security", "Provider": "Microsoft-Windows-Security-Auditing", "Hostname": "WIN-77LTAPHIQ1R.example.corp", "SID": "S-1-5-21-1587066498-1489273250-1035260531-500", "EventID": 5140, "RecordID": 566841, "Level": "0", "Descr": "A network share object was accessed", "Username": "Administrator", "Domain": "EXAMPLE", "LogonId": "0x17e2c0", "ObjectType": "File", "IP": "10.0.2.17", "Port": "49237", "ShareName": "\\\\*\\ADMIN$", "ShareLocalPath": "\\??\\C:\\Windows", "AccessList": "ReadData (or ListDirectory)"}
{"Timestamp": "2019-03-19 00:02:04.351252Z", "Channel": "Security", "Provider": "Microsoft-Windows-Security-Auditing", "Hostname": "WIN-77LTAPHIQ1R.example.corp", "SID": "S-1-5-21-1587066498-1489273250-1035260531-500", "EventID": 4699, "RecordID": 566840, "Level": "0", "Descr": "A scheduled task was deleted", "Username": "Administrator", "Domain": "EXAMPLE", "LogonId": "0x17e2d2", "TaskName": "\\CYAlyNSS", "TaskContent": "<?xml version=\"1.0\" encoding=\"UTF-16\"?>\n<Task version=\"1.2\" xmlns=\"http://schemas.microsoft.com/windows/2004/02/mit/task\">\n  <Triggers>\n    <CalendarTrigger>\n      <StartBoundary>2015-07-15T20:35:13.2757294</StartBoundary>\n      <Enabled>true</Enabled>\n      <ScheduleByDay>\n        <DaysInterval>1</DaysInterval>\n      </ScheduleByDay>\n    </CalendarTrigger>\n  </Triggers>\n  <Principals>\n    <Principal id=\"LocalSystem\">\n      <UserId>S-1-5-18</UserId>\n      <RunLevel>HighestAvailable</RunLevel>\n      <LogonType>InteractiveToken</LogonType>\n    </Principal>\n  </Principals>\n  <Settings>\n    <MultipleInstancesPolicy>IgnoreNew</MultipleInstancesPolicy>\n    <DisallowStartIfOnBatteries>false</DisallowStartIfOnBatteries>\n    <StopIfGoingOnBatteries>false</StopIfGoingOnBatteries>\n    <AllowHardTerminate>true</AllowHardTerminate>\n    <RunOnlyIfNetworkAvailable>false</RunOnlyIfNetworkAvailable>\n    <IdleSettings>\n      <StopOnIdleEnd>true</StopOnIdleEnd>\n      <RestartOnIdle>false</RestartOnIdle>\n    </IdleSettings>\n    <AllowStartOnDemand>true</AllowStartOnDemand>\n    <Enabled>true</Enabled>\n    <Hidden>true</Hidden>\n    <RunOnlyIfIdle>false</RunOnlyIfIdle>\n    <WakeToRun>false</WakeToRun>\n    <ExecutionTimeLimit>P3D</ExecutionTimeLimit>\n    <Priority>7</Priority>\n  </Settings>\n  <Actions Context=\"LocalSystem\">\n    <Exec>\n      <Command>cmd.exe</Command>\n      <Arguments>/C tasklist &gt; %windir%\\Temp\\CYAlyNSS.tmp 2&gt;&amp;1</Arguments>\n    </Exec>\n  </Actions>\n</Task>"}
{"Timestamp": "2019-03-19 00:02:04.335561Z", "Channel": "Security", "Provider": "Microsoft-Windows-Security-Auditing", "Hostname": "WIN-77LTAPHIQ1R.example.corp", "SID": "S-1-5-18", "EventID": 4688, "RecordID": 566839, "Level": "0", "Descr": "A new process has been created", "Username": "WIN-77LTAPHIQ1R$", "Domain": "EXAMPLE", "LogonId": "0x3e7", "NewProcessId": "0x970", "NewProcessPath": "C:\\Windows\\System32\\tasklist.exe", "TokenElevationType": "TokenElevationTypeDefault (1)", "ProcessId": "0xbcc", "Command": null}
{"Timestamp": "2019-03-19 00:02:04.335561Z", "Channel": "Security", "Provider": "Microsoft-Windows-Security-Auditing", "Hostname": "WIN-77LTAPHIQ1R.example.corp", "SID": "S-1-5-18", "EventID": 4688, "RecordID": 566838, "Level": "0", "Descr": "A new process has been created", "Username": "WIN-77LTAPHIQ1R$", "Domain": "EXAMPLE", "LogonId": "0x3e7", "NewProcessId": "0xebc", "NewProcessPath": "C:\\Windows\\System32\\conhost.exe", "TokenElevationType": "TokenElevationTypeDefault (1)", "ProcessId": "0xbcc", "Command": null}
{"Timestamp": "2019-03-19 00:02:04.319945Z", "Channel": "Security", "Provider": "Microsoft-Windows-Security-Auditing", "Hostname": "WIN-77LTAPHIQ1R.example.corp", "SID": "S-1-5-18", "EventID": 4688, "RecordID": 566837, "Level": "0", "Descr": "A new process has been created", "Username": "WIN-77LTAPHIQ1R$", "Domain": "EXAMPLE", "LogonId": "0x3e7", "NewProcessId": "0xbcc", "NewProcessPath": "C:\\Windows\\System32\\cmd.exe", "TokenElevationType": "TokenElevationTypeDefault (1)", "ProcessId": "0x33c", "Command": null}
{"Timestamp": "2019-03-19 00:02:04.319945Z", "Channel": "Security", "Provider": "Microsoft-Windows-Security-Auditing", "Hostname": "WIN-77LTAPHIQ1R.example.corp", "SID": "S-1-5-21-1587066498-1489273250-1035260531-500", "EventID": 4698, "RecordID": 566836, "Level": "0", "Descr": "A scheduled task was created", "Username": "Administrator", "Domain": "EXAMPLE", "LogonId": "0x17e2d2", "TaskName": "\\CYAlyNSS", "TaskContent": "<?xml version=\"1.0\" encoding=\"UTF-16\"?>\n<Task version=\"1.2\" xmlns=\"http://schemas.microsoft.com/windows/2004/02/mit/task\">\n  <Triggers>\n    <CalendarTrigger>\n      <StartBoundary>2015-07-15T20:35:13.2757294</StartBoundary>\n      <Enabled>true</Enabled>\n      <ScheduleByDay>\n        <DaysInterval>1</DaysInterval>\n      </ScheduleByDay>\n    </CalendarTrigger>\n  </Triggers>\n  <Principals>\n    <Principal id=\"LocalSystem\">\n      <UserId>S-1-5-18</UserId>\n      <RunLevel>HighestAvailable</RunLevel>\n      <LogonType>InteractiveToken</LogonType>\n    </Principal>\n  </Principals>\n  <Settings>\n    <MultipleInstancesPolicy>IgnoreNew</MultipleInstancesPolicy>\n    <DisallowStartIfOnBatteries>false</DisallowStartIfOnBatteries>\n    <StopIfGoingOnBatteries>false</StopIfGoingOnBatteries>\n    <AllowHardTerminate>true</AllowHardTerminate>\n    <RunOnlyIfNetworkAvailable>false</RunOnlyIfNetworkAvailable>\n    <IdleSettings>\n      <StopOnIdleEnd>true</StopOnIdleEnd>\n      <RestartOnIdle>false</RestartOnIdle>\n    </IdleSettings>\n    <AllowStartOnDemand>true</AllowStartOnDemand>\n    <Enabled>true</Enabled>\n    <Hidden>true</Hidden>\n    <RunOnlyIfIdle>false</RunOnlyIfIdle>\n    <WakeToRun>false</WakeToRun>\n    <ExecutionTimeLimit>P3D</ExecutionTimeLimit>\n    <Priority>7</Priority>\n  </Settings>\n  <Actions Context=\"LocalSystem\">\n    <Exec>\n      <Command>cmd.exe</Command>\n      <Arguments>/C tasklist &gt; %windir%\\Temp\\CYAlyNSS.tmp 2&gt;&amp;1</Arguments>\n    </Exec>\n  </Actions>\n</Task>"}
{"Timestamp": "2019-03-19 00:02:04.257778Z", "Channel": "Security", "Provider": "Microsoft-Windows-Security-Auditing", "Hostname": "WIN-77LTAPHIQ1R.example.corp", "SID": "S-1-0-0", "EventID": 4624, "RecordID": 566835, "Level": "0", "Descr": "An account was successfully logged on", "Username": "-", "Domain": "-", "LogonId": "0x0", "TargetSID": "S-1-5-21-1587066498-1489273250-1035260531-500", "TargetUsername": "Administrator", "TargetDomain": "EXAMPLE", "TargetLogonId": "0x17e2d2", "LogonType+": "3", "LogonType": "3", "LogonProcess": "NtLmSsp ", "AuthenticationPackage": "NTLM", "WorkstationName": null, "LogonGUID": "00000000-0000-0000-0000-000000000000", "TransmittedServices": "-", "KeyLength": "128", "ProcessId": "0x0", "ProcessPath": "-", "IP": "-", "Port": "-"}
{"Timestamp": "2019-03-19 00:02:04.257778Z", "Channel": "Security", "Provider": "Microsoft-Windows-Security-Auditing", "Hostname": "WIN-77LTAPHIQ1R.example.corp", "SID": null, "EventID": 4672, "RecordID": 566834, "Level": "0", "Descr": "Special privileges assigned to new logon", "TargetSID": "S-1-5-21-1587066498-1489273250-1035260531-500", "TargetUsername": "Administrator", "TargetDomain": "EXAMPLE", "TargetLogonId": "0x17e2d2", "PrivilegeList": "SeSecurityPrivilege\n\t\t\tSeBackupPrivilege\n\t\t\tSeRestorePrivilege\n\t\t\tSeTakeOwnershipPrivilege\n\t\t\tSeDebugPrivilege\n\t\t\tSeSystemEnvironmentPrivilege\n\t\t\tSeLoadDriverPrivilege\n\t\t\tSeImpersonatePrivilege\n\t\t\tSeEnableDelegationPrivilege"}
{"Timestamp": "2019-03-19 00:02:04.257778Z", "Channel": "Security", "Provider": "Microsoft-Windows-Security-Auditing", "Hostname": "WIN-77LTAPHIQ1R.example.corp", "SID": null, "EventID": 4776, "RecordID": 566833, "Level": "0", "Descr": "The computer attempted to validate the credentials for an account", "AuthenticationPackage": "MICROSOFT_AUTHENTICATION_PACKAGE_V1_0", "TargetUsername": "administrator", "WorkstationName": null, "ResultCode+": "0x0", "ResultCode": "0x0"}
{"Timestamp": "2019-03-19 00:02:04.241919Z", "Channel": "Security", "Provider": "Microsoft-Windows-Security-Auditing", "Hostname": "WIN-77LTAPHIQ1R.example.corp", "SID": "S-1-5-21-1587066498-1489273250-1035260531-500", "EventID": 5145, "RecordID": 566832, "Level": "0", "Descr": "A network share object was checked to see whether client can be granted desired access", "Username": "Administrator", "Domain": "EXAMPLE", "LogonId": "0x17e2c0", "ObjectType": "File", "IP": "10.0.2.17", "Port": "49237", "ShareName": "\\\\*\\IPC$", "ShareLocalPath": null, "RelativeTargetName": "atsvc", "AccessMask": "0x3", "AccessList": "ReadData (or ListDirectory), WriteData (or AddFile)", "AccessReason": "-"}
{"Timestamp": "2019-03-19 00:02:04.226251Z", "Channel": "Security", "Provider": "Microsoft-Windows-Security-Auditing", "Hostname": "WIN-77LTAPHIQ1R.example.corp", "SID": "S-1-5-21-1587066498-1489273250-1035260531-500", "EventID": 5140, "RecordID": 566831, "Level": "0", "Descr": "A network share object was accessed", "Username": "Administrator", "Domain": "EXAMPLE", "LogonId": "0x17e2c0", "ObjectType": "File", "IP": "10.0.2.17", "Port": "49237", "ShareName": "\\\\*\\IPC$", "ShareLocalPath": null, "AccessList": "ReadData (or ListDirectory)"}
{"Timestamp": "2019-03-19 00:02:04.226251Z", "Channel": "Security", "Provider": "Microsoft-Windows-Security-Auditing", "Hostname": "WIN-77LTAPHIQ1R.example.corp", "SID": "S-1-0-0", "EventID": 4624, "RecordID": 566830, "Level": "0", "Descr": "An account was successfully logged on", "Username": "-", "Domain": "-", "LogonId": "0x0", "TargetSID": "S-1-5-21-1587066498-1489273250-1035260531-500", "TargetUsername": "Administrator", "TargetDomain": "EXAMPLE", "TargetLogonId": "0x17e2c0", "LogonType+": "3", "LogonType": "3", "LogonProcess": "NtLmSsp ", "AuthenticationPackage": "NTLM", "WorkstationName": null, "LogonGUID": "00000000-0000-0000-0000-000000000000", "TransmittedServices": "-", "KeyLength": "128", "ProcessId": "0x0", "ProcessPath": "-", "IP": "10.0.2.17", "Port": "49237"}
{"Timestamp": "2019-03-19 00:02:04.226251Z", "Channel": "Security", "Provider": "Microsoft-Windows-Security-Auditing", "Hostname": "WIN-77LTAPHIQ1R.example.corp", "SID": null, "EventID": 4672, "RecordID": 566829, "Level": "0", "Descr": "Special privileges assigned to new logon", "TargetSID": "S-1-5-21-1587066498-1489273250-1035260531-500", "TargetUsername": "Administrator", "TargetDomain": "EXAMPLE", "TargetLogonId": "0x17e2c0", "PrivilegeList": "SeSecurityPrivilege\n\t\t\tSeBackupPrivilege\n\t\t\tSeRestorePrivilege\n\t\t\tSeTakeOwnershipPrivilege\n\t\t\tSeDebugPrivilege\n\t\t\tSeSystemEnvironmentPrivilege\n\t\t\tSeLoadDriverPrivilege\n\t\t\tSeImpersonatePrivilege\n\t\t\tSeEnableDelegationPrivilege"}
{"Timestamp": "2019-03-19 00:02:04.226251Z", "Channel": "Security", "Provider": "Microsoft-Windows-Security-Auditing", "Hostname": "WIN-77LTAPHIQ1R.example.corp", "SID": null, "EventID": 4776, "RecordID": 566828, "Level": "0", "Descr": "The computer attempted to validate the credentials for an account", "AuthenticationPackage": "MICROSOFT_AUTHENTICATION_PACKAGE_V1_0", "TargetUsername": "administrator", "WorkstationName": null, "ResultCode+": "0x0", "ResultCode": "0x0"}
{"Timestamp": "2019-03-19 00:02:04.210688Z", "Channel": "Security", "Provider": "Microsoft-Windows-Security-Auditing", "Hostname": "WIN-77LTAPHIQ1R.example.corp", "SID": "S-1-0-0", "EventID": 4624, "RecordID": 566826, "Level": "0", "Descr": "An account was successfully logged on", "Username": "-", "Domain": "-", "LogonId": "0x0", "TargetSID": "S-1-5-21-1587066498-1489273250-1035260531-500", "TargetUsername": "Administrator", "TargetDomain": "EXAMPLE", "TargetLogonId": "0x17e2aa", "LogonType+": "3", "LogonType": "3", "LogonProcess": "NtLmSsp ", "AuthenticationPackage": "NTLM", "WorkstationName": null, "LogonGUID": "00000000-0000-0000-0000-000000000000", "TransmittedServices": "-", "KeyLength": "128", "ProcessId": "0x0", "ProcessPath": "-", "IP": "10.0.2.17", "Port": "49236"}
{"Timestamp": "2019-03-19 00:02:04.210688Z", "Channel": "Security", "Provider": "Microsoft-Windows-Security-Auditing", "Hostname": "WIN-77LTAPHIQ1R.example.corp", "SID": null, "EventID": 4672, "RecordID": 566825, "Level": "0", "Descr": "Special privileges assigned to new logon", "TargetSID": "S-1-5-21-1587066498-1489273250-1035260531-500", "TargetUsername": "Administrator", "TargetDomain": "EXAMPLE", "TargetLogonId": "0x17e2aa", "PrivilegeList": "SeSecurityPrivilege\n\t\t\tSeBackupPrivilege\n\t\t\tSeRestorePrivilege\n\t\t\tSeTakeOwnershipPrivilege\n\t\t\tSeDebugPrivilege\n\t\t\tSeSystemEnvironmentPrivilege\n\t\t\tSeLoadDriverPrivilege\n\t\t\tSeImpersonatePrivilege\n\t\t\tSeEnableDelegationPrivilege"}
{"Timestamp": "2019-03-19 00:02:04.210688Z", "Channel": "Security", "Provider": "Microsoft-Windows-Security-Auditing", "Hostname": "WIN-77LTAPHIQ1R.example.corp", "SID": null, "EventID": 4776, "RecordID": 566824, "Level": "0", "Descr": "The computer attempted to validate the credentials for an account", "AuthenticationPackage": "MICROSOFT_AUTHENTICATION_PACKAGE_V1_0", "TargetUsername": "administrator", "WorkstationName": null, "ResultCode+": "0x0", "ResultCode": "0x0"}
{"Timestamp": "2019-03-19 00:02:04.179623Z", "Channel": "Security", "Provider": "Microsoft-Windows-Security-Auditing", "Hostname": "WIN-77LTAPHIQ1R.example.corp", "SID": "S-1-0-0", "EventID": 4624, "RecordID": 566823, "Level": "0", "Descr": "An account was successfully logged on", "Username": "-", "Domain": "-", "LogonId": "0x0", "TargetSID": "S-1-5-7", "TargetUsername": "ANONYMOUS LOGON", "TargetDomain": "NT AUTHORITY", "TargetLogonId": "0x17e29a", "LogonType+": "3", "LogonType": "3", "LogonProcess": "NtLmSsp ", "AuthenticationPackage": "NTLM", "WorkstationName": "NULL", "LogonGUID": "00000000-0000-0000-0000-000000000000", "TransmittedServices": "-", "KeyLength": "128", "ProcessId": "0x0", "ProcessPath": "-", "IP": "10.0.2.17", "Port": "49236"}
{"Timestamp": "2019-03-19 00:02:00.383090Z", "Channel": "Security", "Provider": "Microsoft-Windows-Eventlog", "Hostname": "WIN-77LTAPHIQ1R.example.corp", "SID": "S-1-5-21-1587066498-1489273250-1035260531-500", "EventID": 1102, "RecordID": 566821, "Level": "Information", "Descr": "The audit log was cleared", "Username": "administrator", "Domain": "EXAMPLE", "LogonId": "0x4fd77"}
{"Timestamp": "2019-03-19 20:58:31.749910Z", "Channel": "Microsoft-Windows-Application-Experience/Program-Telemetry", "Provider": "Microsoft-Windows-Application-Experience", "Hostname": "PC01.example.corp", "SID": "S-1-5-18", "EventID": 500, "RecordID": 27, "Level": "Information", "Descr": "Compatibility fix applied to <ProcessPath>.  Fix information: <FixName>, <FixId>, <Flags>", "ProcessId": "3204", "ProcessPath": "C:\\Windows\\system32\\utilman.exe", "StartTime": "2019-03-19 20:58:31.719867 UTC", "FixId": "8A23A24A-9A8D-44B6-A6D4-556C53A289B5", "FixName": "CorrectFilePaths", "Flags": "0x10205"}
{"Timestamp": "2019-03-19 20:52:47.214492Z", "Channel": "Microsoft-Windows-Application-Experience/Program-Telemetry", "Provider": "Microsoft-Windows-Application-Experience", "Hostname": "PC01.example.corp", "SID": "S-1-5-21-1587066498-1489273250-1035260531-1106", "EventID": 500, "RecordID": 26, "Level": "Information", "Descr": "Compatibility fix applied to <ProcessPath>.  Fix information: <FixName>, <FixId>, <Flags>", "ProcessId": "3088", "ProcessPath": "C:\\Windows\\System32\\osk.exe", "StartTime": "2019-03-19 20:52:47.184449 UTC", "FixId": "8A23A24A-9A8D-44B6-A6D4-556C53A289B5", "FixName": "CorrectFilePaths", "Flags": "0x10205"}
{"Timestamp": "2019-03-19 20:52:26.034036Z", "Channel": "Microsoft-Windows-Application-Experience/Program-Telemetry", "Provider": "Microsoft-Windows-Application-Experience", "Hostname": "PC01.example.corp", "SID": "S-1-5-21-1587066498-1489273250-1035260531-1106", "EventID": 500, "RecordID": 25, "Level": "Information", "Descr": "Compatibility fix applied to <ProcessPath>.  Fix information: <FixName>, <FixId>, <Flags>", "ProcessId": "3848", "ProcessPath": "C:\\Windows\\System32\\osk.exe", "StartTime": "2019-03-19 20:52:25.993979 UTC", "FixId": "8A23A24A-9A8D-44B6-A6D4-556C53A289B5", "FixName": "CorrectFilePaths", "Flags": "0x10205"}
{"Timestamp": "2019-03-19 20:49:44.882312Z", "Channel": "Microsoft-Windows-Application-Experience/Program-Telemetry", "Provider": "Microsoft-Windows-Application-Experience", "Hostname": "PC01.example.corp", "SID": "S-1-5-21-1587066498-1489273250-1035260531-1106", "EventID": 500, "RecordID": 24, "Level": "Information", "Descr": "Compatibility fix applied to <ProcessPath>.  Fix information: <FixName>, <FixId>, <Flags>", "ProcessId": "2668", "ProcessPath": "C:\\Windows\\System32\\osk.exe", "StartTime": "2019-03-19 20:49:44.852268 UTC", "FixId": "8A23A24A-9A8D-44B6-A6D4-556C53A289B5", "FixName": "CorrectFilePaths", "Flags": "0x10205"}
{"Timestamp": "2019-03-19 20:49:27.877860Z", "Channel": "Microsoft-Windows-Application-Experience/Program-Telemetry", "Provider": "Microsoft-Windows-Application-Experience", "Hostname": "PC01.example.corp", "SID": "S-1-5-21-1587066498-1489273250-1035260531-1106", "EventID": 500, "RecordID": 23, "Level": "Information", "Descr": "Compatibility fix applied to <ProcessPath>.  Fix information: <FixName>, <FixId>, <Flags>", "ProcessId": "3916", "ProcessPath": "C:\\Windows\\System32\\osk.exe", "StartTime": "2019-03-19 20:49:27.827788 UTC", "FixId": "8A23A24A-9A8D-44B6-A6D4-556C53A289B5", "FixName": "CorrectFilePaths", "Flags": "0x10205"}
{"Timestamp": "2019-03-19 20:48:33.469625Z", "Channel": "Microsoft-Windows-Application-Experience/Program-Telemetry", "Provider": "Microsoft-Windows-Application-Experience", "Hostname": "PC01.example.corp", "SID": "S-1-5-21-1587066498-1489273250-1035260531-1106", "EventID": 500, "RecordID": 22, "Level": "Information", "Descr": "Compatibility fix applied to <ProcessPath>.  Fix information: <FixName>, <FixId>, <Flags>", "ProcessId": "3724", "ProcessPath": "C:\\Windows\\System32\\osk.exe", "StartTime": "2019-03-19 20:48:33.409539 UTC", "FixId": "8A23A24A-9A8D-44B6-A6D4-556C53A289B5", "FixName": "CorrectFilePaths", "Flags": "0x10205"}
{"Timestamp": "2019-03-19 17:06:22.938129Z", "Channel": "Microsoft-Windows-Application-Experience/Program-Telemetry", "Provider": "Microsoft-Windows-Application-Experience", "Hostname": "PC01.example.corp", "SID": "S-1-5-21-1587066498-1489273250-1035260531-1106", "EventID": 500, "RecordID": 21, "Level": "Information", "Descr": "Compatibility fix applied to <ProcessPath>.  Fix information: <FixName>, <FixId>, <Flags>", "ProcessId": "3936", "ProcessPath": "C:\\Windows\\System32\\osk.exe", "StartTime": "2019-03-19 17:06:22.908086 UTC", "FixId": "8A23A24A-9A8D-44B6-A6D4-556C53A289B5", "FixName": "CorrectFilePaths", "Flags": "0x10205"}
{"Timestamp": "2019-08-05 09:25:03.867961Z", "Channel": "Security", "Provider": "Microsoft-Windows-Security-Auditing", "Hostname": "MSEDGEWIN10", "SID": "S-1-5-21-3461203602-4096304019-2269080069-1000", "EventID": 4799, "RecordID": 10091, "Level": "0", "Descr": "A security-enabled local group membership was enumerated", "TargetUsername": "Administrators", "TargetDomain": "Builtin", "TargetSID": "S-1-5-32-544", "Username": "IEUser", "Domain": "MSEDGEWIN10", "LogonId": "0x2e47a", "ProcessId": "0x5c0", "ProcessPath": "C:\\Windows\\System32\\net1.exe"}
{"Timestamp": "2019-08-05 09:24:56.774257Z", "Channel": "Security", "Provider": "Microsoft-Windows-Security-Auditing", "Hostname": "MSEDGEWIN10", "SID": "S-1-5-21-3461203602-4096304019-2269080069-1000", "EventID": 4798, "RecordID": 10090, "Level": "0", "Descr": "A user's local group membership was enumerated", "TargetUsername": "Administrator", "TargetDomain": "MSEDGEWIN10", "TargetSID": "S-1-5-21-3461203602-4096304019-2269080069-500", "Username": "IEUser", "Domain": "MSEDGEWIN10", "LogonId": "0x2e47a", "ProcessId": "0x10b4", "ProcessPath": "C:\\Windows\\System32\\net1.exe"}
{"Timestamp": "2019-08-05 09:24:56.740218Z", "Channel": "Security", "Provider": "Microsoft-Windows-Security-Auditing", "Hostname": "MSEDGEWIN10", "SID": "S-1-5-21-3461203602-4096304019-2269080069-1000", "EventID": 4798, "RecordID": 10089, "Level": "0", "Descr": "A user's local group membership was enumerated", "TargetUsername": "Administrator", "TargetDomain": "MSEDGEWIN10", "TargetSID": "S-1-5-21-3461203602-4096304019-2269080069-500", "Username": "IEUser", "Domain": "MSEDGEWIN10", "LogonId": "0x2e47a", "ProcessId": "0x10b4", "ProcessPath": "C:\\Windows\\System32\\net1.exe"}
{"Timestamp": "2020-09-15 19:31:34.954809Z", "Channel": "Security", "Provider": "Microsoft-Windows-Security-Auditing", "Hostname": "01566s-win16-ir.threebeesco.com", "SID": "S-1-0-0", "EventID": 4624, "RecordID": 768628, "Level": "0", "Descr": "An account was successfully logged on", "Username": "-", "Domain": "-", "LogonId": "0x0", "TargetSID": "S-1-5-18", "TargetUsername": "01566S-WIN16-IR$", "TargetDomain": "THREEBEESCO.COM", "TargetLogonId": "0x32a0d3", "LogonType+": "3", "LogonType": "3", "LogonProcess": "Kerberos", "AuthenticationPackage": "Kerberos", "WorkstationName": "-", "LogonGUID": "6747BCF0-DBAA-F21C-878B-EB339B03FA80", "TransmittedServices": "-", "KeyLength": "0", "ProcessId": "0x0", "ProcessPath": "-", "IP": "::1", "Port": "50441", "RestrictedAdminMode": "-", "TargetOutboundUsername": "-", "TargetOutboundDomain": "-", "ElevatedToken": "Yes"}
{"Timestamp": "2020-09-15 19:31:32.206739Z", "Channel": "Security", "Provider": "Microsoft-Windows-Security-Auditing", "Hostname": "01566s-win16-ir.threebeesco.com", "SID": "S-1-0-0", "EventID": 4624, "RecordID": 768627, "Level": "0", "Descr": "An account was successfully logged on", "Username": "-", "Domain": "-", "LogonId": "0x0", "TargetSID": "S-1-5-18", "TargetUsername": "01566S-WIN16-IR$", "TargetDomain": "THREEBEESCO.COM", "TargetLogonId": "0x329baa", "LogonType+": "3", "LogonType": "3", "LogonProcess": "Kerberos", "AuthenticationPackage": "Kerberos", "WorkstationName": "-", "LogonGUID": "1EC715BD-2DAC-8C05-8940-40F79E2D2D52", "TransmittedServices": "-", "KeyLength": "0", "ProcessId": "0x0", "ProcessPath": "-", "IP": "::1", "Port": "50443", "RestrictedAdminMode": "-", "TargetOutboundUsername": "-", "TargetOutboundDomain": "-", "ElevatedToken": "Yes"}
{"Timestamp": "2020-09-15 19:31:04.688967Z", "Channel": "Security", "Provider": "Microsoft-Windows-Security-Auditing", "Hostname": "-", "SID": "S-1-5-7", "EventID": 4742, "RecordID": 768623, "Level": "0", "Descr": "A computer account was changed", "ComputerAccountChange": "-", "TargetUsername": "01566S-WIN16-IR$", "TargetDomain": "3B", "TargetSID": "S-1-5-21-308926384-506822093-3341789130-35103", "Username": "ANONYMOUS LOGON", "Domain": "NT AUTHORITY", "LogonId": "0x3e6", "PrivilegeList": "-", "SamAccountName": "-", "DisplayName": "-", "UserPrincipalName": "-", "HomeDirectory": "-", "HomePath": "-", "ScriptPath": "-", "ProfilePath": "-", "UserWorkstations": "-", "PasswordLastSet": "9/15/2020 12:31:04 PM", "AccountExpires": "-", "PrimaryGroupId": "-", "AllowedToDelegateTo": "-", "OldUacFlags+": "-", "OldUacFlags": "-", "NewUacFlags+": "-", "NewUacFlags": "-", "UserAccountControl": "-", "UserParameters": "-", "SIDHistory": "-", "LogonHours": "-", "SPNs": "-"}
{"Timestamp": "2020-09-15 19:30:32.190369Z", "Channel": "Security", "Provider": "Microsoft-Windows-Security-Auditing", "Hostname": "01566s-win16-ir.threebeesco.com", "SID": "S-1-0-0", "EventID": 4624, "RecordID": 768622, "Level": "0", "Descr": "An account was successfully logged on", "Username": "-", "Domain": "-", "LogonId": "0x0", "TargetSID": "S-1-5-18", "TargetUsername": "01566S-WIN16-IR$", "TargetDomain": "THREEBEESCO.COM", "TargetLogonId": "0x320935", "LogonType+": "3", "LogonType": "3", "LogonProcess": "Kerberos", "AuthenticationPackage": "Kerberos", "WorkstationName": "-", "LogonGUID": "1EC715BD-2DAC-8C05-8940-40F79E2D2D52", "TransmittedServices": "-", "KeyLength": "0", "ProcessId": "0x0", "ProcessPath": "-", "IP": "::1", "Port": "50438", "RestrictedAdminMode": "-", "TargetOutboundUsername": "-", "TargetOutboundDomain": "-", "ElevatedToken": "Yes"}
{"Timestamp": "2020-09-15 19:29:51.517594Z", "Channel": "Security", "Provider": "Microsoft-Windows-Security-Auditing", "Hostname": "01566s-win16-ir.threebeesco.com", "SID": "S-1-0-0", "EventID": 4624, "RecordID": 768621, "Level": "0", "Descr": "An account was successfully logged on", "Username": "-", "Domain": "-", "LogonId": "0x0", "TargetSID": "S-1-5-7", "TargetUsername": "ANONYMOUS LOGON", "TargetDomain": "NT AUTHORITY", "TargetLogonId": "0x31ff89", "LogonType+": "3", "LogonType": "3", "LogonProcess": "NtLmSsp ", "AuthenticationPackage": "NTLM", "WorkstationName": "02694W-WIN10", "LogonGUID": "00000000-0000-0000-0000-000000000000", "TransmittedServices": "-", "KeyLength": "128", "ProcessId": "0x0", "ProcessPath": "-", "IP": "172.16.66.37", "Port": "49707", "RestrictedAdminMode": "-", "TargetOutboundUsername": "-", "TargetOutboundDomain": "-", "ElevatedToken": "No"}
{"Timestamp": "2020-09-15 19:29:51.507713Z", "Channel": "Security", "Provider": "Microsoft-Windows-Security-Auditing", "Hostname": "01566s-win16-ir.threebeesco.com", "SID": "S-1-0-0", "EventID": 4624, "RecordID": 768620, "Level": "0", "Descr": "An account was successfully logged on", "Username": "-", "Domain": "-", "LogonId": "0x0", "TargetSID": "S-1-5-7", "TargetUsername": "ANONYMOUS LOGON", "TargetDomain": "NT AUTHORITY", "TargetLogonId": "0x31ff6e", "LogonType+": "3", "LogonType": "3", "LogonProcess": "NtLmSsp ", "AuthenticationPackage": "NTLM", "WorkstationName": "02694W-WIN10", "LogonGUID": "00000000-0000-0000-0000-000000000000", "TransmittedServices": "-", "KeyLength": "128", "ProcessId": "0x0", "ProcessPath": "-", "IP": "172.16.66.37", "Port": "49707", "RestrictedAdminMode": "-", "TargetOutboundUsername": "-", "TargetOutboundDomain": "-", "ElevatedToken": "No"}
{"Timestamp": "2020-09-15 19:29:32.174941Z", "Channel": "Security", "Provider": "Microsoft-Windows-Security-Auditing", "Hostname": "01566s-win16-ir.threebeesco.com", "SID": "S-1-0-0", "EventID": 4624, "RecordID": 768619, "Level": "0", "Descr": "An account was successfully logged on", "Username": "-", "Domain": "-", "LogonId": "0x0", "TargetSID": "S-1-5-18", "TargetUsername": "01566S-WIN16-IR$", "TargetDomain": "THREEBEESCO.COM", "TargetLogonId": "0x31fb1a", "LogonType+": "3", "LogonType": "3", "LogonProcess": "Kerberos", "AuthenticationPackage": "Kerberos", "WorkstationName": "-", "LogonGUID": "1EC715BD-2DAC-8C05-8940-40F79E2D2D52", "TransmittedServices": "-", "KeyLength": "0", "ProcessId": "0x0", "ProcessPath": "-", "IP": "::1", "Port": "50437", "RestrictedAdminMode": "-", "TargetOutboundUsername": "-", "TargetOutboundDomain": "-", "ElevatedToken": "Yes"}
{"Timestamp": "2020-09-15 19:28:32.159991Z", "Channel": "Security", "Provider": "Microsoft-Windows-Security-Auditing", "Hostname": "01566s-win16-ir.threebeesco.com", "SID": "S-1-0-0", "EventID": 4624, "RecordID": 768618, "Level": "0", "Descr": "An account was successfully logged on", "Username": "-", "Domain": "-", "LogonId": "0x0", "TargetSID": "S-1-5-18", "TargetUsername": "01566S-WIN16-IR$", "TargetDomain": "THREEBEESCO.COM", "TargetLogonId": "0x31daf6", "LogonType+": "3", "LogonType": "3", "LogonProcess": "Kerberos", "AuthenticationPackage": "Kerberos", "WorkstationName": "-", "LogonGUID": "1EC715BD-2DAC-8C05-8940-40F79E2D2D52", "TransmittedServices": "-", "KeyLength": "0", "ProcessId": "0x0", "ProcessPath": "-", "IP": "::1", "Port": "50436", "RestrictedAdminMode": "-", "TargetOutboundUsername": "-", "TargetOutboundDomain": "-", "ElevatedToken": "Yes"}
{"Timestamp": "2020-09-15 19:28:17.594374Z", "Channel": "Security", "Provider": "Microsoft-Windows-Eventlog", "Hostname": "01566s-win16-ir.threebeesco.com", "SID": "S-1-5-21-308926384-506822093-3341789130-1106", "EventID": 1102, "RecordID": 768617, "Level": "Information", "Descr": "The audit log was cleared", "Username": "a-jbrown", "Domain": "3B", "LogonId": "0x4c331"}
{"Timestamp": "2019-07-18 20:53:31.952568Z", "Channel": "Microsoft-Windows-Windows Defender/Operational", "Provider": "Microsoft-Windows-Windows Defender", "Hostname": "MSEDGEWIN10", "SID": "S-1-5-18", "EventID": 1117, "RecordID": 106, "Level": "Information", "Descr": "<ProductName> has taken action to protect this machine from malware or other potentially unwanted software", "ProductName": "Windows Defender Antivirus", "ProductVersion": "4.18.1906.3", "DetectionId": "{8791B1FB-0FE7-412E-B084-524CB5A221F3}", "DetectionTime": "2019-07-18T20:40:13.775Z", "Threat": "Trojan:XML/Exeselrun.gen!A", "Severity": "Severe", "Category": "Trojan", "Link": "https://go.microsoft.com/fwlink/?linkid=37020&name=Trojan:XML/Exeselrun.gen!A&threatid=2147735426&enterprise=0", "Status": null, "Source": "%%818", "ProcessPath": "C:\\Windows\\System32\\WindowsPowerShell\\v1.0\\powershell.exe", "DetectionUser": "MSEDGEWIN10\\IEUser", "Path": "file:_C:\\AtomicRedTeam\\atomic-red-team-master\\atomics\\T1086\\payloads\\test.xsl", "Origin": "%%845", "Execution": "%%813", "Type": "%%823", "Action": "%%811", "ErrorCode": "0x80508023", "Error": "The program could not find the malware and other potentially unwanted software on this device. ", "PostCleanStatus": "0", "AdditionalActions": "No additional actions required", "RemediationUser": "NT AUTHORITY\\SYSTEM", "SignatureVersion": "AV: 1.297.1333.0, AS: 1.297.1333.0, NIS: 0.0.0.0", "EngineVersion": "AM: 1.1.16100.4, NIS: 0.0.0.0"}
{"Timestamp": "2019-07-18 20:53:31.905406Z", "Channel": "Microsoft-Windows-Windows Defender/Operational", "Provider": "Microsoft-Windows-Windows Defender", "Hostname": "MSEDGEWIN10", "SID": "S-1-5-18", "EventID": 1117, "RecordID": 105, "Level": "Information", "Descr": "<ProductName> has taken action to protect this machine from malware or other potentially unwanted software", "ProductName": "Windows Defender Antivirus", "ProductVersion": "4.18.1906.3", "DetectionId": "{37522D93-EBDD-4A5B-93B6-E984C9E3FD38}", "DetectionTime": "2019-07-18T20:40:16.697Z", "Threat": "HackTool:JS/Jsprat", "Severity": "High", "Category": "Tool", "Link": "https://go.microsoft.com/fwlink/?linkid=37020&name=HackTool:JS/Jsprat&threatid=2147708292&enterprise=0", "Status": null, "Source": "%%818", "ProcessPath": "C:\\Windows\\System32\\WindowsPowerShell\\v1.0\\powershell.exe", "DetectionUser": "MSEDGEWIN10\\IEUser", "Path": "containerfile:_C:\\AtomicRedTeam\\atomic-red-team-master\\atomics\\T1100\\shells\\b.jsp; file:_C:\\AtomicRedTeam\\atomic-red-team-master\\atomics\\T1100\\shells\\b.jsp->(SCRIPT0005); file:_C:\\AtomicRedTeam\\atomic-red-team-master\\atomics\\T1100\\shells\\b.jsp->(SCRIPT0037); file:_C:\\AtomicRedTeam\\atomic-red-team-master\\atomics\\T1100\\shells\\b.jsp->(SCRIPT0045); file:_C:\\AtomicRedTeam\\atomic-red-team-master\\atomics\\T1100\\shells\\b.jsp->(SCRIPT0065); file:_C:\\AtomicRedTeam\\atomic-red-team-master\\atomics\\T1100\\shells\\b.jsp->(SCRIPT0068)", "Origin": "%%845", "Execution": "%%813", "Type": "%%862", "Action": "%%809", "ErrorCode": "0x00000000", "Error": "The operation completed successfully. ", "PostCleanStatus": "0", "AdditionalActions": "No additional actions required", "RemediationUser": "NT AUTHORITY\\SYSTEM", "SignatureVersion": "AV: 1.297.1333.0, AS: 1.297.1333.0, NIS: 0.0.0.0", "EngineVersion": "AM: 1.1.16100.4, NIS: 0.0.0.0"}
{"Timestamp": "2019-07-18 20:53:31.902610Z", "Channel": "Microsoft-Windows-Windows Defender/Operational", "Provider": "Microsoft-Windows-Windows Defender", "Hostname": "MSEDGEWIN10", "SID": "S-1-5-18", "EventID": 1117, "RecordID": 104, "Level": "Information", "Descr": "<ProductName> has taken action to protect this machine from malware or other potentially unwanted software", "ProductName": "Windows Defender Antivirus", "ProductVersion": "4.18.1906.3", "DetectionId": "{F6272F78-9FD1-47D2-B206-89E0F0DCBDB9}", "DetectionTime": "2019-07-18T20:41:40.357Z", "Threat": "Trojan:Win32/Sehyioa.A!cl", "Severity": "Severe", "Category": "Trojan", "Link": "https://go.microsoft.com/fwlink/?linkid=37020&name=Trojan:Win32/Sehyioa.A!cl&threatid=2147726426&enterprise=0", "Status": null, "Source": "%%818", "ProcessPath": "C:\\Windows\\System32\\WindowsPowerShell\\v1.0\\powershell.exe", "DetectionUser": "MSEDGEWIN10\\IEUser", "Path": "file:_C:\\AtomicRedTeam\\atomic-red-team-master\\atomics\\T1218\\src\\Win32\\T1218-2.dll", "Origin": "%%845", "Execution": "%%813", "Type": "%%862", "Action": "%%809", "ErrorCode": "0x00000000", "Error": "The operation completed successfully. ", "PostCleanStatus": "0", "AdditionalActions": "No additional actions required", "RemediationUser": "NT AUTHORITY\\SYSTEM", "SignatureVersion": "AV: 1.297.1333.0, AS: 1.297.1333.0, NIS: 0.0.0.0", "EngineVersion": "AM: 1.1.16100.4, NIS: 0.0.0.0"}
{"Timestamp": "2019-07-18 20:53:31.900809Z", "Channel": "Microsoft-Windows-Windows Defender/Operational", "Provider": "Microsoft-Windows-Windows Defender", "Hostname": "MSEDGEWIN10", "SID": "S-1-5-18", "EventID": 1117, "RecordID": 103, "Level": "Information", "Descr": "<ProductName> has taken action to protect this machine from malware or other potentially unwanted software", "ProductName": "Windows Defender Antivirus", "ProductVersion": "4.18.1906.3", "DetectionId": "{CEF4D8DA-15D6-4667-8E4C-12D19AB4EFED}", "DetectionTime": "2019-07-18T20:40:18.385Z", "Threat": "Backdoor:ASP/Ace.T", "Severity": "Severe", "Category": "Backdoor", "Link": "https://go.microsoft.com/fwlink/?linkid=37020&name=Backdoor:ASP/Ace.T&threatid=2147683177&enterprise=0", "Status": null, "Source": "%%818", "ProcessPath": "C:\\Windows\\System32\\WindowsPowerShell\\v1.0\\powershell.exe", "DetectionUser": "MSEDGEWIN10\\IEUser", "Path": "file:_C:\\AtomicRedTeam\\atomic-red-team-master\\atomics\\T1100\\shells\\cmd.aspx", "Origin": "%%845", "Execution": "%%813", "Type": "%%822", "Action": "%%809", "ErrorCode": "0x00000000", "Error": "The operation completed successfully. ", "PostCleanStatus": "0", "AdditionalActions": "No additional actions required", "RemediationUser": "NT AUTHORITY\\SYSTEM", "SignatureVersion": "AV: 1.297.1333.0, AS: 1.297.1333.0, NIS: 0.0.0.0", "EngineVersion": "AM: 1.1.16100.4, NIS: 0.0.0.0"}
{"Timestamp": "2019-07-18 20:51:50.798994Z", "Channel": "Microsoft-Windows-Windows Defender/Operational", "Provider": "Microsoft-Windows-Windows Defender", "Hostname": "MSEDGEWIN10", "SID": "S-1-5-18", "EventID": 1116, "RecordID": 102, "Level": "Warning", "Descr": "<ProductName> has detected malware or other potentially unwanted software", "ProductName": "Windows Defender Antivirus", "ProductVersion": "4.18.1906.3", "DetectionId": "{37522D93-EBDD-4A5B-93B6-E984C9E3FD38}", "DetectionTime": "2019-07-18T20:40:16.697Z", "Threat": "HackTool:JS/Jsprat", "Severity": "High", "Category": "Tool", "Link": "https://go.microsoft.com/fwlink/?linkid=37020&name=HackTool:JS/Jsprat&threatid=2147708292&enterprise=0", "Status": null, "Source": "%%818", "ProcessPath": "C:\\Windows\\System32\\WindowsPowerShell\\v1.0\\powershell.exe", "DetectionUser": "MSEDGEWIN10\\IEUser", "Path": "containerfile:_C:\\AtomicRedTeam\\atomic-red-team-master\\atomics\\T1100\\shells\\b.jsp; file:_C:\\AtomicRedTeam\\atomic-red-team-master\\atomics\\T1100\\shells\\b.jsp->(SCRIPT0005); file:_C:\\AtomicRedTeam\\atomic-red-team-master\\atomics\\T1100\\shells\\b.jsp->(SCRIPT0037); file:_C:\\AtomicRedTeam\\atomic-red-team-master\\atomics\\T1100\\shells\\b.jsp->(SCRIPT0045); file:_C:\\AtomicRedTeam\\atomic-red-team-master\\atomics\\T1100\\shells\\b.jsp->(SCRIPT0065); file:_C:\\AtomicRedTeam\\atomic-red-team-master\\atomics\\T1100\\shells\\b.jsp->(SCRIPT0068)", "Origin": "%%845", "Execution": "%%813", "Type": "%%862", "Action": "%%887", "ErrorCode": "0x00000000", "Error": "The operation completed successfully. ", "PostCleanStatus": "0", "AdditionalActions": "No additional actions required", "RemediationUser": null, "SignatureVersion": "AV: 1.297.1333.0, AS: 1.297.1333.0, NIS: 0.0.0.0", "EngineVersion": "AM: 1.1.16100.4, NIS: 0.0.0.0"}
{"Timestamp": "2019-07-18 20:51:50.275470Z", "Channel": "Microsoft-Windows-Windows Defender/Operational", "Provider": "Microsoft-Windows-Windows Defender", "Hostname": "MSEDGEWIN10", "SID": "S-1-5-18", "EventID": 1117, "RecordID": 101, "Level": "Information", "Descr": "<ProductName> has taken action to protect this machine from malware or other potentially unwanted software", "ProductName": "Windows Defender Antivirus", "ProductVersion": "4.18.1906.3", "DetectionId": "{511224D4-1EB4-47B9-BC4A-37E21F923FED}", "DetectionTime": "2019-07-18T20:40:00.580Z", "Threat": "Trojan:PowerShell/Powersploit.M", "Severity": "Severe", "Category": "Trojan", "Link": "https://go.microsoft.com/fwlink/?linkid=37020&name=Trojan:PowerShell/Powersploit.M&threatid=2147725349&enterprise=0", "Status": null, "Source": "%%818", "ProcessPath": "C:\\Windows\\System32\\WindowsPowerShell\\v1.0\\powershell.exe", "DetectionUser": "MSEDGEWIN10\\IEUser", "Path": "file:_C:\\AtomicRedTeam\\atomic-red-team-master\\atomics\\T1056\\Get-Keystrokes.ps1", "Origin": "%%845", "Execution": "%%813", "Type": "%%822", "Action": "%%809", "ErrorCode": "0x80508023", "Error": "The program could not find the malware and other potentially unwanted software on this device. ", "PostCleanStatus": "0", "AdditionalActions": "No additional actions required", "RemediationUser": "NT AUTHORITY\\SYSTEM", "SignatureVersion": "AV: 1.297.1333.0, AS: 1.297.1333.0, NIS: 0.0.0.0", "EngineVersion": "AM: 1.1.16100.4, NIS: 0.0.0.0"}
{"Timestamp": "2019-07-18 20:41:48.236136Z", "Channel": "Microsoft-Windows-Windows Defender/Operational", "Provider": "Microsoft-Windows-Windows Defender", "Hostname": "MSEDGEWIN10", "SID": "S-1-5-18", "EventID": 1116, "RecordID": 95, "Level": "Warning", "Descr": "<ProductName> has detected malware or other potentially unwanted software", "ProductName": "Windows Defender Antivirus", "ProductVersion": "4.18.1906.3", "DetectionId": "{F6272F78-9FD1-47D2-B206-89E0F0DCBDB9}", "DetectionTime": "2019-07-18T20:41:40.357Z", "Threat": "Trojan:Win32/Sehyioa.A!cl", "Severity": "Severe", "Category": "Trojan", "Link": "https://go.microsoft.com/fwlink/?linkid=37020&name=Trojan:Win32/Sehyioa.A!cl&threatid=2147726426&enterprise=0", "Status": null, "Source": "%%818", "ProcessPath": "C:\\Windows\\System32\\WindowsPowerShell\\v1.0\\powershell.exe", "DetectionUser": "MSEDGEWIN10\\IEUser", "Path": "file:_C:\\AtomicRedTeam\\atomic-red-team-master\\atomics\\T1218\\src\\Win32\\T1218-2.dll", "Origin": "%%845", "Execution": "%%813", "Type": "%%862", "Action": "%%887", "ErrorCode": "0x00000000", "Error": "The operation completed successfully. ", "PostCleanStatus": "0", "AdditionalActions": "No additional actions required", "RemediationUser": null, "SignatureVersion": "AV: 1.297.1333.0, AS: 1.297.1333.0, NIS: 0.0.0.0", "EngineVersion": "AM: 1.1.16100.4, NIS: 0.0.0.0"}
{"Timestamp": "2019-07-18 20:41:17.508276Z", "Channel": "Microsoft-Windows-Windows Defender/Operational", "Provider": "Microsoft-Windows-Windows Defender", "Hostname": "MSEDGEWIN10", "SID": "S-1-5-18", "EventID": 1116, "RecordID": 76, "Level": "Warning", "Descr": "<ProductName> has detected malware or other potentially unwanted software", "ProductName": "Windows Defender Antivirus", "ProductVersion": "4.18.1906.3", "DetectionId": "{CEF4D8DA-15D6-4667-8E4C-12D19AB4EFED}", "DetectionTime": "2019-07-18T20:40:18.385Z", "Threat": "Backdoor:ASP/Ace.T", "Severity": "Severe", "Category": "Backdoor", "Link": "https://go.microsoft.com/fwlink/?linkid=37020&name=Backdoor:ASP/Ace.T&threatid=2147683177&enterprise=0", "Status": null, "Source": "%%818", "ProcessPath": "C:\\Windows\\System32\\WindowsPowerShell\\v1.0\\powershell.exe", "DetectionUser": "MSEDGEWIN10\\IEUser", "Path": "file:_C:\\AtomicRedTeam\\atomic-red-team-master\\atomics\\T1100\\shells\\cmd.aspx", "Origin": "%%845", "Execution": "%%813", "Type": "%%822", "Action": "%%887", "ErrorCode": "0x00000000", "Error": "The operation completed successfully. ", "PostCleanStatus": "0", "AdditionalActions": "No additional actions required", "RemediationUser": null, "SignatureVersion": "AV: 1.297.1333.0, AS: 1.297.1333.0, NIS: 1.297.1333.0", "EngineVersion": "AM: 1.1.16100.4, NIS: 1.1.16100.4"}
