{"Timestamp": "2020-11-05 15:25:29.393712Z", "Channel": "Microsoft-Windows-Bits-Client/Operational", "Provider": "Microsoft-Windows-Bits-Client", "Hostname": "MSEDGEWIN10", "SID": "S-1-5-18", "EventID": 4, "RecordID": 8585, "Level": "Information", "Descr": "The transfer job is complete", "Username": "MSEDGEWIN10\\IEUser", "JobTitle": "Push Notification Platform Job: 1", "JobId": "15F34F42-595F-4235-B526-6872CD834FD0", "JobOwner": "MSEDGEWIN10\\IEUser", "FileCount": "1"}
{"Timestamp": "2020-11-05 15:25:29.382938Z", "Channel": "Microsoft-Windows-Bits-Client/Operational", "Provider": "Microsoft-Windows-Bits-Client", "Hostname": "MSEDGEWIN10", "SID": "S-1-5-18", "EventID": 60, "RecordID": 8584, "Level": "Information", "Descr": "BITS stopped transferring the <Name> transfer job that is associated with the <URL>", "TransferId": "F3E859E9-591E-4997-8E8F-C724D91FC502", "Name": "Push Notification Platform Job: 1", "JobId": "15F34F42-595F-4235-B526-6872CD834FD0", "URL": "https://img-s-msn-com.akamaized.net/tenant/amp/entityid/BB1aIYx8.img?w=100&h=100&m=6&tilesize=medium&ms-scale=100&ms-contrast=standard", "Peer": null, "FileTime": "2020-11-05 14:47:20 UTC", "FileSize": "3121", "BytesTotal": "3121", "BytesTransferred": "3121", "BytesTransferredFromPeer": "0"}
{"Timestamp": "2020-11-05 15:25:28.955803Z", "Channel": "Microsoft-Windows-Bits-Client/Operational", "Provider": "Microsoft-Windows-Bits-Client", "Hostname": "MSEDGEWIN10", "SID": "S-1-5-18", "EventID": 59, "RecordID": 8583, "Level": "Information", "Descr": "BITS started the <Name> transfer job that is associated with the <URL>", "TransferId": "F3E859E9-591E-4997-8E8F-C724D91FC502", "Name": "Push Notification Platform Job: 1", "JobId": "15F34F42-595F-4235-B526-6872CD834FD0", "URL": "https://img-s-msn-com.akamaized.net/tenant/amp/entityid/BB1aIYx8.img?w=100&h=100&m=6&tilesize=medium&ms-scale=100&ms-contrast=standard", "Peer": null, "FileTime": "1601-01-01 00:00:00 UTC", "FileSize": "18446744073709551615"}
{"Timestamp": "2020-11-05 15:25:28.283806Z", "Channel": "Microsoft-Windows-Bits-Client/Operational", "Provider": "Microsoft-Windows-Bits-Client", "Hostname": "MSEDGEWIN10", "SID": "S-1-5-18", "EventID": 3, "RecordID": 8581, "Level": "Information", "Descr": "The BITS service created a new job", "JobTitle": "Push Notification Platform Job: 1", "JobId": "15F34F42-595F-4235-B526-6872CD834FD0", "JobOwner": "MSEDGEWIN10\\IEUser", "ProcessPath": "C:\\Windows\\System32\\svchost.exe", "ProcessId": "3480"}
{"Timestamp": "2020-11-05 12:33:21.917674Z", "Channel": "Microsoft-Windows-Bits-Client/Operational", "Provider": "Microsoft-Windows-Bits-Client", "Hostname": "MSEDGEWIN10", "SID": "S-1-5-18", "EventID": 4, "RecordID": 8578, "Level": "Information", "Descr": "The transfer job is complete", "Username": "MSEDGEWIN10\\IEUser", "JobTitle": "Push Notification Platform Job: 1", "JobId": "D0E6739A-254E-492B-8D9B-D3E4FC58C698", "JobOwner": "MSEDGEWIN10\\IEUser", "FileCount": "1"}
{"Timestamp": "2020-11-05 12:33:21.913821Z", "Channel": "Microsoft-Windows-Bits-Client/Operational", "Provider": "Microsoft-Windows-Bits-Client", "Hostname": "MSEDGEWIN10", "SID": "S-1-5-18", "EventID": 60, "RecordID": 8577, "Level": "Information", "Descr": "BITS stopped transferring the <Name> transfer job that is associated with the <URL>", "TransferId": "57955D44-0031-4D23-B679-E1CDC9D9DF05", "Name": "Push Notification Platform Job: 1", "JobId": "D0E6739A-254E-492B-8D9B-D3E4FC58C698", "URL": "https://img-s-msn-com.akamaized.net/tenant/amp/entityid/BB1aFbhf.img?w=100&h=100&m=6&tilesize=medium&x=2920&y=321&ms-scale=100&ms-contrast=standard", "Peer": null, "FileTime": "2020-11-05 12:18:31 UTC", "FileSize": "6650", "BytesTotal": "6650", "BytesTransferred": "6650", "BytesTransferredFromPeer": "0"}
{"Timestamp": "2020-11-05 12:33:21.719627Z", "Channel": "Microsoft-Windows-Bits-Client/Operational", "Provider": "Microsoft-Windows-Bits-Client", "Hostname": "MSEDGEWIN10", "SID": "S-1-5-18", "EventID": 59, "RecordID": 8576, "Level": "Information", "Descr": "BITS started the <Name> transfer job that is associated with the <URL>", "TransferId": "57955D44-0031-4D23-B679-E1CDC9D9DF05", "Name": "Push Notification Platform Job: 1", "JobId": "D0E6739A-254E-492B-8D9B-D3E4FC58C698", "URL": "https://img-s-msn-com.akamaized.net/tenant/amp/entityid/BB1aFbhf.img?w=100&h=100&m=6&tilesize=medium&x=2920&y=321&ms-scale=100&ms-contrast=standard", "Peer": null, "FileTime": "1601-01-01 00:00:00 UTC", "FileSize": "18446744073709551615"}
{"Timestamp": "2020-11-05 12:33:21.699830Z", "Channel": "Microsoft-Windows-Bits-Client/Operational", "Provider": "Microsoft-Windows-Bits-Client", "Hostname": "MSEDGEWIN10", "SID": "S-1-5-18", "EventID": 3, "RecordID": 8574, "Level": "Information", "Descr": "The BITS service created a new job", "JobTitle": "Push Notification Platform Job: 1", "JobId": "D0E6739A-254E-492B-8D9B-D3E4FC58C698", "JobOwner": "MSEDGEWIN10\\IEUser", "ProcessPath": "C:\\Windows\\System32\\svchost.exe", "ProcessId": "5496"}
{"Timestamp": "2020-11-05 12:31:13.041496Z", "Channel": "Microsoft-Windows-Bits-Client/Operational", "Provider": "Microsoft-Windows-Bits-Client", "Hostname": "MSEDGEWIN10", "SID": "S-1-5-18", "EventID": 4, "RecordID": 8572, "Level": "Information", "Descr": "The transfer job is complete", "Username": "MSEDGEWIN10\\IEUser", "JobTitle": "UpdateDescriptionXml", "JobId": "BB2D800B-021B-46CD-B655-8B26E4FA788E", "JobOwner": "MSEDGEWIN10\\IEUser", "FileCount": "1"}
{"Timestamp": "2020-11-05 12:31:13.039369Z", "Channel": "Microsoft-Windows-Bits-Client/Operational", "Provider": "Microsoft-Windows-Bits-Client", "Hostname": "MSEDGEWIN10", "SID": "S-1-5-18", "EventID": 60, "RecordID": 8571, "Level": "Information", "Descr": "BITS stopped transferring the <Name> transfer job that is associated with the <URL>", "TransferId": "F3B64B4C-907A-44E0-AB57-77356BAC7A6A", "Name": "UpdateDescriptionXml", "JobId": "BB2D800B-021B-46CD-B655-8B26E4FA788E", "URL": "https://g.live.com/1rewlive5skydrive/ODSUProduction", "Peer": null, "FileTime": "2020-10-26 21:00:55 UTC", "FileSize": "526", "BytesTotal": "526", "BytesTransferred": "526", "BytesTransferredFromPeer": "0"}
{"Timestamp": "2020-11-05 12:31:12.941452Z", "Channel": "Microsoft-Windows-Bits-Client/Operational", "Provider": "Microsoft-Windows-Bits-Client", "Hostname": "MSEDGEWIN10", "SID": "S-1-5-18", "EventID": 59, "RecordID": 8570, "Level": "Information", "Descr": "BITS started the <Name> transfer job that is associated with the <URL>", "TransferId": "F3B64B4C-907A-44E0-AB57-77356BAC7A6A", "Name": "UpdateDescriptionXml", "JobId": "BB2D800B-021B-46CD-B655-8B26E4FA788E", "URL": "https://g.live.com/1rewlive5skydrive/ODSUProduction", "Peer": null, "FileTime": "2020-10-26 21:00:55 UTC", "FileSize": "526"}
{"Timestamp": "2020-11-05 12:31:12.854157Z", "Channel": "Microsoft-Windows-Bits-Client/Operational", "Provider": "Microsoft-Windows-Bits-Client", "Hostname": "MSEDGEWIN10", "SID": "S-1-5-18", "EventID": 3, "RecordID": 8569, "Level": "Information", "Descr": "The BITS service created a new job", "JobTitle": "UpdateDescriptionXml", "JobId": "BB2D800B-021B-46CD-B655-8B26E4FA788E", "JobOwner": "MSEDGEWIN10\\IEUser", "ProcessPath": "C:\\Users\\IEUser\\AppData\\Local\\Microsoft\\OneDrive\\OneDriveStandaloneUpdater.exe", "ProcessId": "2384"}
{"Timestamp": "2020-11-05 12:31:12.817149Z", "Channel": "Microsoft-Windows-Bits-Client/Operational", "Provider": "Microsoft-Windows-Bits-Client", "Hostname": "MSEDGEWIN10", "SID": "S-1-5-18", "EventID": 4, "RecordID": 8568, "Level": "Information", "Descr": "The transfer job is complete", "Username": "MSEDGEWIN10\\IEUser", "JobTitle": "PreSignInSettingsConfigJSON", "JobId": "DEFA0975-FF5D-4D32-8566-300207B9934F", "JobOwner": "MSEDGEWIN10\\IEUser", "FileCount": "1"}
{"Timestamp": "2020-11-05 12:31:12.815688Z", "Channel": "Microsoft-Windows-Bits-Client/Operational", "Provider": "Microsoft-Windows-Bits-Client", "Hostname": "MSEDGEWIN10", "SID": "S-1-5-18", "EventID": 60, "RecordID": 8567, "Level": "Information", "Descr": "BITS stopped transferring the <Name> transfer job that is associated with the <URL>", "TransferId": "6BB73E6D-55AB-46DE-9685-8D7DA60FB0A2", "Name": "PreSignInSettingsConfigJSON", "JobId": "DEFA0975-FF5D-4D32-8566-300207B9934F", "URL": "https://g.live.com/odclientsettings/Prod", "Peer": null, "FileTime": "2020-11-02 21:00:37 UTC", "FileSize": "32671", "BytesTotal": "32671", "BytesTransferred": "32671", "BytesTransferredFromPeer": "0"}
{"Timestamp": "2020-11-05 12:31:12.664609Z", "Channel": "Microsoft-Windows-Bits-Client/Operational", "Provider": "Microsoft-Windows-Bits-Client", "Hostname": "MSEDGEWIN10", "SID": "S-1-5-18", "EventID": 59, "RecordID": 8566, "Level": "Information", "Descr": "BITS started the <Name> transfer job that is associated with the <URL>", "TransferId": "6BB73E6D-55AB-46DE-9685-8D7DA60FB0A2", "Name": "PreSignInSettingsConfigJSON", "JobId": "DEFA0975-FF5D-4D32-8566-300207B9934F", "URL": "https://g.live.com/odclientsettings/Prod", "Peer": null, "FileTime": "2020-11-02 21:00:37 UTC", "FileSize": "32671"}
{"Timestamp": "2020-11-05 12:31:12.230578Z", "Channel": "Microsoft-Windows-Bits-Client/Operational", "Provider": "Microsoft-Windows-Bits-Client", "Hostname": "MSEDGEWIN10", "SID": "S-1-5-18", "EventID": 3, "RecordID": 8564, "Level": "Information", "Descr": "The BITS service created a new job", "JobTitle": "PreSignInSettingsConfigJSON", "JobId": "DEFA0975-FF5D-4D32-8566-300207B9934F", "JobOwner": "MSEDGEWIN10\\IEUser", "ProcessPath": "C:\\Users\\IEUser\\AppData\\Local\\Microsoft\\OneDrive\\OneDriveStandaloneUpdater.exe", "ProcessId": "2384"}
{"Timestamp": "2020-11-05 11:19:24.799908Z", "Channel": "Microsoft-Windows-Bits-Client/Operational", "Provider": "Microsoft-Windows-Bits-Client", "Hostname": "MSEDGEWIN10", "SID": "S-1-5-20", "EventID": 5, "RecordID": 8562, "Level": "Information", "Descr": "Job cancelled", "Username": "NT AUTHORITY\\NETWORK SERVICE", "JobTitle": "SpeechModelDownloadJob", "JobId": "27002106-8E7C-4958-877D-0ED84B6FC2E8", "JobOwner": "NT AUTHORITY\\NETWORK SERVICE", "FileCount": "1"}
{"Timestamp": "2020-11-05 11:19:12.166223Z", "Channel": "Microsoft-Windows-Bits-Client/Operational", "Provider": "Microsoft-Windows-Bits-Client", "Hostname": "MSEDGEWIN10", "SID": "S-1-5-18", "EventID": 3, "RecordID": 8560, "Level": "Information", "Descr": "The BITS service created a new job", "JobTitle": "SpeechModelDownloadJob", "JobId": "27002106-8E7C-4958-877D-0ED84B6FC2E8", "JobOwner": "NT AUTHORITY\\NETWORK SERVICE", "ProcessPath": "C:\\Windows\\System32\\Speech_OneCore\\common\\SpeechModelDownload.exe", "ProcessId": "7128"}
{"Timestamp": "2020-11-05 11:03:07.006883Z", "Channel": "Microsoft-Windows-Bits-Client/Operational", "Provider": "Microsoft-Windows-Bits-Client", "Hostname": "MSEDGEWIN10", "SID": "S-1-5-18", "EventID": 4, "RecordID": 8557, "Level": "Information", "Descr": "The transfer job is complete", "Username": "MSEDGEWIN10\\IEUser", "JobTitle": "Push Notification Platform Job: 1", "JobId": "F7A2437E-D5C7-4D2D-B52A-4E9A6D04C9F2", "JobOwner": "MSEDGEWIN10\\IEUser", "FileCount": "1"}
{"Timestamp": "2020-11-05 11:03:07.004643Z", "Channel": "Microsoft-Windows-Bits-Client/Operational", "Provider": "Microsoft-Windows-Bits-Client", "Hostname": "MSEDGEWIN10", "SID": "S-1-5-18", "EventID": 60, "RecordID": 8556, "Level": "Information", "Descr": "BITS stopped transferring the <Name> transfer job that is associated with the <URL>", "TransferId": "F2E343D4-976A-4B76-84DB-85B7EBA617B3", "Name": "Push Notification Platform Job: 1", "JobId": "F7A2437E-D5C7-4D2D-B52A-4E9A6D04C9F2", "URL": "http://blob.weather.microsoft.com:80/static/mws-new/WeatherImages/210x173/29.jpg?a", "Peer": null, "FileTime": "2014-11-25 21:27:33 UTC", "FileSize": "8261", "BytesTotal": "8261", "BytesTransferred": "8261", "BytesTransferredFromPeer": "0"}
{"Timestamp": "2020-11-05 11:03:06.197701Z", "Channel": "Microsoft-Windows-Bits-Client/Operational", "Provider": "Microsoft-Windows-Bits-Client", "Hostname": "MSEDGEWIN10", "SID": "S-1-5-18", "EventID": 59, "RecordID": 8555, "Level": "Information", "Descr": "BITS started the <Name> transfer job that is associated with the <URL>", "TransferId": "F2E343D4-976A-4B76-84DB-85B7EBA617B3", "Name": "Push Notification Platform Job: 1", "JobId": "F7A2437E-D5C7-4D2D-B52A-4E9A6D04C9F2", "URL": "http://blob.weather.microsoft.com:80/static/mws-new/WeatherImages/210x173/29.jpg?a", "Peer": null, "FileTime": "1601-01-01 00:00:00 UTC", "FileSize": "18446744073709551615"}
{"Timestamp": "2020-11-05 11:03:06.190409Z", "Channel": "Microsoft-Windows-Bits-Client/Operational", "Provider": "Microsoft-Windows-Bits-Client", "Hostname": "MSEDGEWIN10", "SID": "S-1-5-18", "EventID": 3, "RecordID": 8553, "Level": "Information", "Descr": "The BITS service created a new job", "JobTitle": "Push Notification Platform Job: 1", "JobId": "F7A2437E-D5C7-4D2D-B52A-4E9A6D04C9F2", "JobOwner": "MSEDGEWIN10\\IEUser", "ProcessPath": "C:\\Windows\\System32\\svchost.exe", "ProcessId": "5492"}
{"Timestamp": "2020-11-05 11:03:06.157450Z", "Channel": "Microsoft-Windows-Bits-Client/Operational", "Provider": "Microsoft-Windows-Bits-Client", "Hostname": "MSEDGEWIN10", "SID": "S-1-5-18", "EventID": 4, "RecordID": 8552, "Level": "Information", "Descr": "The transfer job is complete", "Username": "MSEDGEWIN10\\IEUser", "JobTitle": "Push Notification Platform Job: 1", "JobId": "E0D6AD3F-1587-40E2-A0FB-039449CA948F", "JobOwner": "MSEDGEWIN10\\IEUser", "FileCount": "1"}
{"Timestamp": "2020-11-05 11:03:06.154232Z", "Channel": "Microsoft-Windows-Bits-Client/Operational", "Provider": "Microsoft-Windows-Bits-Client", "Hostname": "MSEDGEWIN10", "SID": "S-1-5-18", "EventID": 60, "RecordID": 8551, "Level": "Information", "Descr": "BITS stopped transferring the <Name> transfer job that is associated with the <URL>", "TransferId": "342A3840-F4EB-4C24-BA35-E66BC6AE01B8", "Name": "Push Notification Platform Job: 1", "JobId": "E0D6AD3F-1587-40E2-A0FB-039449CA948F", "URL": "https://site-cdn.onenote.net/161342940453_Images/LiveTileImages/MediumAndLarge/Image1.png", "Peer": null, "FileTime": "2020-10-29 19:50:00 UTC", "FileSize": "9618", "BytesTotal": "9618", "BytesTransferred": "9618", "BytesTransferredFromPeer": "0"}
{"Timestamp": "2020-11-05 11:03:05.093468Z", "Channel": "Microsoft-Windows-Bits-Client/Operational", "Provider": "Microsoft-Windows-Bits-Client", "Hostname": "MSEDGEWIN10", "SID": "S-1-5-18", "EventID": 59, "RecordID": 8550, "Level": "Information", "Descr": "BITS started the <Name> transfer job that is associated with the <URL>", "TransferId": "342A3840-F4EB-4C24-BA35-E66BC6AE01B8", "Name": "Push Notification Platform Job: 1", "JobId": "E0D6AD3F-1587-40E2-A0FB-039449CA948F", "URL": "https://site-cdn.onenote.net/161342940453_Images/LiveTileImages/MediumAndLarge/Image1.png", "Peer": null, "FileTime": "1601-01-01 00:00:00 UTC", "FileSize": "18446744073709551615"}
{"Timestamp": "2020-11-05 11:03:05.080330Z", "Channel": "Microsoft-Windows-Bits-Client/Operational", "Provider": "Microsoft-Windows-Bits-Client", "Hostname": "MSEDGEWIN10", "SID": "S-1-5-18", "EventID": 3, "RecordID": 8548, "Level": "Information", "Descr": "The BITS service created a new job", "JobTitle": "Push Notification Platform Job: 1", "JobId": "E0D6AD3F-1587-40E2-A0FB-039449CA948F", "JobOwner": "MSEDGEWIN10\\IEUser", "ProcessPath": "C:\\Windows\\System32\\svchost.exe", "ProcessId": "5492"}
{"Timestamp": "2020-11-05 11:03:05.013392Z", "Channel": "Microsoft-Windows-Bits-Client/Operational", "Provider": "Microsoft-Windows-Bits-Client", "Hostname": "MSEDGEWIN10", "SID": "S-1-5-18", "EventID": 4, "RecordID": 8547, "Level": "Information", "Descr": "The transfer job is complete", "Username": "MSEDGEWIN10\\IEUser", "JobTitle": "Push Notification Platform Job: 1", "JobId": "634C6F79-CC29-46C5-97E2-D2509C84722A", "JobOwner": "MSEDGEWIN10\\IEUser", "FileCount": "1"}
{"Timestamp": "2020-11-05 11:03:05.006017Z", "Channel": "Microsoft-Windows-Bits-Client/Operational", "Provider": "Microsoft-Windows-Bits-Client", "Hostname": "MSEDGEWIN10", "SID": "S-1-5-18", "EventID": 60, "RecordID": 8546, "Level": "Information", "Descr": "BITS stopped transferring the <Name> transfer job that is associated with the <URL>", "TransferId": "70C0243F-6853-46D8-81F0-F1F0BC439316", "Name": "Push Notification Platform Job: 1", "JobId": "634C6F79-CC29-46C5-97E2-D2509C84722A", "URL": "https://img-s-msn-com.akamaized.net/tenant/amp/entityid/BB1aHmh2.img?w=100&h=100&m=6&tilesize=medium&x=2005&y=1451&ms-scale=100&ms-contrast=standard", "Peer": null, "FileTime": "2020-11-05 01:04:16 UTC", "FileSize": "7739", "BytesTotal": "7739", "BytesTransferred": "7739", "BytesTransferredFromPeer": "0"}
{"Timestamp": "2020-11-05 11:03:04.083237Z", "Channel": "Microsoft-Windows-Bits-Client/Operational", "Provider": "Microsoft-Windows-Bits-Client", "Hostname": "MSEDGEWIN10", "SID": "S-1-5-18", "EventID": 59, "RecordID": 8545, "Level": "Information", "Descr": "BITS started the <Name> transfer job that is associated with the <URL>", "TransferId": "70C0243F-6853-46D8-81F0-F1F0BC439316", "Name": "Push Notification Platform Job: 1", "JobId": "634C6F79-CC29-46C5-97E2-D2509C84722A", "URL": "https://img-s-msn-com.akamaized.net/tenant/amp/entityid/BB1aHmh2.img?w=100&h=100&m=6&tilesize=medium&x=2005&y=1451&ms-scale=100&ms-contrast=standard", "Peer": null, "FileTime": "1601-01-01 00:00:00 UTC", "FileSize": "18446744073709551615"}
{"Timestamp": "2020-11-05 11:03:04.032370Z", "Channel": "Microsoft-Windows-Bits-Client/Operational", "Provider": "Microsoft-Windows-Bits-Client", "Hostname": "MSEDGEWIN10", "SID": "S-1-5-18", "EventID": 3, "RecordID": 8543, "Level": "Information", "Descr": "The BITS service created a new job", "JobTitle": "Push Notification Platform Job: 1", "JobId": "634C6F79-CC29-46C5-97E2-D2509C84722A", "JobOwner": "MSEDGEWIN10\\IEUser", "ProcessPath": "C:\\Windows\\System32\\svchost.exe", "ProcessId": "5492"}
{"Timestamp": "2020-11-05 10:59:51.551947Z", "Channel": "Microsoft-Windows-Bits-Client/Operational", "Provider": "Microsoft-Windows-Bits-Client", "Hostname": "MSEDGEWIN10", "SID": "S-1-5-18", "EventID": 4, "RecordID": 8542, "Level": "Information", "Descr": "The transfer job is complete", "Username": "MSEDGEWIN10\\IEUser", "JobTitle": "UpdateDescriptionXml", "JobId": "7334F09E-3C9F-4DAB-8F86-2FDDA22F4278", "JobOwner": "MSEDGEWIN10\\IEUser", "FileCount": "1"}
{"Timestamp": "2020-11-05 10:59:51.550099Z", "Channel": "Microsoft-Windows-Bits-Client/Operational", "Provider": "Microsoft-Windows-Bits-Client", "Hostname": "MSEDGEWIN10", "SID": "S-1-5-18", "EventID": 60, "RecordID": 8541, "Level": "Information", "Descr": "BITS stopped transferring the <Name> transfer job that is associated with the <URL>", "TransferId": "763CFF22-2451-4F38-A22A-10AB3BA81650", "Name": "UpdateDescriptionXml", "JobId": "7334F09E-3C9F-4DAB-8F86-2FDDA22F4278", "URL": "https://g.live.com/1rewlive5skydrive/ODSUProduction", "Peer": null, "FileTime": "2020-10-26 21:00:55 UTC", "FileSize": "526", "BytesTotal": "526", "BytesTransferred": "526", "BytesTransferredFromPeer": "0"}
{"Timestamp": "2020-11-05 10:59:51.480439Z", "Channel": "Microsoft-Windows-Bits-Client/Operational", "Provider": "Microsoft-Windows-Bits-Client", "Hostname": "MSEDGEWIN10", "SID": "S-1-5-18", "EventID": 59, "RecordID": 8540, "Level": "Information", "Descr": "BITS started the <Name> transfer job that is associated with the <URL>", "TransferId": "763CFF22-2451-4F38-A22A-10AB3BA81650", "Name": "UpdateDescriptionXml", "JobId": "7334F09E-3C9F-4DAB-8F86-2FDDA22F4278", "URL": "https://g.live.com/1rewlive5skydrive/ODSUProduction", "Peer": null, "FileTime": "2020-10-26 21:00:55 UTC", "FileSize": "526"}
{"Timestamp": "2020-11-05 10:59:51.351621Z", "Channel": "Microsoft-Windows-Bits-Client/Operational", "Provider": "Microsoft-Windows-Bits-Client", "Hostname": "MSEDGEWIN10", "SID": "S-1-5-18", "EventID": 3, "RecordID": 8539, "Level": "Information", "Descr": "The BITS service created a new job", "JobTitle": "UpdateDescriptionXml", "JobId": "7334F09E-3C9F-4DAB-8F86-2FDDA22F4278", "JobOwner": "MSEDGEWIN10\\IEUser", "ProcessPath": "C:\\Users\\IEUser\\AppData\\Local\\Microsoft\\OneDrive\\OneDriveStandaloneUpdater.exe", "ProcessId": "9576"}
{"Timestamp": "2020-11-05 10:59:31.101882Z", "Channel": "Microsoft-Windows-Bits-Client/Operational", "Provider": "Microsoft-Windows-Bits-Client", "Hostname": "MSEDGEWIN10", "SID": "S-1-5-18", "EventID": 4, "RecordID": 8538, "Level": "Information", "Descr": "The transfer job is complete", "Username": "MSEDGEWIN10\\IEUser", "JobTitle": "PreSignInSettingsConfigJSON", "JobId": "3AE97BE6-8BFB-4C4A-9C85-DF7F907B4676", "JobOwner": "MSEDGEWIN10\\IEUser", "FileCount": "1"}
{"Timestamp": "2020-11-05 10:59:26.030610Z", "Channel": "Microsoft-Windows-Bits-Client/Operational", "Provider": "Microsoft-Windows-Bits-Client", "Hostname": "MSEDGEWIN10", "SID": "S-1-5-18", "EventID": 60, "RecordID": 8537, "Level": "Information", "Descr": "BITS stopped transferring the <Name> transfer job that is associated with the <URL>", "TransferId": "FC09EBF6-CC58-4D57-BBEB-69DE950DE8B3", "Name": "PreSignInSettingsConfigJSON", "JobId": "3AE97BE6-8BFB-4C4A-9C85-DF7F907B4676", "URL": "https://g.live.com/odclientsettings/Prod", "Peer": null, "FileTime": "2020-11-02 21:00:37 UTC", "FileSize": "32671", "BytesTotal": "32671", "BytesTransferred": "32671", "BytesTransferredFromPeer": "0"}
{"Timestamp": "2020-11-05 10:59:25.802449Z", "Channel": "Microsoft-Windows-Bits-Client/Operational", "Provider": "Microsoft-Windows-Bits-Client", "Hostname": "MSEDGEWIN10", "SID": "S-1-5-18", "EventID": 59, "RecordID": 8536, "Level": "Information", "Descr": "BITS started the <Name> transfer job that is associated with the <URL>", "TransferId": "FC09EBF6-CC58-4D57-BBEB-69DE950DE8B3", "Name": "PreSignInSettingsConfigJSON", "JobId": "3AE97BE6-8BFB-4C4A-9C85-DF7F907B4676", "URL": "https://g.live.com/odclientsettings/Prod", "Peer": null, "FileTime": "2020-11-02 21:00:37 UTC", "FileSize": "32671"}
{"Timestamp": "2020-11-05 10:59:16.911510Z", "Channel": "Microsoft-Windows-Bits-Client/Operational", "Provider": "Microsoft-Windows-Bits-Client", "Hostname": "MSEDGEWIN10", "SID": "S-1-5-18", "EventID": 3, "RecordID": 8535, "Level": "Information", "Descr": "The BITS service created a new job", "JobTitle": "PreSignInSettingsConfigJSON", "JobId": "3AE97BE6-8BFB-4C4A-9C85-DF7F907B4676", "JobOwner": "MSEDGEWIN10\\IEUser", "ProcessPath": "C:\\Users\\IEUser\\AppData\\Local\\Microsoft\\OneDrive\\OneDriveStandaloneUpdater.exe", "ProcessId": "9576"}
{"Timestamp": "2020-11-05 10:58:49.020488Z", "Channel": "Microsoft-Windows-Bits-Client/Operational", "Provider": "Microsoft-Windows-Bits-Client", "Hostname": "MSEDGEWIN10", "SID": "S-1-5-18", "EventID": 3, "RecordID": 8533, "Level": "Information", "Descr": "The BITS service created a new job", "JobTitle": "MicrosoftMapsBingGeoStore", "JobId": "EB146E9B-7A83-441F-9869-FF79E9BEF069", "JobOwner": "NT AUTHORITY\\NETWORK SERVICE", "ProcessPath": "C:\\Windows\\System32\\svchost.exe", "ProcessId": "1664"}
{"Timestamp": "2020-11-05 10:56:12.617499Z", "Channel": "Microsoft-Windows-Bits-Client/Operational", "Provider": "Microsoft-Windows-Bits-Client", "Hostname": "MSEDGEWIN10", "SID": "S-1-5-18", "EventID": 4, "RecordID": 8532, "Level": "Information", "Descr": "The transfer job is complete", "Username": "MSEDGEWIN10\\IEUser", "JobTitle": "C:\\Users\\IEUser\\AppData\\Local\\Temp\\{DE1AA2CB-2733-420D-BD53-D15E1761ED0D}-86.0.4240.183_86.0.4240.111_chrome_updater.exe", "JobId": "DE4AC99A-C567-4CAA-9703-3FFEE775C75D", "JobOwner": "MSEDGEWIN10\\IEUser", "FileCount": "1"}
{"Timestamp": "2020-11-05 10:56:12.615763Z", "Channel": "Microsoft-Windows-Bits-Client/Operational", "Provider": "Microsoft-Windows-Bits-Client", "Hostname": "MSEDGEWIN10", "SID": "S-1-5-18", "EventID": 60, "RecordID": 8531, "Level": "Information", "Descr": "BITS stopped transferring the <Name> transfer job that is associated with the <URL>", "TransferId": "30A3A3D8-9715-42EE-A715-CBA39B04E3A4", "Name": "C:\\Users\\IEUser\\AppData\\Local\\Temp\\{DE1AA2CB-2733-420D-BD53-D15E1761ED0D}-86.0.4240.183_86.0.4240.111_chrome_updater.exe", "JobId": "DE4AC99A-C567-4CAA-9703-3FFEE775C75D", "URL": "http://r2---sn-5hnekn7d.gvt1.com/edgedl/release2/chrome/APOVneiKVAxsNCc0oAg3ibQ_86.0.4240.183/86.0.4240.183_86.0.4240.111_chrome_updater.exe?cms_redirect=yes&mh=T1&mip=213.127.67.78&mm=28&mn=sn-5hnekn7d&ms=nvh&mt=1604573655&mv=m&mvi=2&pl=17&shardbypass=yes", "Peer": null, "FileTime": "2020-11-02 06:40:20 UTC", "FileSize": "1708800", "BytesTotal": "1708800", "BytesTransferred": "1708800", "BytesTransferredFromPeer": "0"}
{"Timestamp": "2020-11-05 10:55:56.114648Z", "Channel": "Microsoft-Windows-Bits-Client/Operational", "Provider": "Microsoft-Windows-Bits-Client", "Hostname": "MSEDGEWIN10", "SID": "S-1-5-18", "EventID": 59, "RecordID": 8530, "Level": "Information", "Descr": "BITS started the <Name> transfer job that is associated with the <URL>", "TransferId": "30A3A3D8-9715-42EE-A715-CBA39B04E3A4", "Name": "C:\\Users\\IEUser\\AppData\\Local\\Temp\\{DE1AA2CB-2733-420D-BD53-D15E1761ED0D}-86.0.4240.183_86.0.4240.111_chrome_updater.exe", "JobId": "DE4AC99A-C567-4CAA-9703-3FFEE775C75D", "URL": "http://r2---sn-5hnekn7d.gvt1.com/edgedl/release2/chrome/APOVneiKVAxsNCc0oAg3ibQ_86.0.4240.183/86.0.4240.183_86.0.4240.111_chrome_updater.exe?cms_redirect=yes&mh=T1&mip=213.127.67.78&mm=28&mn=sn-5hnekn7d&ms=nvh&mt=1604573655&mv=m&mvi=2&pl=17&shardbypass=yes", "Peer": null, "FileTime": "2020-11-02 06:40:20 UTC", "FileSize": "1708800"}
{"Timestamp": "2020-11-09 13:29:29.524257Z", "Channel": "Microsoft-Windows-Bits-Client/Operational", "Provider": "Microsoft-Windows-Bits-Client", "Hostname": "MSEDGEWIN10", "SID": "S-1-5-18", "EventID": 60, "RecordID": 8731, "Level": "Information", "Descr": "BITS stopped transferring the <Name> transfer job that is associated with the <URL>", "TransferId": "BAE7A723-CBE8-4615-85C3-B86F4FDC0695", "Name": "PreSignInSettingsConfigJSON", "JobId": "B747E737-0D10-4D72-8A45-8763C5673C66", "URL": "https://g.live.com/odclientsettings/Prod", "Peer": null, "FileTime": "2020-11-02 21:00:37 UTC", "FileSize": "32671", "BytesTotal": "32671", "BytesTransferred": "32671", "BytesTransferredFromPeer": "0"}
{"Timestamp": "2020-11-09 13:29:29.376054Z", "Channel": "Microsoft-Windows-Bits-Client/Operational", "Provider": "Microsoft-Windows-Bits-Client", "Hostname": "MSEDGEWIN10", "SID": "S-1-5-18", "EventID": 59, "RecordID": 8730, "Level": "Information", "Descr": "BITS started the <Name> transfer job that is associated with the <URL>", "TransferId": "BAE7A723-CBE8-4615-85C3-B86F4FDC0695", "Name": "PreSignInSettingsConfigJSON", "JobId": "B747E737-0D10-4D72-8A45-8763C5673C66", "URL": "https://g.live.com/odclientsettings/Prod", "Peer": null, "FileTime": "2020-11-02 21:00:37 UTC", "FileSize": "32671"}
{"Timestamp": "2020-11-09 13:29:28.873318Z", "Channel": "Microsoft-Windows-Bits-Client/Operational", "Provider": "Microsoft-Windows-Bits-Client", "Hostname": "MSEDGEWIN10", "SID": "S-1-5-18", "EventID": 3, "RecordID": 8728, "Level": "Information", "Descr": "The BITS service created a new job", "JobTitle": "PreSignInSettingsConfigJSON", "JobId": "B747E737-0D10-4D72-8A45-8763C5673C66", "JobOwner": "MSEDGEWIN10\\IEUser", "ProcessPath": "C:\\Users\\IEUser\\AppData\\Local\\Microsoft\\OneDrive\\OneDriveStandaloneUpdater.exe", "ProcessId": "1540"}
{"Timestamp": "2020-11-09 11:34:00.002048Z", "Channel": "Microsoft-Windows-Bits-Client/Operational", "Provider": "Microsoft-Windows-Bits-Client", "Hostname": "MSEDGEWIN10", "SID": "S-1-5-18", "EventID": 4, "RecordID": 8725, "Level": "Information", "Descr": "The transfer job is complete", "Username": "MSEDGEWIN10\\IEUser", "JobTitle": "Push Notification Platform Job: 1", "JobId": "7DE18C98-5D1F-4A5B-A1BE-D0793E9A0AFB", "JobOwner": "MSEDGEWIN10\\IEUser", "FileCount": "1"}
{"Timestamp": "2020-11-09 11:33:59.997813Z", "Channel": "Microsoft-Windows-Bits-Client/Operational", "Provider": "Microsoft-Windows-Bits-Client", "Hostname": "MSEDGEWIN10", "SID": "S-1-5-18", "EventID": 60, "RecordID": 8724, "Level": "Information", "Descr": "BITS stopped transferring the <Name> transfer job that is associated with the <URL>", "TransferId": "B8C392AB-B4D5-4A9D-B693-3708DC29A141", "Name": "Push Notification Platform Job: 1", "JobId": "7DE18C98-5D1F-4A5B-A1BE-D0793E9A0AFB", "URL": "http://blob.weather.microsoft.com:80/static/mws-new/WeatherImages/210x173/32.jpg?a", "Peer": null, "FileTime": "2014-11-25 21:27:34 UTC", "FileSize": "3933", "BytesTotal": "3933", "BytesTransferred": "3933", "BytesTransferredFromPeer": "0"}
{"Timestamp": "2020-11-09 11:33:59.731033Z", "Channel": "Microsoft-Windows-Bits-Client/Operational", "Provider": "Microsoft-Windows-Bits-Client", "Hostname": "MSEDGEWIN10", "SID": "S-1-5-18", "EventID": 59, "RecordID": 8723, "Level": "Information", "Descr": "BITS started the <Name> transfer job that is associated with the <URL>", "TransferId": "B8C392AB-B4D5-4A9D-B693-3708DC29A141", "Name": "Push Notification Platform Job: 1", "JobId": "7DE18C98-5D1F-4A5B-A1BE-D0793E9A0AFB", "URL": "http://blob.weather.microsoft.com:80/static/mws-new/WeatherImages/210x173/32.jpg?a", "Peer": null, "FileTime": "1601-01-01 00:00:00 UTC", "FileSize": "18446744073709551615"}
{"Timestamp": "2020-11-09 11:33:59.691191Z", "Channel": "Microsoft-Windows-Bits-Client/Operational", "Provider": "Microsoft-Windows-Bits-Client", "Hostname": "MSEDGEWIN10", "SID": "S-1-5-18", "EventID": 3, "RecordID": 8721, "Level": "Information", "Descr": "The BITS service created a new job", "JobTitle": "Push Notification Platform Job: 1", "JobId": "7DE18C98-5D1F-4A5B-A1BE-D0793E9A0AFB", "JobOwner": "MSEDGEWIN10\\IEUser", "ProcessPath": "C:\\Windows\\System32\\svchost.exe", "ProcessId": "776"}
{"Timestamp": "2020-11-09 11:33:59.599143Z", "Channel": "Microsoft-Windows-Bits-Client/Operational", "Provider": "Microsoft-Windows-Bits-Client", "Hostname": "MSEDGEWIN10", "SID": "S-1-5-18", "EventID": 4, "RecordID": 8720, "Level": "Information", "Descr": "The transfer job is complete", "Username": "MSEDGEWIN10\\IEUser", "JobTitle": "Push Notification Platform Job: 1", "JobId": "11EC691D-51DD-4751-9984-D237C88F63BE", "JobOwner": "MSEDGEWIN10\\IEUser", "FileCount": "1"}
{"Timestamp": "2020-11-09 11:33:59.580744Z", "Channel": "Microsoft-Windows-Bits-Client/Operational", "Provider": "Microsoft-Windows-Bits-Client", "Hostname": "MSEDGEWIN10", "SID": "S-1-5-18", "EventID": 60, "RecordID": 8719, "Level": "Information", "Descr": "BITS stopped transferring the <Name> transfer job that is associated with the <URL>", "TransferId": "61A85724-E45C-4FCB-8850-81B63486EBC0", "Name": "Push Notification Platform Job: 1", "JobId": "11EC691D-51DD-4751-9984-D237C88F63BE", "URL": "https://site-cdn.onenote.net/161350540457_Images/LiveTileImages/MediumAndLarge/Image2.png", "Peer": null, "FileTime": "2020-11-05 23:55:48 UTC", "FileSize": "30038", "BytesTotal": "30038", "BytesTransferred": "30038", "BytesTransferredFromPeer": "0"}
{"Timestamp": "2020-11-09 11:33:58.749471Z", "Channel": "Microsoft-Windows-Bits-Client/Operational", "Provider": "Microsoft-Windows-Bits-Client", "Hostname": "MSEDGEWIN10", "SID": "S-1-5-18", "EventID": 59, "RecordID": 8718, "Level": "Information", "Descr": "BITS started the <Name> transfer job that is associated with the <URL>", "TransferId": "61A85724-E45C-4FCB-8850-81B63486EBC0", "Name": "Push Notification Platform Job: 1", "JobId": "11EC691D-51DD-4751-9984-D237C88F63BE", "URL": "https://site-cdn.onenote.net/161350540457_Images/LiveTileImages/MediumAndLarge/Image2.png", "Peer": null, "FileTime": "1601-01-01 00:00:00 UTC", "FileSize": "18446744073709551615"}
{"Timestamp": "2020-11-09 11:33:58.719792Z", "Channel": "Microsoft-Windows-Bits-Client/Operational", "Provider": "Microsoft-Windows-Bits-Client", "Hostname": "MSEDGEWIN10", "SID": "S-1-5-18", "EventID": 3, "RecordID": 8716, "Level": "Information", "Descr": "The BITS service created a new job", "JobTitle": "Push Notification Platform Job: 1", "JobId": "11EC691D-51DD-4751-9984-D237C88F63BE", "JobOwner": "MSEDGEWIN10\\IEUser", "ProcessPath": "C:\\Windows\\System32\\svchost.exe", "ProcessId": "776"}
{"Timestamp": "2020-11-09 11:33:58.566784Z", "Channel": "Microsoft-Windows-Bits-Client/Operational", "Provider": "Microsoft-Windows-Bits-Client", "Hostname": "MSEDGEWIN10", "SID": "S-1-5-18", "EventID": 4, "RecordID": 8715, "Level": "Information", "Descr": "The transfer job is complete", "Username": "MSEDGEWIN10\\IEUser", "JobTitle": "Push Notification Platform Job: 1", "JobId": "B42D1B12-02E6-4293-87E1-6EB7F9822FF8", "JobOwner": "MSEDGEWIN10\\IEUser", "FileCount": "1"}
{"Timestamp": "2020-11-09 11:33:58.563408Z", "Channel": "Microsoft-Windows-Bits-Client/Operational", "Provider": "Microsoft-Windows-Bits-Client", "Hostname": "MSEDGEWIN10", "SID": "S-1-5-18", "EventID": 60, "RecordID": 8714, "Level": "Information", "Descr": "BITS stopped transferring the <Name> transfer job that is associated with the <URL>", "TransferId": "223BFAF2-3CBC-4D5B-A777-1B97CA8388C1", "Name": "Push Notification Platform Job: 1", "JobId": "B42D1B12-02E6-4293-87E1-6EB7F9822FF8", "URL": "https://img-s-msn-com.akamaized.net/tenant/amp/entityid/BB1aPIV0.img?w=100&h=100&m=6&tilesize=medium&x=1544&y=1092&ms-scale=100&ms-contrast=standard", "Peer": null, "FileTime": "2020-11-09 11:19:27 UTC", "FileSize": "4202", "BytesTotal": "4202", "BytesTransferred": "4202", "BytesTransferredFromPeer": "0"}
{"Timestamp": "2020-11-09 11:33:58.291823Z", "Channel": "Microsoft-Windows-Bits-Client/Operational", "Provider": "Microsoft-Windows-Bits-Client", "Hostname": "MSEDGEWIN10", "SID": "S-1-5-18", "EventID": 59, "RecordID": 8713, "Level": "Information", "Descr": "BITS started the <Name> transfer job that is associated with the <URL>", "TransferId": "223BFAF2-3CBC-4D5B-A777-1B97CA8388C1", "Name": "Push Notification Platform Job: 1", "JobId": "B42D1B12-02E6-4293-87E1-6EB7F9822FF8", "URL": "https://img-s-msn-com.akamaized.net/tenant/amp/entityid/BB1aPIV0.img?w=100&h=100&m=6&tilesize=medium&x=1544&y=1092&ms-scale=100&ms-contrast=standard", "Peer": null, "FileTime": "1601-01-01 00:00:00 UTC", "FileSize": "18446744073709551615"}
{"Timestamp": "2020-11-09 11:33:58.276755Z", "Channel": "Microsoft-Windows-Bits-Client/Operational", "Provider": "Microsoft-Windows-Bits-Client", "Hostname": "MSEDGEWIN10", "SID": "S-1-5-18", "EventID": 3, "RecordID": 8711, "Level": "Information", "Descr": "The BITS service created a new job", "JobTitle": "Push Notification Platform Job: 1", "JobId": "B42D1B12-02E6-4293-87E1-6EB7F9822FF8", "JobOwner": "MSEDGEWIN10\\IEUser", "ProcessPath": "C:\\Windows\\System32\\svchost.exe", "ProcessId": "776"}
{"Timestamp": "2020-11-09 08:38:43.934049Z", "Channel": "Microsoft-Windows-Bits-Client/Operational", "Provider": "Microsoft-Windows-Bits-Client", "Hostname": "MSEDGEWIN10", "SID": "S-1-5-20", "EventID": 5, "RecordID": 8709, "Level": "Information", "Descr": "Job cancelled", "Username": "NT AUTHORITY\\NETWORK SERVICE", "JobTitle": "SpeechModelDownloadJob", "JobId": "80ED10E7-376F-46B9-A899-DBD957F44059", "JobOwner": "NT AUTHORITY\\NETWORK SERVICE", "FileCount": "1"}
{"Timestamp": "2020-11-09 08:38:42.924154Z", "Channel": "Microsoft-Windows-Bits-Client/Operational", "Provider": "Microsoft-Windows-Bits-Client", "Hostname": "MSEDGEWIN10", "SID": "S-1-5-18", "EventID": 3, "RecordID": 8707, "Level": "Information", "Descr": "The BITS service created a new job", "JobTitle": "SpeechModelDownloadJob", "JobId": "80ED10E7-376F-46B9-A899-DBD957F44059", "JobOwner": "NT AUTHORITY\\NETWORK SERVICE", "ProcessPath": "C:\\Windows\\System32\\Speech_OneCore\\common\\SpeechModelDownload.exe", "ProcessId": "24376"}
{"Timestamp": "2020-11-09 08:28:09.902799Z", "Channel": "Microsoft-Windows-Bits-Client/Operational", "Provider": "Microsoft-Windows-Bits-Client", "Hostname": "MSEDGEWIN10", "SID": "S-1-5-18", "EventID": 3, "RecordID": 8704, "Level": "Information", "Descr": "The BITS service created a new job", "JobTitle": "MicrosoftMapsBingGeoStore", "JobId": "F8CB27DF-198C-4E93-B5B8-434B5EBCEE78", "JobOwner": "NT AUTHORITY\\NETWORK SERVICE", "ProcessPath": "C:\\Windows\\System32\\svchost.exe", "ProcessId": "25976"}
{"Timestamp": "2020-11-09 08:28:08.655399Z", "Channel": "Microsoft-Windows-Bits-Client/Operational", "Provider": "Microsoft-Windows-Bits-Client", "Hostname": "MSEDGEWIN10", "SID": "S-1-5-18", "EventID": 4, "RecordID": 8703, "Level": "Information", "Descr": "The transfer job is complete", "Username": "MSEDGEWIN10\\IEUser", "JobTitle": "UpdateDescriptionXml", "JobId": "5281918D-D7F1-4826-92CC-F96FBEB29464", "JobOwner": "MSEDGEWIN10\\IEUser", "FileCount": "1"}
{"Timestamp": "2020-11-09 08:28:08.648546Z", "Channel": "Microsoft-Windows-Bits-Client/Operational", "Provider": "Microsoft-Windows-Bits-Client", "Hostname": "MSEDGEWIN10", "SID": "S-1-5-18", "EventID": 60, "RecordID": 8702, "Level": "Information", "Descr": "BITS stopped transferring the <Name> transfer job that is associated with the <URL>", "TransferId": "4F911504-59E6-43BB-8E6E-EF9CA1102919", "Name": "UpdateDescriptionXml", "JobId": "5281918D-D7F1-4826-92CC-F96FBEB29464", "URL": "https://g.live.com/1rewlive5skydrive/ODSUProduction", "Peer": null, "FileTime": "2020-10-26 21:00:55 UTC", "FileSize": "526", "BytesTotal": "526", "BytesTransferred": "526", "BytesTransferredFromPeer": "0"}
{"Timestamp": "2020-11-09 08:28:08.240902Z", "Channel": "Microsoft-Windows-Bits-Client/Operational", "Provider": "Microsoft-Windows-Bits-Client", "Hostname": "MSEDGEWIN10", "SID": "S-1-5-18", "EventID": 59, "RecordID": 8701, "Level": "Information", "Descr": "BITS started the <Name> transfer job that is associated with the <URL>", "TransferId": "4F911504-59E6-43BB-8E6E-EF9CA1102919", "Name": "UpdateDescriptionXml", "JobId": "5281918D-D7F1-4826-92CC-F96FBEB29464", "URL": "https://g.live.com/1rewlive5skydrive/ODSUProduction", "Peer": null, "FileTime": "2020-10-26 21:00:55 UTC", "FileSize": "526"}
{"Timestamp": "2020-11-09 08:28:07.969757Z", "Channel": "Microsoft-Windows-Bits-Client/Operational", "Provider": "Microsoft-Windows-Bits-Client", "Hostname": "MSEDGEWIN10", "SID": "S-1-5-18", "EventID": 3, "RecordID": 8700, "Level": "Information", "Descr": "The BITS service created a new job", "JobTitle": "UpdateDescriptionXml", "JobId": "5281918D-D7F1-4826-92CC-F96FBEB29464", "JobOwner": "MSEDGEWIN10\\IEUser", "ProcessPath": "C:\\Users\\IEUser\\AppData\\Local\\Microsoft\\OneDrive\\OneDriveStandaloneUpdater.exe", "ProcessId": "22000"}
{"Timestamp": "2020-11-09 08:28:07.819450Z", "Channel": "Microsoft-Windows-Bits-Client/Operational", "Provider": "Microsoft-Windows-Bits-Client", "Hostname": "MSEDGEWIN10", "SID": "S-1-5-18", "EventID": 4, "RecordID": 8699, "Level": "Information", "Descr": "The transfer job is complete", "Username": "MSEDGEWIN10\\IEUser", "JobTitle": "PreSignInSettingsConfigJSON", "JobId": "78022A4C-A300-4A99-873A-C573947C6A97", "JobOwner": "MSEDGEWIN10\\IEUser", "FileCount": "1"}
{"Timestamp": "2020-11-09 08:28:07.817724Z", "Channel": "Microsoft-Windows-Bits-Client/Operational", "Provider": "Microsoft-Windows-Bits-Client", "Hostname": "MSEDGEWIN10", "SID": "S-1-5-18", "EventID": 60, "RecordID": 8698, "Level": "Information", "Descr": "BITS stopped transferring the <Name> transfer job that is associated with the <URL>", "TransferId": "156DC942-A997-499F-A961-29A5DE22C88F", "Name": "PreSignInSettingsConfigJSON", "JobId": "78022A4C-A300-4A99-873A-C573947C6A97", "URL": "https://g.live.com/odclientsettings/Prod", "Peer": null, "FileTime": "2020-11-02 21:00:37 UTC", "FileSize": "32671", "BytesTotal": "32671", "BytesTransferred": "32671", "BytesTransferredFromPeer": "0"}
{"Timestamp": "2020-11-09 08:28:07.533632Z", "Channel": "Microsoft-Windows-Bits-Client/Operational", "Provider": "Microsoft-Windows-Bits-Client", "Hostname": "MSEDGEWIN10", "SID": "S-1-5-18", "EventID": 59, "RecordID": 8697, "Level": "Information", "Descr": "BITS started the <Name> transfer job that is associated with the <URL>", "TransferId": "156DC942-A997-499F-A961-29A5DE22C88F", "Name": "PreSignInSettingsConfigJSON", "JobId": "78022A4C-A300-4A99-873A-C573947C6A97", "URL": "https://g.live.com/odclientsettings/Prod", "Peer": null, "FileTime": "2020-11-02 21:00:37 UTC", "FileSize": "32671"}
{"Timestamp": "2020-11-09 08:28:06.626458Z", "Channel": "Microsoft-Windows-Bits-Client/Operational", "Provider": "Microsoft-Windows-Bits-Client", "Hostname": "MSEDGEWIN10", "SID": "S-1-5-18", "EventID": 3, "RecordID": 8695, "Level": "Information", "Descr": "The BITS service created a new job", "JobTitle": "PreSignInSettingsConfigJSON", "JobId": "78022A4C-A300-4A99-873A-C573947C6A97", "JobOwner": "MSEDGEWIN10\\IEUser", "ProcessPath": "C:\\Users\\IEUser\\AppData\\Local\\Microsoft\\OneDrive\\OneDriveStandaloneUpdater.exe", "ProcessId": "22000"}
{"Timestamp": "2020-11-09 08:25:00.087817Z", "Channel": "Microsoft-Windows-Bits-Client/Operational", "Provider": "Microsoft-Windows-Bits-Client", "Hostname": "MSEDGEWIN10", "SID": "S-1-5-18", "EventID": 4, "RecordID": 8693, "Level": "Information", "Descr": "The transfer job is complete", "Username": "NT AUTHORITY\\LOCAL SERVICE", "JobTitle": "Font Download", "JobId": "338FE300-B03E-43C2-BC70-62513165EED5", "JobOwner": "NT AUTHORITY\\LOCAL SERVICE", "FileCount": "1"}
{"Timestamp": "2020-11-09 08:25:00.086493Z", "Channel": "Microsoft-Windows-Bits-Client/Operational", "Provider": "Microsoft-Windows-Bits-Client", "Hostname": "MSEDGEWIN10", "SID": "S-1-5-18", "EventID": 60, "RecordID": 8692, "Level": "Information", "Descr": "BITS stopped transferring the <Name> transfer job that is associated with the <URL>", "TransferId": "F6A24BE2-F20A-4A19-82AF-55873EAC2905", "Name": "Font Download", "JobId": "338FE300-B03E-43C2-BC70-62513165EED5", "URL": "https://fs.microsoft.com/fs/windows/config.json", "Peer": null, "FileTime": "2017-04-20 16:10:39 UTC", "FileSize": "55", "BytesTotal": "55", "BytesTransferred": "55", "BytesTransferredFromPeer": "0"}
{"Timestamp": "2020-11-09 08:25:00.043998Z", "Channel": "Microsoft-Windows-Bits-Client/Operational", "Provider": "Microsoft-Windows-Bits-Client", "Hostname": "MSEDGEWIN10", "SID": "S-1-5-18", "EventID": 59, "RecordID": 8691, "Level": "Information", "Descr": "BITS started the <Name> transfer job that is associated with the <URL>", "TransferId": "F6A24BE2-F20A-4A19-82AF-55873EAC2905", "Name": "Font Download", "JobId": "338FE300-B03E-43C2-BC70-62513165EED5", "URL": "https://fs.microsoft.com/fs/windows/config.json", "Peer": null, "FileTime": "2017-04-20 16:10:39 UTC", "FileSize": "55"}
{"Timestamp": "2020-11-09 08:24:59.812512Z", "Channel": "Microsoft-Windows-Bits-Client/Operational", "Provider": "Microsoft-Windows-Bits-Client", "Hostname": "MSEDGEWIN10", "SID": "S-1-5-18", "EventID": 3, "RecordID": 8688, "Level": "Information", "Descr": "The BITS service created a new job", "JobTitle": "Font Download", "JobId": "338FE300-B03E-43C2-BC70-62513165EED5", "JobOwner": "NT AUTHORITY\\LOCAL SERVICE", "ProcessPath": "C:\\Windows\\System32\\svchost.exe", "ProcessId": "2144"}
{"Timestamp": "2020-11-07 15:36:31.550614Z", "Channel": "Microsoft-Windows-Bits-Client/Operational", "Provider": "Microsoft-Windows-Bits-Client", "Hostname": "MSEDGEWIN10", "SID": "S-1-5-18", "EventID": 4, "RecordID": 8685, "Level": "Information", "Descr": "The transfer job is complete", "Username": "MSEDGEWIN10\\IEUser", "JobTitle": "UpdateDescriptionXml", "JobId": "A65DC726-02C4-435C-93C0-F53C3F1C2A02", "JobOwner": "MSEDGEWIN10\\IEUser", "FileCount": "1"}
{"Timestamp": "2020-11-07 15:36:31.548940Z", "Channel": "Microsoft-Windows-Bits-Client/Operational", "Provider": "Microsoft-Windows-Bits-Client", "Hostname": "MSEDGEWIN10", "SID": "S-1-5-18", "EventID": 60, "RecordID": 8684, "Level": "Information", "Descr": "BITS stopped transferring the <Name> transfer job that is associated with the <URL>", "TransferId": "EBF08373-229B-4326-9248-DBE4657FA360", "Name": "UpdateDescriptionXml", "JobId": "A65DC726-02C4-435C-93C0-F53C3F1C2A02", "URL": "https://g.live.com/1rewlive5skydrive/ODSUProduction", "Peer": null, "FileTime": "2020-10-26 21:00:55 UTC", "FileSize": "526", "BytesTotal": "526", "BytesTransferred": "526", "BytesTransferredFromPeer": "0"}
{"Timestamp": "2020-11-07 15:36:30.760590Z", "Channel": "Microsoft-Windows-Bits-Client/Operational", "Provider": "Microsoft-Windows-Bits-Client", "Hostname": "MSEDGEWIN10", "SID": "S-1-5-18", "EventID": 59, "RecordID": 8683, "Level": "Information", "Descr": "BITS started the <Name> transfer job that is associated with the <URL>", "TransferId": "EBF08373-229B-4326-9248-DBE4657FA360", "Name": "UpdateDescriptionXml", "JobId": "A65DC726-02C4-435C-93C0-F53C3F1C2A02", "URL": "https://g.live.com/1rewlive5skydrive/ODSUProduction", "Peer": null, "FileTime": "2020-10-26 21:00:55 UTC", "FileSize": "526"}
{"Timestamp": "2020-11-07 15:36:30.693767Z", "Channel": "Microsoft-Windows-Bits-Client/Operational", "Provider": "Microsoft-Windows-Bits-Client", "Hostname": "MSEDGEWIN10", "SID": "S-1-5-18", "EventID": 3, "RecordID": 8682, "Level": "Information", "Descr": "The BITS service created a new job", "JobTitle": "UpdateDescriptionXml", "JobId": "A65DC726-02C4-435C-93C0-F53C3F1C2A02", "JobOwner": "MSEDGEWIN10\\IEUser", "ProcessPath": "C:\\Users\\IEUser\\AppData\\Local\\Microsoft\\OneDrive\\OneDriveStandaloneUpdater.exe", "ProcessId": "1876"}
{"Timestamp": "2020-11-07 15:36:30.429222Z", "Channel": "Microsoft-Windows-Bits-Client/Operational", "Provider": "Microsoft-Windows-Bits-Client", "Hostname": "MSEDGEWIN10", "SID": "S-1-5-18", "EventID": 4, "RecordID": 8681, "Level": "Information", "Descr": "The transfer job is complete", "Username": "MSEDGEWIN10\\IEUser", "JobTitle": "PreSignInSettingsConfigJSON", "JobId": "995B6674-5AFF-4A47-8E7F-3B0AD68499B6", "JobOwner": "MSEDGEWIN10\\IEUser", "FileCount": "1"}
{"Timestamp": "2020-11-07 15:36:30.426050Z", "Channel": "Microsoft-Windows-Bits-Client/Operational", "Provider": "Microsoft-Windows-Bits-Client", "Hostname": "MSEDGEWIN10", "SID": "S-1-5-18", "EventID": 60, "RecordID": 8680, "Level": "Information", "Descr": "BITS stopped transferring the <Name> transfer job that is associated with the <URL>", "TransferId": "083DF445-0959-4F89-A885-CB47C5707245", "Name": "PreSignInSettingsConfigJSON", "JobId": "995B6674-5AFF-4A47-8E7F-3B0AD68499B6", "URL": "https://g.live.com/odclientsettings/Prod", "Peer": null, "FileTime": "2020-11-02 21:00:37 UTC", "FileSize": "32671", "BytesTotal": "32671", "BytesTransferred": "32671", "BytesTransferredFromPeer": "0"}
{"Timestamp": "2020-11-07 15:36:30.267735Z", "Channel": "Microsoft-Windows-Bits-Client/Operational", "Provider": "Microsoft-Windows-Bits-Client", "Hostname": "MSEDGEWIN10", "SID": "S-1-5-18", "EventID": 59, "RecordID": 8679, "Level": "Information", "Descr": "BITS started the <Name> transfer job that is associated with the <URL>", "TransferId": "083DF445-0959-4F89-A885-CB47C5707245", "Name": "PreSignInSettingsConfigJSON", "JobId": "995B6674-5AFF-4A47-8E7F-3B0AD68499B6", "URL": "https://g.live.com/odclientsettings/Prod", "Peer": null, "FileTime": "2020-11-02 21:00:37 UTC", "FileSize": "32671"}
{"Timestamp": "2020-11-07 15:36:29.874025Z", "Channel": "Microsoft-Windows-Bits-Client/Operational", "Provider": "Microsoft-Windows-Bits-Client", "Hostname": "MSEDGEWIN10", "SID": "S-1-5-18", "EventID": 3, "RecordID": 8677, "Level": "Information", "Descr": "The BITS service created a new job", "JobTitle": "PreSignInSettingsConfigJSON", "JobId": "995B6674-5AFF-4A47-8E7F-3B0AD68499B6", "JobOwner": "MSEDGEWIN10\\IEUser", "ProcessPath": "C:\\Users\\IEUser\\AppData\\Local\\Microsoft\\OneDrive\\OneDriveStandaloneUpdater.exe", "ProcessId": "1876"}
{"Timestamp": "2020-11-07 15:33:50.695794Z", "Channel": "Microsoft-Windows-Bits-Client/Operational", "Provider": "Microsoft-Windows-Bits-Client", "Hostname": "MSEDGEWIN10", "SID": "S-1-5-18", "EventID": 4, "RecordID": 8676, "Level": "Information", "Descr": "The transfer job is complete", "Username": "MSEDGEWIN10\\IEUser", "JobTitle": "Push Notification Platform Job: 1", "JobId": "F6F80D39-5C38-4E89-A135-224B5BD34683", "JobOwner": "MSEDGEWIN10\\IEUser", "FileCount": "1"}
{"Timestamp": "2020-11-07 15:33:50.641787Z", "Channel": "Microsoft-Windows-Bits-Client/Operational", "Provider": "Microsoft-Windows-Bits-Client", "Hostname": "MSEDGEWIN10", "SID": "S-1-5-18", "EventID": 60, "RecordID": 8675, "Level": "Information", "Descr": "BITS stopped transferring the <Name> transfer job that is associated with the <URL>", "TransferId": "CCA35086-3F90-4CB0-A1A8-C24B6E0305AA", "Name": "Push Notification Platform Job: 1", "JobId": "F6F80D39-5C38-4E89-A135-224B5BD34683", "URL": "https://img-s-msn-com.akamaized.net/tenant/amp/entityid/BB19R5M0.img?w=100&h=100&m=6&tilesize=medium&ms-scale=100&ms-contrast=standard", "Peer": null, "FileTime": "2020-11-07 15:18:05 UTC", "FileSize": "3467", "BytesTotal": "3467", "BytesTransferred": "3467", "BytesTransferredFromPeer": "0"}
{"Timestamp": "2020-11-07 15:33:50.498129Z", "Channel": "Microsoft-Windows-Bits-Client/Operational", "Provider": "Microsoft-Windows-Bits-Client", "Hostname": "MSEDGEWIN10", "SID": "S-1-5-18", "EventID": 59, "RecordID": 8674, "Level": "Information", "Descr": "BITS started the <Name> transfer job that is associated with the <URL>", "TransferId": "CCA35086-3F90-4CB0-A1A8-C24B6E0305AA", "Name": "Push Notification Platform Job: 1", "JobId": "F6F80D39-5C38-4E89-A135-224B5BD34683", "URL": "https://img-s-msn-com.akamaized.net/tenant/amp/entityid/BB19R5M0.img?w=100&h=100&m=6&tilesize=medium&ms-scale=100&ms-contrast=standard", "Peer": null, "FileTime": "1601-01-01 00:00:00 UTC", "FileSize": "18446744073709551615"}
