{"Timestamp": "2021-03-15 18:49:21.017089Z", "Channel": "Microsoft-Windows-Bits-Client/Operational", "Provider": "Microsoft-Windows-Bits-Client", "Hostname": "MSEDGEWIN10", "SID": "S-1-5-18", "EventID": 59, "RecordID": 9369, "Level": "Information", "Descr": "BITS started the <Name> transfer job that is associated with the <URL>", "TransferId": "88DC802E-08A0-462C-BD04-7005ECE27AB5", "Name": "Font Download", "JobId": "EEEBFBC8-3314-4EFD-9D74-BCB28BF7FC97", "URL": "https://fs.microsoft.com/fs/windows/config.json", "Peer": null, "FileTime": "2017-04-20 16:10:39 UTC", "FileSize": "55"}
{"Timestamp": "2021-03-15 18:49:19.444360Z", "Channel": "Microsoft-Windows-Bits-Client/Operational", "Provider": "Microsoft-Windows-Bits-Client", "Hostname": "MSEDGEWIN10", "SID": "S-1-5-21-3461203602-4096304019-2269080069-1000", "EventID": 5, "RecordID": 9367, "Level": "Information", "Descr": "Job cancelled", "Username": "MSEDGEWIN10\\IEUser", "JobTitle": "745d396d.png", "JobId": "21520820-83BB-4478-88AB-58942A960721", "JobOwner": "MSEDGEWIN10\\IEUser", "FileCount": "1"}
{"Timestamp": "2021-03-15 18:48:38.769746Z", "Channel": "Microsoft-Windows-Bits-Client/Operational", "Provider": "Microsoft-Windows-Bits-Client", "Hostname": "MSEDGEWIN10", "SID": "S-1-5-18", "EventID": 3, "RecordID": 9365, "Level": "Information", "Descr": "The BITS service created a new job", "JobTitle": "745d396d.png", "JobId": "21520820-83BB-4478-88AB-58942A960721", "JobOwner": "MSEDGEWIN10\\IEUser", "ProcessPath": "C:\\Windows\\SysWOW64\\notepad.exe", "ProcessId": "1412"}
{"Timestamp": "2021-03-15 18:46:39.970525Z", "Channel": "Microsoft-Windows-Bits-Client/Operational", "Provider": "Microsoft-Windows-Bits-Client", "Hostname": "MSEDGEWIN10", "SID": "S-1-5-18", "EventID": 3, "RecordID": 9361, "Level": "Information", "Descr": "The BITS service created a new job", "JobTitle": "Font Download", "JobId": "EEEBFBC8-3314-4EFD-9D74-BCB28BF7FC97", "JobOwner": "NT AUTHORITY\\LOCAL SERVICE", "ProcessPath": "C:\\Windows\\System32\\svchost.exe", "ProcessId": "1628"}
{"Timestamp": "2021-03-15 18:43:41.572104Z", "Channel": "Microsoft-Windows-Bits-Client/Operational", "Provider": "Microsoft-Windows-Bits-Client", "Hostname": "MSEDGEWIN10", "SID": "S-1-5-18", "EventID": 3, "RecordID": 9358, "Level": "Information", "Descr": "The BITS service created a new job", "JobTitle": "ab170ec9.png", "JobId": "3613C02A-20B8-427D-8F52-2F15F3627808", "JobOwner": "MSEDGEWIN10\\IEUser", "ProcessPath": "C:\\Windows\\SysWOW64\\notepad.exe", "ProcessId": "4960"}
{"Timestamp": "2021-03-15 18:38:55.970476Z", "Channel": "Microsoft-Windows-Bits-Client/Operational", "Provider": "Microsoft-Windows-Bits-Client", "Hostname": "MSEDGEWIN10", "SID": "S-1-5-21-3461203602-4096304019-2269080069-1000", "EventID": 5, "RecordID": 9357, "Level": "Information", "Descr": "Job cancelled", "Username": "MSEDGEWIN10\\IEUser", "JobTitle": "aec87e7b.png", "JobId": "8F215432-03CF-4E8E-BFC7-B813AF2ADB72", "JobOwner": "MSEDGEWIN10\\IEUser", "FileCount": "1"}
{"Timestamp": "2021-03-15 18:38:15.454120Z", "Channel": "Microsoft-Windows-Bits-Client/Operational", "Provider": "Microsoft-Windows-Bits-Client", "Hostname": "MSEDGEWIN10", "SID": "S-1-5-18", "EventID": 3, "RecordID": 9355, "Level": "Information", "Descr": "The BITS service created a new job", "JobTitle": "aec87e7b.png", "JobId": "8F215432-03CF-4E8E-BFC7-B813AF2ADB72", "JobOwner": "MSEDGEWIN10\\IEUser", "ProcessPath": "C:\\Windows\\SysWOW64\\notepad.exe", "ProcessId": "7620"}
{"Timestamp": "2021-03-15 18:34:31.693836Z", "Channel": "Microsoft-Windows-Bits-Client/Operational", "Provider": "Microsoft-Windows-Bits-Client", "Hostname": "MSEDGEWIN10", "SID": "S-1-5-21-3461203602-4096304019-2269080069-1000", "EventID": 5, "RecordID": 9353, "Level": "Information", "Descr": "Job cancelled", "Username": "MSEDGEWIN10\\IEUser", "JobTitle": "a056b1a9.png", "JobId": "F3D49906-7AB2-4777-AEF7-22DBEBDE83BA", "JobOwner": "MSEDGEWIN10\\IEUser", "FileCount": "1"}
{"Timestamp": "2021-03-15 18:33:51.098817Z", "Channel": "Microsoft-Windows-Bits-Client/Operational", "Provider": "Microsoft-Windows-Bits-Client", "Hostname": "MSEDGEWIN10", "SID": "S-1-5-18", "EventID": 3, "RecordID": 9351, "Level": "Information", "Descr": "The BITS service created a new job", "JobTitle": "a056b1a9.png", "JobId": "F3D49906-7AB2-4777-AEF7-22DBEBDE83BA", "JobOwner": "MSEDGEWIN10\\IEUser", "ProcessPath": "C:\\Windows\\SysWOW64\\notepad.exe", "ProcessId": "4628"}
{"Timestamp": "2021-03-15 18:14:48.123304Z", "Channel": "Microsoft-Windows-Bits-Client/Operational", "Provider": "Microsoft-Windows-Bits-Client", "Hostname": "MSEDGEWIN10", "SID": "S-1-5-18", "EventID": 3, "RecordID": 9347, "Level": "Information", "Descr": "The BITS service created a new job", "JobTitle": "Font Download", "JobId": "E6EC349F-E3AD-47E8-9A61-3DC8787CA4AE", "JobOwner": "NT AUTHORITY\\LOCAL SERVICE", "ProcessPath": "C:\\Windows\\System32\\svchost.exe", "ProcessId": "2092"}
{"Timestamp": "2019-03-18 11:27:23.271281Z", "Channel": "Security", "Provider": "Microsoft-Windows-Security-Auditing", "Hostname": "PC01.example.corp", "SID": "S-1-5-21-1587066498-1489273250-1035260531-1106", "EventID": 4648, "RecordID": 433350, "Level": "0", "Descr": "A logon was attempted using explicit credentials", "Username": "user01", "Domain": "EXAMPLE", "LogonId": "0x18a7875", "LogonGUID": "3523B8BE-1C1A-A740-A8C3-4CC91A5F3B14", "TargetUsername": "administrator", "TargetDomain": "example", "TargetLogonGuid": "00000000-0000-0000-0000-000000000000", "TargetServerName": "WIN-77LTAPHIQ1R.example.corp", "TargetInfo": "WIN-77LTAPHIQ1R.example.corp", "ProcessId": "0x44c", "ProcessPath": "C:\\Windows\\System32\\wbem\\WMIC.exe", "IP": "-", "Port": "-"}
{"Timestamp": "2019-03-18 11:27:23.261267Z", "Channel": "Security", "Provider": "Microsoft-Windows-Security-Auditing", "Hostname": "PC01.example.corp", "SID": "S-1-5-21-1587066498-1489273250-1035260531-1106", "EventID": 4648, "RecordID": 433340, "Level": "0", "Descr": "A logon was attempted using explicit credentials", "Username": "user01", "Domain": "EXAMPLE", "LogonId": "0x18a7875", "LogonGUID": "3523B8BE-1C1A-A740-A8C3-4CC91A5F3B14", "TargetUsername": "administrator", "TargetDomain": "EXAMPLE.CORP", "TargetLogonGuid": "50419E1A-1C62-023A-239E-78C43A7792AB", "TargetServerName": "WIN-77LTAPHIQ1R.example.corp", "TargetInfo": "host/WIN-77LTAPHIQ1R.example.corp", "ProcessId": "0x44c", "ProcessPath": "C:\\Windows\\System32\\wbem\\WMIC.exe", "IP": "-", "Port": "-"}
{"Timestamp": "2019-03-18 11:27:23.231223Z", "Channel": "Security", "Provider": "Microsoft-Windows-Security-Auditing", "Hostname": "PC01.example.corp", "SID": "S-1-5-21-1587066498-1489273250-1035260531-1106", "EventID": 4648, "RecordID": 433333, "Level": "0", "Descr": "A logon was attempted using explicit credentials", "Username": "user01", "Domain": "EXAMPLE", "LogonId": "0x18a7875", "LogonGUID": "3523B8BE-1C1A-A740-A8C3-4CC91A5F3B14", "TargetUsername": "administrator", "TargetDomain": "EXAMPLE.CORP", "TargetLogonGuid": "50419E1A-1C62-023A-239E-78C43A7792AB", "TargetServerName": "WIN-77LTAPHIQ1R.example.corp", "TargetInfo": "RPCSS/WIN-77LTAPHIQ1R.example.corp", "ProcessId": "0x304", "ProcessPath": "C:\\Windows\\System32\\svchost.exe", "IP": "-", "Port": "-"}
{"Timestamp": "2019-03-18 11:27:05.425620Z", "Channel": "Security", "Provider": "Microsoft-Windows-Security-Auditing", "Hostname": "PC01.example.corp", "SID": "S-1-5-21-1587066498-1489273250-1035260531-1106", "EventID": 4688, "RecordID": 433308, "Level": "0", "Descr": "A new process has been created", "Username": "user01", "Domain": "EXAMPLE", "LogonId": "0x18a7875", "NewProcessId": "0x44c", "NewProcessPath": "C:\\Windows\\System32\\wbem\\WMIC.exe", "TokenElevationType": "TokenElevationTypeDefault (1)", "ProcessId": "0x86c", "Command": null}
{"Timestamp": "2019-03-18 11:27:00.438449Z", "Channel": "Security", "Provider": "Microsoft-Windows-Eventlog", "Hostname": "PC01.example.corp", "SID": "S-1-5-21-1587066498-1489273250-1035260531-1106", "EventID": 1102, "RecordID": 433307, "Level": "Information", "Descr": "The audit log was cleared", "Username": "user01", "Domain": "EXAMPLE", "LogonId": "0x18a7875"}
{"Timestamp": "2020-09-09 13:18:27.714758Z", "Channel": "Security", "Provider": "Microsoft-Windows-Security-Auditing", "Hostname": "MSEDGEWIN10", "SID": "S-1-5-21-3461203602-4096304019-2269080069-1000", "EventID": 4624, "RecordID": 137225, "Level": "0", "Descr": "An account was successfully logged on", "Username": "IEUser", "Domain": "MSEDGEWIN10", "LogonId": "0x79e59", "TargetSID": "S-1-5-21-3461203602-4096304019-2269080069-1000", "TargetUsername": "IEUser", "TargetDomain": "MSEDGEWIN10", "TargetLogonId": "0x1cd964", "LogonType+": "2", "LogonType": "2", "LogonProcess": "Chrome", "AuthenticationPackage": "Negotiate", "WorkstationName": "MSEDGEWIN10", "LogonGUID": "00000000-0000-0000-0000-000000000000", "TransmittedServices": "-", "KeyLength": "0", "ProcessId": "0x1358", "ProcessPath": "C:\\Program Files (x86)\\Google\\Chrome\\Application\\chrome.exe", "IP": "-", "Port": "-", "RestrictedAdminMode": "-", "TargetOutboundUsername": "-", "TargetOutboundDomain": "-", "ElevatedToken": "No"}
{"Timestamp": "2020-09-09 13:18:27.714613Z", "Channel": "Security", "Provider": "Microsoft-Windows-Security-Auditing", "Hostname": "MSEDGEWIN10", "SID": "S-1-5-21-3461203602-4096304019-2269080069-1000", "EventID": 4624, "RecordID": 137224, "Level": "0", "Descr": "An account was successfully logged on", "Username": "IEUser", "Domain": "MSEDGEWIN10", "LogonId": "0x79e59", "TargetSID": "S-1-5-21-3461203602-4096304019-2269080069-1000", "TargetUsername": "IEUser", "TargetDomain": "MSEDGEWIN10", "TargetLogonId": "0x1cd8f6", "LogonType+": "2", "LogonType": "2", "LogonProcess": "Chrome", "AuthenticationPackage": "Negotiate", "WorkstationName": "MSEDGEWIN10", "LogonGUID": "00000000-0000-0000-0000-000000000000", "TransmittedServices": "-", "KeyLength": "0", "ProcessId": "0x1358", "ProcessPath": "C:\\Program Files (x86)\\Google\\Chrome\\Application\\chrome.exe", "IP": "-", "Port": "-", "RestrictedAdminMode": "-", "TargetOutboundUsername": "-", "TargetOutboundDomain": "-", "ElevatedToken": "Yes"}
{"Timestamp": "2020-09-09 13:18:25.377120Z", "Channel": "Security", "Provider": "Microsoft-Windows-Security-Auditing", "Hostname": "MSEDGEWIN10", "SID": "S-1-5-18", "EventID": 4624, "RecordID": 137223, "Level": "0", "Descr": "An account was successfully logged on", "Username": "MSEDGEWIN10$", "Domain": "WORKGROUP", "LogonId": "0x3e7", "TargetSID": "S-1-5-18", "TargetUsername": "SYSTEM", "TargetDomain": "NT AUTHORITY", "TargetLogonId": "0x3e7", "LogonType+": "5", "LogonType": "5", "LogonProcess": "Advapi  ", "AuthenticationPackage": "Negotiate", "WorkstationName": "-", "LogonGUID": "00000000-0000-0000-0000-000000000000", "TransmittedServices": "-", "KeyLength": "0", "ProcessId": "0x25c", "ProcessPath": "C:\\Windows\\System32\\services.exe", "IP": "-", "Port": "-", "RestrictedAdminMode": "-", "TargetOutboundUsername": "-", "TargetOutboundDomain": "-", "ElevatedToken": "Yes"}
{"Timestamp": "2020-09-09 13:18:23.627952Z", "Channel": "Security", "Provider": "Microsoft-Windows-Security-Auditing", "Hostname": "MSEDGEWIN10", "SID": "S-1-5-21-3461203602-4096304019-2269080069-1000", "EventID": 4625, "RecordID": 137222, "Level": "0", "Descr": "An account failed to log on", "Username": "IEUser", "Domain": "MSEDGEWIN10", "LogonId": "0x79e59", "TargetSID": "S-1-0-0", "TargetUsername": "IEUser", "TargetDomain": "MSEDGEWIN10", "Status+": "0xc000006d", "Status": "0xc000006d", "FailureReason": "Unknown user name or bad password.", "SubStatus": "0xc000006a", "LogonType+": "2", "LogonType": "2", "LogonProcessName": "Chrome", "WorkstationName": "MSEDGEWIN10", "ProcessId": "0x1358", "ProcessPath": "C:\\Program Files (x86)\\Google\\Chrome\\Application\\chrome.exe", "IP": "-", "Port": "-"}
{"Timestamp": "2019-03-19 00:41:29.008933Z", "Channel": "System", "Provider": "Service Control Manager", "Hostname": "WIN-77LTAPHIQ1R.example.corp", "SID": "S-1-5-21-1587066498-1489273250-1035260531-500", "EventID": 7045, "RecordID": 6045, "Level": "Information", "Descr": "A service was installed on the system", "ServiceName": "remotesvc", "ServicePath": "calc.exe", "ServiceType": "user mode service", "ServiceStartType": "auto start", "ServiceAccount": "LocalSystem"}
{"Timestamp": "2019-03-03 09:24:24.699653Z", "Channel": "System", "Provider": "Service Control Manager", "Hostname": "WIN-77LTAPHIQ1R.example.corp", "SID": "S-1-5-21-1587066498-1489273250-1035260531-1108", "EventID": 7045, "RecordID": 4482, "Level": "Information", "Descr": "A service was installed on the system", "ServiceName": "spoolsv", "ServicePath": "cmd.exe", "ServiceType": "user mode service", "ServiceStartType": "auto start", "ServiceAccount": "LocalSystem"}
{"Timestamp": "2019-03-03 09:20:28.621489Z", "Channel": "System", "Provider": "Service Control Manager", "Hostname": "WIN-77LTAPHIQ1R.example.corp", "SID": "S-1-5-21-1587066498-1489273250-1035260531-1108", "EventID": 7045, "RecordID": 4480, "Level": "Information", "Descr": "A service was installed on the system", "ServiceName": "spoolfool", "ServicePath": "cmd.exe", "ServiceType": "user mode service", "ServiceStartType": "auto start", "ServiceAccount": "LocalSystem"}
{"Timestamp": "2020-07-22 20:29:36.437702Z", "Channel": "Security", "Provider": "Microsoft-Windows-Security-Auditing", "Hostname": "01566s-win16-ir.threebeesco.com", "SID": null, "EventID": 4768, "RecordID": 887117, "Level": "0", "Descr": "A Kerberos authentication ticket (TGT) was requested", "TargetUsername": "normal", "TargetDomain": "THREEBEESCO.COM", "ServiceName": "krbtgt", "ServiceSID": "S-1-5-21-308926384-506822093-3341789130-502", "TicketOptions+": "0x10", "TicketOptions": "0x10", "ResultCode+": "0x0", "ResultCode": "0x0", "TicketEncryptionType+": "0x12", "TicketEncryptionType": "0x12", "PreAuthType+": "2", "PreAuthType": "2", "IP": "::ffff:172.16.66.1", "Port": "52559", "CertIssuer": null, "CertSerialNumber": null, "CertThumbprint": null}
{"Timestamp": "2020-07-22 20:29:36.434698Z", "Channel": "Security", "Provider": "Microsoft-Windows-Security-Auditing", "Hostname": "01566s-win16-ir.threebeesco.com", "SID": null, "EventID": 4768, "RecordID": 887116, "Level": "0", "Descr": "A Kerberos authentication ticket (TGT) was requested", "TargetUsername": "normal", "TargetDomain": "THREEBEESCO.COM", "ServiceName": "krbtgt", "ServiceSID": "S-1-5-21-308926384-506822093-3341789130-502", "TicketOptions+": "0x10", "TicketOptions": "0x10", "ResultCode+": "0x0", "ResultCode": "0x0", "TicketEncryptionType+": "0x12", "TicketEncryptionType": "0x12", "PreAuthType+": "2", "PreAuthType": "2", "IP": "172.16.66.1", "Port": "55969", "CertIssuer": null, "CertSerialNumber": null, "CertThumbprint": null}
{"Timestamp": "2020-07-22 20:29:36.425838Z", "Channel": "Security", "Provider": "Microsoft-Windows-Security-Auditing", "Hostname": "01566s-win16-ir.threebeesco.com", "SID": null, "EventID": 4771, "RecordID": 887115, "Level": "0", "Descr": "Kerberos pre-authentication failed", "TargetUsername": "backdoor", "TargetSID": "S-1-5-21-308926384-506822093-3341789130-107103", "ServiceName": "krbtgt/THREEBEESCO.COM", "TicketOptions+": "0x10", "TicketOptions": "0x10", "ResultCode+": "0x18", "ResultCode": "0x18", "PreAuthType+": "2", "PreAuthType": "2", "IP": "172.16.66.1", "Port": "55968"}
{"Timestamp": "2020-07-22 20:29:36.425365Z", "Channel": "Security", "Provider": "Microsoft-Windows-Security-Auditing", "Hostname": "01566s-win16-ir.threebeesco.com", "SID": null, "EventID": 4771, "RecordID": 887114, "Level": "0", "Descr": "Kerberos pre-authentication failed", "TargetUsername": "Administrator", "TargetSID": "S-1-5-21-308926384-506822093-3341789130-500", "ServiceName": "krbtgt/THREEBEESCO.COM", "TicketOptions+": "0x10", "TicketOptions": "0x10", "ResultCode+": "0x18", "ResultCode": "0x18", "PreAuthType+": "2", "PreAuthType": "2", "IP": "172.16.66.1", "Port": "55967"}
{"Timestamp": "2020-07-22 20:29:36.415371Z", "Channel": "Security", "Provider": "Microsoft-Windows-Security-Auditing", "Hostname": "01566s-win16-ir.threebeesco.com", "SID": null, "EventID": 4768, "RecordID": 887113, "Level": "0", "Descr": "A Kerberos authentication ticket (TGT) was requested", "TargetUsername": "admin02", "TargetDomain": "THREEBEESCO.COM", "ServiceName": "krbtgt/THREEBEESCO.COM", "ServiceSID": "S-1-0-0", "TicketOptions+": "0x10", "TicketOptions": "0x10", "ResultCode+": "0x6", "ResultCode": "0x6", "TicketEncryptionType+": "0xffffffff", "TicketEncryptionType": "0xffffffff", "PreAuthType+": "-", "PreAuthType": "-", "IP": "172.16.66.1", "Port": "55966", "CertIssuer": null, "CertSerialNumber": null, "CertThumbprint": null}
{"Timestamp": "2020-07-22 20:29:36.415050Z", "Channel": "Security", "Provider": "Microsoft-Windows-Security-Auditing", "Hostname": "01566s-win16-ir.threebeesco.com", "SID": null, "EventID": 4768, "RecordID": 887112, "Level": "0", "Descr": "A Kerberos authentication ticket (TGT) was requested", "TargetUsername": "bob", "TargetDomain": "THREEBEESCO.COM", "ServiceName": "krbtgt/THREEBEESCO.COM", "ServiceSID": "S-1-0-0", "TicketOptions+": "0x10", "TicketOptions": "0x10", "ResultCode+": "0x6", "ResultCode": "0x6", "TicketEncryptionType+": "0xffffffff", "TicketEncryptionType": "0xffffffff", "PreAuthType+": "-", "PreAuthType": "-", "IP": "172.16.66.1", "Port": "55957", "CertIssuer": null, "CertSerialNumber": null, "CertThumbprint": null}
{"Timestamp": "2020-07-22 20:29:36.414984Z", "Channel": "Security", "Provider": "Microsoft-Windows-Security-Auditing", "Hostname": "01566s-win16-ir.threebeesco.com", "SID": null, "EventID": 4768, "RecordID": 887111, "Level": "0", "Descr": "A Kerberos authentication ticket (TGT) was requested", "TargetUsername": "svc-01", "TargetDomain": "THREEBEESCO.COM", "ServiceName": "krbtgt/THREEBEESCO.COM", "ServiceSID": "S-1-0-0", "TicketOptions+": "0x10", "TicketOptions": "0x10", "ResultCode+": "0x6", "ResultCode": "0x6", "TicketEncryptionType+": "0xffffffff", "TicketEncryptionType": "0xffffffff", "PreAuthType+": "-", "PreAuthType": "-", "IP": "172.16.66.1", "Port": "55960", "CertIssuer": null, "CertSerialNumber": null, "CertThumbprint": null}
{"Timestamp": "2020-07-22 20:29:36.414967Z", "Channel": "Security", "Provider": "Microsoft-Windows-Security-Auditing", "Hostname": "01566s-win16-ir.threebeesco.com", "SID": null, "EventID": 4768, "RecordID": 887110, "Level": "0", "Descr": "A Kerberos authentication ticket (TGT) was requested", "TargetUsername": "HD02", "TargetDomain": "THREEBEESCO.COM", "ServiceName": "krbtgt/THREEBEESCO.COM", "ServiceSID": "S-1-0-0", "TicketOptions+": "0x10", "TicketOptions": "0x10", "ResultCode+": "0x6", "ResultCode": "0x6", "TicketEncryptionType+": "0xffffffff", "TicketEncryptionType": "0xffffffff", "PreAuthType+": "-", "PreAuthType": "-", "IP": "172.16.66.1", "Port": "55962", "CertIssuer": null, "CertSerialNumber": null, "CertThumbprint": null}
{"Timestamp": "2020-07-22 20:29:36.414929Z", "Channel": "Security", "Provider": "Microsoft-Windows-Security-Auditing", "Hostname": "01566s-win16-ir.threebeesco.com", "SID": null, "EventID": 4768, "RecordID": 887109, "Level": "0", "Descr": "A Kerberos authentication ticket (TGT) was requested", "TargetUsername": "svc-02", "TargetDomain": "THREEBEESCO.COM", "ServiceName": "krbtgt/THREEBEESCO.COM", "ServiceSID": "S-1-0-0", "TicketOptions+": "0x10", "TicketOptions": "0x10", "ResultCode+": "0x6", "ResultCode": "0x6", "TicketEncryptionType+": "0xffffffff", "TicketEncryptionType": "0xffffffff", "PreAuthType+": "-", "PreAuthType": "-", "IP": "172.16.66.1", "Port": "55963", "CertIssuer": null, "CertSerialNumber": null, "CertThumbprint": null}
{"Timestamp": "2020-07-22 20:29:36.414856Z", "Channel": "Security", "Provider": "Microsoft-Windows-Security-Auditing", "Hostname": "01566s-win16-ir.threebeesco.com", "SID": null, "EventID": 4768, "RecordID": 887108, "Level": "0", "Descr": "A Kerberos authentication ticket (TGT) was requested", "TargetUsername": "admin", "TargetDomain": "THREEBEESCO.COM", "ServiceName": "krbtgt/THREEBEESCO.COM", "ServiceSID": "S-1-0-0", "TicketOptions+": "0x10", "TicketOptions": "0x10", "ResultCode+": "0x6", "ResultCode": "0x6", "TicketEncryptionType+": "0xffffffff", "TicketEncryptionType": "0xffffffff", "PreAuthType+": "-", "PreAuthType": "-", "IP": "172.16.66.1", "Port": "55958", "CertIssuer": null, "CertSerialNumber": null, "CertThumbprint": null}
{"Timestamp": "2020-07-22 20:29:36.414827Z", "Channel": "Security", "Provider": "Microsoft-Windows-Security-Auditing", "Hostname": "01566s-win16-ir.threebeesco.com", "SID": null, "EventID": 4768, "RecordID": 887107, "Level": "0", "Descr": "A Kerberos authentication ticket (TGT) was requested", "TargetUsername": "HD01", "TargetDomain": "THREEBEESCO.COM", "ServiceName": "krbtgt/THREEBEESCO.COM", "ServiceSID": "S-1-0-0", "TicketOptions+": "0x10", "TicketOptions": "0x10", "ResultCode+": "0x6", "ResultCode": "0x6", "TicketEncryptionType+": "0xffffffff", "TicketEncryptionType": "0xffffffff", "PreAuthType+": "-", "PreAuthType": "-", "IP": "172.16.66.1", "Port": "55961", "CertIssuer": null, "CertSerialNumber": null, "CertThumbprint": null}
{"Timestamp": "2020-07-22 20:29:27.321769Z", "Channel": "Security", "Provider": "Microsoft-Windows-Eventlog", "Hostname": "01566s-win16-ir.threebeesco.com", "SID": "S-1-5-21-308926384-506822093-3341789130-1106", "EventID": 1102, "RecordID": 887106, "Level": "Information", "Descr": "The audit log was cleared", "Username": "a-jbrown", "Domain": "3B", "LogonId": "0x3a17a"}
{"Timestamp": "2020-09-23 16:50:17.200140Z", "Channel": "Security", "Provider": "Microsoft-Windows-Security-Auditing", "Hostname": "01566s-win16-ir.threebeesco.com", "SID": "S-1-5-21-308926384-506822093-3341789130-500", "EventID": 5145, "RecordID": 772612, "Level": "0", "Descr": "A network share object was checked to see whether client can be granted desired access", "Username": "Administrator", "Domain": "3B", "LogonId": "0x1137987", "ObjectType": "File", "IP": "172.16.66.37", "Port": "50107", "ShareName": "\\\\*\\IPC$", "ShareLocalPath": null, "RelativeTargetName": "eventlog", "AccessMask": "0x83", "AccessList": "ReadData (or ListDirectory), WriteData (or AddFile), ReadAttributes", "AccessReason": "-"}
{"Timestamp": "2020-09-23 16:50:17.194652Z", "Channel": "Security", "Provider": "Microsoft-Windows-Security-Auditing", "Hostname": "01566s-win16-ir.threebeesco.com", "SID": "S-1-0-0", "EventID": 4624, "RecordID": 772611, "Level": "0", "Descr": "An account was successfully logged on", "Username": "-", "Domain": "-", "LogonId": "0x0", "TargetSID": "S-1-5-21-308926384-506822093-3341789130-500", "TargetUsername": "Administrator", "TargetDomain": "3B", "TargetLogonId": "0x1137987", "LogonType+": "3", "LogonType": "3", "LogonProcess": "NtLmSsp ", "AuthenticationPackage": "NTLM", "WorkstationName": "-", "LogonGUID": "00000000-0000-0000-0000-000000000000", "TransmittedServices": "-", "KeyLength": "128", "ProcessId": "0x0", "ProcessPath": "-", "IP": "172.16.66.37", "Port": "50107", "RestrictedAdminMode": "-", "TargetOutboundUsername": "-", "TargetOutboundDomain": "-", "ElevatedToken": "Yes"}
{"Timestamp": "2020-09-23 16:50:17.194314Z", "Channel": "Security", "Provider": "Microsoft-Windows-Security-Auditing", "Hostname": "01566s-win16-ir.threebeesco.com", "SID": null, "EventID": 4776, "RecordID": 772610, "Level": "0", "Descr": "The computer attempted to validate the credentials for an account", "AuthenticationPackage": "MICROSOFT_AUTHENTICATION_PACKAGE_V1_0", "TargetUsername": "Administrator", "WorkstationName": null, "ResultCode+": "0x0", "ResultCode": "0x0"}
{"Timestamp": "2020-09-23 16:50:16.870643Z", "Channel": "Security", "Provider": "Microsoft-Windows-Security-Auditing", "Hostname": "01566s-win16-ir.threebeesco.com", "SID": "S-1-5-18", "EventID": 4624, "RecordID": 772609, "Level": "0", "Descr": "An account was successfully logged on", "Username": "01566S-WIN16-IR$", "Domain": "3B", "LogonId": "0x3e7", "TargetSID": "S-1-5-18", "TargetUsername": "SYSTEM", "TargetDomain": "NT AUTHORITY", "TargetLogonId": "0x3e7", "LogonType+": "5", "LogonType": "5", "LogonProcess": "Advapi  ", "AuthenticationPackage": "Negotiate", "WorkstationName": "-", "LogonGUID": "00000000-0000-0000-0000-000000000000", "TransmittedServices": "-", "KeyLength": "0", "ProcessId": "0x244", "ProcessPath": "C:\\Windows\\System32\\services.exe", "IP": "-", "Port": "-", "RestrictedAdminMode": "-", "TargetOutboundUsername": "-", "TargetOutboundDomain": "-", "ElevatedToken": "Yes"}
{"Timestamp": "2020-09-23 16:50:16.702981Z", "Channel": "Security", "Provider": "Microsoft-Windows-Security-Auditing", "Hostname": "01566s-win16-ir.threebeesco.com", "SID": "S-1-5-21-308926384-506822093-3341789130-500", "EventID": 5145, "RecordID": 772608, "Level": "0", "Descr": "A network share object was checked to see whether client can be granted desired access", "Username": "Administrator", "Domain": "3B", "LogonId": "0x1136e95", "ObjectType": "File", "IP": "172.16.66.37", "Port": "50106", "ShareName": "\\\\*\\IPC$", "ShareLocalPath": null, "RelativeTargetName": "eventlog", "AccessMask": "0x83", "AccessList": "ReadData (or ListDirectory), WriteData (or AddFile), ReadAttributes", "AccessReason": "-"}
{"Timestamp": "2020-09-23 16:50:16.697736Z", "Channel": "Security", "Provider": "Microsoft-Windows-Security-Auditing", "Hostname": "01566s-win16-ir.threebeesco.com", "SID": "S-1-0-0", "EventID": 4624, "RecordID": 772607, "Level": "0", "Descr": "An account was successfully logged on", "Username": "-", "Domain": "-", "LogonId": "0x0", "TargetSID": "S-1-5-21-308926384-506822093-3341789130-500", "TargetUsername": "Administrator", "TargetDomain": "3B", "TargetLogonId": "0x1136e95", "LogonType+": "3", "LogonType": "3", "LogonProcess": "NtLmSsp ", "AuthenticationPackage": "NTLM", "WorkstationName": "-", "LogonGUID": "00000000-0000-0000-0000-000000000000", "TransmittedServices": "-", "KeyLength": "128", "ProcessId": "0x0", "ProcessPath": "-", "IP": "172.16.66.37", "Port": "50106", "RestrictedAdminMode": "-", "TargetOutboundUsername": "-", "TargetOutboundDomain": "-", "ElevatedToken": "Yes"}
{"Timestamp": "2020-09-23 16:50:16.697344Z", "Channel": "Security", "Provider": "Microsoft-Windows-Security-Auditing", "Hostname": "01566s-win16-ir.threebeesco.com", "SID": null, "EventID": 4776, "RecordID": 772606, "Level": "0", "Descr": "The computer attempted to validate the credentials for an account", "AuthenticationPackage": "MICROSOFT_AUTHENTICATION_PACKAGE_V1_0", "TargetUsername": "Administrator", "WorkstationName": null, "ResultCode+": "0x0", "ResultCode": "0x0"}
{"Timestamp": "2020-09-23 16:49:41.578692Z", "Channel": "Security", "Provider": "Microsoft-Windows-Eventlog", "Hostname": "01566s-win16-ir.threebeesco.com", "SID": "S-1-5-21-308926384-506822093-3341789130-500", "EventID": 1102, "RecordID": 772605, "Level": "Information", "Descr": "The audit log was cleared", "Username": "Administrator", "Domain": "3B", "LogonId": "0x7b186"}
{"Timestamp": "2019-01-20 07:02:45.550112Z", "Channel": "Security", "Provider": "Microsoft-Windows-Security-Auditing", "Hostname": "WIN-77LTAPHIQ1R.example.corp", "SID": "S-1-5-21-1587066498-1489273250-1035260531-1106", "EventID": 5145, "RecordID": 32862, "Level": "0", "Descr": "A network share object was checked to see whether client can be granted desired access", "Username": "user01", "Domain": "EXAMPLE", "LogonId": "0x13659d", "ObjectType": "File", "IP": "10.0.2.17", "Port": "49420", "ShareName": "\\\\*\\IPC$", "ShareLocalPath": null, "RelativeTargetName": "srvsvc", "AccessMask": "0x12019f", "AccessList": "READ_CONTROL, SYNCHRONIZE, ReadData (or ListDirectory), WriteData (or AddFile), AppendData (or AddSubdirectory or CreatePipeInstance), ReadEA, WriteEA, ReadAttributes, WriteAttributes", "AccessReason": "-"}
{"Timestamp": "2019-01-20 07:02:45.503202Z", "Channel": "Security", "Provider": "Microsoft-Windows-Security-Auditing", "Hostname": "WIN-77LTAPHIQ1R.example.corp", "SID": "S-1-5-21-1587066498-1489273250-1035260531-1106", "EventID": 5145, "RecordID": 32861, "Level": "0", "Descr": "A network share object was checked to see whether client can be granted desired access", "Username": "user01", "Domain": "EXAMPLE", "LogonId": "0x13659d", "ObjectType": "File", "IP": "10.0.2.17", "Port": "49420", "ShareName": "\\\\*\\IPC$", "ShareLocalPath": null, "RelativeTargetName": "samr", "AccessMask": "0x12019f", "AccessList": "READ_CONTROL, SYNCHRONIZE, ReadData (or ListDirectory), WriteData (or AddFile), AppendData (or AddSubdirectory or CreatePipeInstance), ReadEA, WriteEA, ReadAttributes, WriteAttributes", "AccessReason": "-"}
{"Timestamp": "2019-01-20 07:02:45.472384Z", "Channel": "Security", "Provider": "Microsoft-Windows-Security-Auditing", "Hostname": "WIN-77LTAPHIQ1R.example.corp", "SID": "S-1-5-21-1587066498-1489273250-1035260531-1106", "EventID": 5145, "RecordID": 32860, "Level": "0", "Descr": "A network share object was checked to see whether client can be granted desired access", "Username": "user01", "Domain": "EXAMPLE", "LogonId": "0x13659d", "ObjectType": "File", "IP": "10.0.2.17", "Port": "49420", "ShareName": "\\\\*\\IPC$", "ShareLocalPath": null, "RelativeTargetName": "samr", "AccessMask": "0x12019f", "AccessList": "READ_CONTROL, SYNCHRONIZE, ReadData (or ListDirectory), WriteData (or AddFile), AppendData (or AddSubdirectory or CreatePipeInstance), ReadEA, WriteEA, ReadAttributes, WriteAttributes", "AccessReason": "-"}
{"Timestamp": "2019-01-20 07:02:45.440693Z", "Channel": "Security", "Provider": "Microsoft-Windows-Security-Auditing", "Hostname": "WIN-77LTAPHIQ1R.example.corp", "SID": "S-1-5-21-1587066498-1489273250-1035260531-1106", "EventID": 5145, "RecordID": 32859, "Level": "0", "Descr": "A network share object was checked to see whether client can be granted desired access", "Username": "user01", "Domain": "EXAMPLE", "LogonId": "0x13659d", "ObjectType": "File", "IP": "10.0.2.17", "Port": "49420", "ShareName": "\\\\*\\IPC$", "ShareLocalPath": null, "RelativeTargetName": "NETLOGON", "AccessMask": "0x12019f", "AccessList": "READ_CONTROL, SYNCHRONIZE, ReadData (or ListDirectory), WriteData (or AddFile), AppendData (or AddSubdirectory or CreatePipeInstance), ReadEA, WriteEA, ReadAttributes, WriteAttributes", "AccessReason": "-"}
{"Timestamp": "2019-01-20 07:02:45.424918Z", "Channel": "Security", "Provider": "Microsoft-Windows-Security-Auditing", "Hostname": "WIN-77LTAPHIQ1R.example.corp", "SID": "S-1-5-21-1587066498-1489273250-1035260531-1106", "EventID": 5145, "RecordID": 32858, "Level": "0", "Descr": "A network share object was checked to see whether client can be granted desired access", "Username": "user01", "Domain": "EXAMPLE", "LogonId": "0x13659d", "ObjectType": "File", "IP": "10.0.2.17", "Port": "49420", "ShareName": "\\\\*\\IPC$", "ShareLocalPath": null, "RelativeTargetName": "lsarpc", "AccessMask": "0x12019f", "AccessList": "READ_CONTROL, SYNCHRONIZE, ReadData (or ListDirectory), WriteData (or AddFile), AppendData (or AddSubdirectory or CreatePipeInstance), ReadEA, WriteEA, ReadAttributes, WriteAttributes", "AccessReason": "-"}
{"Timestamp": "2019-01-20 07:02:45.409321Z", "Channel": "Security", "Provider": "Microsoft-Windows-Security-Auditing", "Hostname": "WIN-77LTAPHIQ1R.example.corp", "SID": "S-1-5-21-1587066498-1489273250-1035260531-1106", "EventID": 5145, "RecordID": 32857, "Level": "0", "Descr": "A network share object was checked to see whether client can be granted desired access", "Username": "user01", "Domain": "EXAMPLE", "LogonId": "0x13659d", "ObjectType": "File", "IP": "10.0.2.17", "Port": "49420", "ShareName": "\\\\*\\IPC$", "ShareLocalPath": null, "RelativeTargetName": "samr", "AccessMask": "0x12019f", "AccessList": "READ_CONTROL, SYNCHRONIZE, ReadData (or ListDirectory), WriteData (or AddFile), AppendData (or AddSubdirectory or CreatePipeInstance), ReadEA, WriteEA, ReadAttributes, WriteAttributes", "AccessReason": "-"}
{"Timestamp": "2019-01-20 07:01:41.206379Z", "Channel": "Security", "Provider": "Microsoft-Windows-Security-Auditing", "Hostname": "WIN-77LTAPHIQ1R.example.corp", "SID": "S-1-5-21-1587066498-1489273250-1035260531-1106", "EventID": 5145, "RecordID": 32856, "Level": "0", "Descr": "A network share object was checked to see whether client can be granted desired access", "Username": "user01", "Domain": "EXAMPLE", "LogonId": "0x1361bd", "ObjectType": "File", "IP": "10.0.2.17", "Port": "49409", "ShareName": "\\\\*\\IPC$", "ShareLocalPath": null, "RelativeTargetName": "samr", "AccessMask": "0x12019f", "AccessList": "READ_CONTROL, SYNCHRONIZE, ReadData (or ListDirectory), WriteData (or AddFile), AppendData (or AddSubdirectory or CreatePipeInstance), ReadEA, WriteEA, ReadAttributes, WriteAttributes", "AccessReason": "-"}
{"Timestamp": "2019-01-20 07:01:20.972601Z", "Channel": "Security", "Provider": "Microsoft-Windows-Security-Auditing", "Hostname": "WIN-77LTAPHIQ1R.example.corp", "SID": "S-1-5-18", "EventID": 5145, "RecordID": 32855, "Level": "0", "Descr": "A network share object was checked to see whether client can be granted desired access", "Username": "WIN-77LTAPHIQ1R$", "Domain": "EXAMPLE", "LogonId": "0x136123", "ObjectType": "File", "IP": "fe80::79bf:8ee2:433c:2567", "Port": "63570", "ShareName": "\\\\*\\SYSVOL", "ShareLocalPath": "\\??\\C:\\Windows\\SYSVOL\\sysvol", "RelativeTargetName": "\\", "AccessMask": "0x100080", "AccessList": "SYNCHRONIZE, ReadAttributes", "AccessReason": "%%1541:\t%%1801\tD:(A;;0x1200a9;;;WD)\n\t\t\t\t%%4423:\t%%1801\tD:(A;;0x1200a9;;;WD)\n\t\t\t\t"}
{"Timestamp": "2019-01-20 07:00:56.784849Z", "Channel": "Security", "Provider": "Microsoft-Windows-Security-Auditing", "Hostname": "WIN-77LTAPHIQ1R.example.corp", "SID": "S-1-5-21-1587066498-1489273250-1035260531-1108", "EventID": 5145, "RecordID": 32854, "Level": "0", "Descr": "A network share object was checked to see whether client can be granted desired access", "Username": "admin01", "Domain": "EXAMPLE", "LogonId": "0x135faa", "ObjectType": "File", "IP": "10.0.2.18", "Port": "49786", "ShareName": "\\\\*\\IPC$", "ShareLocalPath": null, "RelativeTargetName": "samr", "AccessMask": "0x12019f", "AccessList": "READ_CONTROL, SYNCHRONIZE, ReadData (or ListDirectory), WriteData (or AddFile), AppendData (or AddSubdirectory or CreatePipeInstance), ReadEA, WriteEA, ReadAttributes, WriteAttributes", "AccessReason": "-"}
{"Timestamp": "2019-01-20 07:00:50.800225Z", "Channel": "Security", "Provider": "Microsoft-Windows-Eventlog", "Hostname": "WIN-77LTAPHIQ1R.example.corp", "SID": "S-1-5-21-1587066498-1489273250-1035260531-500", "EventID": 1102, "RecordID": 32853, "Level": "Information", "Descr": "The audit log was cleared", "Username": "Administrator", "Domain": "EXAMPLE", "LogonId": "0x35312"}
{"Timestamp": "2020-08-02 16:24:07.558941Z", "Channel": "Security", "Provider": "Microsoft-Windows-Security-Auditing", "Hostname": "MSEDGEWIN10", "SID": "S-1-5-20", "EventID": 5145, "RecordID": 87753, "Level": "0", "Descr": "A network share object was checked to see whether client can be granted desired access", "Username": "MSEDGEWIN10$", "Domain": "WORKGROUP", "LogonId": "0x3e4", "ObjectType": "File", "IP": "::1", "Port": "49674", "ShareName": "\\\\*\\IPC$", "ShareLocalPath": null, "RelativeTargetName": "pipey", "AccessMask": "0x12019f", "AccessList": "READ_CONTROL, SYNCHRONIZE, ReadData (or ListDirectory), WriteData (or AddFile), AppendData (or AddSubdirectory or CreatePipeInstance), ReadEA, WriteEA, ReadAttributes, WriteAttributes", "AccessReason": "-"}
{"Timestamp": "2019-01-19 13:00:10.711207Z", "Channel": "Security", "Provider": "Microsoft-Windows-Security-Auditing", "Hostname": "IEWIN7", "SID": "S-1-5-21-3583694148-1414552638-2922671848-1000", "EventID": 5145, "RecordID": 84052, "Level": "0", "Descr": "A network share object was checked to see whether client can be granted desired access", "Username": "IEUser", "Domain": "IEWIN7", "LogonId": "0x162630", "ObjectType": "File", "IP": "10.0.2.16", "Port": "54765", "ShareName": "\\\\*\\IPC$", "ShareLocalPath": null, "RelativeTargetName": "blabla-NLLT108334-37048-stderr", "AccessMask": "0x120089", "AccessList": "READ_CONTROL, SYNCHRONIZE, ReadData (or ListDirectory), ReadEA, ReadAttributes", "AccessReason": "-"}
{"Timestamp": "2019-01-19 13:00:10.711207Z", "Channel": "Security", "Provider": "Microsoft-Windows-Security-Auditing", "Hostname": "IEWIN7", "SID": "S-1-5-21-3583694148-1414552638-2922671848-1000", "EventID": 5145, "RecordID": 84051, "Level": "0", "Descr": "A network share object was checked to see whether client can be granted desired access", "Username": "IEUser", "Domain": "IEWIN7", "LogonId": "0x162630", "ObjectType": "File", "IP": "10.0.2.16", "Port": "54765", "ShareName": "\\\\*\\IPC$", "ShareLocalPath": null, "RelativeTargetName": "blabla-NLLT108334-37048-stdout", "AccessMask": "0x120089", "AccessList": "READ_CONTROL, SYNCHRONIZE, ReadData (or ListDirectory), ReadEA, ReadAttributes", "AccessReason": "-"}
{"Timestamp": "2019-01-19 13:00:10.711207Z", "Channel": "Security", "Provider": "Microsoft-Windows-Security-Auditing", "Hostname": "IEWIN7", "SID": "S-1-5-21-3583694148-1414552638-2922671848-1000", "EventID": 5145, "RecordID": 84050, "Level": "0", "Descr": "A network share object was checked to see whether client can be granted desired access", "Username": "IEUser", "Domain": "IEWIN7", "LogonId": "0x162630", "ObjectType": "File", "IP": "10.0.2.16", "Port": "54765", "ShareName": "\\\\*\\IPC$", "ShareLocalPath": null, "RelativeTargetName": "blabla-NLLT108334-37048-stdin", "AccessMask": "0x120196", "AccessList": "READ_CONTROL, SYNCHRONIZE, WriteData (or AddFile), AppendData (or AddSubdirectory or CreatePipeInstance), WriteEA, ReadAttributes, WriteAttributes", "AccessReason": "-"}
{"Timestamp": "2019-01-19 13:00:10.540962Z", "Channel": "Security", "Provider": "Microsoft-Windows-Security-Auditing", "Hostname": "IEWIN7", "SID": "S-1-5-21-3583694148-1414552638-2922671848-1000", "EventID": 5145, "RecordID": 84047, "Level": "0", "Descr": "A network share object was checked to see whether client can be granted desired access", "Username": "IEUser", "Domain": "IEWIN7", "LogonId": "0x162630", "ObjectType": "File", "IP": "10.0.2.16", "Port": "54765", "ShareName": "\\\\*\\IPC$", "ShareLocalPath": null, "RelativeTargetName": "blabla", "AccessMask": "0x12019f", "AccessList": "READ_CONTROL, SYNCHRONIZE, ReadData (or ListDirectory), WriteData (or AddFile), AppendData (or AddSubdirectory or CreatePipeInstance), ReadEA, WriteEA, ReadAttributes, WriteAttributes", "AccessReason": "-"}
{"Timestamp": "2019-01-19 13:00:10.380732Z", "Channel": "Security", "Provider": "Microsoft-Windows-Security-Auditing", "Hostname": "IEWIN7", "SID": "S-1-5-21-3583694148-1414552638-2922671848-1000", "EventID": 5145, "RecordID": 84044, "Level": "0", "Descr": "A network share object was checked to see whether client can be granted desired access", "Username": "IEUser", "Domain": "IEWIN7", "LogonId": "0x162630", "ObjectType": "File", "IP": "10.0.2.16", "Port": "54765", "ShareName": "\\\\*\\IPC$", "ShareLocalPath": null, "RelativeTargetName": "svcctl", "AccessMask": "0x12019f", "AccessList": "READ_CONTROL, SYNCHRONIZE, ReadData (or ListDirectory), WriteData (or AddFile), AppendData (or AddSubdirectory or CreatePipeInstance), ReadEA, WriteEA, ReadAttributes, WriteAttributes", "AccessReason": "-"}
{"Timestamp": "2019-01-19 13:00:10.350688Z", "Channel": "Security", "Provider": "Microsoft-Windows-Security-Auditing", "Hostname": "IEWIN7", "SID": "S-1-5-21-3583694148-1414552638-2922671848-1000", "EventID": 5145, "RecordID": 84039, "Level": "0", "Descr": "A network share object was checked to see whether client can be granted desired access", "Username": "IEUser", "Domain": "IEWIN7", "LogonId": "0x162630", "ObjectType": "File", "IP": "10.0.2.16", "Port": "54765", "ShareName": "\\\\*\\ADMIN$", "ShareLocalPath": "\\??\\C:\\Windows", "RelativeTargetName": "blabla.exe", "AccessMask": "0x120196", "AccessList": "READ_CONTROL, SYNCHRONIZE, WriteData (or AddFile), AppendData (or AddSubdirectory or CreatePipeInstance), WriteEA, ReadAttributes, WriteAttributes", "AccessReason": "-"}
{"Timestamp": "2019-01-19 13:00:10.350688Z", "Channel": "Security", "Provider": "Microsoft-Windows-Security-Auditing", "Hostname": "IEWIN7", "SID": "S-1-5-21-3583694148-1414552638-2922671848-1000", "EventID": 5145, "RecordID": 84038, "Level": "0", "Descr": "A network share object was checked to see whether client can be granted desired access", "Username": "IEUser", "Domain": "IEWIN7", "LogonId": "0x162630", "ObjectType": "File", "IP": "10.0.2.16", "Port": "54765", "ShareName": "\\\\*\\ADMIN$", "ShareLocalPath": "\\??\\C:\\Windows", "RelativeTargetName": "blabla.exe", "AccessMask": "0x120196", "AccessList": "READ_CONTROL, SYNCHRONIZE, WriteData (or AddFile), AppendData (or AddSubdirectory or CreatePipeInstance), WriteEA, ReadAttributes, WriteAttributes", "AccessReason": "-"}
{"Timestamp": "2019-01-19 13:00:10.350688Z", "Channel": "Security", "Provider": "Microsoft-Windows-Security-Auditing", "Hostname": "IEWIN7", "SID": "S-1-5-21-3583694148-1414552638-2922671848-1000", "EventID": 5145, "RecordID": 84037, "Level": "0", "Descr": "A network share object was checked to see whether client can be granted desired access", "Username": "IEUser", "Domain": "IEWIN7", "LogonId": "0x162630", "ObjectType": "File", "IP": "10.0.2.16", "Port": "54765", "ShareName": "\\\\*\\ADMIN$", "ShareLocalPath": "\\??\\C:\\Windows", "RelativeTargetName": "\\", "AccessMask": "0x100088", "AccessList": "SYNCHRONIZE, ReadEA, ReadAttributes", "AccessReason": "-"}
{"Timestamp": "2019-01-19 12:57:42.237712Z", "Channel": "Security", "Provider": "Microsoft-Windows-Security-Auditing", "Hostname": "IEWIN7", "SID": "S-1-5-18", "EventID": 5145, "RecordID": 84018, "Level": "0", "Descr": "A network share object was checked to see whether client can be granted desired access", "Username": "IEWIN7$", "Domain": "WORKGROUP", "LogonId": "0x3e7", "ObjectType": "File", "IP": "10.0.2.15", "Port": "49160", "ShareName": "\\\\*\\IPC$", "ShareLocalPath": null, "RelativeTargetName": "srvsvc", "AccessMask": "0x12019f", "AccessList": "READ_CONTROL, SYNCHRONIZE, ReadData (or ListDirectory), WriteData (or AddFile), AppendData (or AddSubdirectory or CreatePipeInstance), ReadEA, WriteEA, ReadAttributes, WriteAttributes", "AccessReason": "-"}
{"Timestamp": "2019-01-19 12:57:42.237712Z", "Channel": "Security", "Provider": "Microsoft-Windows-Security-Auditing", "Hostname": "IEWIN7", "SID": "S-1-5-21-3583694148-1414552638-2922671848-1000", "EventID": 5145, "RecordID": 84017, "Level": "0", "Descr": "A network share object was checked to see whether client can be granted desired access", "Username": "IEUser", "Domain": "IEWIN7", "LogonId": "0x11d8c8", "ObjectType": "File", "IP": "10.0.2.16", "Port": "57357", "ShareName": "\\\\*\\IPC$", "ShareLocalPath": null, "RelativeTargetName": "MsFteWds", "AccessMask": "0x12019f", "AccessList": "READ_CONTROL, SYNCHRONIZE, ReadData (or ListDirectory), WriteData (or AddFile), AppendData (or AddSubdirectory or CreatePipeInstance), ReadEA, WriteEA, ReadAttributes, WriteAttributes", "AccessReason": "-"}
{"Timestamp": "2019-01-19 12:57:41.716964Z", "Channel": "Security", "Provider": "Microsoft-Windows-Security-Auditing", "Hostname": "IEWIN7", "SID": "S-1-5-18", "EventID": 5145, "RecordID": 84015, "Level": "0", "Descr": "A network share object was checked to see whether client can be granted desired access", "Username": "IEWIN7$", "Domain": "WORKGROUP", "LogonId": "0x3e7", "ObjectType": "File", "IP": "10.0.2.15", "Port": "49160", "ShareName": "\\\\*\\IPC$", "ShareLocalPath": null, "RelativeTargetName": "srvsvc", "AccessMask": "0x12019f", "AccessList": "READ_CONTROL, SYNCHRONIZE, ReadData (or ListDirectory), WriteData (or AddFile), AppendData (or AddSubdirectory or CreatePipeInstance), ReadEA, WriteEA, ReadAttributes, WriteAttributes", "AccessReason": "-"}
{"Timestamp": "2019-01-19 12:57:41.716964Z", "Channel": "Security", "Provider": "Microsoft-Windows-Security-Auditing", "Hostname": "IEWIN7", "SID": "S-1-5-21-3583694148-1414552638-2922671848-1000", "EventID": 5145, "RecordID": 84014, "Level": "0", "Descr": "A network share object was checked to see whether client can be granted desired access", "Username": "IEUser", "Domain": "IEWIN7", "LogonId": "0x11d8c8", "ObjectType": "File", "IP": "10.0.2.16", "Port": "57357", "ShareName": "\\\\*\\IPC$", "ShareLocalPath": null, "RelativeTargetName": "MsFteWds", "AccessMask": "0x12019f", "AccessList": "READ_CONTROL, SYNCHRONIZE, ReadData (or ListDirectory), WriteData (or AddFile), AppendData (or AddSubdirectory or CreatePipeInstance), ReadEA, WriteEA, ReadAttributes, WriteAttributes", "AccessReason": "-"}
{"Timestamp": "2019-01-19 12:57:40.595351Z", "Channel": "Security", "Provider": "Microsoft-Windows-Security-Auditing", "Hostname": "IEWIN7", "SID": "S-1-5-21-3583694148-1414552638-2922671848-1000", "EventID": 5145, "RecordID": 84012, "Level": "0", "Descr": "A network share object was checked to see whether client can be granted desired access", "Username": "IEUser", "Domain": "IEWIN7", "LogonId": "0x11d8c8", "ObjectType": "File", "IP": "10.0.2.16", "Port": "57357", "ShareName": "\\\\*\\ADMIN$", "ShareLocalPath": "\\??\\C:\\Windows", "RelativeTargetName": "\\", "AccessMask": "0x100080", "AccessList": "SYNCHRONIZE, ReadAttributes", "AccessReason": "-"}
{"Timestamp": "2019-01-19 12:57:32.804148Z", "Channel": "Security", "Provider": "Microsoft-Windows-Security-Auditing", "Hostname": "IEWIN7", "SID": "S-1-5-18", "EventID": 5145, "RecordID": 84011, "Level": "0", "Descr": "A network share object was checked to see whether client can be granted desired access", "Username": "IEWIN7$", "Domain": "WORKGROUP", "LogonId": "0x3e7", "ObjectType": "File", "IP": "10.0.2.15", "Port": "49160", "ShareName": "\\\\*\\IPC$", "ShareLocalPath": null, "RelativeTargetName": "srvsvc", "AccessMask": "0x12019f", "AccessList": "READ_CONTROL, SYNCHRONIZE, ReadData (or ListDirectory), WriteData (or AddFile), AppendData (or AddSubdirectory or CreatePipeInstance), ReadEA, WriteEA, ReadAttributes, WriteAttributes", "AccessReason": "-"}
{"Timestamp": "2019-01-19 12:57:32.794133Z", "Channel": "Security", "Provider": "Microsoft-Windows-Security-Auditing", "Hostname": "IEWIN7", "SID": "S-1-5-21-3583694148-1414552638-2922671848-1000", "EventID": 5145, "RecordID": 84010, "Level": "0", "Descr": "A network share object was checked to see whether client can be granted desired access", "Username": "IEUser", "Domain": "IEWIN7", "LogonId": "0x11d8c8", "ObjectType": "File", "IP": "10.0.2.16", "Port": "57357", "ShareName": "\\\\*\\IPC$", "ShareLocalPath": null, "RelativeTargetName": "MsFteWds", "AccessMask": "0x12019f", "AccessList": "READ_CONTROL, SYNCHRONIZE, ReadData (or ListDirectory), WriteData (or AddFile), AppendData (or AddSubdirectory or CreatePipeInstance), ReadEA, WriteEA, ReadAttributes, WriteAttributes", "AccessReason": "-"}
{"Timestamp": "2019-01-19 12:57:32.233327Z", "Channel": "Security", "Provider": "Microsoft-Windows-Security-Auditing", "Hostname": "IEWIN7", "SID": "S-1-5-18", "EventID": 5145, "RecordID": 84009, "Level": "0", "Descr": "A network share object was checked to see whether client can be granted desired access", "Username": "IEWIN7$", "Domain": "WORKGROUP", "LogonId": "0x3e7", "ObjectType": "File", "IP": "10.0.2.15", "Port": "49160", "ShareName": "\\\\*\\IPC$", "ShareLocalPath": null, "RelativeTargetName": "srvsvc", "AccessMask": "0x12019f", "AccessList": "READ_CONTROL, SYNCHRONIZE, ReadData (or ListDirectory), WriteData (or AddFile), AppendData (or AddSubdirectory or CreatePipeInstance), ReadEA, WriteEA, ReadAttributes, WriteAttributes", "AccessReason": "-"}
{"Timestamp": "2019-01-19 12:57:32.223312Z", "Channel": "Security", "Provider": "Microsoft-Windows-Security-Auditing", "Hostname": "IEWIN7", "SID": "S-1-5-21-3583694148-1414552638-2922671848-1000", "EventID": 5145, "RecordID": 84005, "Level": "0", "Descr": "A network share object was checked to see whether client can be granted desired access", "Username": "IEUser", "Domain": "IEWIN7", "LogonId": "0x11d8c8", "ObjectType": "File", "IP": "10.0.2.16", "Port": "57357", "ShareName": "\\\\*\\IPC$", "ShareLocalPath": null, "RelativeTargetName": "MsFteWds", "AccessMask": "0x12019f", "AccessList": "READ_CONTROL, SYNCHRONIZE, ReadData (or ListDirectory), WriteData (or AddFile), AppendData (or AddSubdirectory or CreatePipeInstance), ReadEA, WriteEA, ReadAttributes, WriteAttributes", "AccessReason": "-"}
{"Timestamp": "2019-01-19 12:57:30.400692Z", "Channel": "Security", "Provider": "Microsoft-Windows-Security-Auditing", "Hostname": "IEWIN7", "SID": "S-1-5-21-3583694148-1414552638-2922671848-1000", "EventID": 5145, "RecordID": 84003, "Level": "0", "Descr": "A network share object was checked to see whether client can be granted desired access", "Username": "IEUser", "Domain": "IEWIN7", "LogonId": "0x11d8c8", "ObjectType": "File", "IP": "10.0.2.16", "Port": "57357", "ShareName": "\\\\*\\ADMIN$", "ShareLocalPath": "\\??\\C:\\Windows", "RelativeTargetName": "\\", "AccessMask": "0x80", "AccessList": "ReadAttributes", "AccessReason": "-"}
{"Timestamp": "2019-01-19 12:57:30.400692Z", "Channel": "Security", "Provider": "Microsoft-Windows-Security-Auditing", "Hostname": "IEWIN7", "SID": "S-1-5-21-3583694148-1414552638-2922671848-1000", "EventID": 5145, "RecordID": 84002, "Level": "0", "Descr": "A network share object was checked to see whether client can be granted desired access", "Username": "IEUser", "Domain": "IEWIN7", "LogonId": "0x11d8c8", "ObjectType": "File", "IP": "10.0.2.16", "Port": "57357", "ShareName": "\\\\*\\ADMIN$", "ShareLocalPath": "\\??\\C:\\Windows", "RelativeTargetName": "\\", "AccessMask": "0x100080", "AccessList": "SYNCHRONIZE, ReadAttributes", "AccessReason": "-"}
