{"Timestamp": "2020-11-23 15:41:52.634688Z", "Channel": "Microsoft-Windows-Bits-Client/Operational", "Provider": "Microsoft-Windows-Bits-Client", "Hostname": "MSEDGEWIN10", "SID": "S-1-5-18", "EventID": 3, "RecordID": 9155, "Level": "Information", "Descr": "The BITS service created a new job", "JobTitle": "Push Notification Platform Job: 1", "JobId": "740F8784-E849-43DC-92C1-B6A8CE111A6A", "JobOwner": "MSEDGEWIN10\\IEUser", "ProcessPath": "C:\\Windows\\System32\\svchost.exe", "ProcessId": "5172"}
{"Timestamp": "2020-11-23 15:34:38.327991Z", "Channel": "Microsoft-Windows-Bits-Client/Operational", "Provider": "Microsoft-Windows-Bits-Client", "Hostname": "MSEDGEWIN10", "SID": "S-1-5-18", "EventID": 4, "RecordID": 9152, "Level": "Information", "Descr": "The transfer job is complete", "Username": "MSEDGEWIN10\\IEUser", "JobTitle": "Push Notification Platform Job: 1", "JobId": "292739C5-7846-4E30-A6CD-DB6B3852CD83", "JobOwner": "MSEDGEWIN10\\IEUser", "FileCount": "1"}
{"Timestamp": "2020-11-23 15:34:38.324856Z", "Channel": "Microsoft-Windows-Bits-Client/Operational", "Provider": "Microsoft-Windows-Bits-Client", "Hostname": "MSEDGEWIN10", "SID": "S-1-5-18", "EventID": 60, "RecordID": 9151, "Level": "Information", "Descr": "BITS stopped transferring the <Name> transfer job that is associated with the <URL>", "TransferId": "828407D9-64EB-430E-A312-E9AB9C8BED3A", "Name": "Push Notification Platform Job: 1", "JobId": "292739C5-7846-4E30-A6CD-DB6B3852CD83", "URL": "https://img-s-msn-com.akamaized.net/tenant/amp/entityid/BB1bhAo3.img?w=100&h=100&m=6&tilesize=medium&x=1228&y=258&ms-scale=100&ms-contrast=standard", "Peer": null, "FileTime": "2020-11-23 15:03:01 UTC", "FileSize": "5728", "BytesTotal": "5728", "BytesTransferred": "5728", "BytesTransferredFromPeer": "0"}
{"Timestamp": "2020-11-23 15:34:38.147463Z", "Channel": "Microsoft-Windows-Bits-Client/Operational", "Provider": "Microsoft-Windows-Bits-Client", "Hostname": "MSEDGEWIN10", "SID": "S-1-5-18", "EventID": 59, "RecordID": 9150, "Level": "Information", "Descr": "BITS started the <Name> transfer job that is associated with the <URL>", "TransferId": "828407D9-64EB-430E-A312-E9AB9C8BED3A", "Name": "Push Notification Platform Job: 1", "JobId": "292739C5-7846-4E30-A6CD-DB6B3852CD83", "URL": "https://img-s-msn-com.akamaized.net/tenant/amp/entityid/BB1bhAo3.img?w=100&h=100&m=6&tilesize=medium&x=1228&y=258&ms-scale=100&ms-contrast=standard", "Peer": null, "FileTime": "1601-01-01 00:00:00 UTC", "FileSize": "18446744073709551615"}
{"Timestamp": "2020-11-23 15:34:38.108773Z", "Channel": "Microsoft-Windows-Bits-Client/Operational", "Provider": "Microsoft-Windows-Bits-Client", "Hostname": "MSEDGEWIN10", "SID": "S-1-5-18", "EventID": 3, "RecordID": 9148, "Level": "Information", "Descr": "The BITS service created a new job", "JobTitle": "Push Notification Platform Job: 1", "JobId": "292739C5-7846-4E30-A6CD-DB6B3852CD83", "JobOwner": "MSEDGEWIN10\\IEUser", "ProcessPath": "C:\\Windows\\System32\\svchost.exe", "ProcessId": "3156"}
{"Timestamp": "2020-11-23 14:09:10.971813Z", "Channel": "Microsoft-Windows-Bits-Client/Operational", "Provider": "Microsoft-Windows-Bits-Client", "Hostname": "MSEDGEWIN10", "SID": "S-1-5-18", "EventID": 4, "RecordID": 9145, "Level": "Information", "Descr": "The transfer job is complete", "Username": "MSEDGEWIN10\\IEUser", "JobTitle": "Push Notification Platform Job: 1", "JobId": "51CE3579-F328-4E68-B65D-9832E705D31A", "JobOwner": "MSEDGEWIN10\\IEUser", "FileCount": "1"}
{"Timestamp": "2020-11-23 14:09:10.962249Z", "Channel": "Microsoft-Windows-Bits-Client/Operational", "Provider": "Microsoft-Windows-Bits-Client", "Hostname": "MSEDGEWIN10", "SID": "S-1-5-18", "EventID": 60, "RecordID": 9144, "Level": "Information", "Descr": "BITS stopped transferring the <Name> transfer job that is associated with the <URL>", "TransferId": "879F5B32-A912-4ECA-9E0A-25C7C0C8E83B", "Name": "Push Notification Platform Job: 1", "JobId": "51CE3579-F328-4E68-B65D-9832E705D31A", "URL": "https://img-s-msn-com.akamaized.net/tenant/amp/entityid/BB1bhxvH.img?w=100&h=100&m=6&tilesize=medium&ms-scale=100&ms-contrast=standard", "Peer": null, "FileTime": "2020-11-23 14:03:28 UTC", "FileSize": "4652", "BytesTotal": "4652", "BytesTransferred": "4652", "BytesTransferredFromPeer": "0"}
{"Timestamp": "2020-11-23 14:09:10.403238Z", "Channel": "Microsoft-Windows-Bits-Client/Operational", "Provider": "Microsoft-Windows-Bits-Client", "Hostname": "MSEDGEWIN10", "SID": "S-1-5-18", "EventID": 59, "RecordID": 9143, "Level": "Information", "Descr": "BITS started the <Name> transfer job that is associated with the <URL>", "TransferId": "879F5B32-A912-4ECA-9E0A-25C7C0C8E83B", "Name": "Push Notification Platform Job: 1", "JobId": "51CE3579-F328-4E68-B65D-9832E705D31A", "URL": "https://img-s-msn-com.akamaized.net/tenant/amp/entityid/BB1bhxvH.img?w=100&h=100&m=6&tilesize=medium&ms-scale=100&ms-contrast=standard", "Peer": null, "FileTime": "1601-01-01 00:00:00 UTC", "FileSize": "18446744073709551615"}
{"Timestamp": "2020-11-23 14:09:10.369507Z", "Channel": "Microsoft-Windows-Bits-Client/Operational", "Provider": "Microsoft-Windows-Bits-Client", "Hostname": "MSEDGEWIN10", "SID": "S-1-5-18", "EventID": 3, "RecordID": 9141, "Level": "Information", "Descr": "The BITS service created a new job", "JobTitle": "Push Notification Platform Job: 1", "JobId": "51CE3579-F328-4E68-B65D-9832E705D31A", "JobOwner": "MSEDGEWIN10\\IEUser", "ProcessPath": "C:\\Windows\\System32\\svchost.exe", "ProcessId": "5604"}
{"Timestamp": "2020-11-23 12:46:57.134747Z", "Channel": "Microsoft-Windows-Bits-Client/Operational", "Provider": "Microsoft-Windows-Bits-Client", "Hostname": "MSEDGEWIN10", "SID": "S-1-5-18", "EventID": 4, "RecordID": 9139, "Level": "Information", "Descr": "The transfer job is complete", "Username": "MSEDGEWIN10\\IEUser", "JobTitle": "UpdateDescriptionXml", "JobId": "9830BA26-B525-4419-AABE-4E4F1A74EAA8", "JobOwner": "MSEDGEWIN10\\IEUser", "FileCount": "1"}
{"Timestamp": "2020-11-23 12:46:57.126461Z", "Channel": "Microsoft-Windows-Bits-Client/Operational", "Provider": "Microsoft-Windows-Bits-Client", "Hostname": "MSEDGEWIN10", "SID": "S-1-5-18", "EventID": 60, "RecordID": 9138, "Level": "Information", "Descr": "BITS stopped transferring the <Name> transfer job that is associated with the <URL>", "TransferId": "3A36FCB7-466B-4371-B87F-2E10107E9A99", "Name": "UpdateDescriptionXml", "JobId": "9830BA26-B525-4419-AABE-4E4F1A74EAA8", "URL": "https://g.live.com/1rewlive5skydrive/ODSUProduction", "Peer": null, "FileTime": "2020-10-26 21:00:55 UTC", "FileSize": "526", "BytesTotal": "526", "BytesTransferred": "526", "BytesTransferredFromPeer": "0"}
{"Timestamp": "2021-03-15 18:01:13.168325Z", "Channel": "Microsoft-Windows-Bits-Client/Operational", "Provider": "Microsoft-Windows-Bits-Client", "Hostname": "MSEDGEWIN10", "SID": "S-1-5-21-3461203602-4096304019-2269080069-1000", "EventID": 5, "RecordID": 9344, "Level": "Information", "Descr": "Job cancelled", "Username": "MSEDGEWIN10\\IEUser", "JobTitle": "47c090fb.png", "JobId": "1D6E3E51-6951-43A4-BBCA-90E01DC96B11", "JobOwner": "MSEDGEWIN10\\IEUser", "FileCount": "1"}
{"Timestamp": "2021-03-15 18:00:32.613848Z", "Channel": "Microsoft-Windows-Bits-Client/Operational", "Provider": "Microsoft-Windows-Bits-Client", "Hostname": "MSEDGEWIN10", "SID": "S-1-5-18", "EventID": 3, "RecordID": 9342, "Level": "Information", "Descr": "The BITS service created a new job", "JobTitle": "47c090fb.png", "JobId": "1D6E3E51-6951-43A4-BBCA-90E01DC96B11", "JobOwner": "MSEDGEWIN10\\IEUser", "ProcessPath": "C:\\Windows\\SysWOW64\\notepad.exe", "ProcessId": "8380"}
{"Timestamp": "2021-03-15 17:59:54.634257Z", "Channel": "Microsoft-Windows-Bits-Client/Operational", "Provider": "Microsoft-Windows-Bits-Client", "Hostname": "MSEDGEWIN10", "SID": "S-1-5-18", "EventID": 3, "RecordID": 9339, "Level": "Information", "Descr": "The BITS service created a new job", "JobTitle": "Font Download", "JobId": "5E58B2C7-AC18-45E1-BADE-436A60067E4E", "JobOwner": "NT AUTHORITY\\LOCAL SERVICE", "ProcessPath": "C:\\Windows\\System32\\svchost.exe", "ProcessId": "2076"}
{"Timestamp": "2021-03-15 17:57:38.456133Z", "Channel": "Microsoft-Windows-Bits-Client/Operational", "Provider": "Microsoft-Windows-Bits-Client", "Hostname": "MSEDGEWIN10", "SID": "S-1-5-21-3461203602-4096304019-2269080069-1000", "EventID": 5, "RecordID": 9337, "Level": "Information", "Descr": "Job cancelled", "Username": "MSEDGEWIN10\\IEUser", "JobTitle": "539cd7d7.png", "JobId": "80215064-C6F0-4685-B47E-D332BA28AEE8", "JobOwner": "MSEDGEWIN10\\IEUser", "FileCount": "1"}
{"Timestamp": "2021-03-15 17:56:57.932985Z", "Channel": "Microsoft-Windows-Bits-Client/Operational", "Provider": "Microsoft-Windows-Bits-Client", "Hostname": "MSEDGEWIN10", "SID": "S-1-5-18", "EventID": 3, "RecordID": 9335, "Level": "Information", "Descr": "The BITS service created a new job", "JobTitle": "539cd7d7.png", "JobId": "80215064-C6F0-4685-B47E-D332BA28AEE8", "JobOwner": "MSEDGEWIN10\\IEUser", "ProcessPath": "C:\\Windows\\SysWOW64\\notepad.exe", "ProcessId": "9084"}
{"Timestamp": "2021-03-15 17:55:34.481266Z", "Channel": "Microsoft-Windows-Bits-Client/Operational", "Provider": "Microsoft-Windows-Bits-Client", "Hostname": "MSEDGEWIN10", "SID": "S-1-5-21-3461203602-4096304019-2269080069-1000", "EventID": 5, "RecordID": 9333, "Level": "Information", "Descr": "Job cancelled", "Username": "MSEDGEWIN10\\IEUser", "JobTitle": "UpdateDescriptionXml", "JobId": "784C2213-0F9C-42C8-B954-B23C831C4359", "JobOwner": "MSEDGEWIN10\\IEUser", "FileCount": "1"}
{"Timestamp": "2021-03-15 17:52:34.364468Z", "Channel": "Microsoft-Windows-Bits-Client/Operational", "Provider": "Microsoft-Windows-Bits-Client", "Hostname": "MSEDGEWIN10", "SID": "S-1-5-18", "EventID": 3, "RecordID": 9316, "Level": "Information", "Descr": "The BITS service created a new job", "JobTitle": "UpdateDescriptionXml", "JobId": "784C2213-0F9C-42C8-B954-B23C831C4359", "JobOwner": "MSEDGEWIN10\\IEUser", "ProcessPath": "C:\\Users\\IEUser\\AppData\\Local\\Microsoft\\OneDrive\\OneDriveStandaloneUpdater.exe", "ProcessId": "3860"}
{"Timestamp": "2021-03-15 17:51:43.872210Z", "Channel": "Microsoft-Windows-Bits-Client/Operational", "Provider": "Microsoft-Windows-Bits-Client", "Hostname": "MSEDGEWIN10", "SID": "S-1-5-21-3461203602-4096304019-2269080069-1000", "EventID": 5, "RecordID": 9315, "Level": "Information", "Descr": "Job cancelled", "Username": "MSEDGEWIN10\\IEUser", "JobTitle": "PreSignInSettingsConfigJSON", "JobId": "104B39BC-4F3F-450F-8064-D6EE7B4A7BEC", "JobOwner": "MSEDGEWIN10\\IEUser", "FileCount": "1"}
{"Timestamp": "2021-03-15 17:48:43.666995Z", "Channel": "Microsoft-Windows-Bits-Client/Operational", "Provider": "Microsoft-Windows-Bits-Client", "Hostname": "MSEDGEWIN10", "SID": "S-1-5-18", "EventID": 3, "RecordID": 9298, "Level": "Information", "Descr": "The BITS service created a new job", "JobTitle": "PreSignInSettingsConfigJSON", "JobId": "104B39BC-4F3F-450F-8064-D6EE7B4A7BEC", "JobOwner": "MSEDGEWIN10\\IEUser", "ProcessPath": "C:\\Users\\IEUser\\AppData\\Local\\Microsoft\\OneDrive\\OneDriveStandaloneUpdater.exe", "ProcessId": "3860"}
{"Timestamp": "2021-03-15 17:46:13.945393Z", "Channel": "Microsoft-Windows-Bits-Client/Operational", "Provider": "Microsoft-Windows-Bits-Client", "Hostname": "MSEDGEWIN10", "SID": "S-1-5-18", "EventID": 3, "RecordID": 9295, "Level": "Information", "Descr": "The BITS service created a new job", "JobTitle": "Font Download", "JobId": "B8452894-8381-4F6A-B7F8-EFAEC324E701", "JobOwner": "NT AUTHORITY\\LOCAL SERVICE", "ProcessPath": "C:\\Windows\\System32\\svchost.exe", "ProcessId": "2100"}
{"Timestamp": "2021-03-15 17:46:12.182150Z", "Channel": "Microsoft-Windows-Bits-Client/Operational", "Provider": "Microsoft-Windows-Bits-Client", "Hostname": "MSEDGEWIN10", "SID": "S-1-5-18", "EventID": 5, "RecordID": 9294, "Level": "Information", "Descr": "Job cancelled", "Username": "NT AUTHORITY\\SYSTEM", "JobTitle": "C:\\Program Files (x86)\\Google\\Update\\1.3.36.32\\Recovery\\GURBA52.tmp\\GoogleUpdateSetup.crx3", "JobId": "F292DF28-A29F-4F7C-BCC7-28E3EDE978EE", "JobOwner": "NT AUTHORITY\\SYSTEM", "FileCount": "1"}
{"Timestamp": "2021-03-15 17:46:12.172401Z", "Channel": "Microsoft-Windows-Bits-Client/Operational", "Provider": "Microsoft-Windows-Bits-Client", "Hostname": "MSEDGEWIN10", "SID": "S-1-5-18", "EventID": 3, "RecordID": 9292, "Level": "Information", "Descr": "The BITS service created a new job", "JobTitle": "C:\\Program Files (x86)\\Google\\Update\\1.3.36.32\\Recovery\\GURBA52.tmp\\GoogleUpdateSetup.crx3", "JobId": "F292DF28-A29F-4F7C-BCC7-28E3EDE978EE", "JobOwner": "NT AUTHORITY\\SYSTEM", "ProcessPath": "C:\\Program Files (x86)\\Google\\Update\\GoogleUpdate.exe", "ProcessId": "6532"}
{"Timestamp": "2021-03-15 17:46:12.162101Z", "Channel": "Microsoft-Windows-Bits-Client/Operational", "Provider": "Microsoft-Windows-Bits-Client", "Hostname": "MSEDGEWIN10", "SID": "S-1-5-18", "EventID": 5, "RecordID": 9291, "Level": "Information", "Descr": "Job cancelled", "Username": "NT AUTHORITY\\SYSTEM", "JobTitle": "C:\\Program Files (x86)\\Google\\Update\\1.3.36.32\\Recovery\\GURBA52.tmp\\GoogleUpdateSetup.crx3", "JobId": "CC44F452-06C3-494A-B71E-4D07302CF006", "JobOwner": "NT AUTHORITY\\SYSTEM", "FileCount": "1"}
{"Timestamp": "2021-03-15 17:46:12.150017Z", "Channel": "Microsoft-Windows-Bits-Client/Operational", "Provider": "Microsoft-Windows-Bits-Client", "Hostname": "MSEDGEWIN10", "SID": "S-1-5-18", "EventID": 3, "RecordID": 9289, "Level": "Information", "Descr": "The BITS service created a new job", "JobTitle": "C:\\Program Files (x86)\\Google\\Update\\1.3.36.32\\Recovery\\GURBA52.tmp\\GoogleUpdateSetup.crx3", "JobId": "CC44F452-06C3-494A-B71E-4D07302CF006", "JobOwner": "NT AUTHORITY\\SYSTEM", "ProcessPath": "C:\\Program Files (x86)\\Google\\Update\\GoogleUpdate.exe", "ProcessId": "6532"}
{"Timestamp": "2021-03-15 17:46:12.138436Z", "Channel": "Microsoft-Windows-Bits-Client/Operational", "Provider": "Microsoft-Windows-Bits-Client", "Hostname": "MSEDGEWIN10", "SID": "S-1-5-18", "EventID": 5, "RecordID": 9288, "Level": "Information", "Descr": "Job cancelled", "Username": "NT AUTHORITY\\SYSTEM", "JobTitle": "C:\\Users\\IEUser\\AppData\\Local\\{6AD2CAFD-6108-4D4F-A262-7AF246AEF3B3}", "JobId": "742F208E-1C9F-4064-98AD-7425A69515EC", "JobOwner": "NT AUTHORITY\\SYSTEM", "FileCount": "1"}
{"Timestamp": "2021-03-15 17:46:12.120956Z", "Channel": "Microsoft-Windows-Bits-Client/Operational", "Provider": "Microsoft-Windows-Bits-Client", "Hostname": "MSEDGEWIN10", "SID": "S-1-5-18", "EventID": 3, "RecordID": 9286, "Level": "Information", "Descr": "The BITS service created a new job", "JobTitle": "C:\\Users\\IEUser\\AppData\\Local\\{6AD2CAFD-6108-4D4F-A262-7AF246AEF3B3}", "JobId": "742F208E-1C9F-4064-98AD-7425A69515EC", "JobOwner": "NT AUTHORITY\\SYSTEM", "ProcessPath": "C:\\Program Files (x86)\\Google\\Update\\GoogleUpdate.exe", "ProcessId": "6532"}
{"Timestamp": "2021-03-15 17:46:12.107427Z", "Channel": "Microsoft-Windows-Bits-Client/Operational", "Provider": "Microsoft-Windows-Bits-Client", "Hostname": "MSEDGEWIN10", "SID": "S-1-5-18", "EventID": 5, "RecordID": 9285, "Level": "Information", "Descr": "Job cancelled", "Username": "NT AUTHORITY\\SYSTEM", "JobTitle": "C:\\Users\\IEUser\\AppData\\Local\\{6AD2CAFD-6108-4D4F-A262-7AF246AEF3B3}", "JobId": "22EADF81-CC99-49F6-8A7D-89B9BEAEF4D0", "JobOwner": "NT AUTHORITY\\SYSTEM", "FileCount": "1"}
{"Timestamp": "2021-03-15 17:46:12.071238Z", "Channel": "Microsoft-Windows-Bits-Client/Operational", "Provider": "Microsoft-Windows-Bits-Client", "Hostname": "MSEDGEWIN10", "SID": "S-1-5-18", "EventID": 3, "RecordID": 9283, "Level": "Information", "Descr": "The BITS service created a new job", "JobTitle": "C:\\Users\\IEUser\\AppData\\Local\\{6AD2CAFD-6108-4D4F-A262-7AF246AEF3B3}", "JobId": "22EADF81-CC99-49F6-8A7D-89B9BEAEF4D0", "JobOwner": "NT AUTHORITY\\SYSTEM", "ProcessPath": "C:\\Program Files (x86)\\Google\\Update\\GoogleUpdate.exe", "ProcessId": "6532"}
{"Timestamp": "2020-12-01 10:45:39.608027Z", "Channel": "Microsoft-Windows-Bits-Client/Operational", "Provider": "Microsoft-Windows-Bits-Client", "Hostname": "MSEDGEWIN10", "SID": "S-1-5-18", "EventID": 3, "RecordID": 9279, "Level": "Information", "Descr": "The BITS service created a new job", "JobTitle": "MicrosoftMapsBingGeoStore", "JobId": "C95BF6F4-8629-4CB2-AB79-D4C56CEC4D51", "JobOwner": "NT AUTHORITY\\NETWORK SERVICE", "ProcessPath": "C:\\Windows\\System32\\svchost.exe", "ProcessId": "5316"}
{"Timestamp": "2020-11-30 13:15:34.288085Z", "Channel": "Microsoft-Windows-Bits-Client/Operational", "Provider": "Microsoft-Windows-Bits-Client", "Hostname": "MSEDGEWIN10", "SID": "S-1-5-18", "EventID": 4, "RecordID": 9277, "Level": "Information", "Descr": "The transfer job is complete", "Username": "NT AUTHORITY\\LOCAL SERVICE", "JobTitle": "Font Download", "JobId": "81F304FF-1F11-44D7-A053-849CE6823AB5", "JobOwner": "NT AUTHORITY\\LOCAL SERVICE", "FileCount": "1"}
{"Timestamp": "2020-11-30 13:15:34.198707Z", "Channel": "Microsoft-Windows-Bits-Client/Operational", "Provider": "Microsoft-Windows-Bits-Client", "Hostname": "MSEDGEWIN10", "SID": "S-1-5-18", "EventID": 60, "RecordID": 9276, "Level": "Information", "Descr": "BITS stopped transferring the <Name> transfer job that is associated with the <URL>", "TransferId": "308E95EA-20F2-4115-9A56-99286FA47C5E", "Name": "Font Download", "JobId": "81F304FF-1F11-44D7-A053-849CE6823AB5", "URL": "https://fs.microsoft.com/fs/windows/config.json", "Peer": null, "FileTime": "2017-04-20 16:10:39 UTC", "FileSize": "55", "BytesTotal": "55", "BytesTransferred": "55", "BytesTransferredFromPeer": "0"}
{"Timestamp": "2020-11-30 13:15:33.442460Z", "Channel": "Microsoft-Windows-Bits-Client/Operational", "Provider": "Microsoft-Windows-Bits-Client", "Hostname": "MSEDGEWIN10", "SID": "S-1-5-18", "EventID": 59, "RecordID": 9275, "Level": "Information", "Descr": "BITS started the <Name> transfer job that is associated with the <URL>", "TransferId": "308E95EA-20F2-4115-9A56-99286FA47C5E", "Name": "Font Download", "JobId": "81F304FF-1F11-44D7-A053-849CE6823AB5", "URL": "https://fs.microsoft.com/fs/windows/config.json", "Peer": null, "FileTime": "2017-04-20 16:10:39 UTC", "FileSize": "55"}
{"Timestamp": "2020-11-30 13:15:32.776502Z", "Channel": "Microsoft-Windows-Bits-Client/Operational", "Provider": "Microsoft-Windows-Bits-Client", "Hostname": "MSEDGEWIN10", "SID": "S-1-5-18", "EventID": 3, "RecordID": 9272, "Level": "Information", "Descr": "The BITS service created a new job", "JobTitle": "Font Download", "JobId": "81F304FF-1F11-44D7-A053-849CE6823AB5", "JobOwner": "NT AUTHORITY\\LOCAL SERVICE", "ProcessPath": "C:\\Windows\\System32\\svchost.exe", "ProcessId": "1952"}
{"Timestamp": "2020-11-29 16:29:22.794739Z", "Channel": "Microsoft-Windows-Bits-Client/Operational", "Provider": "Microsoft-Windows-Bits-Client", "Hostname": "MSEDGEWIN10", "SID": "S-1-5-18", "EventID": 4, "RecordID": 9269, "Level": "Information", "Descr": "The transfer job is complete", "Username": "MSEDGEWIN10\\IEUser", "JobTitle": "Push Notification Platform Job: 1", "JobId": "7C884C32-3C47-42EB-B87A-C1CD34AC998F", "JobOwner": "MSEDGEWIN10\\IEUser", "FileCount": "1"}
{"Timestamp": "2020-11-29 16:29:22.790066Z", "Channel": "Microsoft-Windows-Bits-Client/Operational", "Provider": "Microsoft-Windows-Bits-Client", "Hostname": "MSEDGEWIN10", "SID": "S-1-5-18", "EventID": 60, "RecordID": 9268, "Level": "Information", "Descr": "BITS stopped transferring the <Name> transfer job that is associated with the <URL>", "TransferId": "B676C18C-5820-49AB-A0BA-ECC23B117423", "Name": "Push Notification Platform Job: 1", "JobId": "7C884C32-3C47-42EB-B87A-C1CD34AC998F", "URL": "https://img-s-msn-com.akamaized.net/tenant/amp/entityid/BB1bsJv4.img?w=100&h=100&m=6&tilesize=medium&x=3175&y=1599&ms-scale=100&ms-contrast=standard", "Peer": null, "FileTime": "2020-11-29 16:18:35 UTC", "FileSize": "4776", "BytesTotal": "4776", "BytesTransferred": "4776", "BytesTransferredFromPeer": "0"}
{"Timestamp": "2020-11-29 16:29:22.597988Z", "Channel": "Microsoft-Windows-Bits-Client/Operational", "Provider": "Microsoft-Windows-Bits-Client", "Hostname": "MSEDGEWIN10", "SID": "S-1-5-18", "EventID": 59, "RecordID": 9267, "Level": "Information", "Descr": "BITS started the <Name> transfer job that is associated with the <URL>", "TransferId": "B676C18C-5820-49AB-A0BA-ECC23B117423", "Name": "Push Notification Platform Job: 1", "JobId": "7C884C32-3C47-42EB-B87A-C1CD34AC998F", "URL": "https://img-s-msn-com.akamaized.net/tenant/amp/entityid/BB1bsJv4.img?w=100&h=100&m=6&tilesize=medium&x=3175&y=1599&ms-scale=100&ms-contrast=standard", "Peer": null, "FileTime": "1601-01-01 00:00:00 UTC", "FileSize": "18446744073709551615"}
{"Timestamp": "2020-11-29 16:29:22.578478Z", "Channel": "Microsoft-Windows-Bits-Client/Operational", "Provider": "Microsoft-Windows-Bits-Client", "Hostname": "MSEDGEWIN10", "SID": "S-1-5-18", "EventID": 3, "RecordID": 9265, "Level": "Information", "Descr": "The BITS service created a new job", "JobTitle": "Push Notification Platform Job: 1", "JobId": "7C884C32-3C47-42EB-B87A-C1CD34AC998F", "JobOwner": "MSEDGEWIN10\\IEUser", "ProcessPath": "C:\\Windows\\System32\\svchost.exe", "ProcessId": "6180"}
{"Timestamp": "2020-11-29 13:22:36.632927Z", "Channel": "Microsoft-Windows-Bits-Client/Operational", "Provider": "Microsoft-Windows-Bits-Client", "Hostname": "MSEDGEWIN10", "SID": "S-1-5-18", "EventID": 3, "RecordID": 9262, "Level": "Information", "Descr": "The BITS service created a new job", "JobTitle": "MicrosoftMapsBingGeoStore", "JobId": "956A9C7C-4A64-43C9-B385-35276FBF91A8", "JobOwner": "NT AUTHORITY\\NETWORK SERVICE", "ProcessPath": "C:\\Windows\\System32\\svchost.exe", "ProcessId": "7716"}
{"Timestamp": "2020-11-29 12:31:22.184435Z", "Channel": "Microsoft-Windows-Bits-Client/Operational", "Provider": "Microsoft-Windows-Bits-Client", "Hostname": "MSEDGEWIN10", "SID": "S-1-5-18", "EventID": 4, "RecordID": 9260, "Level": "Information", "Descr": "The transfer job is complete", "Username": "MSEDGEWIN10\\IEUser", "JobTitle": "UpdateDescriptionXml", "JobId": "F1931840-BF05-4F22-B6CE-1D9CD3EFC985", "JobOwner": "MSEDGEWIN10\\IEUser", "FileCount": "1"}
{"Timestamp": "2020-11-29 12:31:22.181728Z", "Channel": "Microsoft-Windows-Bits-Client/Operational", "Provider": "Microsoft-Windows-Bits-Client", "Hostname": "MSEDGEWIN10", "SID": "S-1-5-18", "EventID": 60, "RecordID": 9259, "Level": "Information", "Descr": "BITS stopped transferring the <Name> transfer job that is associated with the <URL>", "TransferId": "A00394C7-54D1-48E3-A5AE-E52038FA068C", "Name": "UpdateDescriptionXml", "JobId": "F1931840-BF05-4F22-B6CE-1D9CD3EFC985", "URL": "https://g.live.com/1rewlive5skydrive/ODSUProduction", "Peer": null, "FileTime": "2020-10-26 21:00:55 UTC", "FileSize": "526", "BytesTotal": "526", "BytesTransferred": "526", "BytesTransferredFromPeer": "0"}
{"Timestamp": "2020-11-29 12:31:22.012751Z", "Channel": "Microsoft-Windows-Bits-Client/Operational", "Provider": "Microsoft-Windows-Bits-Client", "Hostname": "MSEDGEWIN10", "SID": "S-1-5-18", "EventID": 59, "RecordID": 9258, "Level": "Information", "Descr": "BITS started the <Name> transfer job that is associated with the <URL>", "TransferId": "A00394C7-54D1-48E3-A5AE-E52038FA068C", "Name": "UpdateDescriptionXml", "JobId": "F1931840-BF05-4F22-B6CE-1D9CD3EFC985", "URL": "https://g.live.com/1rewlive5skydrive/ODSUProduction", "Peer": null, "FileTime": "2020-10-26 21:00:55 UTC", "FileSize": "526"}
{"Timestamp": "2020-11-29 12:31:21.852730Z", "Channel": "Microsoft-Windows-Bits-Client/Operational", "Provider": "Microsoft-Windows-Bits-Client", "Hostname": "MSEDGEWIN10", "SID": "S-1-5-18", "EventID": 3, "RecordID": 9257, "Level": "Information", "Descr": "The BITS service created a new job", "JobTitle": "UpdateDescriptionXml", "JobId": "F1931840-BF05-4F22-B6CE-1D9CD3EFC985", "JobOwner": "MSEDGEWIN10\\IEUser", "ProcessPath": "C:\\Users\\IEUser\\AppData\\Local\\Microsoft\\OneDrive\\OneDriveStandaloneUpdater.exe", "ProcessId": "3656"}
{"Timestamp": "2020-11-29 12:31:21.709470Z", "Channel": "Microsoft-Windows-Bits-Client/Operational", "Provider": "Microsoft-Windows-Bits-Client", "Hostname": "MSEDGEWIN10", "SID": "S-1-5-18", "EventID": 4, "RecordID": 9256, "Level": "Information", "Descr": "The transfer job is complete", "Username": "MSEDGEWIN10\\IEUser", "JobTitle": "PreSignInSettingsConfigJSON", "JobId": "11DB399A-2149-406D-BF2E-BED9D9FA9CE6", "JobOwner": "MSEDGEWIN10\\IEUser", "FileCount": "1"}
{"Timestamp": "2020-11-29 12:31:21.687959Z", "Channel": "Microsoft-Windows-Bits-Client/Operational", "Provider": "Microsoft-Windows-Bits-Client", "Hostname": "MSEDGEWIN10", "SID": "S-1-5-18", "EventID": 60, "RecordID": 9255, "Level": "Information", "Descr": "BITS stopped transferring the <Name> transfer job that is associated with the <URL>", "TransferId": "4BCB9B24-6A66-4826-89C1-E21D927550F9", "Name": "PreSignInSettingsConfigJSON", "JobId": "11DB399A-2149-406D-BF2E-BED9D9FA9CE6", "URL": "https://g.live.com/odclientsettings/Prod", "Peer": null, "FileTime": "2020-11-20 21:55:10 UTC", "FileSize": "33022", "BytesTotal": "33022", "BytesTransferred": "33022", "BytesTransferredFromPeer": "0"}
{"Timestamp": "2020-11-29 12:31:21.179830Z", "Channel": "Microsoft-Windows-Bits-Client/Operational", "Provider": "Microsoft-Windows-Bits-Client", "Hostname": "MSEDGEWIN10", "SID": "S-1-5-18", "EventID": 59, "RecordID": 9254, "Level": "Information", "Descr": "BITS started the <Name> transfer job that is associated with the <URL>", "TransferId": "4BCB9B24-6A66-4826-89C1-E21D927550F9", "Name": "PreSignInSettingsConfigJSON", "JobId": "11DB399A-2149-406D-BF2E-BED9D9FA9CE6", "URL": "https://g.live.com/odclientsettings/Prod", "Peer": null, "FileTime": "2020-11-20 21:55:10 UTC", "FileSize": "33022"}
{"Timestamp": "2020-11-29 12:31:20.452771Z", "Channel": "Microsoft-Windows-Bits-Client/Operational", "Provider": "Microsoft-Windows-Bits-Client", "Hostname": "MSEDGEWIN10", "SID": "S-1-5-18", "EventID": 3, "RecordID": 9252, "Level": "Information", "Descr": "The BITS service created a new job", "JobTitle": "PreSignInSettingsConfigJSON", "JobId": "11DB399A-2149-406D-BF2E-BED9D9FA9CE6", "JobOwner": "MSEDGEWIN10\\IEUser", "ProcessPath": "C:\\Users\\IEUser\\AppData\\Local\\Microsoft\\OneDrive\\OneDriveStandaloneUpdater.exe", "ProcessId": "3656"}
{"Timestamp": "2020-11-28 16:17:34.950606Z", "Channel": "Microsoft-Windows-Bits-Client/Operational", "Provider": "Microsoft-Windows-Bits-Client", "Hostname": "MSEDGEWIN10", "SID": "S-1-5-18", "EventID": 4, "RecordID": 9249, "Level": "Information", "Descr": "The transfer job is complete", "Username": "MSEDGEWIN10\\IEUser", "JobTitle": "UpdateDescriptionXml", "JobId": "6340054D-3DC4-435E-A655-42190C38FC7F", "JobOwner": "MSEDGEWIN10\\IEUser", "FileCount": "1"}
{"Timestamp": "2020-11-28 16:17:34.922796Z", "Channel": "Microsoft-Windows-Bits-Client/Operational", "Provider": "Microsoft-Windows-Bits-Client", "Hostname": "MSEDGEWIN10", "SID": "S-1-5-18", "EventID": 60, "RecordID": 9248, "Level": "Information", "Descr": "BITS stopped transferring the <Name> transfer job that is associated with the <URL>", "TransferId": "535979B6-3E32-417D-96BE-CB6FD2C1C3B9", "Name": "UpdateDescriptionXml", "JobId": "6340054D-3DC4-435E-A655-42190C38FC7F", "URL": "https://g.live.com/1rewlive5skydrive/ODSUProduction", "Peer": null, "FileTime": "2020-10-26 21:00:55 UTC", "FileSize": "526", "BytesTotal": "526", "BytesTransferred": "526", "BytesTransferredFromPeer": "0"}
{"Timestamp": "2020-11-28 16:17:34.712603Z", "Channel": "Microsoft-Windows-Bits-Client/Operational", "Provider": "Microsoft-Windows-Bits-Client", "Hostname": "MSEDGEWIN10", "SID": "S-1-5-18", "EventID": 59, "RecordID": 9247, "Level": "Information", "Descr": "BITS started the <Name> transfer job that is associated with the <URL>", "TransferId": "535979B6-3E32-417D-96BE-CB6FD2C1C3B9", "Name": "UpdateDescriptionXml", "JobId": "6340054D-3DC4-435E-A655-42190C38FC7F", "URL": "https://g.live.com/1rewlive5skydrive/ODSUProduction", "Peer": null, "FileTime": "2020-10-26 21:00:55 UTC", "FileSize": "526"}
{"Timestamp": "2021-03-15 19:01:32.985061Z", "Channel": "Microsoft-Windows-Bits-Client/Operational", "Provider": "Microsoft-Windows-Bits-Client", "Hostname": "MSEDGEWIN10", "SID": "S-1-5-18", "EventID": 59, "RecordID": 9408, "Level": "Information", "Descr": "BITS started the <Name> transfer job that is associated with the <URL>", "TransferId": "606AA2F9-84AC-48B8-B85C-1712683C075C", "Name": "C:\\Users\\IEUser\\AppData\\Local\\Temp\\{F1502BD5-ADFF-4123-9C07-0E4B02FCB037}-89.0.4389.82_87.0.4280.66_chrome_updater.exe", "JobId": "78E48D71-6706-4BEF-BE13-DD6596AECB77", "URL": "http://r1---sn-5hne6nlr.gvt1.com/edgedl/release2/chrome/AKGnpidu3x0C0gtuxw-XHRQ_89.0.4389.82/89.0.4389.82_87.0.4280.66_chrome_updater.exe?cms_redirect=yes&mh=rx&mip=213.127.64.248&mm=28&mn=sn-5hne6nlr&ms=nvh&mt=1615834584&mv=m&mvi=1&pl=17&shardbypass=yes", "Peer": null, "FileTime": "2021-03-05 05:05:54 UTC", "FileSize": "44403064"}
{"Timestamp": "2021-03-15 19:01:32.644326Z", "Channel": "Microsoft-Windows-Bits-Client/Operational", "Provider": "Microsoft-Windows-Bits-Client", "Hostname": "MSEDGEWIN10", "SID": "S-1-5-18", "EventID": 3, "RecordID": 9407, "Level": "Information", "Descr": "The BITS service created a new job", "JobTitle": "C:\\Users\\IEUser\\AppData\\Local\\Temp\\{F1502BD5-ADFF-4123-9C07-0E4B02FCB037}-89.0.4389.82_87.0.4280.66_chrome_updater.exe", "JobId": "78E48D71-6706-4BEF-BE13-DD6596AECB77", "JobOwner": "MSEDGEWIN10\\IEUser", "ProcessPath": "C:\\Program Files (x86)\\Google\\Update\\GoogleUpdate.exe", "ProcessId": "2136"}
{"Timestamp": "2021-03-15 18:55:51.612966Z", "Channel": "Microsoft-Windows-Bits-Client/Operational", "Provider": "Microsoft-Windows-Bits-Client", "Hostname": "MSEDGEWIN10", "SID": "S-1-5-18", "EventID": 4, "RecordID": 9406, "Level": "Information", "Descr": "The transfer job is complete", "Username": "MSEDGEWIN10\\IEUser", "JobTitle": "C:\\Users\\IEUser\\AppData\\Local\\Temp\\{259DDBBE-DDD3-4590-8A2C-60211631093C}-GoogleUpdateSetup.exe", "JobId": "3774C88F-94AD-4FC0-A559-EA76B5D829D6", "JobOwner": "MSEDGEWIN10\\IEUser", "FileCount": "1"}
{"Timestamp": "2021-03-15 18:55:51.603329Z", "Channel": "Microsoft-Windows-Bits-Client/Operational", "Provider": "Microsoft-Windows-Bits-Client", "Hostname": "MSEDGEWIN10", "SID": "S-1-5-18", "EventID": 60, "RecordID": 9405, "Level": "Information", "Descr": "BITS stopped transferring the <Name> transfer job that is associated with the <URL>", "TransferId": "6125DC77-C387-4662-BB2F-F3816D1B4629", "Name": "C:\\Users\\IEUser\\AppData\\Local\\Temp\\{259DDBBE-DDD3-4590-8A2C-60211631093C}-GoogleUpdateSetup.exe", "JobId": "3774C88F-94AD-4FC0-A559-EA76B5D829D6", "URL": "http://r5---sn-5hnedn7l.gvt1.com/edgedl/release2/update2/ALmnr7lDhOvozdF08iOk7Ks_1.3.36.72/GoogleUpdateSetup.exe?cms_redirect=yes&mh=pH&mip=213.127.64.248&mm=28&mn=sn-5hnedn7l&ms=nvh&mt=1615834104&mv=m&mvi=5&pl=17&shardbypass=yes", "Peer": null, "FileTime": "2021-01-22 06:31:14 UTC", "FileSize": "1304160", "BytesTotal": "1304160", "BytesTransferred": "1304160", "BytesTransferredFromPeer": "0"}
{"Timestamp": "2021-03-15 18:55:38.049422Z", "Channel": "Microsoft-Windows-Bits-Client/Operational", "Provider": "Microsoft-Windows-Bits-Client", "Hostname": "MSEDGEWIN10", "SID": "S-1-5-18", "EventID": 59, "RecordID": 9404, "Level": "Information", "Descr": "BITS started the <Name> transfer job that is associated with the <URL>", "TransferId": "6125DC77-C387-4662-BB2F-F3816D1B4629", "Name": "C:\\Users\\IEUser\\AppData\\Local\\Temp\\{259DDBBE-DDD3-4590-8A2C-60211631093C}-GoogleUpdateSetup.exe", "JobId": "3774C88F-94AD-4FC0-A559-EA76B5D829D6", "URL": "http://r5---sn-5hnedn7l.gvt1.com/edgedl/release2/update2/ALmnr7lDhOvozdF08iOk7Ks_1.3.36.72/GoogleUpdateSetup.exe?cms_redirect=yes&mh=pH&mip=213.127.64.248&mm=28&mn=sn-5hnedn7l&ms=nvh&mt=1615834104&mv=m&mvi=5&pl=17&shardbypass=yes", "Peer": null, "FileTime": "2021-01-22 06:31:14 UTC", "FileSize": "1304160"}
{"Timestamp": "2021-03-15 18:55:37.850574Z", "Channel": "Microsoft-Windows-Bits-Client/Operational", "Provider": "Microsoft-Windows-Bits-Client", "Hostname": "MSEDGEWIN10", "SID": "S-1-5-18", "EventID": 3, "RecordID": 9403, "Level": "Information", "Descr": "The BITS service created a new job", "JobTitle": "C:\\Users\\IEUser\\AppData\\Local\\Temp\\{259DDBBE-DDD3-4590-8A2C-60211631093C}-GoogleUpdateSetup.exe", "JobId": "3774C88F-94AD-4FC0-A559-EA76B5D829D6", "JobOwner": "MSEDGEWIN10\\IEUser", "ProcessPath": "C:\\Program Files (x86)\\Google\\Update\\GoogleUpdate.exe", "ProcessId": "876"}
{"Timestamp": "2021-03-15 18:54:51.653753Z", "Channel": "Microsoft-Windows-Bits-Client/Operational", "Provider": "Microsoft-Windows-Bits-Client", "Hostname": "MSEDGEWIN10", "SID": "S-1-5-18", "EventID": 4, "RecordID": 9402, "Level": "Information", "Descr": "The transfer job is complete", "Username": "MSEDGEWIN10\\IEUser", "JobTitle": "efc1a28b.png", "JobId": "2655EBAF-2C16-4E2D-90E3-99C5249CC4F3", "JobOwner": "MSEDGEWIN10\\IEUser", "FileCount": "1"}
{"Timestamp": "2021-03-15 18:54:50.487825Z", "Channel": "Microsoft-Windows-Bits-Client/Operational", "Provider": "Microsoft-Windows-Bits-Client", "Hostname": "MSEDGEWIN10", "SID": "S-1-5-18", "EventID": 60, "RecordID": 9401, "Level": "Information", "Descr": "BITS stopped transferring the <Name> transfer job that is associated with the <URL>", "TransferId": "914D3C21-A45E-43D5-BCFF-9E53B581CE2D", "Name": "efc1a28b.png", "JobId": "2655EBAF-2C16-4E2D-90E3-99C5249CC4F3", "URL": "https://i.imgur.com/IFpvPlt.png", "Peer": null, "FileTime": "2021-02-24 21:52:17 UTC", "FileSize": "394556", "BytesTotal": "394556", "BytesTransferred": "394556", "BytesTransferredFromPeer": "0"}
{"Timestamp": "2021-03-15 18:54:15.647332Z", "Channel": "Microsoft-Windows-Bits-Client/Operational", "Provider": "Microsoft-Windows-Bits-Client", "Hostname": "MSEDGEWIN10", "SID": "S-1-5-18", "EventID": 59, "RecordID": 9400, "Level": "Information", "Descr": "BITS started the <Name> transfer job that is associated with the <URL>", "TransferId": "914D3C21-A45E-43D5-BCFF-9E53B581CE2D", "Name": "efc1a28b.png", "JobId": "2655EBAF-2C16-4E2D-90E3-99C5249CC4F3", "URL": "https://i.imgur.com/IFpvPlt.png", "Peer": null, "FileTime": "2021-02-24 21:52:17 UTC", "FileSize": "394556"}
{"Timestamp": "2021-03-15 18:54:14.168472Z", "Channel": "Microsoft-Windows-Bits-Client/Operational", "Provider": "Microsoft-Windows-Bits-Client", "Hostname": "MSEDGEWIN10", "SID": "S-1-5-18", "EventID": 3, "RecordID": 9399, "Level": "Information", "Descr": "The BITS service created a new job", "JobTitle": "efc1a28b.png", "JobId": "2655EBAF-2C16-4E2D-90E3-99C5249CC4F3", "JobOwner": "MSEDGEWIN10\\IEUser", "ProcessPath": "C:\\Windows\\SysWOW64\\notepad.exe", "ProcessId": "4016"}
{"Timestamp": "2021-03-15 18:53:54.320107Z", "Channel": "Microsoft-Windows-Bits-Client/Operational", "Provider": "Microsoft-Windows-Bits-Client", "Hostname": "MSEDGEWIN10", "SID": "S-1-5-18", "EventID": 4, "RecordID": 9398, "Level": "Information", "Descr": "The transfer job is complete", "Username": "MSEDGEWIN10\\IEUser", "JobTitle": "Push Notification Platform Job: 1", "JobId": "3867D376-2568-4730-90E4-D460FF9D4DC9", "JobOwner": "MSEDGEWIN10\\IEUser", "FileCount": "1"}
{"Timestamp": "2021-03-15 18:53:54.317511Z", "Channel": "Microsoft-Windows-Bits-Client/Operational", "Provider": "Microsoft-Windows-Bits-Client", "Hostname": "MSEDGEWIN10", "SID": "S-1-5-18", "EventID": 60, "RecordID": 9397, "Level": "Information", "Descr": "BITS stopped transferring the <Name> transfer job that is associated with the <URL>", "TransferId": "3890F7BF-E4A4-48E5-B550-5ED41936D17F", "Name": "Push Notification Platform Job: 1", "JobId": "3867D376-2568-4730-90E4-D460FF9D4DC9", "URL": "https://site-cdn.onenote.net/161390740451_Images/LiveTileImages/MediumAndLarge/Image2.png", "Peer": null, "FileTime": "2021-03-08 00:10:28 UTC", "FileSize": "30038", "BytesTotal": "30038", "BytesTransferred": "30038", "BytesTransferredFromPeer": "0"}
{"Timestamp": "2021-03-15 18:53:52.751027Z", "Channel": "Microsoft-Windows-Bits-Client/Operational", "Provider": "Microsoft-Windows-Bits-Client", "Hostname": "MSEDGEWIN10", "SID": "S-1-5-18", "EventID": 59, "RecordID": 9396, "Level": "Information", "Descr": "BITS started the <Name> transfer job that is associated with the <URL>", "TransferId": "3890F7BF-E4A4-48E5-B550-5ED41936D17F", "Name": "Push Notification Platform Job: 1", "JobId": "3867D376-2568-4730-90E4-D460FF9D4DC9", "URL": "https://site-cdn.onenote.net/161390740451_Images/LiveTileImages/MediumAndLarge/Image2.png", "Peer": null, "FileTime": "1601-01-01 00:00:00 UTC", "FileSize": "18446744073709551615"}
{"Timestamp": "2021-03-15 18:53:52.739168Z", "Channel": "Microsoft-Windows-Bits-Client/Operational", "Provider": "Microsoft-Windows-Bits-Client", "Hostname": "MSEDGEWIN10", "SID": "S-1-5-18", "EventID": 3, "RecordID": 9394, "Level": "Information", "Descr": "The BITS service created a new job", "JobTitle": "Push Notification Platform Job: 1", "JobId": "3867D376-2568-4730-90E4-D460FF9D4DC9", "JobOwner": "MSEDGEWIN10\\IEUser", "ProcessPath": "C:\\Windows\\System32\\svchost.exe", "ProcessId": "1272"}
{"Timestamp": "2021-03-15 18:53:52.574635Z", "Channel": "Microsoft-Windows-Bits-Client/Operational", "Provider": "Microsoft-Windows-Bits-Client", "Hostname": "MSEDGEWIN10", "SID": "S-1-5-18", "EventID": 4, "RecordID": 9393, "Level": "Information", "Descr": "The transfer job is complete", "Username": "MSEDGEWIN10\\IEUser", "JobTitle": "Push Notification Platform Job: 1", "JobId": "CEF37429-C061-432A-A6CB-9E37B8C5C08A", "JobOwner": "MSEDGEWIN10\\IEUser", "FileCount": "1"}
{"Timestamp": "2021-03-15 18:53:52.560039Z", "Channel": "Microsoft-Windows-Bits-Client/Operational", "Provider": "Microsoft-Windows-Bits-Client", "Hostname": "MSEDGEWIN10", "SID": "S-1-5-18", "EventID": 60, "RecordID": 9392, "Level": "Information", "Descr": "BITS stopped transferring the <Name> transfer job that is associated with the <URL>", "TransferId": "6EFAFDD6-9C63-48DD-9C32-8209F298E36D", "Name": "Push Notification Platform Job: 1", "JobId": "CEF37429-C061-432A-A6CB-9E37B8C5C08A", "URL": "https://img-s-msn-com.akamaized.net/tenant/amp/entityid/BB1eC0p1.img?w=100&h=100&m=6&tilesize=medium&x=1964&y=1240&ms-scale=100&ms-contrast=standard", "Peer": null, "FileTime": "2021-03-15 18:52:18 UTC", "FileSize": "5351", "BytesTotal": "5351", "BytesTransferred": "5351", "BytesTransferredFromPeer": "0"}
{"Timestamp": "2021-03-15 18:53:51.796822Z", "Channel": "Microsoft-Windows-Bits-Client/Operational", "Provider": "Microsoft-Windows-Bits-Client", "Hostname": "MSEDGEWIN10", "SID": "S-1-5-18", "EventID": 59, "RecordID": 9391, "Level": "Information", "Descr": "BITS started the <Name> transfer job that is associated with the <URL>", "TransferId": "6EFAFDD6-9C63-48DD-9C32-8209F298E36D", "Name": "Push Notification Platform Job: 1", "JobId": "CEF37429-C061-432A-A6CB-9E37B8C5C08A", "URL": "https://img-s-msn-com.akamaized.net/tenant/amp/entityid/BB1eC0p1.img?w=100&h=100&m=6&tilesize=medium&x=1964&y=1240&ms-scale=100&ms-contrast=standard", "Peer": null, "FileTime": "1601-01-01 00:00:00 UTC", "FileSize": "18446744073709551615"}
{"Timestamp": "2021-03-15 18:53:51.661879Z", "Channel": "Microsoft-Windows-Bits-Client/Operational", "Provider": "Microsoft-Windows-Bits-Client", "Hostname": "MSEDGEWIN10", "SID": "S-1-5-18", "EventID": 3, "RecordID": 9389, "Level": "Information", "Descr": "The BITS service created a new job", "JobTitle": "Push Notification Platform Job: 1", "JobId": "CEF37429-C061-432A-A6CB-9E37B8C5C08A", "JobOwner": "MSEDGEWIN10\\IEUser", "ProcessPath": "C:\\Windows\\System32\\svchost.exe", "ProcessId": "1272"}
{"Timestamp": "2021-03-15 18:53:18.807614Z", "Channel": "Microsoft-Windows-Bits-Client/Operational", "Provider": "Microsoft-Windows-Bits-Client", "Hostname": "MSEDGEWIN10", "SID": "S-1-5-18", "EventID": 60, "RecordID": 9388, "Level": "Information", "Descr": "BITS stopped transferring the <Name> transfer job that is associated with the <URL>", "TransferId": "B0BCF3CC-C991-4F9E-A153-5586447047A3", "Name": "Push Notification Platform Job: 1", "JobId": "1D38681B-34BB-46D8-BDDE-900CD49A0C7E", "URL": "https://site-cdn.onenote.net/161390740451_Images/LiveTileImages/MediumAndLarge/Image2.png", "Peer": null, "FileTime": "2021-03-08 00:10:28 UTC", "FileSize": "30038", "BytesTotal": "30038", "BytesTransferred": "30038", "BytesTransferredFromPeer": "0"}
{"Timestamp": "2021-03-15 18:53:18.009212Z", "Channel": "Microsoft-Windows-Bits-Client/Operational", "Provider": "Microsoft-Windows-Bits-Client", "Hostname": "MSEDGEWIN10", "SID": "S-1-5-18", "EventID": 59, "RecordID": 9387, "Level": "Information", "Descr": "BITS started the <Name> transfer job that is associated with the <URL>", "TransferId": "B0BCF3CC-C991-4F9E-A153-5586447047A3", "Name": "Push Notification Platform Job: 1", "JobId": "1D38681B-34BB-46D8-BDDE-900CD49A0C7E", "URL": "https://site-cdn.onenote.net/161390740451_Images/LiveTileImages/MediumAndLarge/Image2.png", "Peer": null, "FileTime": "1601-01-01 00:00:00 UTC", "FileSize": "18446744073709551615"}
{"Timestamp": "2021-03-15 18:52:42.173763Z", "Channel": "Microsoft-Windows-Bits-Client/Operational", "Provider": "Microsoft-Windows-Bits-Client", "Hostname": "MSEDGEWIN10", "SID": "S-1-5-18", "EventID": 60, "RecordID": 9386, "Level": "Information", "Descr": "BITS stopped transferring the <Name> transfer job that is associated with the <URL>", "TransferId": "E066EEE6-1985-4F91-94AF-622E9A9C5B1D", "Name": "Push Notification Platform Job: 1", "JobId": "1D38681B-34BB-46D8-BDDE-900CD49A0C7E", "URL": "https://site-cdn.onenote.net/161390740451_Images/LiveTileImages/MediumAndLarge/Image2.png", "Peer": null, "FileTime": "1601-01-01 00:00:00 UTC", "FileSize": "18446744073709551615", "BytesTotal": "18446744073709551615", "BytesTransferred": "0", "BytesTransferredFromPeer": "0"}
{"Timestamp": "2021-03-15 18:52:33.804166Z", "Channel": "Microsoft-Windows-Bits-Client/Operational", "Provider": "Microsoft-Windows-Bits-Client", "Hostname": "MSEDGEWIN10", "SID": "S-1-5-18", "EventID": 59, "RecordID": 9385, "Level": "Information", "Descr": "BITS started the <Name> transfer job that is associated with the <URL>", "TransferId": "E066EEE6-1985-4F91-94AF-622E9A9C5B1D", "Name": "Push Notification Platform Job: 1", "JobId": "1D38681B-34BB-46D8-BDDE-900CD49A0C7E", "URL": "https://site-cdn.onenote.net/161390740451_Images/LiveTileImages/MediumAndLarge/Image2.png", "Peer": null, "FileTime": "1601-01-01 00:00:00 UTC", "FileSize": "18446744073709551615"}
{"Timestamp": "2021-03-15 18:52:33.788955Z", "Channel": "Microsoft-Windows-Bits-Client/Operational", "Provider": "Microsoft-Windows-Bits-Client", "Hostname": "MSEDGEWIN10", "SID": "S-1-5-18", "EventID": 3, "RecordID": 9383, "Level": "Information", "Descr": "The BITS service created a new job", "JobTitle": "Push Notification Platform Job: 1", "JobId": "1D38681B-34BB-46D8-BDDE-900CD49A0C7E", "JobOwner": "MSEDGEWIN10\\IEUser", "ProcessPath": "C:\\Windows\\System32\\svchost.exe", "ProcessId": "4368"}
{"Timestamp": "2021-03-15 18:52:33.540790Z", "Channel": "Microsoft-Windows-Bits-Client/Operational", "Provider": "Microsoft-Windows-Bits-Client", "Hostname": "MSEDGEWIN10", "SID": "S-1-5-18", "EventID": 4, "RecordID": 9382, "Level": "Information", "Descr": "The transfer job is complete", "Username": "MSEDGEWIN10\\IEUser", "JobTitle": "Push Notification Platform Job: 1", "JobId": "122D6E11-8475-4852-8FBC-A1ACF45C17E5", "JobOwner": "MSEDGEWIN10\\IEUser", "FileCount": "1"}
{"Timestamp": "2021-03-15 18:52:33.519362Z", "Channel": "Microsoft-Windows-Bits-Client/Operational", "Provider": "Microsoft-Windows-Bits-Client", "Hostname": "MSEDGEWIN10", "SID": "S-1-5-18", "EventID": 60, "RecordID": 9381, "Level": "Information", "Descr": "BITS stopped transferring the <Name> transfer job that is associated with the <URL>", "TransferId": "C34F70BE-D427-44BE-8539-F78020D1EAC9", "Name": "Push Notification Platform Job: 1", "JobId": "122D6E11-8475-4852-8FBC-A1ACF45C17E5", "URL": "https://img-s-msn-com.akamaized.net/tenant/amp/entityid/BB1eBRSG.img?w=100&h=100&m=6&tilesize=medium&x=1788&y=885&ms-scale=100&ms-contrast=standard", "Peer": null, "FileTime": "2021-03-15 17:07:31 UTC", "FileSize": "8474", "BytesTotal": "8474", "BytesTransferred": "8474", "BytesTransferredFromPeer": "0"}
{"Timestamp": "2021-03-15 18:52:31.347753Z", "Channel": "Microsoft-Windows-Bits-Client/Operational", "Provider": "Microsoft-Windows-Bits-Client", "Hostname": "MSEDGEWIN10", "SID": "S-1-5-18", "EventID": 59, "RecordID": 9380, "Level": "Information", "Descr": "BITS started the <Name> transfer job that is associated with the <URL>", "TransferId": "C34F70BE-D427-44BE-8539-F78020D1EAC9", "Name": "Push Notification Platform Job: 1", "JobId": "122D6E11-8475-4852-8FBC-A1ACF45C17E5", "URL": "https://img-s-msn-com.akamaized.net/tenant/amp/entityid/BB1eBRSG.img?w=100&h=100&m=6&tilesize=medium&x=1788&y=885&ms-scale=100&ms-contrast=standard", "Peer": null, "FileTime": "1601-01-01 00:00:00 UTC", "FileSize": "18446744073709551615"}
{"Timestamp": "2021-03-15 18:52:31.291372Z", "Channel": "Microsoft-Windows-Bits-Client/Operational", "Provider": "Microsoft-Windows-Bits-Client", "Hostname": "MSEDGEWIN10", "SID": "S-1-5-18", "EventID": 3, "RecordID": 9378, "Level": "Information", "Descr": "The BITS service created a new job", "JobTitle": "Push Notification Platform Job: 1", "JobId": "122D6E11-8475-4852-8FBC-A1ACF45C17E5", "JobOwner": "MSEDGEWIN10\\IEUser", "ProcessPath": "C:\\Windows\\System32\\svchost.exe", "ProcessId": "4368"}
{"Timestamp": "2021-03-15 18:51:45.744568Z", "Channel": "Microsoft-Windows-Bits-Client/Operational", "Provider": "Microsoft-Windows-Bits-Client", "Hostname": "MSEDGEWIN10", "SID": "S-1-5-18", "EventID": 60, "RecordID": 9377, "Level": "Information", "Descr": "BITS stopped transferring the <Name> transfer job that is associated with the <URL>", "TransferId": "692CB43F-34A0-4FDA-BFD4-30587CBBEAEF", "Name": "ab170ec9.png", "JobId": "3613C02A-20B8-427D-8F52-2F15F3627808", "URL": "https://i.imgur.com/IFpvPlt.png", "Peer": null, "FileTime": "2021-02-24 21:52:17 UTC", "FileSize": "394556", "BytesTotal": "394556", "BytesTransferred": "394556", "BytesTransferredFromPeer": "0"}
{"Timestamp": "2021-03-15 18:50:22.964064Z", "Channel": "Microsoft-Windows-Bits-Client/Operational", "Provider": "Microsoft-Windows-Bits-Client", "Hostname": "MSEDGEWIN10", "SID": "S-1-5-21-3461203602-4096304019-2269080069-1000", "EventID": 5, "RecordID": 9376, "Level": "Information", "Descr": "Job cancelled", "Username": "MSEDGEWIN10\\IEUser", "JobTitle": "6bfd95a1.png", "JobId": "D0CE1896-2836-4D3C-BF5C-C429B006A7C5", "JobOwner": "MSEDGEWIN10\\IEUser", "FileCount": "1"}
{"Timestamp": "2021-03-15 18:50:14.566078Z", "Channel": "Microsoft-Windows-Bits-Client/Operational", "Provider": "Microsoft-Windows-Bits-Client", "Hostname": "MSEDGEWIN10", "SID": "S-1-5-21-3461203602-4096304019-2269080069-1000", "EventID": 5, "RecordID": 9375, "Level": "Information", "Descr": "Job cancelled", "Username": "MSEDGEWIN10\\IEUser", "JobTitle": "608b2579.png", "JobId": "9C50FE07-B51D-43C0-ABE0-A30DA4A6D488", "JobOwner": "MSEDGEWIN10\\IEUser", "FileCount": "1"}
{"Timestamp": "2021-03-15 18:49:42.489731Z", "Channel": "Microsoft-Windows-Bits-Client/Operational", "Provider": "Microsoft-Windows-Bits-Client", "Hostname": "MSEDGEWIN10", "SID": "S-1-5-18", "EventID": 3, "RecordID": 9374, "Level": "Information", "Descr": "The BITS service created a new job", "JobTitle": "6bfd95a1.png", "JobId": "D0CE1896-2836-4D3C-BF5C-C429B006A7C5", "JobOwner": "MSEDGEWIN10\\IEUser", "ProcessPath": "C:\\Windows\\SysWOW64\\notepad.exe", "ProcessId": "1944"}
{"Timestamp": "2021-03-15 18:49:34.136813Z", "Channel": "Microsoft-Windows-Bits-Client/Operational", "Provider": "Microsoft-Windows-Bits-Client", "Hostname": "MSEDGEWIN10", "SID": "S-1-5-18", "EventID": 3, "RecordID": 9373, "Level": "Information", "Descr": "The BITS service created a new job", "JobTitle": "608b2579.png", "JobId": "9C50FE07-B51D-43C0-ABE0-A30DA4A6D488", "JobOwner": "MSEDGEWIN10\\IEUser", "ProcessPath": "C:\\Windows\\SysWOW64\\notepad.exe", "ProcessId": "7284"}
{"Timestamp": "2021-03-15 18:49:23.184439Z", "Channel": "Microsoft-Windows-Bits-Client/Operational", "Provider": "Microsoft-Windows-Bits-Client", "Hostname": "MSEDGEWIN10", "SID": "S-1-5-18", "EventID": 59, "RecordID": 9372, "Level": "Information", "Descr": "BITS started the <Name> transfer job that is associated with the <URL>", "TransferId": "692CB43F-34A0-4FDA-BFD4-30587CBBEAEF", "Name": "ab170ec9.png", "JobId": "3613C02A-20B8-427D-8F52-2F15F3627808", "URL": "https://i.imgur.com/IFpvPlt.png", "Peer": null, "FileTime": "2021-02-24 21:52:17 UTC", "FileSize": "394556"}
{"Timestamp": "2021-03-15 18:49:21.183907Z", "Channel": "Microsoft-Windows-Bits-Client/Operational", "Provider": "Microsoft-Windows-Bits-Client", "Hostname": "MSEDGEWIN10", "SID": "S-1-5-18", "EventID": 4, "RecordID": 9371, "Level": "Information", "Descr": "The transfer job is complete", "Username": "NT AUTHORITY\\LOCAL SERVICE", "JobTitle": "Font Download", "JobId": "EEEBFBC8-3314-4EFD-9D74-BCB28BF7FC97", "JobOwner": "NT AUTHORITY\\LOCAL SERVICE", "FileCount": "1"}
{"Timestamp": "2021-03-15 18:49:21.173515Z", "Channel": "Microsoft-Windows-Bits-Client/Operational", "Provider": "Microsoft-Windows-Bits-Client", "Hostname": "MSEDGEWIN10", "SID": "S-1-5-18", "EventID": 60, "RecordID": 9370, "Level": "Information", "Descr": "BITS stopped transferring the <Name> transfer job that is associated with the <URL>", "TransferId": "88DC802E-08A0-462C-BD04-7005ECE27AB5", "Name": "Font Download", "JobId": "EEEBFBC8-3314-4EFD-9D74-BCB28BF7FC97", "URL": "https://fs.microsoft.com/fs/windows/config.json", "Peer": null, "FileTime": "2017-04-20 16:10:39 UTC", "FileSize": "55", "BytesTotal": "55", "BytesTransferred": "55", "BytesTransferredFromPeer": "0"}
