{"Timestamp": "2020-11-07 15:33:50.329858Z", "Channel": "Microsoft-Windows-Bits-Client/Operational", "Provider": "Microsoft-Windows-Bits-Client", "Hostname": "MSEDGEWIN10", "SID": "S-1-5-18", "EventID": 3, "RecordID": 8672, "Level": "Information", "Descr": "The BITS service created a new job", "JobTitle": "Push Notification Platform Job: 1", "JobId": "F6F80D39-5C38-4E89-A135-224B5BD34683", "JobOwner": "MSEDGEWIN10\\IEUser", "ProcessPath": "C:\\Windows\\System32\\svchost.exe", "ProcessId": "6248"}
{"Timestamp": "2020-11-07 11:58:03.473308Z", "Channel": "Microsoft-Windows-Bits-Client/Operational", "Provider": "Microsoft-Windows-Bits-Client", "Hostname": "MSEDGEWIN10", "SID": "S-1-5-20", "EventID": 5, "RecordID": 8670, "Level": "Information", "Descr": "Job cancelled", "Username": "NT AUTHORITY\\NETWORK SERVICE", "JobTitle": "SpeechModelDownloadJob", "JobId": "1346D3E6-0568-4199-848E-72F5A603645E", "JobOwner": "NT AUTHORITY\\NETWORK SERVICE", "FileCount": "1"}
{"Timestamp": "2020-11-07 11:57:56.082281Z", "Channel": "Microsoft-Windows-Bits-Client/Operational", "Provider": "Microsoft-Windows-Bits-Client", "Hostname": "MSEDGEWIN10", "SID": "S-1-5-18", "EventID": 3, "RecordID": 8668, "Level": "Information", "Descr": "The BITS service created a new job", "JobTitle": "SpeechModelDownloadJob", "JobId": "1346D3E6-0568-4199-848E-72F5A603645E", "JobOwner": "NT AUTHORITY\\NETWORK SERVICE", "ProcessPath": "C:\\Windows\\System32\\Speech_OneCore\\common\\SpeechModelDownload.exe", "ProcessId": "2800"}
{"Timestamp": "2020-11-07 10:30:31.646602Z", "Channel": "Microsoft-Windows-Bits-Client/Operational", "Provider": "Microsoft-Windows-Bits-Client", "Hostname": "MSEDGEWIN10", "SID": "S-1-5-18", "EventID": 3, "RecordID": 8664, "Level": "Information", "Descr": "The BITS service created a new job", "JobTitle": "MicrosoftMapsBingGeoStore", "JobId": "8EE58643-6C9F-42A0-A15A-AE35C6AA4860", "JobOwner": "NT AUTHORITY\\NETWORK SERVICE", "ProcessPath": "C:\\Windows\\System32\\svchost.exe", "ProcessId": "9584"}
{"Timestamp": "2020-11-06 14:56:53.491754Z", "Channel": "Microsoft-Windows-Bits-Client/Operational", "Provider": "Microsoft-Windows-Bits-Client", "Hostname": "MSEDGEWIN10", "SID": "S-1-5-18", "EventID": 4, "RecordID": 8662, "Level": "Information", "Descr": "The transfer job is complete", "Username": "MSEDGEWIN10\\IEUser", "JobTitle": "UpdateDescriptionXml", "JobId": "704F657A-32B6-4362-B92F-F3901C19CF3A", "JobOwner": "MSEDGEWIN10\\IEUser", "FileCount": "1"}
{"Timestamp": "2020-11-06 14:56:53.476454Z", "Channel": "Microsoft-Windows-Bits-Client/Operational", "Provider": "Microsoft-Windows-Bits-Client", "Hostname": "MSEDGEWIN10", "SID": "S-1-5-18", "EventID": 60, "RecordID": 8661, "Level": "Information", "Descr": "BITS stopped transferring the <Name> transfer job that is associated with the <URL>", "TransferId": "EB918641-81EE-4E04-88F7-CA6B80CA3B3E", "Name": "UpdateDescriptionXml", "JobId": "704F657A-32B6-4362-B92F-F3901C19CF3A", "URL": "https://g.live.com/1rewlive5skydrive/ODSUProduction", "Peer": null, "FileTime": "2020-10-26 21:00:55 UTC", "FileSize": "526", "BytesTotal": "526", "BytesTransferred": "526", "BytesTransferredFromPeer": "0"}
{"Timestamp": "2020-11-06 14:56:52.824084Z", "Channel": "Microsoft-Windows-Bits-Client/Operational", "Provider": "Microsoft-Windows-Bits-Client", "Hostname": "MSEDGEWIN10", "SID": "S-1-5-18", "EventID": 59, "RecordID": 8660, "Level": "Information", "Descr": "BITS started the <Name> transfer job that is associated with the <URL>", "TransferId": "EB918641-81EE-4E04-88F7-CA6B80CA3B3E", "Name": "UpdateDescriptionXml", "JobId": "704F657A-32B6-4362-B92F-F3901C19CF3A", "URL": "https://g.live.com/1rewlive5skydrive/ODSUProduction", "Peer": null, "FileTime": "2020-10-26 21:00:55 UTC", "FileSize": "526"}
{"Timestamp": "2020-11-06 14:54:34.403926Z", "Channel": "Microsoft-Windows-Bits-Client/Operational", "Provider": "Microsoft-Windows-Bits-Client", "Hostname": "MSEDGEWIN10", "SID": "S-1-5-18", "EventID": 3, "RecordID": 8635, "Level": "Information", "Descr": "The BITS service created a new job", "JobTitle": "UpdateDescriptionXml", "JobId": "704F657A-32B6-4362-B92F-F3901C19CF3A", "JobOwner": "MSEDGEWIN10\\IEUser", "ProcessPath": "C:\\Users\\IEUser\\AppData\\Local\\Microsoft\\OneDrive\\OneDriveStandaloneUpdater.exe", "ProcessId": "3444"}
{"Timestamp": "2020-11-06 14:53:43.746873Z", "Channel": "Microsoft-Windows-Bits-Client/Operational", "Provider": "Microsoft-Windows-Bits-Client", "Hostname": "MSEDGEWIN10", "SID": "S-1-5-21-3461203602-4096304019-2269080069-1000", "EventID": 5, "RecordID": 8634, "Level": "Information", "Descr": "Job cancelled", "Username": "MSEDGEWIN10\\IEUser", "JobTitle": "PreSignInSettingsConfigJSON", "JobId": "894903D2-BEB4-4CFC-BB2E-2E8E06F5ACFD", "JobOwner": "MSEDGEWIN10\\IEUser", "FileCount": "1"}
{"Timestamp": "2020-11-12 10:46:10.959761Z", "Channel": "Microsoft-Windows-Bits-Client/Operational", "Provider": "Microsoft-Windows-Bits-Client", "Hostname": "MSEDGEWIN10", "SID": "S-1-5-18", "EventID": 3, "RecordID": 8825, "Level": "Information", "Descr": "The BITS service created a new job", "JobTitle": "C:\\Program Files (x86)\\Google\\Update\\1.3.36.32\\Recovery\\GUR86EE.tmp\\GoogleUpdateSetup.crx3", "JobId": "21ABE5B0-D766-4A90-96BF-93C22C834CCC", "JobOwner": "NT AUTHORITY\\SYSTEM", "ProcessPath": "C:\\Program Files (x86)\\Google\\Update\\GoogleUpdate.exe", "ProcessId": "8124"}
{"Timestamp": "2020-11-12 10:46:10.950750Z", "Channel": "Microsoft-Windows-Bits-Client/Operational", "Provider": "Microsoft-Windows-Bits-Client", "Hostname": "MSEDGEWIN10", "SID": "S-1-5-18", "EventID": 5, "RecordID": 8824, "Level": "Information", "Descr": "Job cancelled", "Username": "NT AUTHORITY\\SYSTEM", "JobTitle": "C:\\Program Files (x86)\\Google\\Update\\1.3.36.32\\Recovery\\GUR86EE.tmp\\GoogleUpdateSetup.crx3", "JobId": "63B80D97-04A5-492E-ABA4-AC861A8B9DEB", "JobOwner": "NT AUTHORITY\\SYSTEM", "FileCount": "1"}
{"Timestamp": "2020-11-12 10:46:10.937850Z", "Channel": "Microsoft-Windows-Bits-Client/Operational", "Provider": "Microsoft-Windows-Bits-Client", "Hostname": "MSEDGEWIN10", "SID": "S-1-5-18", "EventID": 3, "RecordID": 8822, "Level": "Information", "Descr": "The BITS service created a new job", "JobTitle": "C:\\Program Files (x86)\\Google\\Update\\1.3.36.32\\Recovery\\GUR86EE.tmp\\GoogleUpdateSetup.crx3", "JobId": "63B80D97-04A5-492E-ABA4-AC861A8B9DEB", "JobOwner": "NT AUTHORITY\\SYSTEM", "ProcessPath": "C:\\Program Files (x86)\\Google\\Update\\GoogleUpdate.exe", "ProcessId": "8124"}
{"Timestamp": "2020-11-12 10:46:10.927166Z", "Channel": "Microsoft-Windows-Bits-Client/Operational", "Provider": "Microsoft-Windows-Bits-Client", "Hostname": "MSEDGEWIN10", "SID": "S-1-5-18", "EventID": 5, "RecordID": 8821, "Level": "Information", "Descr": "Job cancelled", "Username": "NT AUTHORITY\\SYSTEM", "JobTitle": "C:\\Users\\IEUser\\AppData\\Local\\{3FD1CE18-35CB-4333-89F8-DA4D98954D9F}", "JobId": "AA87E183-AD10-40EC-83AA-EE0F510ECA8E", "JobOwner": "NT AUTHORITY\\SYSTEM", "FileCount": "1"}
{"Timestamp": "2020-11-12 10:46:10.914616Z", "Channel": "Microsoft-Windows-Bits-Client/Operational", "Provider": "Microsoft-Windows-Bits-Client", "Hostname": "MSEDGEWIN10", "SID": "S-1-5-18", "EventID": 3, "RecordID": 8819, "Level": "Information", "Descr": "The BITS service created a new job", "JobTitle": "C:\\Users\\IEUser\\AppData\\Local\\{3FD1CE18-35CB-4333-89F8-DA4D98954D9F}", "JobId": "AA87E183-AD10-40EC-83AA-EE0F510ECA8E", "JobOwner": "NT AUTHORITY\\SYSTEM", "ProcessPath": "C:\\Program Files (x86)\\Google\\Update\\GoogleUpdate.exe", "ProcessId": "8124"}
{"Timestamp": "2020-11-12 10:46:10.906307Z", "Channel": "Microsoft-Windows-Bits-Client/Operational", "Provider": "Microsoft-Windows-Bits-Client", "Hostname": "MSEDGEWIN10", "SID": "S-1-5-18", "EventID": 5, "RecordID": 8818, "Level": "Information", "Descr": "Job cancelled", "Username": "NT AUTHORITY\\SYSTEM", "JobTitle": "C:\\Users\\IEUser\\AppData\\Local\\{3FD1CE18-35CB-4333-89F8-DA4D98954D9F}", "JobId": "16C14A8E-4FDE-4A68-AC33-3FCB912BB637", "JobOwner": "NT AUTHORITY\\SYSTEM", "FileCount": "1"}
{"Timestamp": "2020-11-12 10:46:10.886093Z", "Channel": "Microsoft-Windows-Bits-Client/Operational", "Provider": "Microsoft-Windows-Bits-Client", "Hostname": "MSEDGEWIN10", "SID": "S-1-5-18", "EventID": 3, "RecordID": 8816, "Level": "Information", "Descr": "The BITS service created a new job", "JobTitle": "C:\\Users\\IEUser\\AppData\\Local\\{3FD1CE18-35CB-4333-89F8-DA4D98954D9F}", "JobId": "16C14A8E-4FDE-4A68-AC33-3FCB912BB637", "JobOwner": "NT AUTHORITY\\SYSTEM", "ProcessPath": "C:\\Program Files (x86)\\Google\\Update\\GoogleUpdate.exe", "ProcessId": "8124"}
{"Timestamp": "2020-11-11 15:56:12.918372Z", "Channel": "Microsoft-Windows-Bits-Client/Operational", "Provider": "Microsoft-Windows-Bits-Client", "Hostname": "MSEDGEWIN10", "SID": "S-1-5-21-3461203602-4096304019-2269080069-1000", "EventID": 5, "RecordID": 8813, "Level": "Information", "Descr": "Job cancelled", "Username": "MSEDGEWIN10\\IEUser", "JobTitle": "Push Notification Platform Job: 1", "JobId": "F79CD3A7-CFA0-4C94-BDD2-428AD7F831F0", "JobOwner": "MSEDGEWIN10\\IEUser", "FileCount": "1"}
{"Timestamp": "2020-11-11 15:56:12.913805Z", "Channel": "Microsoft-Windows-Bits-Client/Operational", "Provider": "Microsoft-Windows-Bits-Client", "Hostname": "MSEDGEWIN10", "SID": "S-1-5-18", "EventID": 59, "RecordID": 8811, "Level": "Information", "Descr": "BITS started the <Name> transfer job that is associated with the <URL>", "TransferId": "426404D8-97B8-43EE-AE45-273D15752BFB", "Name": "Push Notification Platform Job: 1", "JobId": "F79CD3A7-CFA0-4C94-BDD2-428AD7F831F0", "URL": "https://site-cdn.onenote.net/161350540457_Images/LiveTileImages/MediumAndLarge/Image3.png", "Peer": null, "FileTime": "1601-01-01 00:00:00 UTC", "FileSize": "18446744073709551615"}
{"Timestamp": "2020-11-11 15:56:12.910342Z", "Channel": "Microsoft-Windows-Bits-Client/Operational", "Provider": "Microsoft-Windows-Bits-Client", "Hostname": "MSEDGEWIN10", "SID": "S-1-5-18", "EventID": 59, "RecordID": 8809, "Level": "Information", "Descr": "BITS started the <Name> transfer job that is associated with the <URL>", "TransferId": "A421F00E-90B9-499F-8AD3-09435DC55003", "Name": "Push Notification Platform Job: 1", "JobId": "F79CD3A7-CFA0-4C94-BDD2-428AD7F831F0", "URL": "https://site-cdn.onenote.net/161350540457_Images/LiveTileImages/MediumAndLarge/Image3.png", "Peer": null, "FileTime": "1601-01-01 00:00:00 UTC", "FileSize": "18446744073709551615"}
{"Timestamp": "2020-11-11 15:56:12.906494Z", "Channel": "Microsoft-Windows-Bits-Client/Operational", "Provider": "Microsoft-Windows-Bits-Client", "Hostname": "MSEDGEWIN10", "SID": "S-1-5-18", "EventID": 59, "RecordID": 8807, "Level": "Information", "Descr": "BITS started the <Name> transfer job that is associated with the <URL>", "TransferId": "3ED89E35-E699-4387-8D54-A0CE197908D9", "Name": "Push Notification Platform Job: 1", "JobId": "F79CD3A7-CFA0-4C94-BDD2-428AD7F831F0", "URL": "https://site-cdn.onenote.net/161350540457_Images/LiveTileImages/MediumAndLarge/Image3.png", "Peer": null, "FileTime": "1601-01-01 00:00:00 UTC", "FileSize": "18446744073709551615"}
{"Timestamp": "2020-11-11 15:56:12.899481Z", "Channel": "Microsoft-Windows-Bits-Client/Operational", "Provider": "Microsoft-Windows-Bits-Client", "Hostname": "MSEDGEWIN10", "SID": "S-1-5-18", "EventID": 59, "RecordID": 8805, "Level": "Information", "Descr": "BITS started the <Name> transfer job that is associated with the <URL>", "TransferId": "309C300D-5D37-4EA0-B02A-F7E4E69874F5", "Name": "Push Notification Platform Job: 1", "JobId": "F79CD3A7-CFA0-4C94-BDD2-428AD7F831F0", "URL": "https://site-cdn.onenote.net/161350540457_Images/LiveTileImages/MediumAndLarge/Image3.png", "Peer": null, "FileTime": "1601-01-01 00:00:00 UTC", "FileSize": "18446744073709551615"}
{"Timestamp": "2020-11-11 15:56:12.895632Z", "Channel": "Microsoft-Windows-Bits-Client/Operational", "Provider": "Microsoft-Windows-Bits-Client", "Hostname": "MSEDGEWIN10", "SID": "S-1-5-18", "EventID": 3, "RecordID": 8803, "Level": "Information", "Descr": "The BITS service created a new job", "JobTitle": "Push Notification Platform Job: 1", "JobId": "F79CD3A7-CFA0-4C94-BDD2-428AD7F831F0", "JobOwner": "MSEDGEWIN10\\IEUser", "ProcessPath": "C:\\Windows\\System32\\svchost.exe", "ProcessId": "6644"}
{"Timestamp": "2020-11-11 15:56:12.848261Z", "Channel": "Microsoft-Windows-Bits-Client/Operational", "Provider": "Microsoft-Windows-Bits-Client", "Hostname": "MSEDGEWIN10", "SID": "S-1-5-21-3461203602-4096304019-2269080069-1000", "EventID": 5, "RecordID": 8802, "Level": "Information", "Descr": "Job cancelled", "Username": "MSEDGEWIN10\\IEUser", "JobTitle": "Push Notification Platform Job: 1", "JobId": "D7E9A52A-1F10-4378-BF69-8E4A7E75A2FC", "JobOwner": "MSEDGEWIN10\\IEUser", "FileCount": "1"}
{"Timestamp": "2020-11-11 15:56:12.802547Z", "Channel": "Microsoft-Windows-Bits-Client/Operational", "Provider": "Microsoft-Windows-Bits-Client", "Hostname": "MSEDGEWIN10", "SID": "S-1-5-18", "EventID": 59, "RecordID": 8800, "Level": "Information", "Descr": "BITS started the <Name> transfer job that is associated with the <URL>", "TransferId": "1B9FD0B4-592B-4EA9-96F3-A2F78504C44B", "Name": "Push Notification Platform Job: 1", "JobId": "D7E9A52A-1F10-4378-BF69-8E4A7E75A2FC", "URL": "https://img-s-msn-com.akamaized.net/tenant/amp/entityid/BB1aUuAd.img?w=100&h=100&m=6&tilesize=medium&x=795&y=190&ms-scale=100&ms-contrast=standard", "Peer": null, "FileTime": "1601-01-01 00:00:00 UTC", "FileSize": "18446744073709551615"}
{"Timestamp": "2020-11-11 15:56:12.798536Z", "Channel": "Microsoft-Windows-Bits-Client/Operational", "Provider": "Microsoft-Windows-Bits-Client", "Hostname": "MSEDGEWIN10", "SID": "S-1-5-18", "EventID": 59, "RecordID": 8798, "Level": "Information", "Descr": "BITS started the <Name> transfer job that is associated with the <URL>", "TransferId": "BC94F258-D1D5-4E93-94EA-DD9ADD7AA6D0", "Name": "Push Notification Platform Job: 1", "JobId": "D7E9A52A-1F10-4378-BF69-8E4A7E75A2FC", "URL": "https://img-s-msn-com.akamaized.net/tenant/amp/entityid/BB1aUuAd.img?w=100&h=100&m=6&tilesize=medium&x=795&y=190&ms-scale=100&ms-contrast=standard", "Peer": null, "FileTime": "1601-01-01 00:00:00 UTC", "FileSize": "18446744073709551615"}
{"Timestamp": "2020-11-11 15:56:12.794671Z", "Channel": "Microsoft-Windows-Bits-Client/Operational", "Provider": "Microsoft-Windows-Bits-Client", "Hostname": "MSEDGEWIN10", "SID": "S-1-5-18", "EventID": 59, "RecordID": 8796, "Level": "Information", "Descr": "BITS started the <Name> transfer job that is associated with the <URL>", "TransferId": "72D4D1FD-18E7-42CD-91F7-5273E206E515", "Name": "Push Notification Platform Job: 1", "JobId": "D7E9A52A-1F10-4378-BF69-8E4A7E75A2FC", "URL": "https://img-s-msn-com.akamaized.net/tenant/amp/entityid/BB1aUuAd.img?w=100&h=100&m=6&tilesize=medium&x=795&y=190&ms-scale=100&ms-contrast=standard", "Peer": null, "FileTime": "1601-01-01 00:00:00 UTC", "FileSize": "18446744073709551615"}
{"Timestamp": "2020-11-11 15:56:12.788891Z", "Channel": "Microsoft-Windows-Bits-Client/Operational", "Provider": "Microsoft-Windows-Bits-Client", "Hostname": "MSEDGEWIN10", "SID": "S-1-5-18", "EventID": 59, "RecordID": 8794, "Level": "Information", "Descr": "BITS started the <Name> transfer job that is associated with the <URL>", "TransferId": "99E28BC3-A608-476D-9A1B-2668164BA196", "Name": "Push Notification Platform Job: 1", "JobId": "D7E9A52A-1F10-4378-BF69-8E4A7E75A2FC", "URL": "https://img-s-msn-com.akamaized.net/tenant/amp/entityid/BB1aUuAd.img?w=100&h=100&m=6&tilesize=medium&x=795&y=190&ms-scale=100&ms-contrast=standard", "Peer": null, "FileTime": "1601-01-01 00:00:00 UTC", "FileSize": "18446744073709551615"}
{"Timestamp": "2020-11-11 15:56:12.778886Z", "Channel": "Microsoft-Windows-Bits-Client/Operational", "Provider": "Microsoft-Windows-Bits-Client", "Hostname": "MSEDGEWIN10", "SID": "S-1-5-18", "EventID": 3, "RecordID": 8792, "Level": "Information", "Descr": "The BITS service created a new job", "JobTitle": "Push Notification Platform Job: 1", "JobId": "D7E9A52A-1F10-4378-BF69-8E4A7E75A2FC", "JobOwner": "MSEDGEWIN10\\IEUser", "ProcessPath": "C:\\Windows\\System32\\svchost.exe", "ProcessId": "6644"}
{"Timestamp": "2020-11-11 15:56:12.761261Z", "Channel": "Microsoft-Windows-Bits-Client/Operational", "Provider": "Microsoft-Windows-Bits-Client", "Hostname": "MSEDGEWIN10", "SID": "S-1-5-21-3461203602-4096304019-2269080069-1000", "EventID": 5, "RecordID": 8791, "Level": "Information", "Descr": "Job cancelled", "Username": "MSEDGEWIN10\\IEUser", "JobTitle": "Push Notification Platform Job: 1", "JobId": "F02BAA27-F425-41D8-A9D0-6C4CE666CBFA", "JobOwner": "MSEDGEWIN10\\IEUser", "FileCount": "1"}
{"Timestamp": "2020-11-11 15:56:12.756686Z", "Channel": "Microsoft-Windows-Bits-Client/Operational", "Provider": "Microsoft-Windows-Bits-Client", "Hostname": "MSEDGEWIN10", "SID": "S-1-5-18", "EventID": 59, "RecordID": 8789, "Level": "Information", "Descr": "BITS started the <Name> transfer job that is associated with the <URL>", "TransferId": "A29A907B-CABD-4DEB-AA4C-8EEBE37441AE", "Name": "Push Notification Platform Job: 1", "JobId": "F02BAA27-F425-41D8-A9D0-6C4CE666CBFA", "URL": "https://site-cdn.onenote.net/161350540457_Images/LiveTileImages/MediumAndLarge/Image3.png", "Peer": null, "FileTime": "1601-01-01 00:00:00 UTC", "FileSize": "18446744073709551615"}
{"Timestamp": "2020-11-11 15:56:12.752762Z", "Channel": "Microsoft-Windows-Bits-Client/Operational", "Provider": "Microsoft-Windows-Bits-Client", "Hostname": "MSEDGEWIN10", "SID": "S-1-5-18", "EventID": 59, "RecordID": 8787, "Level": "Information", "Descr": "BITS started the <Name> transfer job that is associated with the <URL>", "TransferId": "790BCDE5-CC7F-4647-AF44-BC3E896C9B9E", "Name": "Push Notification Platform Job: 1", "JobId": "F02BAA27-F425-41D8-A9D0-6C4CE666CBFA", "URL": "https://site-cdn.onenote.net/161350540457_Images/LiveTileImages/MediumAndLarge/Image3.png", "Peer": null, "FileTime": "1601-01-01 00:00:00 UTC", "FileSize": "18446744073709551615"}
{"Timestamp": "2020-11-11 15:56:12.748446Z", "Channel": "Microsoft-Windows-Bits-Client/Operational", "Provider": "Microsoft-Windows-Bits-Client", "Hostname": "MSEDGEWIN10", "SID": "S-1-5-18", "EventID": 59, "RecordID": 8785, "Level": "Information", "Descr": "BITS started the <Name> transfer job that is associated with the <URL>", "TransferId": "9991762E-4770-4DEA-B153-E3A01BC5564D", "Name": "Push Notification Platform Job: 1", "JobId": "F02BAA27-F425-41D8-A9D0-6C4CE666CBFA", "URL": "https://site-cdn.onenote.net/161350540457_Images/LiveTileImages/MediumAndLarge/Image3.png", "Peer": null, "FileTime": "1601-01-01 00:00:00 UTC", "FileSize": "18446744073709551615"}
{"Timestamp": "2020-11-11 15:56:12.743222Z", "Channel": "Microsoft-Windows-Bits-Client/Operational", "Provider": "Microsoft-Windows-Bits-Client", "Hostname": "MSEDGEWIN10", "SID": "S-1-5-18", "EventID": 59, "RecordID": 8783, "Level": "Information", "Descr": "BITS started the <Name> transfer job that is associated with the <URL>", "TransferId": "8F6060B7-7671-4F9D-9D16-94BE7B3418B5", "Name": "Push Notification Platform Job: 1", "JobId": "F02BAA27-F425-41D8-A9D0-6C4CE666CBFA", "URL": "https://site-cdn.onenote.net/161350540457_Images/LiveTileImages/MediumAndLarge/Image3.png", "Peer": null, "FileTime": "1601-01-01 00:00:00 UTC", "FileSize": "18446744073709551615"}
{"Timestamp": "2020-11-11 15:56:12.738295Z", "Channel": "Microsoft-Windows-Bits-Client/Operational", "Provider": "Microsoft-Windows-Bits-Client", "Hostname": "MSEDGEWIN10", "SID": "S-1-5-18", "EventID": 3, "RecordID": 8781, "Level": "Information", "Descr": "The BITS service created a new job", "JobTitle": "Push Notification Platform Job: 1", "JobId": "F02BAA27-F425-41D8-A9D0-6C4CE666CBFA", "JobOwner": "MSEDGEWIN10\\IEUser", "ProcessPath": "C:\\Windows\\System32\\svchost.exe", "ProcessId": "6644"}
{"Timestamp": "2020-11-11 15:56:12.727312Z", "Channel": "Microsoft-Windows-Bits-Client/Operational", "Provider": "Microsoft-Windows-Bits-Client", "Hostname": "MSEDGEWIN10", "SID": "S-1-5-21-3461203602-4096304019-2269080069-1000", "EventID": 5, "RecordID": 8780, "Level": "Information", "Descr": "Job cancelled", "Username": "MSEDGEWIN10\\IEUser", "JobTitle": "Push Notification Platform Job: 1", "JobId": "A557536D-EAA5-401A-9BFB-13999D32C916", "JobOwner": "MSEDGEWIN10\\IEUser", "FileCount": "1"}
{"Timestamp": "2020-11-11 15:56:12.722055Z", "Channel": "Microsoft-Windows-Bits-Client/Operational", "Provider": "Microsoft-Windows-Bits-Client", "Hostname": "MSEDGEWIN10", "SID": "S-1-5-18", "EventID": 59, "RecordID": 8778, "Level": "Information", "Descr": "BITS started the <Name> transfer job that is associated with the <URL>", "TransferId": "E0DCAD2D-C279-4471-8512-CBBA600CFDC4", "Name": "Push Notification Platform Job: 1", "JobId": "A557536D-EAA5-401A-9BFB-13999D32C916", "URL": "https://img-s-msn-com.akamaized.net/tenant/amp/entityid/BB1aUuAd.img?w=100&h=100&m=6&tilesize=medium&x=795&y=190&ms-scale=100&ms-contrast=standard", "Peer": null, "FileTime": "1601-01-01 00:00:00 UTC", "FileSize": "18446744073709551615"}
{"Timestamp": "2020-11-11 15:56:12.718082Z", "Channel": "Microsoft-Windows-Bits-Client/Operational", "Provider": "Microsoft-Windows-Bits-Client", "Hostname": "MSEDGEWIN10", "SID": "S-1-5-18", "EventID": 59, "RecordID": 8776, "Level": "Information", "Descr": "BITS started the <Name> transfer job that is associated with the <URL>", "TransferId": "28F84B62-D06D-42B9-AEF6-70640F017540", "Name": "Push Notification Platform Job: 1", "JobId": "A557536D-EAA5-401A-9BFB-13999D32C916", "URL": "https://img-s-msn-com.akamaized.net/tenant/amp/entityid/BB1aUuAd.img?w=100&h=100&m=6&tilesize=medium&x=795&y=190&ms-scale=100&ms-contrast=standard", "Peer": null, "FileTime": "1601-01-01 00:00:00 UTC", "FileSize": "18446744073709551615"}
{"Timestamp": "2020-11-11 15:56:12.714096Z", "Channel": "Microsoft-Windows-Bits-Client/Operational", "Provider": "Microsoft-Windows-Bits-Client", "Hostname": "MSEDGEWIN10", "SID": "S-1-5-18", "EventID": 59, "RecordID": 8774, "Level": "Information", "Descr": "BITS started the <Name> transfer job that is associated with the <URL>", "TransferId": "5EBD7129-28BA-4C40-A0B2-5187D6F6BCE5", "Name": "Push Notification Platform Job: 1", "JobId": "A557536D-EAA5-401A-9BFB-13999D32C916", "URL": "https://img-s-msn-com.akamaized.net/tenant/amp/entityid/BB1aUuAd.img?w=100&h=100&m=6&tilesize=medium&x=795&y=190&ms-scale=100&ms-contrast=standard", "Peer": null, "FileTime": "1601-01-01 00:00:00 UTC", "FileSize": "18446744073709551615"}
{"Timestamp": "2020-11-11 15:56:12.703772Z", "Channel": "Microsoft-Windows-Bits-Client/Operational", "Provider": "Microsoft-Windows-Bits-Client", "Hostname": "MSEDGEWIN10", "SID": "S-1-5-18", "EventID": 59, "RecordID": 8772, "Level": "Information", "Descr": "BITS started the <Name> transfer job that is associated with the <URL>", "TransferId": "0081A399-68B6-43B6-97BE-AE048B7F7FF2", "Name": "Push Notification Platform Job: 1", "JobId": "A557536D-EAA5-401A-9BFB-13999D32C916", "URL": "https://img-s-msn-com.akamaized.net/tenant/amp/entityid/BB1aUuAd.img?w=100&h=100&m=6&tilesize=medium&x=795&y=190&ms-scale=100&ms-contrast=standard", "Peer": null, "FileTime": "1601-01-01 00:00:00 UTC", "FileSize": "18446744073709551615"}
{"Timestamp": "2020-11-11 15:56:12.689731Z", "Channel": "Microsoft-Windows-Bits-Client/Operational", "Provider": "Microsoft-Windows-Bits-Client", "Hostname": "MSEDGEWIN10", "SID": "S-1-5-18", "EventID": 3, "RecordID": 8770, "Level": "Information", "Descr": "The BITS service created a new job", "JobTitle": "Push Notification Platform Job: 1", "JobId": "A557536D-EAA5-401A-9BFB-13999D32C916", "JobOwner": "MSEDGEWIN10\\IEUser", "ProcessPath": "C:\\Windows\\System32\\svchost.exe", "ProcessId": "6644"}
{"Timestamp": "2020-11-11 12:51:33.827831Z", "Channel": "Microsoft-Windows-Bits-Client/Operational", "Provider": "Microsoft-Windows-Bits-Client", "Hostname": "MSEDGEWIN10", "SID": "S-1-5-18", "EventID": 4, "RecordID": 8768, "Level": "Information", "Descr": "The transfer job is complete", "Username": "MSEDGEWIN10\\IEUser", "JobTitle": "UpdateDescriptionXml", "JobId": "D5E34B43-1EB5-4134-8E7A-1812849C295E", "JobOwner": "MSEDGEWIN10\\IEUser", "FileCount": "1"}
{"Timestamp": "2020-11-11 12:51:33.822090Z", "Channel": "Microsoft-Windows-Bits-Client/Operational", "Provider": "Microsoft-Windows-Bits-Client", "Hostname": "MSEDGEWIN10", "SID": "S-1-5-18", "EventID": 60, "RecordID": 8767, "Level": "Information", "Descr": "BITS stopped transferring the <Name> transfer job that is associated with the <URL>", "TransferId": "C27525E8-26FF-4CC2-AF9F-135EDEF98B1D", "Name": "UpdateDescriptionXml", "JobId": "D5E34B43-1EB5-4134-8E7A-1812849C295E", "URL": "https://g.live.com/1rewlive5skydrive/ODSUProduction", "Peer": null, "FileTime": "2020-10-26 21:00:55 UTC", "FileSize": "526", "BytesTotal": "526", "BytesTransferred": "526", "BytesTransferredFromPeer": "0"}
{"Timestamp": "2020-11-11 12:51:33.078204Z", "Channel": "Microsoft-Windows-Bits-Client/Operational", "Provider": "Microsoft-Windows-Bits-Client", "Hostname": "MSEDGEWIN10", "SID": "S-1-5-18", "EventID": 59, "RecordID": 8766, "Level": "Information", "Descr": "BITS started the <Name> transfer job that is associated with the <URL>", "TransferId": "C27525E8-26FF-4CC2-AF9F-135EDEF98B1D", "Name": "UpdateDescriptionXml", "JobId": "D5E34B43-1EB5-4134-8E7A-1812849C295E", "URL": "https://g.live.com/1rewlive5skydrive/ODSUProduction", "Peer": null, "FileTime": "2020-10-26 21:00:55 UTC", "FileSize": "526"}
{"Timestamp": "2020-11-11 12:51:30.651224Z", "Channel": "Microsoft-Windows-Bits-Client/Operational", "Provider": "Microsoft-Windows-Bits-Client", "Hostname": "MSEDGEWIN10", "SID": "S-1-5-18", "EventID": 3, "RecordID": 8765, "Level": "Information", "Descr": "The BITS service created a new job", "JobTitle": "UpdateDescriptionXml", "JobId": "D5E34B43-1EB5-4134-8E7A-1812849C295E", "JobOwner": "MSEDGEWIN10\\IEUser", "ProcessPath": "C:\\Users\\IEUser\\AppData\\Local\\Microsoft\\OneDrive\\OneDriveStandaloneUpdater.exe", "ProcessId": "352"}
{"Timestamp": "2020-11-11 12:51:30.559133Z", "Channel": "Microsoft-Windows-Bits-Client/Operational", "Provider": "Microsoft-Windows-Bits-Client", "Hostname": "MSEDGEWIN10", "SID": "S-1-5-18", "EventID": 4, "RecordID": 8764, "Level": "Information", "Descr": "The transfer job is complete", "Username": "MSEDGEWIN10\\IEUser", "JobTitle": "PreSignInSettingsConfigJSON", "JobId": "414E3CEE-6A93-4E4D-B3D8-581072E80D80", "JobOwner": "MSEDGEWIN10\\IEUser", "FileCount": "1"}
{"Timestamp": "2020-11-11 12:51:30.556939Z", "Channel": "Microsoft-Windows-Bits-Client/Operational", "Provider": "Microsoft-Windows-Bits-Client", "Hostname": "MSEDGEWIN10", "SID": "S-1-5-18", "EventID": 60, "RecordID": 8763, "Level": "Information", "Descr": "BITS stopped transferring the <Name> transfer job that is associated with the <URL>", "TransferId": "92E85D52-86E8-4FC7-8AB5-56F16DDC7CAC", "Name": "PreSignInSettingsConfigJSON", "JobId": "414E3CEE-6A93-4E4D-B3D8-581072E80D80", "URL": "https://g.live.com/odclientsettings/Prod", "Peer": null, "FileTime": "2020-11-10 19:05:11 UTC", "FileSize": "32672", "BytesTotal": "32672", "BytesTransferred": "32672", "BytesTransferredFromPeer": "0"}
{"Timestamp": "2020-11-11 12:51:23.040455Z", "Channel": "Microsoft-Windows-Bits-Client/Operational", "Provider": "Microsoft-Windows-Bits-Client", "Hostname": "MSEDGEWIN10", "SID": "S-1-5-18", "EventID": 59, "RecordID": 8762, "Level": "Information", "Descr": "BITS started the <Name> transfer job that is associated with the <URL>", "TransferId": "92E85D52-86E8-4FC7-8AB5-56F16DDC7CAC", "Name": "PreSignInSettingsConfigJSON", "JobId": "414E3CEE-6A93-4E4D-B3D8-581072E80D80", "URL": "https://g.live.com/odclientsettings/Prod", "Peer": null, "FileTime": "2020-11-10 19:05:11 UTC", "FileSize": "32672"}
{"Timestamp": "2020-11-11 12:51:22.632962Z", "Channel": "Microsoft-Windows-Bits-Client/Operational", "Provider": "Microsoft-Windows-Bits-Client", "Hostname": "MSEDGEWIN10", "SID": "S-1-5-18", "EventID": 3, "RecordID": 8760, "Level": "Information", "Descr": "The BITS service created a new job", "JobTitle": "PreSignInSettingsConfigJSON", "JobId": "414E3CEE-6A93-4E4D-B3D8-581072E80D80", "JobOwner": "MSEDGEWIN10\\IEUser", "ProcessPath": "C:\\Users\\IEUser\\AppData\\Local\\Microsoft\\OneDrive\\OneDriveStandaloneUpdater.exe", "ProcessId": "352"}
{"Timestamp": "2020-11-11 08:31:45.798596Z", "Channel": "Microsoft-Windows-Bits-Client/Operational", "Provider": "Microsoft-Windows-Bits-Client", "Hostname": "MSEDGEWIN10", "SID": "S-1-5-20", "EventID": 5, "RecordID": 8757, "Level": "Information", "Descr": "Job cancelled", "Username": "NT AUTHORITY\\NETWORK SERVICE", "JobTitle": "SpeechModelDownloadJob", "JobId": "E17DAA88-CFA0-4582-9697-E413C623BC20", "JobOwner": "NT AUTHORITY\\NETWORK SERVICE", "FileCount": "1"}
{"Timestamp": "2020-11-11 08:31:44.741196Z", "Channel": "Microsoft-Windows-Bits-Client/Operational", "Provider": "Microsoft-Windows-Bits-Client", "Hostname": "MSEDGEWIN10", "SID": "S-1-5-18", "EventID": 3, "RecordID": 8755, "Level": "Information", "Descr": "The BITS service created a new job", "JobTitle": "SpeechModelDownloadJob", "JobId": "E17DAA88-CFA0-4582-9697-E413C623BC20", "JobOwner": "NT AUTHORITY\\NETWORK SERVICE", "ProcessPath": "C:\\Windows\\System32\\Speech_OneCore\\common\\SpeechModelDownload.exe", "ProcessId": "3388"}
{"Timestamp": "2020-11-11 08:24:02.062991Z", "Channel": "Microsoft-Windows-Bits-Client/Operational", "Provider": "Microsoft-Windows-Bits-Client", "Hostname": "MSEDGEWIN10", "SID": "S-1-5-18", "EventID": 3, "RecordID": 8752, "Level": "Information", "Descr": "The BITS service created a new job", "JobTitle": "MicrosoftMapsBingGeoStore", "JobId": "B1659148-70B8-4F06-B29C-B3E0B595EA07", "JobOwner": "NT AUTHORITY\\NETWORK SERVICE", "ProcessPath": "C:\\Windows\\System32\\svchost.exe", "ProcessId": "1092"}
{"Timestamp": "2020-11-10 12:36:03.415926Z", "Channel": "Microsoft-Windows-Bits-Client/Operational", "Provider": "Microsoft-Windows-Bits-Client", "Hostname": "MSEDGEWIN10", "SID": "S-1-5-18", "EventID": 4, "RecordID": 8750, "Level": "Information", "Descr": "The transfer job is complete", "Username": "MSEDGEWIN10\\IEUser", "JobTitle": "UpdateDescriptionXml", "JobId": "2B7FF57E-4CC7-401C-8FF2-F5FDC1C41B4B", "JobOwner": "MSEDGEWIN10\\IEUser", "FileCount": "1"}
{"Timestamp": "2020-11-10 12:36:03.404541Z", "Channel": "Microsoft-Windows-Bits-Client/Operational", "Provider": "Microsoft-Windows-Bits-Client", "Hostname": "MSEDGEWIN10", "SID": "S-1-5-18", "EventID": 60, "RecordID": 8749, "Level": "Information", "Descr": "BITS stopped transferring the <Name> transfer job that is associated with the <URL>", "TransferId": "3AF3DE52-8FE5-47E1-B051-52C3A0A959CD", "Name": "UpdateDescriptionXml", "JobId": "2B7FF57E-4CC7-401C-8FF2-F5FDC1C41B4B", "URL": "https://g.live.com/1rewlive5skydrive/ODSUProduction", "Peer": null, "FileTime": "2020-10-26 21:00:55 UTC", "FileSize": "526", "BytesTotal": "526", "BytesTransferred": "526", "BytesTransferredFromPeer": "0"}
{"Timestamp": "2020-11-10 12:36:00.732376Z", "Channel": "Microsoft-Windows-Bits-Client/Operational", "Provider": "Microsoft-Windows-Bits-Client", "Hostname": "MSEDGEWIN10", "SID": "S-1-5-18", "EventID": 59, "RecordID": 8748, "Level": "Information", "Descr": "BITS started the <Name> transfer job that is associated with the <URL>", "TransferId": "3AF3DE52-8FE5-47E1-B051-52C3A0A959CD", "Name": "UpdateDescriptionXml", "JobId": "2B7FF57E-4CC7-401C-8FF2-F5FDC1C41B4B", "URL": "https://g.live.com/1rewlive5skydrive/ODSUProduction", "Peer": null, "FileTime": "2020-10-26 21:00:55 UTC", "FileSize": "526"}
{"Timestamp": "2020-11-10 12:35:59.989068Z", "Channel": "Microsoft-Windows-Bits-Client/Operational", "Provider": "Microsoft-Windows-Bits-Client", "Hostname": "MSEDGEWIN10", "SID": "S-1-5-18", "EventID": 3, "RecordID": 8747, "Level": "Information", "Descr": "The BITS service created a new job", "JobTitle": "UpdateDescriptionXml", "JobId": "2B7FF57E-4CC7-401C-8FF2-F5FDC1C41B4B", "JobOwner": "MSEDGEWIN10\\IEUser", "ProcessPath": "C:\\Users\\IEUser\\AppData\\Local\\Microsoft\\OneDrive\\OneDriveStandaloneUpdater.exe", "ProcessId": "7780"}
{"Timestamp": "2020-11-10 12:35:59.787513Z", "Channel": "Microsoft-Windows-Bits-Client/Operational", "Provider": "Microsoft-Windows-Bits-Client", "Hostname": "MSEDGEWIN10", "SID": "S-1-5-18", "EventID": 4, "RecordID": 8746, "Level": "Information", "Descr": "The transfer job is complete", "Username": "MSEDGEWIN10\\IEUser", "JobTitle": "PreSignInSettingsConfigJSON", "JobId": "681E9B40-3465-48F7-8B91-6E71A837DCC8", "JobOwner": "MSEDGEWIN10\\IEUser", "FileCount": "1"}
{"Timestamp": "2020-11-10 12:35:59.785083Z", "Channel": "Microsoft-Windows-Bits-Client/Operational", "Provider": "Microsoft-Windows-Bits-Client", "Hostname": "MSEDGEWIN10", "SID": "S-1-5-18", "EventID": 60, "RecordID": 8745, "Level": "Information", "Descr": "BITS stopped transferring the <Name> transfer job that is associated with the <URL>", "TransferId": "41804056-88AA-439A-A3B3-224E5C085440", "Name": "PreSignInSettingsConfigJSON", "JobId": "681E9B40-3465-48F7-8B91-6E71A837DCC8", "URL": "https://g.live.com/odclientsettings/Prod", "Peer": null, "FileTime": "2020-11-09 20:35:11 UTC", "FileSize": "32671", "BytesTotal": "32671", "BytesTransferred": "32671", "BytesTransferredFromPeer": "0"}
{"Timestamp": "2020-11-10 12:35:58.814721Z", "Channel": "Microsoft-Windows-Bits-Client/Operational", "Provider": "Microsoft-Windows-Bits-Client", "Hostname": "MSEDGEWIN10", "SID": "S-1-5-18", "EventID": 59, "RecordID": 8744, "Level": "Information", "Descr": "BITS started the <Name> transfer job that is associated with the <URL>", "TransferId": "41804056-88AA-439A-A3B3-224E5C085440", "Name": "PreSignInSettingsConfigJSON", "JobId": "681E9B40-3465-48F7-8B91-6E71A837DCC8", "URL": "https://g.live.com/odclientsettings/Prod", "Peer": null, "FileTime": "2020-11-09 20:35:11 UTC", "FileSize": "32671"}
{"Timestamp": "2020-11-10 12:35:55.389816Z", "Channel": "Microsoft-Windows-Bits-Client/Operational", "Provider": "Microsoft-Windows-Bits-Client", "Hostname": "MSEDGEWIN10", "SID": "S-1-5-18", "EventID": 3, "RecordID": 8742, "Level": "Information", "Descr": "The BITS service created a new job", "JobTitle": "PreSignInSettingsConfigJSON", "JobId": "681E9B40-3465-48F7-8B91-6E71A837DCC8", "JobOwner": "MSEDGEWIN10\\IEUser", "ProcessPath": "C:\\Users\\IEUser\\AppData\\Local\\Microsoft\\OneDrive\\OneDriveStandaloneUpdater.exe", "ProcessId": "7780"}
{"Timestamp": "2020-11-10 08:44:09.629679Z", "Channel": "Microsoft-Windows-Bits-Client/Operational", "Provider": "Microsoft-Windows-Bits-Client", "Hostname": "MSEDGEWIN10", "SID": "S-1-5-18", "EventID": 3, "RecordID": 8738, "Level": "Information", "Descr": "The BITS service created a new job", "JobTitle": "MicrosoftMapsBingGeoStore", "JobId": "6F023808-1370-458E-BCBB-186C417FC70E", "JobOwner": "NT AUTHORITY\\NETWORK SERVICE", "ProcessPath": "C:\\Windows\\System32\\svchost.exe", "ProcessId": "1720"}
{"Timestamp": "2020-11-09 13:29:29.946927Z", "Channel": "Microsoft-Windows-Bits-Client/Operational", "Provider": "Microsoft-Windows-Bits-Client", "Hostname": "MSEDGEWIN10", "SID": "S-1-5-18", "EventID": 4, "RecordID": 8736, "Level": "Information", "Descr": "The transfer job is complete", "Username": "MSEDGEWIN10\\IEUser", "JobTitle": "UpdateDescriptionXml", "JobId": "3F6184BC-4429-4E78-9D53-82D07E290E99", "JobOwner": "MSEDGEWIN10\\IEUser", "FileCount": "1"}
{"Timestamp": "2020-11-09 13:29:29.939530Z", "Channel": "Microsoft-Windows-Bits-Client/Operational", "Provider": "Microsoft-Windows-Bits-Client", "Hostname": "MSEDGEWIN10", "SID": "S-1-5-18", "EventID": 60, "RecordID": 8735, "Level": "Information", "Descr": "BITS stopped transferring the <Name> transfer job that is associated with the <URL>", "TransferId": "53A55FEA-41B0-484B-8CE4-F5B8829C858B", "Name": "UpdateDescriptionXml", "JobId": "3F6184BC-4429-4E78-9D53-82D07E290E99", "URL": "https://g.live.com/1rewlive5skydrive/ODSUProduction", "Peer": null, "FileTime": "2020-10-26 21:00:55 UTC", "FileSize": "526", "BytesTotal": "526", "BytesTransferred": "526", "BytesTransferredFromPeer": "0"}
{"Timestamp": "2020-11-09 13:29:29.868192Z", "Channel": "Microsoft-Windows-Bits-Client/Operational", "Provider": "Microsoft-Windows-Bits-Client", "Hostname": "MSEDGEWIN10", "SID": "S-1-5-18", "EventID": 59, "RecordID": 8734, "Level": "Information", "Descr": "BITS started the <Name> transfer job that is associated with the <URL>", "TransferId": "53A55FEA-41B0-484B-8CE4-F5B8829C858B", "Name": "UpdateDescriptionXml", "JobId": "3F6184BC-4429-4E78-9D53-82D07E290E99", "URL": "https://g.live.com/1rewlive5skydrive/ODSUProduction", "Peer": null, "FileTime": "2020-10-26 21:00:55 UTC", "FileSize": "526"}
{"Timestamp": "2020-11-09 13:29:29.790528Z", "Channel": "Microsoft-Windows-Bits-Client/Operational", "Provider": "Microsoft-Windows-Bits-Client", "Hostname": "MSEDGEWIN10", "SID": "S-1-5-18", "EventID": 3, "RecordID": 8733, "Level": "Information", "Descr": "The BITS service created a new job", "JobTitle": "UpdateDescriptionXml", "JobId": "3F6184BC-4429-4E78-9D53-82D07E290E99", "JobOwner": "MSEDGEWIN10\\IEUser", "ProcessPath": "C:\\Users\\IEUser\\AppData\\Local\\Microsoft\\OneDrive\\OneDriveStandaloneUpdater.exe", "ProcessId": "1540"}
{"Timestamp": "2020-11-09 13:29:29.531033Z", "Channel": "Microsoft-Windows-Bits-Client/Operational", "Provider": "Microsoft-Windows-Bits-Client", "Hostname": "MSEDGEWIN10", "SID": "S-1-5-18", "EventID": 4, "RecordID": 8732, "Level": "Information", "Descr": "The transfer job is complete", "Username": "MSEDGEWIN10\\IEUser", "JobTitle": "PreSignInSettingsConfigJSON", "JobId": "B747E737-0D10-4D72-8A45-8763C5673C66", "JobOwner": "MSEDGEWIN10\\IEUser", "FileCount": "1"}
{"Timestamp": "2020-11-17 11:03:55.890453Z", "Channel": "Microsoft-Windows-Bits-Client/Operational", "Provider": "Microsoft-Windows-Bits-Client", "Hostname": "MSEDGEWIN10", "SID": "S-1-5-18", "EventID": 3, "RecordID": 8928, "Level": "Information", "Descr": "The BITS service created a new job", "JobTitle": "MicrosoftMapsBingGeoStore", "JobId": "F2C89F37-299F-4C51-B473-62E71F2BC29A", "JobOwner": "NT AUTHORITY\\NETWORK SERVICE", "ProcessPath": "C:\\Windows\\System32\\svchost.exe", "ProcessId": "1904"}
{"Timestamp": "2020-11-16 13:57:54.553224Z", "Channel": "Microsoft-Windows-Bits-Client/Operational", "Provider": "Microsoft-Windows-Bits-Client", "Hostname": "MSEDGEWIN10", "SID": "S-1-5-18", "EventID": 4, "RecordID": 8926, "Level": "Information", "Descr": "The transfer job is complete", "Username": "MSEDGEWIN10\\IEUser", "JobTitle": "UpdateDescriptionXml", "JobId": "89DBA8DA-CBA5-4E04-A4C1-3F07A01488CB", "JobOwner": "MSEDGEWIN10\\IEUser", "FileCount": "1"}
{"Timestamp": "2020-11-16 13:57:54.544557Z", "Channel": "Microsoft-Windows-Bits-Client/Operational", "Provider": "Microsoft-Windows-Bits-Client", "Hostname": "MSEDGEWIN10", "SID": "S-1-5-18", "EventID": 60, "RecordID": 8925, "Level": "Information", "Descr": "BITS stopped transferring the <Name> transfer job that is associated with the <URL>", "TransferId": "4B0B7EBE-FC5D-4714-A931-1346C6A082B3", "Name": "UpdateDescriptionXml", "JobId": "89DBA8DA-CBA5-4E04-A4C1-3F07A01488CB", "URL": "https://g.live.com/1rewlive5skydrive/ODSUProduction", "Peer": null, "FileTime": "2020-10-26 21:00:55 UTC", "FileSize": "526", "BytesTotal": "526", "BytesTransferred": "526", "BytesTransferredFromPeer": "0"}
{"Timestamp": "2020-11-16 13:57:54.168830Z", "Channel": "Microsoft-Windows-Bits-Client/Operational", "Provider": "Microsoft-Windows-Bits-Client", "Hostname": "MSEDGEWIN10", "SID": "S-1-5-18", "EventID": 59, "RecordID": 8924, "Level": "Information", "Descr": "BITS started the <Name> transfer job that is associated with the <URL>", "TransferId": "4B0B7EBE-FC5D-4714-A931-1346C6A082B3", "Name": "UpdateDescriptionXml", "JobId": "89DBA8DA-CBA5-4E04-A4C1-3F07A01488CB", "URL": "https://g.live.com/1rewlive5skydrive/ODSUProduction", "Peer": null, "FileTime": "2020-10-26 21:00:55 UTC", "FileSize": "526"}
{"Timestamp": "2020-11-16 13:57:53.661289Z", "Channel": "Microsoft-Windows-Bits-Client/Operational", "Provider": "Microsoft-Windows-Bits-Client", "Hostname": "MSEDGEWIN10", "SID": "S-1-5-18", "EventID": 3, "RecordID": 8923, "Level": "Information", "Descr": "The BITS service created a new job", "JobTitle": "UpdateDescriptionXml", "JobId": "89DBA8DA-CBA5-4E04-A4C1-3F07A01488CB", "JobOwner": "MSEDGEWIN10\\IEUser", "ProcessPath": "C:\\Users\\IEUser\\AppData\\Local\\Microsoft\\OneDrive\\OneDriveStandaloneUpdater.exe", "ProcessId": "6516"}
{"Timestamp": "2020-11-16 13:57:53.367264Z", "Channel": "Microsoft-Windows-Bits-Client/Operational", "Provider": "Microsoft-Windows-Bits-Client", "Hostname": "MSEDGEWIN10", "SID": "S-1-5-18", "EventID": 4, "RecordID": 8922, "Level": "Information", "Descr": "The transfer job is complete", "Username": "MSEDGEWIN10\\IEUser", "JobTitle": "PreSignInSettingsConfigJSON", "JobId": "D3F2BFBB-74C1-4A75-896C-FBB1A8B5DF51", "JobOwner": "MSEDGEWIN10\\IEUser", "FileCount": "1"}
{"Timestamp": "2020-11-16 13:57:53.354563Z", "Channel": "Microsoft-Windows-Bits-Client/Operational", "Provider": "Microsoft-Windows-Bits-Client", "Hostname": "MSEDGEWIN10", "SID": "S-1-5-18", "EventID": 60, "RecordID": 8921, "Level": "Information", "Descr": "BITS stopped transferring the <Name> transfer job that is associated with the <URL>", "TransferId": "D69E3FF3-B93F-4C69-968E-570A710131DE", "Name": "PreSignInSettingsConfigJSON", "JobId": "D3F2BFBB-74C1-4A75-896C-FBB1A8B5DF51", "URL": "https://g.live.com/odclientsettings/Prod", "Peer": null, "FileTime": "2020-11-13 21:40:20 UTC", "FileSize": "32746", "BytesTotal": "32746", "BytesTransferred": "32746", "BytesTransferredFromPeer": "0"}
{"Timestamp": "2020-11-16 13:57:53.156015Z", "Channel": "Microsoft-Windows-Bits-Client/Operational", "Provider": "Microsoft-Windows-Bits-Client", "Hostname": "MSEDGEWIN10", "SID": "S-1-5-18", "EventID": 59, "RecordID": 8920, "Level": "Information", "Descr": "BITS started the <Name> transfer job that is associated with the <URL>", "TransferId": "D69E3FF3-B93F-4C69-968E-570A710131DE", "Name": "PreSignInSettingsConfigJSON", "JobId": "D3F2BFBB-74C1-4A75-896C-FBB1A8B5DF51", "URL": "https://g.live.com/odclientsettings/Prod", "Peer": null, "FileTime": "2020-11-13 21:40:20 UTC", "FileSize": "32746"}
{"Timestamp": "2020-11-16 13:56:20.770990Z", "Channel": "Microsoft-Windows-Bits-Client/Operational", "Provider": "Microsoft-Windows-Bits-Client", "Hostname": "MSEDGEWIN10", "SID": "S-1-5-18", "EventID": 3, "RecordID": 8910, "Level": "Information", "Descr": "The BITS service created a new job", "JobTitle": "PreSignInSettingsConfigJSON", "JobId": "D3F2BFBB-74C1-4A75-896C-FBB1A8B5DF51", "JobOwner": "MSEDGEWIN10\\IEUser", "ProcessPath": "C:\\Users\\IEUser\\AppData\\Local\\Microsoft\\OneDrive\\OneDriveStandaloneUpdater.exe", "ProcessId": "6516"}
{"Timestamp": "2020-11-16 12:32:54.212413Z", "Channel": "Microsoft-Windows-Bits-Client/Operational", "Provider": "Microsoft-Windows-Bits-Client", "Hostname": "MSEDGEWIN10", "SID": "S-1-5-18", "EventID": 3, "RecordID": 8907, "Level": "Information", "Descr": "The BITS service created a new job", "JobTitle": "MicrosoftMapsBingGeoStore", "JobId": "245E8B95-520C-47AB-940A-28DDC2F45750", "JobOwner": "NT AUTHORITY\\NETWORK SERVICE", "ProcessPath": "C:\\Windows\\System32\\svchost.exe", "ProcessId": "4624"}
{"Timestamp": "2020-11-16 12:31:35.166125Z", "Channel": "Microsoft-Windows-Bits-Client/Operational", "Provider": "Microsoft-Windows-Bits-Client", "Hostname": "MSEDGEWIN10", "SID": "S-1-5-18", "EventID": 4, "RecordID": 8906, "Level": "Information", "Descr": "The transfer job is complete", "Username": "NT AUTHORITY\\LOCAL SERVICE", "JobTitle": "Font Download", "JobId": "0B09B34A-D59F-4718-B468-E6C4E779CFD0", "JobOwner": "NT AUTHORITY\\LOCAL SERVICE", "FileCount": "1"}
{"Timestamp": "2020-11-16 12:31:35.164338Z", "Channel": "Microsoft-Windows-Bits-Client/Operational", "Provider": "Microsoft-Windows-Bits-Client", "Hostname": "MSEDGEWIN10", "SID": "S-1-5-18", "EventID": 60, "RecordID": 8905, "Level": "Information", "Descr": "BITS stopped transferring the <Name> transfer job that is associated with the <URL>", "TransferId": "A7475674-06F3-4357-B170-6EB23712680D", "Name": "Font Download", "JobId": "0B09B34A-D59F-4718-B468-E6C4E779CFD0", "URL": "https://fs.microsoft.com/fs/windows/config.json", "Peer": null, "FileTime": "2017-04-20 16:10:39 UTC", "FileSize": "55", "BytesTotal": "55", "BytesTransferred": "55", "BytesTransferredFromPeer": "0"}
{"Timestamp": "2020-11-16 12:31:35.114243Z", "Channel": "Microsoft-Windows-Bits-Client/Operational", "Provider": "Microsoft-Windows-Bits-Client", "Hostname": "MSEDGEWIN10", "SID": "S-1-5-18", "EventID": 59, "RecordID": 8904, "Level": "Information", "Descr": "BITS started the <Name> transfer job that is associated with the <URL>", "TransferId": "A7475674-06F3-4357-B170-6EB23712680D", "Name": "Font Download", "JobId": "0B09B34A-D59F-4718-B468-E6C4E779CFD0", "URL": "https://fs.microsoft.com/fs/windows/config.json", "Peer": null, "FileTime": "2017-04-20 16:10:39 UTC", "FileSize": "55"}
{"Timestamp": "2020-11-16 12:31:32.556175Z", "Channel": "Microsoft-Windows-Bits-Client/Operational", "Provider": "Microsoft-Windows-Bits-Client", "Hostname": "MSEDGEWIN10", "SID": "S-1-5-18", "EventID": 3, "RecordID": 8901, "Level": "Information", "Descr": "The BITS service created a new job", "JobTitle": "Font Download", "JobId": "0B09B34A-D59F-4718-B468-E6C4E779CFD0", "JobOwner": "NT AUTHORITY\\LOCAL SERVICE", "ProcessPath": "C:\\Windows\\System32\\svchost.exe", "ProcessId": "2168"}
{"Timestamp": "2020-11-15 11:48:00.346272Z", "Channel": "Microsoft-Windows-Bits-Client/Operational", "Provider": "Microsoft-Windows-Bits-Client", "Hostname": "MSEDGEWIN10", "SID": "S-1-5-18", "EventID": 4, "RecordID": 8899, "Level": "Information", "Descr": "The transfer job is complete", "Username": "MSEDGEWIN10\\IEUser", "JobTitle": "UpdateDescriptionXml", "JobId": "F8B54C6C-95F6-47FA-8288-E6C2AA141C21", "JobOwner": "MSEDGEWIN10\\IEUser", "FileCount": "1"}
{"Timestamp": "2020-11-15 11:48:00.344337Z", "Channel": "Microsoft-Windows-Bits-Client/Operational", "Provider": "Microsoft-Windows-Bits-Client", "Hostname": "MSEDGEWIN10", "SID": "S-1-5-18", "EventID": 60, "RecordID": 8898, "Level": "Information", "Descr": "BITS stopped transferring the <Name> transfer job that is associated with the <URL>", "TransferId": "2231E8C9-6217-4C70-9B42-8DFF9E1D1BA6", "Name": "UpdateDescriptionXml", "JobId": "F8B54C6C-95F6-47FA-8288-E6C2AA141C21", "URL": "https://g.live.com/1rewlive5skydrive/ODSUProduction", "Peer": null, "FileTime": "2020-10-26 21:00:55 UTC", "FileSize": "526", "BytesTotal": "526", "BytesTransferred": "526", "BytesTransferredFromPeer": "0"}
{"Timestamp": "2020-11-15 11:48:00.273322Z", "Channel": "Microsoft-Windows-Bits-Client/Operational", "Provider": "Microsoft-Windows-Bits-Client", "Hostname": "MSEDGEWIN10", "SID": "S-1-5-18", "EventID": 59, "RecordID": 8897, "Level": "Information", "Descr": "BITS started the <Name> transfer job that is associated with the <URL>", "TransferId": "2231E8C9-6217-4C70-9B42-8DFF9E1D1BA6", "Name": "UpdateDescriptionXml", "JobId": "F8B54C6C-95F6-47FA-8288-E6C2AA141C21", "URL": "https://g.live.com/1rewlive5skydrive/ODSUProduction", "Peer": null, "FileTime": "2020-10-26 21:00:55 UTC", "FileSize": "526"}
{"Timestamp": "2020-11-15 11:48:00.204326Z", "Channel": "Microsoft-Windows-Bits-Client/Operational", "Provider": "Microsoft-Windows-Bits-Client", "Hostname": "MSEDGEWIN10", "SID": "S-1-5-18", "EventID": 3, "RecordID": 8896, "Level": "Information", "Descr": "The BITS service created a new job", "JobTitle": "UpdateDescriptionXml", "JobId": "F8B54C6C-95F6-47FA-8288-E6C2AA141C21", "JobOwner": "MSEDGEWIN10\\IEUser", "ProcessPath": "C:\\Users\\IEUser\\AppData\\Local\\Microsoft\\OneDrive\\OneDriveStandaloneUpdater.exe", "ProcessId": "6852"}
{"Timestamp": "2020-11-15 11:47:59.963975Z", "Channel": "Microsoft-Windows-Bits-Client/Operational", "Provider": "Microsoft-Windows-Bits-Client", "Hostname": "MSEDGEWIN10", "SID": "S-1-5-18", "EventID": 4, "RecordID": 8895, "Level": "Information", "Descr": "The transfer job is complete", "Username": "MSEDGEWIN10\\IEUser", "JobTitle": "PreSignInSettingsConfigJSON", "JobId": "98550B8C-A82C-496B-BEFE-2C9ADFAF496A", "JobOwner": "MSEDGEWIN10\\IEUser", "FileCount": "1"}
{"Timestamp": "2020-11-15 11:47:59.960892Z", "Channel": "Microsoft-Windows-Bits-Client/Operational", "Provider": "Microsoft-Windows-Bits-Client", "Hostname": "MSEDGEWIN10", "SID": "S-1-5-18", "EventID": 60, "RecordID": 8894, "Level": "Information", "Descr": "BITS stopped transferring the <Name> transfer job that is associated with the <URL>", "TransferId": "88E19F4A-1704-4712-8187-A693E8F38EEF", "Name": "PreSignInSettingsConfigJSON", "JobId": "98550B8C-A82C-496B-BEFE-2C9ADFAF496A", "URL": "https://g.live.com/odclientsettings/Prod", "Peer": null, "FileTime": "2020-11-13 21:40:20 UTC", "FileSize": "32746", "BytesTotal": "32746", "BytesTransferred": "32746", "BytesTransferredFromPeer": "0"}
{"Timestamp": "2020-11-15 11:47:59.752280Z", "Channel": "Microsoft-Windows-Bits-Client/Operational", "Provider": "Microsoft-Windows-Bits-Client", "Hostname": "MSEDGEWIN10", "SID": "S-1-5-18", "EventID": 59, "RecordID": 8893, "Level": "Information", "Descr": "BITS started the <Name> transfer job that is associated with the <URL>", "TransferId": "88E19F4A-1704-4712-8187-A693E8F38EEF", "Name": "PreSignInSettingsConfigJSON", "JobId": "98550B8C-A82C-496B-BEFE-2C9ADFAF496A", "URL": "https://g.live.com/odclientsettings/Prod", "Peer": null, "FileTime": "2020-11-13 21:40:20 UTC", "FileSize": "32746"}
