{"Timestamp": "2019-08-28 14:51:36.249972Z", "Channel": "Microsoft-Windows-RemoteDesktopServices-RdpCoreTS/Operational", "Provider": "Microsoft-Windows-RemoteDesktopServices-RdpCoreTS", "Hostname": "MSEDGEWIN10", "SID": "S-1-5-20", "EventID": 148, "RecordID": 1495, "Level": "Information", "Descr": "<ChannelName> has been closed between the server and the client on transport tunnel <TunnelID>", "ChannelName": "Microsoft::Windows::RDS::Graphics", "TunnelID": "0"}
{"Timestamp": "2019-08-28 14:51:36.249961Z", "Channel": "Microsoft-Windows-RemoteDesktopServices-RdpCoreTS/Operational", "Provider": "Microsoft-Windows-RemoteDesktopServices-RdpCoreTS", "Hostname": "MSEDGEWIN10", "SID": "S-1-5-20", "EventID": 148, "RecordID": 1494, "Level": "Information", "Descr": "<ChannelName> has been closed between the server and the client on transport tunnel <TunnelID>", "ChannelName": "Microsoft::Windows::RDS::Frame_Buffer::Control::v08.01", "TunnelID": "0"}
{"Timestamp": "2019-08-28 14:51:36.249947Z", "Channel": "Microsoft-Windows-RemoteDesktopServices-RdpCoreTS/Operational", "Provider": "Microsoft-Windows-RemoteDesktopServices-RdpCoreTS", "Hostname": "MSEDGEWIN10", "SID": "S-1-5-20", "EventID": 148, "RecordID": 1493, "Level": "Information", "Descr": "<ChannelName> has been closed between the server and the client on transport tunnel <TunnelID>", "ChannelName": "Microsoft::Windows::RDS::Telemetry", "TunnelID": "0"}
{"Timestamp": "2019-08-28 14:51:36.249683Z", "Channel": "Microsoft-Windows-RemoteDesktopServices-RdpCoreTS/Operational", "Provider": "Microsoft-Windows-RemoteDesktopServices-RdpCoreTS", "Hostname": "MSEDGEWIN10", "SID": "S-1-5-20", "EventID": 148, "RecordID": 1492, "Level": "Information", "Descr": "<ChannelName> has been closed between the server and the client on transport tunnel <TunnelID>", "ChannelName": "railenc", "TunnelID": "0"}
{"Timestamp": "2019-08-28 14:51:36.249671Z", "Channel": "Microsoft-Windows-RemoteDesktopServices-RdpCoreTS/Operational", "Provider": "Microsoft-Windows-RemoteDesktopServices-RdpCoreTS", "Hostname": "MSEDGEWIN10", "SID": "S-1-5-20", "EventID": 148, "RecordID": 1491, "Level": "Information", "Descr": "<ChannelName> has been closed between the server and the client on transport tunnel <TunnelID>", "ChannelName": "rdpgrfx", "TunnelID": "0"}
{"Timestamp": "2019-08-28 14:51:36.249606Z", "Channel": "Microsoft-Windows-RemoteDesktopServices-RdpCoreTS/Operational", "Provider": "Microsoft-Windows-RemoteDesktopServices-RdpCoreTS", "Hostname": "MSEDGEWIN10", "SID": "S-1-5-20", "EventID": 148, "RecordID": 1490, "Level": "Information", "Descr": "<ChannelName> has been closed between the server and the client on transport tunnel <TunnelID>", "ChannelName": "rdplic", "TunnelID": "0"}
{"Timestamp": "2019-08-28 14:51:36.249588Z", "Channel": "Microsoft-Windows-RemoteDesktopServices-RdpCoreTS/Operational", "Provider": "Microsoft-Windows-RemoteDesktopServices-RdpCoreTS", "Hostname": "MSEDGEWIN10", "SID": "S-1-5-20", "EventID": 148, "RecordID": 1489, "Level": "Information", "Descr": "<ChannelName> has been closed between the server and the client on transport tunnel <TunnelID>", "ChannelName": "rdpcmd", "TunnelID": "0"}
{"Timestamp": "2019-08-28 14:51:36.249565Z", "Channel": "Microsoft-Windows-RemoteDesktopServices-RdpCoreTS/Operational", "Provider": "Microsoft-Windows-RemoteDesktopServices-RdpCoreTS", "Hostname": "MSEDGEWIN10", "SID": "S-1-5-20", "EventID": 148, "RecordID": 1488, "Level": "Information", "Descr": "<ChannelName> has been closed between the server and the client on transport tunnel <TunnelID>", "ChannelName": "rdpinpt", "TunnelID": "0"}
{"Timestamp": "2019-08-28 14:51:29.452774Z", "Channel": "Microsoft-Windows-RemoteDesktopServices-RdpCoreTS/Operational", "Provider": "Microsoft-Windows-RemoteDesktopServices-RdpCoreTS", "Hostname": "MSEDGEWIN10", "SID": "S-1-5-20", "EventID": 148, "RecordID": 1479, "Level": "Information", "Descr": "<ChannelName> has been closed between the server and the client on transport tunnel <TunnelID>", "ChannelName": "RDCamera_Device_Enumerator", "TunnelID": "0"}
{"Timestamp": "2019-08-28 14:51:29.446450Z", "Channel": "Microsoft-Windows-RemoteDesktopServices-RdpCoreTS/Operational", "Provider": "Microsoft-Windows-RemoteDesktopServices-RdpCoreTS", "Hostname": "MSEDGEWIN10", "SID": "S-1-5-20", "EventID": 148, "RecordID": 1476, "Level": "Information", "Descr": "<ChannelName> has been closed between the server and the client on transport tunnel <TunnelID>", "ChannelName": "rdpdr", "TunnelID": "0"}
{"Timestamp": "2019-08-28 14:51:29.267833Z", "Channel": "Microsoft-Windows-RemoteDesktopServices-RdpCoreTS/Operational", "Provider": "Microsoft-Windows-RemoteDesktopServices-RdpCoreTS", "Hostname": "MSEDGEWIN10", "SID": "S-1-5-20", "EventID": 148, "RecordID": 1472, "Level": "Information", "Descr": "<ChannelName> has been closed between the server and the client on transport tunnel <TunnelID>", "ChannelName": "Microsoft::Windows::RDS::Geometry::v08.01", "TunnelID": "0"}
{"Timestamp": "2019-08-28 14:51:29.264986Z", "Channel": "Microsoft-Windows-RemoteDesktopServices-RdpCoreTS/Operational", "Provider": "Microsoft-Windows-RemoteDesktopServices-RdpCoreTS", "Hostname": "MSEDGEWIN10", "SID": "S-1-5-20", "EventID": 148, "RecordID": 1471, "Level": "Information", "Descr": "<ChannelName> has been closed between the server and the client on transport tunnel <TunnelID>", "ChannelName": "Microsoft::Windows::RDS::Video::Control::v08.01", "TunnelID": "0"}
{"Timestamp": "2019-08-28 14:51:29.264921Z", "Channel": "Microsoft-Windows-RemoteDesktopServices-RdpCoreTS/Operational", "Provider": "Microsoft-Windows-RemoteDesktopServices-RdpCoreTS", "Hostname": "MSEDGEWIN10", "SID": "S-1-5-20", "EventID": 148, "RecordID": 1470, "Level": "Information", "Descr": "<ChannelName> has been closed between the server and the client on transport tunnel <TunnelID>", "ChannelName": "Microsoft::Windows::RDS::Video::Data::v08.01", "TunnelID": "0"}
{"Timestamp": "2019-08-28 14:51:27.087079Z", "Channel": "Microsoft-Windows-RemoteDesktopServices-RdpCoreTS/Operational", "Provider": "Microsoft-Windows-RemoteDesktopServices-RdpCoreTS", "Hostname": "MSEDGEWIN10", "SID": "S-1-5-20", "EventID": 98, "RecordID": 1450, "Level": "Information", "Descr": "A TCP connection has been successfully established"}
{"Timestamp": "2019-08-28 14:52:55.048345Z", "Channel": "Microsoft-Windows-RemoteDesktopServices-RdpCoreTS/Operational", "Provider": "Microsoft-Windows-RemoteDesktopServices-RdpCoreTS", "Hostname": "MSEDGEWIN10", "SID": "S-1-5-20", "EventID": 148, "RecordID": 1570, "Level": "Information", "Descr": "<ChannelName> has been closed between the server and the client on transport tunnel <TunnelID>", "ChannelName": "ms_t120", "TunnelID": "0"}
{"Timestamp": "2019-08-28 14:52:55.048330Z", "Channel": "Microsoft-Windows-RemoteDesktopServices-RdpCoreTS/Operational", "Provider": "Microsoft-Windows-RemoteDesktopServices-RdpCoreTS", "Hostname": "MSEDGEWIN10", "SID": "S-1-5-20", "EventID": 148, "RecordID": 1569, "Level": "Information", "Descr": "<ChannelName> has been closed between the server and the client on transport tunnel <TunnelID>", "ChannelName": "rdpdr", "TunnelID": "0"}
{"Timestamp": "2019-08-28 14:52:55.048323Z", "Channel": "Microsoft-Windows-RemoteDesktopServices-RdpCoreTS/Operational", "Provider": "Microsoft-Windows-RemoteDesktopServices-RdpCoreTS", "Hostname": "MSEDGEWIN10", "SID": "S-1-5-20", "EventID": 148, "RecordID": 1568, "Level": "Information", "Descr": "<ChannelName> has been closed between the server and the client on transport tunnel <TunnelID>", "ChannelName": "ECHO", "TunnelID": "0"}
{"Timestamp": "2019-08-28 14:52:55.048314Z", "Channel": "Microsoft-Windows-RemoteDesktopServices-RdpCoreTS/Operational", "Provider": "Microsoft-Windows-RemoteDesktopServices-RdpCoreTS", "Hostname": "MSEDGEWIN10", "SID": "S-1-5-20", "EventID": 148, "RecordID": 1567, "Level": "Information", "Descr": "<ChannelName> has been closed between the server and the client on transport tunnel <TunnelID>", "ChannelName": "Microsoft::Windows::RDS::Graphics", "TunnelID": "0"}
{"Timestamp": "2019-08-28 14:52:55.048307Z", "Channel": "Microsoft-Windows-RemoteDesktopServices-RdpCoreTS/Operational", "Provider": "Microsoft-Windows-RemoteDesktopServices-RdpCoreTS", "Hostname": "MSEDGEWIN10", "SID": "S-1-5-20", "EventID": 148, "RecordID": 1566, "Level": "Information", "Descr": "<ChannelName> has been closed between the server and the client on transport tunnel <TunnelID>", "ChannelName": "Microsoft::Windows::RDS::Frame_Buffer::Control::v08.01", "TunnelID": "0"}
{"Timestamp": "2019-08-28 14:52:55.048299Z", "Channel": "Microsoft-Windows-RemoteDesktopServices-RdpCoreTS/Operational", "Provider": "Microsoft-Windows-RemoteDesktopServices-RdpCoreTS", "Hostname": "MSEDGEWIN10", "SID": "S-1-5-20", "EventID": 148, "RecordID": 1565, "Level": "Information", "Descr": "<ChannelName> has been closed between the server and the client on transport tunnel <TunnelID>", "ChannelName": "Microsoft::Windows::RDS::Telemetry", "TunnelID": "0"}
{"Timestamp": "2019-08-28 14:52:55.048271Z", "Channel": "Microsoft-Windows-RemoteDesktopServices-RdpCoreTS/Operational", "Provider": "Microsoft-Windows-RemoteDesktopServices-RdpCoreTS", "Hostname": "MSEDGEWIN10", "SID": "S-1-5-20", "EventID": 148, "RecordID": 1564, "Level": "Information", "Descr": "<ChannelName> has been closed between the server and the client on transport tunnel <TunnelID>", "ChannelName": "railenc", "TunnelID": "0"}
{"Timestamp": "2019-08-28 14:52:55.048264Z", "Channel": "Microsoft-Windows-RemoteDesktopServices-RdpCoreTS/Operational", "Provider": "Microsoft-Windows-RemoteDesktopServices-RdpCoreTS", "Hostname": "MSEDGEWIN10", "SID": "S-1-5-20", "EventID": 148, "RecordID": 1563, "Level": "Information", "Descr": "<ChannelName> has been closed between the server and the client on transport tunnel <TunnelID>", "ChannelName": "rdpgrfx", "TunnelID": "0"}
{"Timestamp": "2019-08-28 14:52:55.048213Z", "Channel": "Microsoft-Windows-RemoteDesktopServices-RdpCoreTS/Operational", "Provider": "Microsoft-Windows-RemoteDesktopServices-RdpCoreTS", "Hostname": "MSEDGEWIN10", "SID": "S-1-5-20", "EventID": 148, "RecordID": 1562, "Level": "Information", "Descr": "<ChannelName> has been closed between the server and the client on transport tunnel <TunnelID>", "ChannelName": "rdplic", "TunnelID": "0"}
{"Timestamp": "2019-08-28 14:52:55.048201Z", "Channel": "Microsoft-Windows-RemoteDesktopServices-RdpCoreTS/Operational", "Provider": "Microsoft-Windows-RemoteDesktopServices-RdpCoreTS", "Hostname": "MSEDGEWIN10", "SID": "S-1-5-20", "EventID": 148, "RecordID": 1561, "Level": "Information", "Descr": "<ChannelName> has been closed between the server and the client on transport tunnel <TunnelID>", "ChannelName": "rdpcmd", "TunnelID": "0"}
{"Timestamp": "2019-08-28 14:52:55.048186Z", "Channel": "Microsoft-Windows-RemoteDesktopServices-RdpCoreTS/Operational", "Provider": "Microsoft-Windows-RemoteDesktopServices-RdpCoreTS", "Hostname": "MSEDGEWIN10", "SID": "S-1-5-20", "EventID": 148, "RecordID": 1560, "Level": "Information", "Descr": "<ChannelName> has been closed between the server and the client on transport tunnel <TunnelID>", "ChannelName": "rdpinpt", "TunnelID": "0"}
{"Timestamp": "2020-10-11 12:32:12.417112Z", "Channel": "Microsoft-Windows-Bits-Client/Operational", "Provider": "Microsoft-Windows-Bits-Client", "Hostname": "MSEDGEWIN10", "SID": "S-1-5-18", "EventID": 3, "RecordID": 7969, "Level": "Information", "Descr": "The BITS service created a new job", "JobTitle": "Font Download", "JobId": "6C8F518A-CD48-4145-BDE8-CC6765C6098E", "JobOwner": "NT AUTHORITY\\LOCAL SERVICE", "ProcessPath": "C:\\Windows\\System32\\svchost.exe", "ProcessId": "2216"}
{"Timestamp": "2020-10-11 12:24:16.626236Z", "Channel": "Microsoft-Windows-Bits-Client/Operational", "Provider": "Microsoft-Windows-Bits-Client", "Hostname": "MSEDGEWIN10", "SID": "S-1-5-18", "EventID": 3, "RecordID": 7964, "Level": "Information", "Descr": "The BITS service created a new job", "JobTitle": "Font Download", "JobId": "A116ADB4-6B1B-498C-B4F9-69DFD0310BC9", "JobOwner": "NT AUTHORITY\\LOCAL SERVICE", "ProcessPath": "C:\\Windows\\System32\\svchost.exe", "ProcessId": "2176"}
{"Timestamp": "2020-10-11 11:37:39.083074Z", "Channel": "Microsoft-Windows-Bits-Client/Operational", "Provider": "Microsoft-Windows-Bits-Client", "Hostname": "MSEDGEWIN10", "SID": "S-1-5-18", "EventID": 3, "RecordID": 7955, "Level": "Information", "Descr": "The BITS service created a new job", "JobTitle": "Font Download", "JobId": "648C0935-6D84-4D6C-B8BF-F7F0A68F3603", "JobOwner": "NT AUTHORITY\\LOCAL SERVICE", "ProcessPath": "C:\\Windows\\System32\\svchost.exe", "ProcessId": "2152"}
{"Timestamp": "2020-10-11 11:33:03.691729Z", "Channel": "Microsoft-Windows-Bits-Client/Operational", "Provider": "Microsoft-Windows-Bits-Client", "Hostname": "MSEDGEWIN10", "SID": "S-1-5-18", "EventID": 3, "RecordID": 7939, "Level": "Information", "Descr": "The BITS service created a new job", "JobTitle": "PreSignInSettingsConfigJSON", "JobId": "10D675A0-7B54-47C4-A271-211EC0D0F8AA", "JobOwner": "MSEDGEWIN10\\IEUser", "ProcessPath": "C:\\Users\\IEUser\\AppData\\Local\\Microsoft\\OneDrive\\OneDriveStandaloneUpdater.exe", "ProcessId": "2480"}
{"Timestamp": "2020-10-11 11:31:47.050844Z", "Channel": "Microsoft-Windows-Bits-Client/Operational", "Provider": "Microsoft-Windows-Bits-Client", "Hostname": "MSEDGEWIN10", "SID": "S-1-5-18", "EventID": 3, "RecordID": 7936, "Level": "Information", "Descr": "The BITS service created a new job", "JobTitle": "Font Download", "JobId": "07945CB3-5C21-439A-9422-908CEBBA2CED", "JobOwner": "NT AUTHORITY\\LOCAL SERVICE", "ProcessPath": "C:\\Windows\\System32\\svchost.exe", "ProcessId": "2152"}
{"Timestamp": "2020-10-11 11:00:11.208836Z", "Channel": "Microsoft-Windows-Bits-Client/Operational", "Provider": "Microsoft-Windows-Bits-Client", "Hostname": "MSEDGEWIN10", "SID": "S-1-5-18", "EventID": 3, "RecordID": 7930, "Level": "Information", "Descr": "The BITS service created a new job", "JobTitle": "MicrosoftMapsBingGeoStore", "JobId": "054EAF55-D763-480E-913C-81AE7C6370F3", "JobOwner": "NT AUTHORITY\\NETWORK SERVICE", "ProcessPath": "C:\\Windows\\System32\\svchost.exe", "ProcessId": "3960"}
{"Timestamp": "2020-10-11 10:53:20.781128Z", "Channel": "Microsoft-Windows-Bits-Client/Operational", "Provider": "Microsoft-Windows-Bits-Client", "Hostname": "MSEDGEWIN10", "SID": "S-1-5-18", "EventID": 5, "RecordID": 7929, "Level": "Information", "Descr": "Job cancelled", "Username": "NT AUTHORITY\\SYSTEM", "JobTitle": "C:\\Program Files (x86)\\Google\\Update\\1.3.35.452\\Recovery\\GUR5EEF.tmp\\GoogleUpdateSetup.crx3", "JobId": "F74F1140-6F4B-416E-8F4F-AA64C6F50318", "JobOwner": "NT AUTHORITY\\SYSTEM", "FileCount": "1"}
{"Timestamp": "2020-10-11 10:53:20.762782Z", "Channel": "Microsoft-Windows-Bits-Client/Operational", "Provider": "Microsoft-Windows-Bits-Client", "Hostname": "MSEDGEWIN10", "SID": "S-1-5-18", "EventID": 3, "RecordID": 7927, "Level": "Information", "Descr": "The BITS service created a new job", "JobTitle": "C:\\Program Files (x86)\\Google\\Update\\1.3.35.452\\Recovery\\GUR5EEF.tmp\\GoogleUpdateSetup.crx3", "JobId": "F74F1140-6F4B-416E-8F4F-AA64C6F50318", "JobOwner": "NT AUTHORITY\\SYSTEM", "ProcessPath": "C:\\Program Files (x86)\\Google\\Update\\GoogleUpdate.exe", "ProcessId": "1848"}
{"Timestamp": "2020-10-11 10:53:20.704140Z", "Channel": "Microsoft-Windows-Bits-Client/Operational", "Provider": "Microsoft-Windows-Bits-Client", "Hostname": "MSEDGEWIN10", "SID": "S-1-5-18", "EventID": 5, "RecordID": 7926, "Level": "Information", "Descr": "Job cancelled", "Username": "NT AUTHORITY\\SYSTEM", "JobTitle": "C:\\Program Files (x86)\\Google\\Update\\1.3.35.452\\Recovery\\GUR5EEF.tmp\\GoogleUpdateSetup.crx3", "JobId": "73D6A7E1-0A22-4EEE-937C-D585101609EA", "JobOwner": "NT AUTHORITY\\SYSTEM", "FileCount": "1"}
{"Timestamp": "2020-10-11 10:53:20.679881Z", "Channel": "Microsoft-Windows-Bits-Client/Operational", "Provider": "Microsoft-Windows-Bits-Client", "Hostname": "MSEDGEWIN10", "SID": "S-1-5-18", "EventID": 3, "RecordID": 7924, "Level": "Information", "Descr": "The BITS service created a new job", "JobTitle": "C:\\Program Files (x86)\\Google\\Update\\1.3.35.452\\Recovery\\GUR5EEF.tmp\\GoogleUpdateSetup.crx3", "JobId": "73D6A7E1-0A22-4EEE-937C-D585101609EA", "JobOwner": "NT AUTHORITY\\SYSTEM", "ProcessPath": "C:\\Program Files (x86)\\Google\\Update\\GoogleUpdate.exe", "ProcessId": "1848"}
{"Timestamp": "2020-10-11 10:52:46.197910Z", "Channel": "Microsoft-Windows-Bits-Client/Operational", "Provider": "Microsoft-Windows-Bits-Client", "Hostname": "MSEDGEWIN10", "SID": "S-1-5-18", "EventID": 3, "RecordID": 7921, "Level": "Information", "Descr": "The BITS service created a new job", "JobTitle": "Font Download", "JobId": "54A74DAD-E2C2-4451-A9A0-D8E57A504AB7", "JobOwner": "NT AUTHORITY\\LOCAL SERVICE", "ProcessPath": "C:\\Windows\\System32\\svchost.exe", "ProcessId": "2136"}
{"Timestamp": "2020-10-09 11:25:45.483135Z", "Channel": "Microsoft-Windows-Bits-Client/Operational", "Provider": "Microsoft-Windows-Bits-Client", "Hostname": "MSEDGEWIN10", "SID": "S-1-5-21-3461203602-4096304019-2269080069-1000", "EventID": 5, "RecordID": 7916, "Level": "Information", "Descr": "Job cancelled", "Username": "MSEDGEWIN10\\IEUser", "JobTitle": "UpdateDescriptionXml", "JobId": "B1180483-2EDA-4A51-86F8-60FDC283D715", "JobOwner": "MSEDGEWIN10\\IEUser", "FileCount": "1"}
{"Timestamp": "2020-10-09 11:22:45.331796Z", "Channel": "Microsoft-Windows-Bits-Client/Operational", "Provider": "Microsoft-Windows-Bits-Client", "Hostname": "MSEDGEWIN10", "SID": "S-1-5-18", "EventID": 3, "RecordID": 7899, "Level": "Information", "Descr": "The BITS service created a new job", "JobTitle": "UpdateDescriptionXml", "JobId": "B1180483-2EDA-4A51-86F8-60FDC283D715", "JobOwner": "MSEDGEWIN10\\IEUser", "ProcessPath": "C:\\Users\\IEUser\\AppData\\Local\\Microsoft\\OneDrive\\OneDriveStandaloneUpdater.exe", "ProcessId": "6104"}
{"Timestamp": "2020-10-09 11:21:54.838366Z", "Channel": "Microsoft-Windows-Bits-Client/Operational", "Provider": "Microsoft-Windows-Bits-Client", "Hostname": "MSEDGEWIN10", "SID": "S-1-5-21-3461203602-4096304019-2269080069-1000", "EventID": 5, "RecordID": 7898, "Level": "Information", "Descr": "Job cancelled", "Username": "MSEDGEWIN10\\IEUser", "JobTitle": "PreSignInSettingsConfigJSON", "JobId": "CB5F4F7E-3674-46B5-BBDC-1E900032712C", "JobOwner": "MSEDGEWIN10\\IEUser", "FileCount": "1"}
{"Timestamp": "2020-10-09 11:18:54.513611Z", "Channel": "Microsoft-Windows-Bits-Client/Operational", "Provider": "Microsoft-Windows-Bits-Client", "Hostname": "MSEDGEWIN10", "SID": "S-1-5-18", "EventID": 3, "RecordID": 7881, "Level": "Information", "Descr": "The BITS service created a new job", "JobTitle": "PreSignInSettingsConfigJSON", "JobId": "CB5F4F7E-3674-46B5-BBDC-1E900032712C", "JobOwner": "MSEDGEWIN10\\IEUser", "ProcessPath": "C:\\Users\\IEUser\\AppData\\Local\\Microsoft\\OneDrive\\OneDriveStandaloneUpdater.exe", "ProcessId": "6104"}
{"Timestamp": "2020-10-09 11:17:25.792894Z", "Channel": "Microsoft-Windows-Bits-Client/Operational", "Provider": "Microsoft-Windows-Bits-Client", "Hostname": "MSEDGEWIN10", "SID": "S-1-5-18", "EventID": 3, "RecordID": 7878, "Level": "Information", "Descr": "The BITS service created a new job", "JobTitle": "Font Download", "JobId": "BE8ABC0D-3E7F-4DF4-84A5-B0F41A6857A1", "JobOwner": "NT AUTHORITY\\LOCAL SERVICE", "ProcessPath": "C:\\Windows\\System32\\svchost.exe", "ProcessId": "2196"}
{"Timestamp": "2020-10-08 14:43:49.901781Z", "Channel": "Microsoft-Windows-Bits-Client/Operational", "Provider": "Microsoft-Windows-Bits-Client", "Hostname": "MSEDGEWIN10", "SID": "S-1-5-18", "EventID": 5, "RecordID": 7876, "Level": "Information", "Descr": "Job cancelled", "Username": "NT AUTHORITY\\SYSTEM", "JobTitle": "C:\\Program Files (x86)\\Google\\Update\\1.3.35.452\\Recovery\\GUR8658.tmp\\GoogleUpdateSetup.crx3", "JobId": "8F97EFEC-9BDF-4726-90B9-8C56B76BDBD7", "JobOwner": "NT AUTHORITY\\SYSTEM", "FileCount": "1"}
{"Timestamp": "2020-10-08 14:43:49.877704Z", "Channel": "Microsoft-Windows-Bits-Client/Operational", "Provider": "Microsoft-Windows-Bits-Client", "Hostname": "MSEDGEWIN10", "SID": "S-1-5-18", "EventID": 3, "RecordID": 7874, "Level": "Information", "Descr": "The BITS service created a new job", "JobTitle": "C:\\Program Files (x86)\\Google\\Update\\1.3.35.452\\Recovery\\GUR8658.tmp\\GoogleUpdateSetup.crx3", "JobId": "8F97EFEC-9BDF-4726-90B9-8C56B76BDBD7", "JobOwner": "NT AUTHORITY\\SYSTEM", "ProcessPath": "C:\\Program Files (x86)\\Google\\Update\\GoogleUpdate.exe", "ProcessId": "3616"}
{"Timestamp": "2020-10-08 14:43:49.291978Z", "Channel": "Microsoft-Windows-Bits-Client/Operational", "Provider": "Microsoft-Windows-Bits-Client", "Hostname": "MSEDGEWIN10", "SID": "S-1-5-18", "EventID": 5, "RecordID": 7873, "Level": "Information", "Descr": "Job cancelled", "Username": "NT AUTHORITY\\SYSTEM", "JobTitle": "C:\\Program Files (x86)\\Google\\Update\\1.3.35.452\\Recovery\\GUR8658.tmp\\GoogleUpdateSetup.crx3", "JobId": "1960D15E-5FC2-457D-ABE7-9A7CB97B7761", "JobOwner": "NT AUTHORITY\\SYSTEM", "FileCount": "1"}
{"Timestamp": "2020-10-15 12:22:27.893642Z", "Channel": "Microsoft-Windows-Bits-Client/Operational", "Provider": "Microsoft-Windows-Bits-Client", "Hostname": "MSEDGEWIN10", "SID": "S-1-5-18", "EventID": 5, "RecordID": 8068, "Level": "Information", "Descr": "Job cancelled", "Username": "NT AUTHORITY\\SYSTEM", "JobTitle": "C:\\Users\\IEUser\\AppData\\Local\\{DA86EC96-3F37-4676-BADB-1E0E6897F8BB}", "JobId": "019352D2-134D-4D8B-8ECE-F203EF214BA3", "JobOwner": "NT AUTHORITY\\SYSTEM", "FileCount": "1"}
{"Timestamp": "2020-10-15 12:22:27.864423Z", "Channel": "Microsoft-Windows-Bits-Client/Operational", "Provider": "Microsoft-Windows-Bits-Client", "Hostname": "MSEDGEWIN10", "SID": "S-1-5-18", "EventID": 3, "RecordID": 8066, "Level": "Information", "Descr": "The BITS service created a new job", "JobTitle": "C:\\Users\\IEUser\\AppData\\Local\\{DA86EC96-3F37-4676-BADB-1E0E6897F8BB}", "JobId": "019352D2-134D-4D8B-8ECE-F203EF214BA3", "JobOwner": "NT AUTHORITY\\SYSTEM", "ProcessPath": "C:\\Program Files (x86)\\Google\\Update\\GoogleUpdate.exe", "ProcessId": "6984"}
{"Timestamp": "2020-10-14 13:20:12.522013Z", "Channel": "Microsoft-Windows-Bits-Client/Operational", "Provider": "Microsoft-Windows-Bits-Client", "Hostname": "MSEDGEWIN10", "SID": "S-1-5-18", "EventID": 3, "RecordID": 8057, "Level": "Information", "Descr": "The BITS service created a new job", "JobTitle": "Font Download", "JobId": "E18C2CCF-0142-4F68-A77B-A7BB1401500D", "JobOwner": "NT AUTHORITY\\LOCAL SERVICE", "ProcessPath": "C:\\Windows\\System32\\svchost.exe", "ProcessId": "1824"}
{"Timestamp": "2020-10-13 22:26:04.312512Z", "Channel": "Microsoft-Windows-Bits-Client/Operational", "Provider": "Microsoft-Windows-Bits-Client", "Hostname": "MSEDGEWIN10", "SID": "S-1-5-18", "EventID": 3, "RecordID": 8048, "Level": "Information", "Descr": "The BITS service created a new job", "JobTitle": "Font Download", "JobId": "F3BDD7C5-2999-42BB-A6FC-E4FEF817EDAD", "JobOwner": "NT AUTHORITY\\LOCAL SERVICE", "ProcessPath": "C:\\Windows\\System32\\svchost.exe", "ProcessId": "2140"}
{"Timestamp": "2020-10-13 22:08:39.914256Z", "Channel": "Microsoft-Windows-Bits-Client/Operational", "Provider": "Microsoft-Windows-Bits-Client", "Hostname": "MSEDGEWIN10", "SID": "S-1-5-18", "EventID": 3, "RecordID": 8043, "Level": "Information", "Descr": "The BITS service created a new job", "JobTitle": "Font Download", "JobId": "C4FA8ABD-7276-41F9-AED4-73C60213A08B", "JobOwner": "NT AUTHORITY\\LOCAL SERVICE", "ProcessPath": "C:\\Windows\\System32\\svchost.exe", "ProcessId": "2200"}
{"Timestamp": "2020-10-13 21:00:27.521468Z", "Channel": "Microsoft-Windows-Bits-Client/Operational", "Provider": "Microsoft-Windows-Bits-Client", "Hostname": "MSEDGEWIN10", "SID": "S-1-5-21-3461203602-4096304019-2269080069-1000", "EventID": 5, "RecordID": 8037, "Level": "Information", "Descr": "Job cancelled", "Username": "MSEDGEWIN10\\IEUser", "JobTitle": "UpdateDescriptionXml", "JobId": "98F72ACC-C7BA-4167-AF5F-5F2F244DFFE1", "JobOwner": "MSEDGEWIN10\\IEUser", "FileCount": "1"}
{"Timestamp": "2020-10-13 20:57:19.411934Z", "Channel": "Microsoft-Windows-Bits-Client/Operational", "Provider": "Microsoft-Windows-Bits-Client", "Hostname": "MSEDGEWIN10", "SID": "S-1-5-18", "EventID": 3, "RecordID": 8022, "Level": "Information", "Descr": "The BITS service created a new job", "JobTitle": "UpdateDescriptionXml", "JobId": "98F72ACC-C7BA-4167-AF5F-5F2F244DFFE1", "JobOwner": "MSEDGEWIN10\\IEUser", "ProcessPath": "C:\\Users\\IEUser\\AppData\\Local\\Microsoft\\OneDrive\\OneDriveStandaloneUpdater.exe", "ProcessId": "7180"}
{"Timestamp": "2020-10-13 20:56:37.383981Z", "Channel": "Microsoft-Windows-Bits-Client/Operational", "Provider": "Microsoft-Windows-Bits-Client", "Hostname": "MSEDGEWIN10", "SID": "S-1-5-21-3461203602-4096304019-2269080069-1000", "EventID": 5, "RecordID": 8021, "Level": "Information", "Descr": "Job cancelled", "Username": "MSEDGEWIN10\\IEUser", "JobTitle": "PreSignInSettingsConfigJSON", "JobId": "B7955873-36D5-4EEE-99CF-F09C7F809548", "JobOwner": "MSEDGEWIN10\\IEUser", "FileCount": "1"}
{"Timestamp": "2020-10-13 20:53:25.525416Z", "Channel": "Microsoft-Windows-Bits-Client/Operational", "Provider": "Microsoft-Windows-Bits-Client", "Hostname": "MSEDGEWIN10", "SID": "S-1-5-18", "EventID": 3, "RecordID": 8005, "Level": "Information", "Descr": "The BITS service created a new job", "JobTitle": "PreSignInSettingsConfigJSON", "JobId": "B7955873-36D5-4EEE-99CF-F09C7F809548", "JobOwner": "MSEDGEWIN10\\IEUser", "ProcessPath": "C:\\Users\\IEUser\\AppData\\Local\\Microsoft\\OneDrive\\OneDriveStandaloneUpdater.exe", "ProcessId": "7180"}
{"Timestamp": "2020-10-13 20:46:17.428277Z", "Channel": "Microsoft-Windows-Bits-Client/Operational", "Provider": "Microsoft-Windows-Bits-Client", "Hostname": "MSEDGEWIN10", "SID": "S-1-5-18", "EventID": 5, "RecordID": 8004, "Level": "Information", "Descr": "Job cancelled", "Username": "NT AUTHORITY\\SYSTEM", "JobTitle": "C:\\Program Files (x86)\\Google\\Update\\1.3.35.452\\Recovery\\GURBED1.tmp\\GoogleUpdateSetup.crx3", "JobId": "B995113D-72A2-45D2-8DD6-24E896D20724", "JobOwner": "NT AUTHORITY\\SYSTEM", "FileCount": "1"}
{"Timestamp": "2020-10-13 20:46:17.420838Z", "Channel": "Microsoft-Windows-Bits-Client/Operational", "Provider": "Microsoft-Windows-Bits-Client", "Hostname": "MSEDGEWIN10", "SID": "S-1-5-18", "EventID": 3, "RecordID": 8002, "Level": "Information", "Descr": "The BITS service created a new job", "JobTitle": "C:\\Program Files (x86)\\Google\\Update\\1.3.35.452\\Recovery\\GURBED1.tmp\\GoogleUpdateSetup.crx3", "JobId": "B995113D-72A2-45D2-8DD6-24E896D20724", "JobOwner": "NT AUTHORITY\\SYSTEM", "ProcessPath": "C:\\Program Files (x86)\\Google\\Update\\GoogleUpdate.exe", "ProcessId": "7156"}
{"Timestamp": "2020-10-13 20:46:17.404579Z", "Channel": "Microsoft-Windows-Bits-Client/Operational", "Provider": "Microsoft-Windows-Bits-Client", "Hostname": "MSEDGEWIN10", "SID": "S-1-5-18", "EventID": 5, "RecordID": 8001, "Level": "Information", "Descr": "Job cancelled", "Username": "NT AUTHORITY\\SYSTEM", "JobTitle": "C:\\Program Files (x86)\\Google\\Update\\1.3.35.452\\Recovery\\GURBED1.tmp\\GoogleUpdateSetup.crx3", "JobId": "63665F75-48D8-4749-AC8C-617D8AA02F52", "JobOwner": "NT AUTHORITY\\SYSTEM", "FileCount": "1"}
{"Timestamp": "2020-10-13 20:46:17.396010Z", "Channel": "Microsoft-Windows-Bits-Client/Operational", "Provider": "Microsoft-Windows-Bits-Client", "Hostname": "MSEDGEWIN10", "SID": "S-1-5-18", "EventID": 3, "RecordID": 7999, "Level": "Information", "Descr": "The BITS service created a new job", "JobTitle": "C:\\Program Files (x86)\\Google\\Update\\1.3.35.452\\Recovery\\GURBED1.tmp\\GoogleUpdateSetup.crx3", "JobId": "63665F75-48D8-4749-AC8C-617D8AA02F52", "JobOwner": "NT AUTHORITY\\SYSTEM", "ProcessPath": "C:\\Program Files (x86)\\Google\\Update\\GoogleUpdate.exe", "ProcessId": "7156"}
{"Timestamp": "2020-10-13 20:46:17.388481Z", "Channel": "Microsoft-Windows-Bits-Client/Operational", "Provider": "Microsoft-Windows-Bits-Client", "Hostname": "MSEDGEWIN10", "SID": "S-1-5-18", "EventID": 5, "RecordID": 7998, "Level": "Information", "Descr": "Job cancelled", "Username": "NT AUTHORITY\\SYSTEM", "JobTitle": "C:\\Users\\IEUser\\AppData\\Local\\{B2CCBFD9-7A94-46B8-B445-FB16AAC1C611}", "JobId": "F054B5BE-3C83-4844-B2A2-4C3D24E3CDB2", "JobOwner": "NT AUTHORITY\\SYSTEM", "FileCount": "1"}
{"Timestamp": "2020-10-13 20:46:17.380396Z", "Channel": "Microsoft-Windows-Bits-Client/Operational", "Provider": "Microsoft-Windows-Bits-Client", "Hostname": "MSEDGEWIN10", "SID": "S-1-5-18", "EventID": 3, "RecordID": 7996, "Level": "Information", "Descr": "The BITS service created a new job", "JobTitle": "C:\\Users\\IEUser\\AppData\\Local\\{B2CCBFD9-7A94-46B8-B445-FB16AAC1C611}", "JobId": "F054B5BE-3C83-4844-B2A2-4C3D24E3CDB2", "JobOwner": "NT AUTHORITY\\SYSTEM", "ProcessPath": "C:\\Program Files (x86)\\Google\\Update\\GoogleUpdate.exe", "ProcessId": "7156"}
{"Timestamp": "2020-10-13 20:46:17.189993Z", "Channel": "Microsoft-Windows-Bits-Client/Operational", "Provider": "Microsoft-Windows-Bits-Client", "Hostname": "MSEDGEWIN10", "SID": "S-1-5-18", "EventID": 5, "RecordID": 7995, "Level": "Information", "Descr": "Job cancelled", "Username": "NT AUTHORITY\\SYSTEM", "JobTitle": "C:\\Users\\IEUser\\AppData\\Local\\{B2CCBFD9-7A94-46B8-B445-FB16AAC1C611}", "JobId": "D04B7599-D9B9-4385-AE08-A16BE8CFCA9E", "JobOwner": "NT AUTHORITY\\SYSTEM", "FileCount": "1"}
{"Timestamp": "2020-10-13 20:46:17.153679Z", "Channel": "Microsoft-Windows-Bits-Client/Operational", "Provider": "Microsoft-Windows-Bits-Client", "Hostname": "MSEDGEWIN10", "SID": "S-1-5-18", "EventID": 3, "RecordID": 7993, "Level": "Information", "Descr": "The BITS service created a new job", "JobTitle": "C:\\Users\\IEUser\\AppData\\Local\\{B2CCBFD9-7A94-46B8-B445-FB16AAC1C611}", "JobId": "D04B7599-D9B9-4385-AE08-A16BE8CFCA9E", "JobOwner": "NT AUTHORITY\\SYSTEM", "ProcessPath": "C:\\Program Files (x86)\\Google\\Update\\GoogleUpdate.exe", "ProcessId": "7156"}
{"Timestamp": "2020-10-13 20:45:32.749977Z", "Channel": "Microsoft-Windows-Bits-Client/Operational", "Provider": "Microsoft-Windows-Bits-Client", "Hostname": "MSEDGEWIN10", "SID": "S-1-5-18", "EventID": 3, "RecordID": 7990, "Level": "Information", "Descr": "The BITS service created a new job", "JobTitle": "Font Download", "JobId": "9C347F55-5A52-446B-8653-47C446E748A3", "JobOwner": "NT AUTHORITY\\LOCAL SERVICE", "ProcessPath": "C:\\Windows\\System32\\svchost.exe", "ProcessId": "2128"}
{"Timestamp": "2020-10-11 12:50:23.635739Z", "Channel": "Microsoft-Windows-Bits-Client/Operational", "Provider": "Microsoft-Windows-Bits-Client", "Hostname": "MSEDGEWIN10", "SID": "S-1-5-18", "EventID": 3, "RecordID": 7981, "Level": "Information", "Descr": "The BITS service created a new job", "JobTitle": "Font Download", "JobId": "A1113061-28A4-4CD7-9571-F5766EEF61AF", "JobOwner": "NT AUTHORITY\\LOCAL SERVICE", "ProcessPath": "C:\\Windows\\System32\\svchost.exe", "ProcessId": "2188"}
{"Timestamp": "2020-10-11 12:40:53.336575Z", "Channel": "Microsoft-Windows-Bits-Client/Operational", "Provider": "Microsoft-Windows-Bits-Client", "Hostname": "MSEDGEWIN10", "SID": "S-1-5-18", "EventID": 3, "RecordID": 7977, "Level": "Information", "Descr": "The BITS service created a new job", "JobTitle": "Font Download", "JobId": "D58A8176-DC25-4311-91E4-4772D9A8D964", "JobOwner": "NT AUTHORITY\\LOCAL SERVICE", "ProcessPath": "C:\\Windows\\System32\\svchost.exe", "ProcessId": "2260"}
{"Timestamp": "2020-10-11 12:36:23.368740Z", "Channel": "Microsoft-Windows-Bits-Client/Operational", "Provider": "Microsoft-Windows-Bits-Client", "Hostname": "MSEDGEWIN10", "SID": "S-1-5-18", "EventID": 3, "RecordID": 7973, "Level": "Information", "Descr": "The BITS service created a new job", "JobTitle": "Font Download", "JobId": "C27E10D0-C93C-450D-AEF0-49FC38F3F10F", "JobOwner": "NT AUTHORITY\\LOCAL SERVICE", "ProcessPath": "C:\\Windows\\System32\\svchost.exe", "ProcessId": "2252"}
{"Timestamp": "2020-10-17 10:49:27.752339Z", "Channel": "Microsoft-Windows-Bits-Client/Operational", "Provider": "Microsoft-Windows-Bits-Client", "Hostname": "MSEDGEWIN10", "SID": "S-1-5-18", "EventID": 3, "RecordID": 8149, "Level": "Information", "Descr": "The BITS service created a new job", "JobTitle": "PreSignInSettingsConfigJSON", "JobId": "01AABAD6-604F-4F50-ACE1-39CA301BCD9F", "JobOwner": "MSEDGEWIN10\\IEUser", "ProcessPath": "C:\\Users\\IEUser\\AppData\\Local\\Microsoft\\OneDrive\\OneDriveStandaloneUpdater.exe", "ProcessId": "880"}
{"Timestamp": "2020-10-17 10:42:35.583416Z", "Channel": "Microsoft-Windows-Bits-Client/Operational", "Provider": "Microsoft-Windows-Bits-Client", "Hostname": "MSEDGEWIN10", "SID": "S-1-5-18", "EventID": 5, "RecordID": 8148, "Level": "Information", "Descr": "Job cancelled", "Username": "NT AUTHORITY\\SYSTEM", "JobTitle": "C:\\Program Files (x86)\\Google\\Update\\1.3.35.452\\Recovery\\GUR72A5.tmp\\GoogleUpdateSetup.crx3", "JobId": "D451000A-0325-4637-A5D0-1255C6A4E25B", "JobOwner": "NT AUTHORITY\\SYSTEM", "FileCount": "1"}
{"Timestamp": "2020-10-17 10:42:35.557069Z", "Channel": "Microsoft-Windows-Bits-Client/Operational", "Provider": "Microsoft-Windows-Bits-Client", "Hostname": "MSEDGEWIN10", "SID": "S-1-5-18", "EventID": 3, "RecordID": 8146, "Level": "Information", "Descr": "The BITS service created a new job", "JobTitle": "C:\\Program Files (x86)\\Google\\Update\\1.3.35.452\\Recovery\\GUR72A5.tmp\\GoogleUpdateSetup.crx3", "JobId": "D451000A-0325-4637-A5D0-1255C6A4E25B", "JobOwner": "NT AUTHORITY\\SYSTEM", "ProcessPath": "C:\\Program Files (x86)\\Google\\Update\\GoogleUpdate.exe", "ProcessId": "6684"}
{"Timestamp": "2020-10-17 10:42:35.550274Z", "Channel": "Microsoft-Windows-Bits-Client/Operational", "Provider": "Microsoft-Windows-Bits-Client", "Hostname": "MSEDGEWIN10", "SID": "S-1-5-18", "EventID": 5, "RecordID": 8145, "Level": "Information", "Descr": "Job cancelled", "Username": "NT AUTHORITY\\SYSTEM", "JobTitle": "C:\\Program Files (x86)\\Google\\Update\\1.3.35.452\\Recovery\\GUR72A5.tmp\\GoogleUpdateSetup.crx3", "JobId": "28098696-E082-4544-8F8A-FFFAB649F1BF", "JobOwner": "NT AUTHORITY\\SYSTEM", "FileCount": "1"}
{"Timestamp": "2020-10-17 10:42:35.538456Z", "Channel": "Microsoft-Windows-Bits-Client/Operational", "Provider": "Microsoft-Windows-Bits-Client", "Hostname": "MSEDGEWIN10", "SID": "S-1-5-18", "EventID": 3, "RecordID": 8143, "Level": "Information", "Descr": "The BITS service created a new job", "JobTitle": "C:\\Program Files (x86)\\Google\\Update\\1.3.35.452\\Recovery\\GUR72A5.tmp\\GoogleUpdateSetup.crx3", "JobId": "28098696-E082-4544-8F8A-FFFAB649F1BF", "JobOwner": "NT AUTHORITY\\SYSTEM", "ProcessPath": "C:\\Program Files (x86)\\Google\\Update\\GoogleUpdate.exe", "ProcessId": "6684"}
{"Timestamp": "2020-10-17 10:42:35.527030Z", "Channel": "Microsoft-Windows-Bits-Client/Operational", "Provider": "Microsoft-Windows-Bits-Client", "Hostname": "MSEDGEWIN10", "SID": "S-1-5-18", "EventID": 5, "RecordID": 8142, "Level": "Information", "Descr": "Job cancelled", "Username": "NT AUTHORITY\\SYSTEM", "JobTitle": "C:\\Users\\IEUser\\AppData\\Local\\{CA67FBD7-FA5E-4615-86AC-FA0556DE515E}", "JobId": "6DD7E43B-C05A-4A2D-97B3-A16C9D139ABF", "JobOwner": "NT AUTHORITY\\SYSTEM", "FileCount": "1"}
{"Timestamp": "2020-10-17 10:42:35.499557Z", "Channel": "Microsoft-Windows-Bits-Client/Operational", "Provider": "Microsoft-Windows-Bits-Client", "Hostname": "MSEDGEWIN10", "SID": "S-1-5-18", "EventID": 3, "RecordID": 8140, "Level": "Information", "Descr": "The BITS service created a new job", "JobTitle": "C:\\Users\\IEUser\\AppData\\Local\\{CA67FBD7-FA5E-4615-86AC-FA0556DE515E}", "JobId": "6DD7E43B-C05A-4A2D-97B3-A16C9D139ABF", "JobOwner": "NT AUTHORITY\\SYSTEM", "ProcessPath": "C:\\Program Files (x86)\\Google\\Update\\GoogleUpdate.exe", "ProcessId": "6684"}
{"Timestamp": "2020-10-17 10:42:35.484330Z", "Channel": "Microsoft-Windows-Bits-Client/Operational", "Provider": "Microsoft-Windows-Bits-Client", "Hostname": "MSEDGEWIN10", "SID": "S-1-5-18", "EventID": 5, "RecordID": 8139, "Level": "Information", "Descr": "Job cancelled", "Username": "NT AUTHORITY\\SYSTEM", "JobTitle": "C:\\Users\\IEUser\\AppData\\Local\\{CA67FBD7-FA5E-4615-86AC-FA0556DE515E}", "JobId": "639BDC4B-9AEF-4405-9DFF-615019AD4755", "JobOwner": "NT AUTHORITY\\SYSTEM", "FileCount": "1"}
{"Timestamp": "2020-10-17 10:42:35.451542Z", "Channel": "Microsoft-Windows-Bits-Client/Operational", "Provider": "Microsoft-Windows-Bits-Client", "Hostname": "MSEDGEWIN10", "SID": "S-1-5-18", "EventID": 3, "RecordID": 8137, "Level": "Information", "Descr": "The BITS service created a new job", "JobTitle": "C:\\Users\\IEUser\\AppData\\Local\\{CA67FBD7-FA5E-4615-86AC-FA0556DE515E}", "JobId": "639BDC4B-9AEF-4405-9DFF-615019AD4755", "JobOwner": "NT AUTHORITY\\SYSTEM", "ProcessPath": "C:\\Program Files (x86)\\Google\\Update\\GoogleUpdate.exe", "ProcessId": "6684"}
{"Timestamp": "2020-10-17 10:41:57.034253Z", "Channel": "Microsoft-Windows-Bits-Client/Operational", "Provider": "Microsoft-Windows-Bits-Client", "Hostname": "MSEDGEWIN10", "SID": "S-1-5-18", "EventID": 3, "RecordID": 8134, "Level": "Information", "Descr": "The BITS service created a new job", "JobTitle": "Font Download", "JobId": "316D5A72-C392-42AC-820F-8F390D3371E5", "JobOwner": "NT AUTHORITY\\LOCAL SERVICE", "ProcessPath": "C:\\Windows\\System32\\svchost.exe", "ProcessId": "2072"}
{"Timestamp": "2020-10-15 16:00:38.160752Z", "Channel": "Microsoft-Windows-Bits-Client/Operational", "Provider": "Microsoft-Windows-Bits-Client", "Hostname": "MSEDGEWIN10", "SID": "S-1-5-18", "EventID": 3, "RecordID": 8128, "Level": "Information", "Descr": "The BITS service created a new job", "JobTitle": "MicrosoftMapsBingGeoStore", "JobId": "192F0678-FB13-44BB-AA45-58BDABCD5528", "JobOwner": "NT AUTHORITY\\NETWORK SERVICE", "ProcessPath": "C:\\Windows\\System32\\svchost.exe", "ProcessId": "5820"}
{"Timestamp": "2020-10-15 15:39:30.040507Z", "Channel": "Microsoft-Windows-Bits-Client/Operational", "Provider": "Microsoft-Windows-Bits-Client", "Hostname": "MSEDGEWIN10", "SID": "S-1-5-18", "EventID": 3, "RecordID": 8123, "Level": "Information", "Descr": "The BITS service created a new job", "JobTitle": "Font Download", "JobId": "936AF96A-1ADD-4386-8BD3-1B0083B8895E", "JobOwner": "NT AUTHORITY\\LOCAL SERVICE", "ProcessPath": "C:\\Windows\\System32\\svchost.exe", "ProcessId": "1924"}
{"Timestamp": "2020-10-15 12:33:27.113621Z", "Channel": "Microsoft-Windows-Bits-Client/Operational", "Provider": "Microsoft-Windows-Bits-Client", "Hostname": "MSEDGEWIN10", "SID": "S-1-5-21-3461203602-4096304019-2269080069-1000", "EventID": 5, "RecordID": 8117, "Level": "Information", "Descr": "Job cancelled", "Username": "MSEDGEWIN10\\IEUser", "JobTitle": "UpdateDescriptionXml", "JobId": "555ABD4B-7F7D-4477-A21C-8A0342B698EB", "JobOwner": "MSEDGEWIN10\\IEUser", "FileCount": "1"}
{"Timestamp": "2020-10-15 12:30:26.948959Z", "Channel": "Microsoft-Windows-Bits-Client/Operational", "Provider": "Microsoft-Windows-Bits-Client", "Hostname": "MSEDGEWIN10", "SID": "S-1-5-18", "EventID": 3, "RecordID": 8099, "Level": "Information", "Descr": "The BITS service created a new job", "JobTitle": "UpdateDescriptionXml", "JobId": "555ABD4B-7F7D-4477-A21C-8A0342B698EB", "JobOwner": "MSEDGEWIN10\\IEUser", "ProcessPath": "C:\\Users\\IEUser\\AppData\\Local\\Microsoft\\OneDrive\\OneDriveStandaloneUpdater.exe", "ProcessId": "664"}
{"Timestamp": "2020-10-15 12:29:36.533129Z", "Channel": "Microsoft-Windows-Bits-Client/Operational", "Provider": "Microsoft-Windows-Bits-Client", "Hostname": "MSEDGEWIN10", "SID": "S-1-5-21-3461203602-4096304019-2269080069-1000", "EventID": 5, "RecordID": 8098, "Level": "Information", "Descr": "Job cancelled", "Username": "MSEDGEWIN10\\IEUser", "JobTitle": "PreSignInSettingsConfigJSON", "JobId": "F7547127-3A95-4992-AAEA-3E47957CF8F3", "JobOwner": "MSEDGEWIN10\\IEUser", "FileCount": "1"}
{"Timestamp": "2020-10-15 12:26:36.311417Z", "Channel": "Microsoft-Windows-Bits-Client/Operational", "Provider": "Microsoft-Windows-Bits-Client", "Hostname": "MSEDGEWIN10", "SID": "S-1-5-18", "EventID": 3, "RecordID": 8081, "Level": "Information", "Descr": "The BITS service created a new job", "JobTitle": "PreSignInSettingsConfigJSON", "JobId": "F7547127-3A95-4992-AAEA-3E47957CF8F3", "JobOwner": "MSEDGEWIN10\\IEUser", "ProcessPath": "C:\\Users\\IEUser\\AppData\\Local\\Microsoft\\OneDrive\\OneDriveStandaloneUpdater.exe", "ProcessId": "664"}
{"Timestamp": "2020-10-15 12:23:05.252512Z", "Channel": "Microsoft-Windows-Bits-Client/Operational", "Provider": "Microsoft-Windows-Bits-Client", "Hostname": "MSEDGEWIN10", "SID": "S-1-5-18", "EventID": 3, "RecordID": 8078, "Level": "Information", "Descr": "The BITS service created a new job", "JobTitle": "Font Download", "JobId": "0406B477-7AA9-4A72-8937-E9C61298384A", "JobOwner": "NT AUTHORITY\\LOCAL SERVICE", "ProcessPath": "C:\\Windows\\System32\\svchost.exe", "ProcessId": "2108"}
{"Timestamp": "2020-10-15 12:22:28.035880Z", "Channel": "Microsoft-Windows-Bits-Client/Operational", "Provider": "Microsoft-Windows-Bits-Client", "Hostname": "MSEDGEWIN10", "SID": "S-1-5-18", "EventID": 5, "RecordID": 8077, "Level": "Information", "Descr": "Job cancelled", "Username": "NT AUTHORITY\\SYSTEM", "JobTitle": "C:\\Program Files (x86)\\Google\\Update\\1.3.35.452\\Recovery\\GUR1E22.tmp\\GoogleUpdateSetup.crx3", "JobId": "F8AC1D19-1976-4E57-ADE7-9CAA9DE5A0DE", "JobOwner": "NT AUTHORITY\\SYSTEM", "FileCount": "1"}
{"Timestamp": "2020-10-15 12:22:28.024860Z", "Channel": "Microsoft-Windows-Bits-Client/Operational", "Provider": "Microsoft-Windows-Bits-Client", "Hostname": "MSEDGEWIN10", "SID": "S-1-5-18", "EventID": 3, "RecordID": 8075, "Level": "Information", "Descr": "The BITS service created a new job", "JobTitle": "C:\\Program Files (x86)\\Google\\Update\\1.3.35.452\\Recovery\\GUR1E22.tmp\\GoogleUpdateSetup.crx3", "JobId": "F8AC1D19-1976-4E57-ADE7-9CAA9DE5A0DE", "JobOwner": "NT AUTHORITY\\SYSTEM", "ProcessPath": "C:\\Program Files (x86)\\Google\\Update\\GoogleUpdate.exe", "ProcessId": "6984"}
{"Timestamp": "2020-10-15 12:22:27.990647Z", "Channel": "Microsoft-Windows-Bits-Client/Operational", "Provider": "Microsoft-Windows-Bits-Client", "Hostname": "MSEDGEWIN10", "SID": "S-1-5-18", "EventID": 5, "RecordID": 8074, "Level": "Information", "Descr": "Job cancelled", "Username": "NT AUTHORITY\\SYSTEM", "JobTitle": "C:\\Program Files (x86)\\Google\\Update\\1.3.35.452\\Recovery\\GUR1E22.tmp\\GoogleUpdateSetup.crx3", "JobId": "6A17E06F-09D1-475E-B92B-3560E14245CD", "JobOwner": "NT AUTHORITY\\SYSTEM", "FileCount": "1"}
{"Timestamp": "2020-10-15 12:22:27.931502Z", "Channel": "Microsoft-Windows-Bits-Client/Operational", "Provider": "Microsoft-Windows-Bits-Client", "Hostname": "MSEDGEWIN10", "SID": "S-1-5-18", "EventID": 3, "RecordID": 8072, "Level": "Information", "Descr": "The BITS service created a new job", "JobTitle": "C:\\Program Files (x86)\\Google\\Update\\1.3.35.452\\Recovery\\GUR1E22.tmp\\GoogleUpdateSetup.crx3", "JobId": "6A17E06F-09D1-475E-B92B-3560E14245CD", "JobOwner": "NT AUTHORITY\\SYSTEM", "ProcessPath": "C:\\Program Files (x86)\\Google\\Update\\GoogleUpdate.exe", "ProcessId": "6984"}
{"Timestamp": "2020-10-15 12:22:27.919847Z", "Channel": "Microsoft-Windows-Bits-Client/Operational", "Provider": "Microsoft-Windows-Bits-Client", "Hostname": "MSEDGEWIN10", "SID": "S-1-5-18", "EventID": 5, "RecordID": 8071, "Level": "Information", "Descr": "Job cancelled", "Username": "NT AUTHORITY\\SYSTEM", "JobTitle": "C:\\Users\\IEUser\\AppData\\Local\\{DA86EC96-3F37-4676-BADB-1E0E6897F8BB}", "JobId": "02AF0182-E31C-49B2-860E-1BDF9BCE8570", "JobOwner": "NT AUTHORITY\\SYSTEM", "FileCount": "1"}
{"Timestamp": "2020-10-15 12:22:27.903649Z", "Channel": "Microsoft-Windows-Bits-Client/Operational", "Provider": "Microsoft-Windows-Bits-Client", "Hostname": "MSEDGEWIN10", "SID": "S-1-5-18", "EventID": 3, "RecordID": 8069, "Level": "Information", "Descr": "The BITS service created a new job", "JobTitle": "C:\\Users\\IEUser\\AppData\\Local\\{DA86EC96-3F37-4676-BADB-1E0E6897F8BB}", "JobId": "02AF0182-E31C-49B2-860E-1BDF9BCE8570", "JobOwner": "NT AUTHORITY\\SYSTEM", "ProcessPath": "C:\\Program Files (x86)\\Google\\Update\\GoogleUpdate.exe", "ProcessId": "6984"}
{"Timestamp": "2020-10-17 22:37:53.341010Z", "Channel": "Microsoft-Windows-Bits-Client/Operational", "Provider": "Microsoft-Windows-Bits-Client", "Hostname": "MSEDGEWIN10", "SID": "S-1-5-18", "EventID": 3, "RecordID": 8250, "Level": "Information", "Descr": "The BITS service created a new job", "JobTitle": "Push Notification Platform Job: 1", "JobId": "2572D397-A284-4686-8234-88B19F21E1B3", "JobOwner": "MSEDGEWIN10\\IEUser", "ProcessPath": "C:\\Windows\\System32\\svchost.exe", "ProcessId": "4600"}
{"Timestamp": "2020-10-17 22:37:53.269190Z", "Channel": "Microsoft-Windows-Bits-Client/Operational", "Provider": "Microsoft-Windows-Bits-Client", "Hostname": "MSEDGEWIN10", "SID": "S-1-5-21-3461203602-4096304019-2269080069-1000", "EventID": 5, "RecordID": 8249, "Level": "Information", "Descr": "Job cancelled", "Username": "MSEDGEWIN10\\IEUser", "JobTitle": "Push Notification Platform Job: 1", "JobId": "9359EEF9-5C89-46F3-8D1F-EB6C5ECE3E22", "JobOwner": "MSEDGEWIN10\\IEUser", "FileCount": "1"}
{"Timestamp": "2020-10-17 22:37:53.230103Z", "Channel": "Microsoft-Windows-Bits-Client/Operational", "Provider": "Microsoft-Windows-Bits-Client", "Hostname": "MSEDGEWIN10", "SID": "S-1-5-18", "EventID": 59, "RecordID": 8247, "Level": "Information", "Descr": "BITS started the <Name> transfer job that is associated with the <URL>", "TransferId": "AE1854AA-5755-43FD-BE8F-7596D704E014", "Name": "Push Notification Platform Job: 1", "JobId": "9359EEF9-5C89-46F3-8D1F-EB6C5ECE3E22", "URL": "https://site-cdn.onenote.net/161340731555_Images/LiveTileImages/MediumAndLarge/Image1.png", "Peer": null, "FileTime": "1601-01-01 00:00:00 UTC", "FileSize": "18446744073709551615"}
{"Timestamp": "2020-10-17 22:37:53.169029Z", "Channel": "Microsoft-Windows-Bits-Client/Operational", "Provider": "Microsoft-Windows-Bits-Client", "Hostname": "MSEDGEWIN10", "SID": "S-1-5-18", "EventID": 59, "RecordID": 8245, "Level": "Information", "Descr": "BITS started the <Name> transfer job that is associated with the <URL>", "TransferId": "4EDB3F2B-73B0-4C06-9B70-C8FF99D78AC4", "Name": "Push Notification Platform Job: 1", "JobId": "9359EEF9-5C89-46F3-8D1F-EB6C5ECE3E22", "URL": "https://site-cdn.onenote.net/161340731555_Images/LiveTileImages/MediumAndLarge/Image1.png", "Peer": null, "FileTime": "1601-01-01 00:00:00 UTC", "FileSize": "18446744073709551615"}
{"Timestamp": "2020-10-17 22:37:53.111761Z", "Channel": "Microsoft-Windows-Bits-Client/Operational", "Provider": "Microsoft-Windows-Bits-Client", "Hostname": "MSEDGEWIN10", "SID": "S-1-5-18", "EventID": 59, "RecordID": 8243, "Level": "Information", "Descr": "BITS started the <Name> transfer job that is associated with the <URL>", "TransferId": "F238D534-C53A-466D-8FDD-339492847598", "Name": "Push Notification Platform Job: 1", "JobId": "9359EEF9-5C89-46F3-8D1F-EB6C5ECE3E22", "URL": "https://site-cdn.onenote.net/161340731555_Images/LiveTileImages/MediumAndLarge/Image1.png", "Peer": null, "FileTime": "1601-01-01 00:00:00 UTC", "FileSize": "18446744073709551615"}
{"Timestamp": "2020-10-17 22:37:53.047517Z", "Channel": "Microsoft-Windows-Bits-Client/Operational", "Provider": "Microsoft-Windows-Bits-Client", "Hostname": "MSEDGEWIN10", "SID": "S-1-5-18", "EventID": 59, "RecordID": 8241, "Level": "Information", "Descr": "BITS started the <Name> transfer job that is associated with the <URL>", "TransferId": "D89F0111-2704-4A3A-ADDB-0528EBA17058", "Name": "Push Notification Platform Job: 1", "JobId": "9359EEF9-5C89-46F3-8D1F-EB6C5ECE3E22", "URL": "https://site-cdn.onenote.net/161340731555_Images/LiveTileImages/MediumAndLarge/Image1.png", "Peer": null, "FileTime": "1601-01-01 00:00:00 UTC", "FileSize": "18446744073709551615"}
{"Timestamp": "2020-10-17 22:37:53.024563Z", "Channel": "Microsoft-Windows-Bits-Client/Operational", "Provider": "Microsoft-Windows-Bits-Client", "Hostname": "MSEDGEWIN10", "SID": "S-1-5-18", "EventID": 3, "RecordID": 8239, "Level": "Information", "Descr": "The BITS service created a new job", "JobTitle": "Push Notification Platform Job: 1", "JobId": "9359EEF9-5C89-46F3-8D1F-EB6C5ECE3E22", "JobOwner": "MSEDGEWIN10\\IEUser", "ProcessPath": "C:\\Windows\\System32\\svchost.exe", "ProcessId": "4600"}
{"Timestamp": "2020-10-17 22:37:53.013877Z", "Channel": "Microsoft-Windows-Bits-Client/Operational", "Provider": "Microsoft-Windows-Bits-Client", "Hostname": "MSEDGEWIN10", "SID": "S-1-5-21-3461203602-4096304019-2269080069-1000", "EventID": 5, "RecordID": 8238, "Level": "Information", "Descr": "Job cancelled", "Username": "MSEDGEWIN10\\IEUser", "JobTitle": "Push Notification Platform Job: 1", "JobId": "FCECBD31-D931-4CF3-8061-291BE3D6DF18", "JobOwner": "MSEDGEWIN10\\IEUser", "FileCount": "1"}
{"Timestamp": "2020-10-17 22:37:52.991080Z", "Channel": "Microsoft-Windows-Bits-Client/Operational", "Provider": "Microsoft-Windows-Bits-Client", "Hostname": "MSEDGEWIN10", "SID": "S-1-5-18", "EventID": 59, "RecordID": 8236, "Level": "Information", "Descr": "BITS started the <Name> transfer job that is associated with the <URL>", "TransferId": "1768119E-A75A-41F5-93B8-0BF4058A84E9", "Name": "Push Notification Platform Job: 1", "JobId": "FCECBD31-D931-4CF3-8061-291BE3D6DF18", "URL": "https://img-s-msn-com.akamaized.net/tenant/amp/entityid/BB1a7GBU.img?w=100&h=100&m=6&tilesize=medium&ms-scale=100&ms-contrast=standard", "Peer": null, "FileTime": "1601-01-01 00:00:00 UTC", "FileSize": "18446744073709551615"}
