{"Timestamp": "2020-10-20 21:19:11.909403Z", "Channel": "Microsoft-Windows-Bits-Client/Operational", "Provider": "Microsoft-Windows-Bits-Client", "Hostname": "MSEDGEWIN10", "SID": "S-1-5-18", "EventID": 5, "RecordID": 8351, "Level": "Information", "Descr": "Job cancelled", "Username": "NT AUTHORITY\\SYSTEM", "JobTitle": "C:\\Users\\IEUser\\AppData\\Local\\{A255AFC6-2E1E-4C45-8469-10DE0388CDB6}", "JobId": "872FED48-B13B-43B3-A3E4-144DD600FA13", "JobOwner": "NT AUTHORITY\\SYSTEM", "FileCount": "1"}
{"Timestamp": "2020-10-20 21:19:11.876944Z", "Channel": "Microsoft-Windows-Bits-Client/Operational", "Provider": "Microsoft-Windows-Bits-Client", "Hostname": "MSEDGEWIN10", "SID": "S-1-5-18", "EventID": 3, "RecordID": 8349, "Level": "Information", "Descr": "The BITS service created a new job", "JobTitle": "C:\\Users\\IEUser\\AppData\\Local\\{A255AFC6-2E1E-4C45-8469-10DE0388CDB6}", "JobId": "872FED48-B13B-43B3-A3E4-144DD600FA13", "JobOwner": "NT AUTHORITY\\SYSTEM", "ProcessPath": "C:\\Program Files (x86)\\Google\\Update\\GoogleUpdate.exe", "ProcessId": "3012"}
{"Timestamp": "2020-10-20 21:19:11.869562Z", "Channel": "Microsoft-Windows-Bits-Client/Operational", "Provider": "Microsoft-Windows-Bits-Client", "Hostname": "MSEDGEWIN10", "SID": "S-1-5-18", "EventID": 5, "RecordID": 8348, "Level": "Information", "Descr": "Job cancelled", "Username": "NT AUTHORITY\\SYSTEM", "JobTitle": "C:\\Users\\IEUser\\AppData\\Local\\{A255AFC6-2E1E-4C45-8469-10DE0388CDB6}", "JobId": "B065D538-1E06-484E-9074-0B828C0BD330", "JobOwner": "NT AUTHORITY\\SYSTEM", "FileCount": "1"}
{"Timestamp": "2020-10-20 21:19:11.857623Z", "Channel": "Microsoft-Windows-Bits-Client/Operational", "Provider": "Microsoft-Windows-Bits-Client", "Hostname": "MSEDGEWIN10", "SID": "S-1-5-18", "EventID": 3, "RecordID": 8346, "Level": "Information", "Descr": "The BITS service created a new job", "JobTitle": "C:\\Users\\IEUser\\AppData\\Local\\{A255AFC6-2E1E-4C45-8469-10DE0388CDB6}", "JobId": "B065D538-1E06-484E-9074-0B828C0BD330", "JobOwner": "NT AUTHORITY\\SYSTEM", "ProcessPath": "C:\\Program Files (x86)\\Google\\Update\\GoogleUpdate.exe", "ProcessId": "3012"}
{"Timestamp": "2020-10-20 21:19:11.672956Z", "Channel": "Microsoft-Windows-Bits-Client/Operational", "Provider": "Microsoft-Windows-Bits-Client", "Hostname": "MSEDGEWIN10", "SID": "S-1-5-18", "EventID": 5, "RecordID": 8345, "Level": "Information", "Descr": "Job cancelled", "Username": "NT AUTHORITY\\SYSTEM", "JobTitle": "C:\\Program Files (x86)\\Google\\Update\\1.3.36.32\\Recovery\\GUR9E3A.tmp\\GoogleUpdateSetup.crx3", "JobId": "CA1BB165-31DC-4042-938D-E3F179BCFA6E", "JobOwner": "NT AUTHORITY\\SYSTEM", "FileCount": "0"}
{"Timestamp": "2020-10-20 21:19:11.671554Z", "Channel": "Microsoft-Windows-Bits-Client/Operational", "Provider": "Microsoft-Windows-Bits-Client", "Hostname": "MSEDGEWIN10", "SID": "S-1-5-18", "EventID": 3, "RecordID": 8344, "Level": "Information", "Descr": "The BITS service created a new job", "JobTitle": "C:\\Program Files (x86)\\Google\\Update\\1.3.36.32\\Recovery\\GUR9E3A.tmp\\GoogleUpdateSetup.crx3", "JobId": "CA1BB165-31DC-4042-938D-E3F179BCFA6E", "JobOwner": "NT AUTHORITY\\SYSTEM", "ProcessPath": "C:\\Program Files (x86)\\Google\\Update\\GoogleUpdate.exe", "ProcessId": "8"}
{"Timestamp": "2020-10-20 21:19:11.654188Z", "Channel": "Microsoft-Windows-Bits-Client/Operational", "Provider": "Microsoft-Windows-Bits-Client", "Hostname": "MSEDGEWIN10", "SID": "S-1-5-18", "EventID": 5, "RecordID": 8343, "Level": "Information", "Descr": "Job cancelled", "Username": "NT AUTHORITY\\SYSTEM", "JobTitle": "C:\\Program Files (x86)\\Google\\Update\\1.3.36.32\\Recovery\\GUR9E3A.tmp\\GoogleUpdateSetup.crx3", "JobId": "1BE2E063-7180-45A8-AFB4-4AF5856D16D9", "JobOwner": "NT AUTHORITY\\SYSTEM", "FileCount": "0"}
{"Timestamp": "2020-10-20 21:19:11.651666Z", "Channel": "Microsoft-Windows-Bits-Client/Operational", "Provider": "Microsoft-Windows-Bits-Client", "Hostname": "MSEDGEWIN10", "SID": "S-1-5-18", "EventID": 3, "RecordID": 8342, "Level": "Information", "Descr": "The BITS service created a new job", "JobTitle": "C:\\Program Files (x86)\\Google\\Update\\1.3.36.32\\Recovery\\GUR9E3A.tmp\\GoogleUpdateSetup.crx3", "JobId": "1BE2E063-7180-45A8-AFB4-4AF5856D16D9", "JobOwner": "NT AUTHORITY\\SYSTEM", "ProcessPath": "C:\\Program Files (x86)\\Google\\Update\\GoogleUpdate.exe", "ProcessId": "8"}
{"Timestamp": "2020-10-20 21:19:11.587979Z", "Channel": "Microsoft-Windows-Bits-Client/Operational", "Provider": "Microsoft-Windows-Bits-Client", "Hostname": "MSEDGEWIN10", "SID": "S-1-5-18", "EventID": 5, "RecordID": 8341, "Level": "Information", "Descr": "Job cancelled", "Username": "NT AUTHORITY\\SYSTEM", "JobTitle": "C:\\Users\\IEUser\\AppData\\Local\\{45E718DA-A5D3-4A57-B9EC-5B85347E3A91}", "JobId": "4413C42E-52C4-45DE-A593-786309D705AF", "JobOwner": "NT AUTHORITY\\SYSTEM", "FileCount": "1"}
{"Timestamp": "2020-10-20 21:19:11.566471Z", "Channel": "Microsoft-Windows-Bits-Client/Operational", "Provider": "Microsoft-Windows-Bits-Client", "Hostname": "MSEDGEWIN10", "SID": "S-1-5-18", "EventID": 3, "RecordID": 8339, "Level": "Information", "Descr": "The BITS service created a new job", "JobTitle": "C:\\Users\\IEUser\\AppData\\Local\\{45E718DA-A5D3-4A57-B9EC-5B85347E3A91}", "JobId": "4413C42E-52C4-45DE-A593-786309D705AF", "JobOwner": "NT AUTHORITY\\SYSTEM", "ProcessPath": "C:\\Program Files (x86)\\Google\\Update\\GoogleUpdate.exe", "ProcessId": "8"}
{"Timestamp": "2020-11-05 10:55:55.953165Z", "Channel": "Microsoft-Windows-Bits-Client/Operational", "Provider": "Microsoft-Windows-Bits-Client", "Hostname": "MSEDGEWIN10", "SID": "S-1-5-18", "EventID": 3, "RecordID": 8528, "Level": "Information", "Descr": "The BITS service created a new job", "JobTitle": "C:\\Users\\IEUser\\AppData\\Local\\Temp\\{DE1AA2CB-2733-420D-BD53-D15E1761ED0D}-86.0.4240.183_86.0.4240.111_chrome_updater.exe", "JobId": "DE4AC99A-C567-4CAA-9703-3FFEE775C75D", "JobOwner": "MSEDGEWIN10\\IEUser", "ProcessPath": "C:\\Program Files (x86)\\Google\\Update\\GoogleUpdate.exe", "ProcessId": "7912"}
{"Timestamp": "2020-11-01 18:33:01.756458Z", "Channel": "Microsoft-Windows-Bits-Client/Operational", "Provider": "Microsoft-Windows-Bits-Client", "Hostname": "MSEDGEWIN10", "SID": "S-1-5-18", "EventID": 4, "RecordID": 8525, "Level": "Information", "Descr": "The transfer job is complete", "Username": "MSEDGEWIN10\\IEUser", "JobTitle": "PreSignInSettingsConfigJSON", "JobId": "4C082E04-5912-4E4C-954C-A3C48768539B", "JobOwner": "MSEDGEWIN10\\IEUser", "FileCount": "1"}
{"Timestamp": "2020-11-01 18:33:01.753950Z", "Channel": "Microsoft-Windows-Bits-Client/Operational", "Provider": "Microsoft-Windows-Bits-Client", "Hostname": "MSEDGEWIN10", "SID": "S-1-5-18", "EventID": 60, "RecordID": 8524, "Level": "Information", "Descr": "BITS stopped transferring the <Name> transfer job that is associated with the <URL>", "TransferId": "6AD10E53-05C8-4138-97C9-D538B6642037", "Name": "PreSignInSettingsConfigJSON", "JobId": "4C082E04-5912-4E4C-954C-A3C48768539B", "URL": "https://g.live.com/odclientsettings/Prod", "Peer": null, "FileTime": "2020-10-30 20:50:12 UTC", "FileSize": "32671", "BytesTotal": "32671", "BytesTransferred": "32671", "BytesTransferredFromPeer": "0"}
{"Timestamp": "2020-11-01 18:33:01.610526Z", "Channel": "Microsoft-Windows-Bits-Client/Operational", "Provider": "Microsoft-Windows-Bits-Client", "Hostname": "MSEDGEWIN10", "SID": "S-1-5-18", "EventID": 59, "RecordID": 8523, "Level": "Information", "Descr": "BITS started the <Name> transfer job that is associated with the <URL>", "TransferId": "6AD10E53-05C8-4138-97C9-D538B6642037", "Name": "PreSignInSettingsConfigJSON", "JobId": "4C082E04-5912-4E4C-954C-A3C48768539B", "URL": "https://g.live.com/odclientsettings/Prod", "Peer": null, "FileTime": "2020-10-30 20:50:12 UTC", "FileSize": "32671"}
{"Timestamp": "2020-11-01 18:33:01.019228Z", "Channel": "Microsoft-Windows-Bits-Client/Operational", "Provider": "Microsoft-Windows-Bits-Client", "Hostname": "MSEDGEWIN10", "SID": "S-1-5-18", "EventID": 3, "RecordID": 8522, "Level": "Information", "Descr": "The BITS service created a new job", "JobTitle": "PreSignInSettingsConfigJSON", "JobId": "4C082E04-5912-4E4C-954C-A3C48768539B", "JobOwner": "MSEDGEWIN10\\IEUser", "ProcessPath": "C:\\Users\\IEUser\\AppData\\Local\\Microsoft\\OneDrive\\StandaloneUpdater\\OneDriveSetup.exe", "ProcessId": "2456"}
{"Timestamp": "2020-11-01 18:32:58.026346Z", "Channel": "Microsoft-Windows-Bits-Client/Operational", "Provider": "Microsoft-Windows-Bits-Client", "Hostname": "MSEDGEWIN10", "SID": "S-1-5-18", "EventID": 4, "RecordID": 8521, "Level": "Information", "Descr": "The transfer job is complete", "Username": "MSEDGEWIN10\\IEUser", "JobTitle": "SetupBinary", "JobId": "5749C462-D6AB-4595-812A-03123EEBC6D4", "JobOwner": "MSEDGEWIN10\\IEUser", "FileCount": "1"}
{"Timestamp": "2020-11-01 18:32:58.021476Z", "Channel": "Microsoft-Windows-Bits-Client/Operational", "Provider": "Microsoft-Windows-Bits-Client", "Hostname": "MSEDGEWIN10", "SID": "S-1-5-18", "EventID": 60, "RecordID": 8520, "Level": "Information", "Descr": "BITS stopped transferring the <Name> transfer job that is associated with the <URL>", "TransferId": "6AFE4F05-4767-4393-A04E-0F6352AA15C3", "Name": "SetupBinary", "JobId": "5749C462-D6AB-4595-812A-03123EEBC6D4", "URL": "https://oneclient.sfx.ms/Win/Prod/20.169.0823.0008/OneDriveSetup.exe", "Peer": null, "FileTime": "2020-10-16 21:36:37 UTC", "FileSize": "37938552", "BytesTotal": "37938552", "BytesTransferred": "37938552", "BytesTransferredFromPeer": "0"}
{"Timestamp": "2020-11-01 18:30:11.059967Z", "Channel": "Microsoft-Windows-Bits-Client/Operational", "Provider": "Microsoft-Windows-Bits-Client", "Hostname": "MSEDGEWIN10", "SID": "S-1-5-18", "EventID": 59, "RecordID": 8519, "Level": "Information", "Descr": "BITS started the <Name> transfer job that is associated with the <URL>", "TransferId": "6AFE4F05-4767-4393-A04E-0F6352AA15C3", "Name": "SetupBinary", "JobId": "5749C462-D6AB-4595-812A-03123EEBC6D4", "URL": "https://oneclient.sfx.ms/Win/Prod/20.169.0823.0008/OneDriveSetup.exe", "Peer": null, "FileTime": "2020-10-16 21:36:37 UTC", "FileSize": "37938552"}
{"Timestamp": "2020-11-01 18:30:11.054403Z", "Channel": "Microsoft-Windows-Bits-Client/Operational", "Provider": "Microsoft-Windows-Bits-Client", "Hostname": "MSEDGEWIN10", "SID": "S-1-5-18", "EventID": 60, "RecordID": 8518, "Level": "Information", "Descr": "BITS stopped transferring the <Name> transfer job that is associated with the <URL>", "TransferId": "B3EB215B-B4B8-4D55-AE34-11A94E9F7D7C", "Name": "SetupBinary", "JobId": "5749C462-D6AB-4595-812A-03123EEBC6D4", "URL": "https://oneclient.sfx.ms/Win/Prod/20.169.0823.0008/OneDriveSetup.exe", "Peer": null, "FileTime": "2020-10-16 21:36:37 UTC", "FileSize": "37938552", "BytesTotal": "37938552", "BytesTransferred": "0", "BytesTransferredFromPeer": "0"}
{"Timestamp": "2020-11-01 18:30:10.667822Z", "Channel": "Microsoft-Windows-Bits-Client/Operational", "Provider": "Microsoft-Windows-Bits-Client", "Hostname": "MSEDGEWIN10", "SID": "S-1-5-18", "EventID": 59, "RecordID": 8517, "Level": "Information", "Descr": "BITS started the <Name> transfer job that is associated with the <URL>", "TransferId": "B3EB215B-B4B8-4D55-AE34-11A94E9F7D7C", "Name": "SetupBinary", "JobId": "5749C462-D6AB-4595-812A-03123EEBC6D4", "URL": "https://oneclient.sfx.ms/Win/Prod/20.169.0823.0008/OneDriveSetup.exe", "Peer": null, "FileTime": "2020-10-28 21:08:00 UTC", "FileSize": "37938552"}
{"Timestamp": "2020-11-01 18:30:10.597388Z", "Channel": "Microsoft-Windows-Bits-Client/Operational", "Provider": "Microsoft-Windows-Bits-Client", "Hostname": "MSEDGEWIN10", "SID": "S-1-5-18", "EventID": 3, "RecordID": 8516, "Level": "Information", "Descr": "The BITS service created a new job", "JobTitle": "SetupBinary", "JobId": "5749C462-D6AB-4595-812A-03123EEBC6D4", "JobOwner": "MSEDGEWIN10\\IEUser", "ProcessPath": "C:\\Users\\IEUser\\AppData\\Local\\Microsoft\\OneDrive\\OneDriveStandaloneUpdater.exe", "ProcessId": "5224"}
{"Timestamp": "2020-11-01 18:30:10.525679Z", "Channel": "Microsoft-Windows-Bits-Client/Operational", "Provider": "Microsoft-Windows-Bits-Client", "Hostname": "MSEDGEWIN10", "SID": "S-1-5-18", "EventID": 4, "RecordID": 8515, "Level": "Information", "Descr": "The transfer job is complete", "Username": "MSEDGEWIN10\\IEUser", "JobTitle": "UpdateDescriptionXml", "JobId": "EC0353FE-71F0-40D7-85FD-CC4AD5D8C9CC", "JobOwner": "MSEDGEWIN10\\IEUser", "FileCount": "1"}
{"Timestamp": "2020-11-01 18:30:10.523530Z", "Channel": "Microsoft-Windows-Bits-Client/Operational", "Provider": "Microsoft-Windows-Bits-Client", "Hostname": "MSEDGEWIN10", "SID": "S-1-5-18", "EventID": 60, "RecordID": 8514, "Level": "Information", "Descr": "BITS stopped transferring the <Name> transfer job that is associated with the <URL>", "TransferId": "010E33BF-D475-486C-83A8-7FCCCD8A5624", "Name": "UpdateDescriptionXml", "JobId": "EC0353FE-71F0-40D7-85FD-CC4AD5D8C9CC", "URL": "https://g.live.com/1rewlive5skydrive/ODSUProduction", "Peer": null, "FileTime": "2020-10-26 21:00:55 UTC", "FileSize": "526", "BytesTotal": "526", "BytesTransferred": "526", "BytesTransferredFromPeer": "0"}
{"Timestamp": "2020-11-01 18:30:10.448931Z", "Channel": "Microsoft-Windows-Bits-Client/Operational", "Provider": "Microsoft-Windows-Bits-Client", "Hostname": "MSEDGEWIN10", "SID": "S-1-5-18", "EventID": 59, "RecordID": 8513, "Level": "Information", "Descr": "BITS started the <Name> transfer job that is associated with the <URL>", "TransferId": "010E33BF-D475-486C-83A8-7FCCCD8A5624", "Name": "UpdateDescriptionXml", "JobId": "EC0353FE-71F0-40D7-85FD-CC4AD5D8C9CC", "URL": "https://g.live.com/1rewlive5skydrive/ODSUProduction", "Peer": null, "FileTime": "2020-10-26 21:00:55 UTC", "FileSize": "526"}
{"Timestamp": "2020-11-01 18:30:10.384021Z", "Channel": "Microsoft-Windows-Bits-Client/Operational", "Provider": "Microsoft-Windows-Bits-Client", "Hostname": "MSEDGEWIN10", "SID": "S-1-5-18", "EventID": 3, "RecordID": 8512, "Level": "Information", "Descr": "The BITS service created a new job", "JobTitle": "UpdateDescriptionXml", "JobId": "EC0353FE-71F0-40D7-85FD-CC4AD5D8C9CC", "JobOwner": "MSEDGEWIN10\\IEUser", "ProcessPath": "C:\\Users\\IEUser\\AppData\\Local\\Microsoft\\OneDrive\\OneDriveStandaloneUpdater.exe", "ProcessId": "5224"}
{"Timestamp": "2020-11-01 18:30:10.334752Z", "Channel": "Microsoft-Windows-Bits-Client/Operational", "Provider": "Microsoft-Windows-Bits-Client", "Hostname": "MSEDGEWIN10", "SID": "S-1-5-18", "EventID": 4, "RecordID": 8511, "Level": "Information", "Descr": "The transfer job is complete", "Username": "MSEDGEWIN10\\IEUser", "JobTitle": "PreSignInSettingsConfigJSON", "JobId": "D6E94CDA-8449-4881-9B82-53DBC7A1AC9F", "JobOwner": "MSEDGEWIN10\\IEUser", "FileCount": "1"}
{"Timestamp": "2020-11-01 18:30:10.332451Z", "Channel": "Microsoft-Windows-Bits-Client/Operational", "Provider": "Microsoft-Windows-Bits-Client", "Hostname": "MSEDGEWIN10", "SID": "S-1-5-18", "EventID": 60, "RecordID": 8510, "Level": "Information", "Descr": "BITS stopped transferring the <Name> transfer job that is associated with the <URL>", "TransferId": "28029343-DBA6-4CD9-BE2F-A49A82FB750B", "Name": "PreSignInSettingsConfigJSON", "JobId": "D6E94CDA-8449-4881-9B82-53DBC7A1AC9F", "URL": "https://g.live.com/odclientsettings/Prod", "Peer": null, "FileTime": "2020-10-30 20:50:12 UTC", "FileSize": "32671", "BytesTotal": "32671", "BytesTransferred": "32671", "BytesTransferredFromPeer": "0"}
{"Timestamp": "2020-11-01 18:30:10.144976Z", "Channel": "Microsoft-Windows-Bits-Client/Operational", "Provider": "Microsoft-Windows-Bits-Client", "Hostname": "MSEDGEWIN10", "SID": "S-1-5-18", "EventID": 59, "RecordID": 8509, "Level": "Information", "Descr": "BITS started the <Name> transfer job that is associated with the <URL>", "TransferId": "28029343-DBA6-4CD9-BE2F-A49A82FB750B", "Name": "PreSignInSettingsConfigJSON", "JobId": "D6E94CDA-8449-4881-9B82-53DBC7A1AC9F", "URL": "https://g.live.com/odclientsettings/Prod", "Peer": null, "FileTime": "2020-10-30 20:50:12 UTC", "FileSize": "32671"}
{"Timestamp": "2020-11-01 18:30:09.150913Z", "Channel": "Microsoft-Windows-Bits-Client/Operational", "Provider": "Microsoft-Windows-Bits-Client", "Hostname": "MSEDGEWIN10", "SID": "S-1-5-18", "EventID": 3, "RecordID": 8508, "Level": "Information", "Descr": "The BITS service created a new job", "JobTitle": "PreSignInSettingsConfigJSON", "JobId": "D6E94CDA-8449-4881-9B82-53DBC7A1AC9F", "JobOwner": "MSEDGEWIN10\\IEUser", "ProcessPath": "C:\\Users\\IEUser\\AppData\\Local\\Microsoft\\OneDrive\\OneDriveStandaloneUpdater.exe", "ProcessId": "5224"}
{"Timestamp": "2020-11-01 18:28:53.790582Z", "Channel": "Microsoft-Windows-Bits-Client/Operational", "Provider": "Microsoft-Windows-Bits-Client", "Hostname": "MSEDGEWIN10", "SID": "S-1-5-18", "EventID": 4, "RecordID": 8507, "Level": "Information", "Descr": "The transfer job is complete", "Username": "NT AUTHORITY\\LOCAL SERVICE", "JobTitle": "Font Download", "JobId": "5DFD27CE-3641-4AF1-9B74-0681DAE1BC0D", "JobOwner": "NT AUTHORITY\\LOCAL SERVICE", "FileCount": "1"}
{"Timestamp": "2020-11-01 18:28:53.783847Z", "Channel": "Microsoft-Windows-Bits-Client/Operational", "Provider": "Microsoft-Windows-Bits-Client", "Hostname": "MSEDGEWIN10", "SID": "S-1-5-18", "EventID": 60, "RecordID": 8506, "Level": "Information", "Descr": "BITS stopped transferring the <Name> transfer job that is associated with the <URL>", "TransferId": "7BAC0F79-4C93-451E-97C3-A91E88F618CB", "Name": "Font Download", "JobId": "5DFD27CE-3641-4AF1-9B74-0681DAE1BC0D", "URL": "https://fs.microsoft.com/fs/windows/config.json", "Peer": null, "FileTime": "2017-04-20 16:10:39 UTC", "FileSize": "55", "BytesTotal": "55", "BytesTransferred": "55", "BytesTransferredFromPeer": "0"}
{"Timestamp": "2020-11-01 18:28:53.729113Z", "Channel": "Microsoft-Windows-Bits-Client/Operational", "Provider": "Microsoft-Windows-Bits-Client", "Hostname": "MSEDGEWIN10", "SID": "S-1-5-18", "EventID": 59, "RecordID": 8505, "Level": "Information", "Descr": "BITS started the <Name> transfer job that is associated with the <URL>", "TransferId": "7BAC0F79-4C93-451E-97C3-A91E88F618CB", "Name": "Font Download", "JobId": "5DFD27CE-3641-4AF1-9B74-0681DAE1BC0D", "URL": "https://fs.microsoft.com/fs/windows/config.json", "Peer": null, "FileTime": "2017-04-20 16:10:39 UTC", "FileSize": "55"}
{"Timestamp": "2020-11-01 18:28:53.406450Z", "Channel": "Microsoft-Windows-Bits-Client/Operational", "Provider": "Microsoft-Windows-Bits-Client", "Hostname": "MSEDGEWIN10", "SID": "S-1-5-18", "EventID": 3, "RecordID": 8502, "Level": "Information", "Descr": "The BITS service created a new job", "JobTitle": "Font Download", "JobId": "5DFD27CE-3641-4AF1-9B74-0681DAE1BC0D", "JobOwner": "NT AUTHORITY\\LOCAL SERVICE", "ProcessPath": "C:\\Windows\\System32\\svchost.exe", "ProcessId": "2016"}
{"Timestamp": "2020-10-24 20:37:35.713161Z", "Channel": "Microsoft-Windows-Bits-Client/Operational", "Provider": "Microsoft-Windows-Bits-Client", "Hostname": "MSEDGEWIN10", "SID": "S-1-5-18", "EventID": 4, "RecordID": 8499, "Level": "Information", "Descr": "The transfer job is complete", "Username": "MSEDGEWIN10\\IEUser", "JobTitle": "Push Notification Platform Job: 1", "JobId": "5F246418-478C-4FDD-B46E-A200607763FB", "JobOwner": "MSEDGEWIN10\\IEUser", "FileCount": "1"}
{"Timestamp": "2020-10-24 20:37:35.686357Z", "Channel": "Microsoft-Windows-Bits-Client/Operational", "Provider": "Microsoft-Windows-Bits-Client", "Hostname": "MSEDGEWIN10", "SID": "S-1-5-18", "EventID": 60, "RecordID": 8498, "Level": "Information", "Descr": "BITS stopped transferring the <Name> transfer job that is associated with the <URL>", "TransferId": "36FF6664-BB46-4871-8FA3-9E4FA243C3D6", "Name": "Push Notification Platform Job: 1", "JobId": "5F246418-478C-4FDD-B46E-A200607763FB", "URL": "https://img-s-msn-com.akamaized.net/tenant/amp/entityid/BB1amg5S.img?w=100&h=100&m=6&tilesize=medium&x=2238&y=680&ms-scale=100&ms-contrast=standard", "Peer": null, "FileTime": "2020-10-24 14:18:20 UTC", "FileSize": "6095", "BytesTotal": "6095", "BytesTransferred": "6095", "BytesTransferredFromPeer": "0"}
{"Timestamp": "2020-10-24 20:37:35.394403Z", "Channel": "Microsoft-Windows-Bits-Client/Operational", "Provider": "Microsoft-Windows-Bits-Client", "Hostname": "MSEDGEWIN10", "SID": "S-1-5-18", "EventID": 59, "RecordID": 8497, "Level": "Information", "Descr": "BITS started the <Name> transfer job that is associated with the <URL>", "TransferId": "36FF6664-BB46-4871-8FA3-9E4FA243C3D6", "Name": "Push Notification Platform Job: 1", "JobId": "5F246418-478C-4FDD-B46E-A200607763FB", "URL": "https://img-s-msn-com.akamaized.net/tenant/amp/entityid/BB1amg5S.img?w=100&h=100&m=6&tilesize=medium&x=2238&y=680&ms-scale=100&ms-contrast=standard", "Peer": null, "FileTime": "1601-01-01 00:00:00 UTC", "FileSize": "18446744073709551615"}
{"Timestamp": "2020-10-24 20:37:35.368251Z", "Channel": "Microsoft-Windows-Bits-Client/Operational", "Provider": "Microsoft-Windows-Bits-Client", "Hostname": "MSEDGEWIN10", "SID": "S-1-5-18", "EventID": 3, "RecordID": 8495, "Level": "Information", "Descr": "The BITS service created a new job", "JobTitle": "Push Notification Platform Job: 1", "JobId": "5F246418-478C-4FDD-B46E-A200607763FB", "JobOwner": "MSEDGEWIN10\\IEUser", "ProcessPath": "C:\\Windows\\System32\\svchost.exe", "ProcessId": "3936"}
{"Timestamp": "2020-10-24 15:07:58.035057Z", "Channel": "Microsoft-Windows-Bits-Client/Operational", "Provider": "Microsoft-Windows-Bits-Client", "Hostname": "MSEDGEWIN10", "SID": "S-1-5-18", "EventID": 4, "RecordID": 8492, "Level": "Information", "Descr": "The transfer job is complete", "Username": "MSEDGEWIN10\\IEUser", "JobTitle": "Push Notification Platform Job: 1", "JobId": "670F7911-7E9E-4D24-9A21-F4A2CDAAACEF", "JobOwner": "MSEDGEWIN10\\IEUser", "FileCount": "1"}
{"Timestamp": "2020-10-24 15:07:58.033489Z", "Channel": "Microsoft-Windows-Bits-Client/Operational", "Provider": "Microsoft-Windows-Bits-Client", "Hostname": "MSEDGEWIN10", "SID": "S-1-5-18", "EventID": 60, "RecordID": 8491, "Level": "Information", "Descr": "BITS stopped transferring the <Name> transfer job that is associated with the <URL>", "TransferId": "793DAA6C-A877-4A52-B7E6-D507D25C1F9E", "Name": "Push Notification Platform Job: 1", "JobId": "670F7911-7E9E-4D24-9A21-F4A2CDAAACEF", "URL": "https://site-cdn.onenote.net/161342140454_Images/LiveTileImages/MediumAndLarge/Image2.png", "Peer": null, "FileTime": "2020-10-22 00:00:50 UTC", "FileSize": "30038", "BytesTotal": "30038", "BytesTransferred": "30038", "BytesTransferredFromPeer": "0"}
{"Timestamp": "2020-10-24 15:07:57.815754Z", "Channel": "Microsoft-Windows-Bits-Client/Operational", "Provider": "Microsoft-Windows-Bits-Client", "Hostname": "MSEDGEWIN10", "SID": "S-1-5-18", "EventID": 59, "RecordID": 8490, "Level": "Information", "Descr": "BITS started the <Name> transfer job that is associated with the <URL>", "TransferId": "793DAA6C-A877-4A52-B7E6-D507D25C1F9E", "Name": "Push Notification Platform Job: 1", "JobId": "670F7911-7E9E-4D24-9A21-F4A2CDAAACEF", "URL": "https://site-cdn.onenote.net/161342140454_Images/LiveTileImages/MediumAndLarge/Image2.png", "Peer": null, "FileTime": "1601-01-01 00:00:00 UTC", "FileSize": "18446744073709551615"}
{"Timestamp": "2020-10-24 15:07:57.802701Z", "Channel": "Microsoft-Windows-Bits-Client/Operational", "Provider": "Microsoft-Windows-Bits-Client", "Hostname": "MSEDGEWIN10", "SID": "S-1-5-18", "EventID": 3, "RecordID": 8488, "Level": "Information", "Descr": "The BITS service created a new job", "JobTitle": "Push Notification Platform Job: 1", "JobId": "670F7911-7E9E-4D24-9A21-F4A2CDAAACEF", "JobOwner": "MSEDGEWIN10\\IEUser", "ProcessPath": "C:\\Windows\\System32\\svchost.exe", "ProcessId": "2636"}
{"Timestamp": "2020-10-24 15:07:57.762041Z", "Channel": "Microsoft-Windows-Bits-Client/Operational", "Provider": "Microsoft-Windows-Bits-Client", "Hostname": "MSEDGEWIN10", "SID": "S-1-5-18", "EventID": 4, "RecordID": 8487, "Level": "Information", "Descr": "The transfer job is complete", "Username": "MSEDGEWIN10\\IEUser", "JobTitle": "Push Notification Platform Job: 1", "JobId": "15B4B448-0812-482D-9A48-AE3ECD4D3340", "JobOwner": "MSEDGEWIN10\\IEUser", "FileCount": "1"}
{"Timestamp": "2020-10-24 15:07:57.753342Z", "Channel": "Microsoft-Windows-Bits-Client/Operational", "Provider": "Microsoft-Windows-Bits-Client", "Hostname": "MSEDGEWIN10", "SID": "S-1-5-18", "EventID": 60, "RecordID": 8486, "Level": "Information", "Descr": "BITS stopped transferring the <Name> transfer job that is associated with the <URL>", "TransferId": "1E9C554F-E186-4CF2-AA80-D479A3BC5F08", "Name": "Push Notification Platform Job: 1", "JobId": "15B4B448-0812-482D-9A48-AE3ECD4D3340", "URL": "https://img-s-msn-com.akamaized.net/tenant/amp/entityid/BB1amczd.img?w=100&h=100&m=6&tilesize=medium&ms-scale=100&ms-contrast=standard", "Peer": null, "FileTime": "2020-10-24 14:21:43 UTC", "FileSize": "7605", "BytesTotal": "7605", "BytesTransferred": "7605", "BytesTransferredFromPeer": "0"}
{"Timestamp": "2020-10-24 15:07:57.551574Z", "Channel": "Microsoft-Windows-Bits-Client/Operational", "Provider": "Microsoft-Windows-Bits-Client", "Hostname": "MSEDGEWIN10", "SID": "S-1-5-18", "EventID": 59, "RecordID": 8485, "Level": "Information", "Descr": "BITS started the <Name> transfer job that is associated with the <URL>", "TransferId": "1E9C554F-E186-4CF2-AA80-D479A3BC5F08", "Name": "Push Notification Platform Job: 1", "JobId": "15B4B448-0812-482D-9A48-AE3ECD4D3340", "URL": "https://img-s-msn-com.akamaized.net/tenant/amp/entityid/BB1amczd.img?w=100&h=100&m=6&tilesize=medium&ms-scale=100&ms-contrast=standard", "Peer": null, "FileTime": "1601-01-01 00:00:00 UTC", "FileSize": "18446744073709551615"}
{"Timestamp": "2020-10-24 15:07:57.525481Z", "Channel": "Microsoft-Windows-Bits-Client/Operational", "Provider": "Microsoft-Windows-Bits-Client", "Hostname": "MSEDGEWIN10", "SID": "S-1-5-18", "EventID": 3, "RecordID": 8483, "Level": "Information", "Descr": "The BITS service created a new job", "JobTitle": "Push Notification Platform Job: 1", "JobId": "15B4B448-0812-482D-9A48-AE3ECD4D3340", "JobOwner": "MSEDGEWIN10\\IEUser", "ProcessPath": "C:\\Windows\\System32\\svchost.exe", "ProcessId": "2636"}
{"Timestamp": "2020-10-24 14:42:25.624869Z", "Channel": "Microsoft-Windows-Bits-Client/Operational", "Provider": "Microsoft-Windows-Bits-Client", "Hostname": "MSEDGEWIN10", "SID": "S-1-5-18", "EventID": 3, "RecordID": 8480, "Level": "Information", "Descr": "The BITS service created a new job", "JobTitle": "MicrosoftMapsBingGeoStore", "JobId": "ED6F8529-E9D6-4409-8CFE-363B4A2D2BC8", "JobOwner": "NT AUTHORITY\\NETWORK SERVICE", "ProcessPath": "C:\\Windows\\System32\\svchost.exe", "ProcessId": "7328"}
{"Timestamp": "2020-10-24 14:25:17.735733Z", "Channel": "Microsoft-Windows-Bits-Client/Operational", "Provider": "Microsoft-Windows-Bits-Client", "Hostname": "MSEDGEWIN10", "SID": "S-1-5-18", "EventID": 4, "RecordID": 8478, "Level": "Information", "Descr": "The transfer job is complete", "Username": "MSEDGEWIN10\\IEUser", "JobTitle": "UpdateDescriptionXml", "JobId": "F7868F01-033E-41BD-BCB9-B492D8DDC578", "JobOwner": "MSEDGEWIN10\\IEUser", "FileCount": "1"}
{"Timestamp": "2020-10-24 14:25:17.727425Z", "Channel": "Microsoft-Windows-Bits-Client/Operational", "Provider": "Microsoft-Windows-Bits-Client", "Hostname": "MSEDGEWIN10", "SID": "S-1-5-18", "EventID": 60, "RecordID": 8477, "Level": "Information", "Descr": "BITS stopped transferring the <Name> transfer job that is associated with the <URL>", "TransferId": "3EA8C2D7-DC0B-4E90-B7FC-EE087E91FAF3", "Name": "UpdateDescriptionXml", "JobId": "F7868F01-033E-41BD-BCB9-B492D8DDC578", "URL": "https://g.live.com/1rewlive5skydrive/ODSUProduction", "Peer": null, "FileTime": "2020-10-12 23:44:26 UTC", "FileSize": "526", "BytesTotal": "526", "BytesTransferred": "526", "BytesTransferredFromPeer": "0"}
{"Timestamp": "2020-10-24 14:25:17.595980Z", "Channel": "Microsoft-Windows-Bits-Client/Operational", "Provider": "Microsoft-Windows-Bits-Client", "Hostname": "MSEDGEWIN10", "SID": "S-1-5-18", "EventID": 59, "RecordID": 8476, "Level": "Information", "Descr": "BITS started the <Name> transfer job that is associated with the <URL>", "TransferId": "3EA8C2D7-DC0B-4E90-B7FC-EE087E91FAF3", "Name": "UpdateDescriptionXml", "JobId": "F7868F01-033E-41BD-BCB9-B492D8DDC578", "URL": "https://g.live.com/1rewlive5skydrive/ODSUProduction", "Peer": null, "FileTime": "2020-10-12 23:44:26 UTC", "FileSize": "526"}
{"Timestamp": "2020-10-24 14:25:16.751695Z", "Channel": "Microsoft-Windows-Bits-Client/Operational", "Provider": "Microsoft-Windows-Bits-Client", "Hostname": "MSEDGEWIN10", "SID": "S-1-5-18", "EventID": 3, "RecordID": 8475, "Level": "Information", "Descr": "The BITS service created a new job", "JobTitle": "UpdateDescriptionXml", "JobId": "F7868F01-033E-41BD-BCB9-B492D8DDC578", "JobOwner": "MSEDGEWIN10\\IEUser", "ProcessPath": "C:\\Users\\IEUser\\AppData\\Local\\Microsoft\\OneDrive\\OneDriveStandaloneUpdater.exe", "ProcessId": "3964"}
{"Timestamp": "2020-10-24 14:25:16.518890Z", "Channel": "Microsoft-Windows-Bits-Client/Operational", "Provider": "Microsoft-Windows-Bits-Client", "Hostname": "MSEDGEWIN10", "SID": "S-1-5-18", "EventID": 4, "RecordID": 8474, "Level": "Information", "Descr": "The transfer job is complete", "Username": "MSEDGEWIN10\\IEUser", "JobTitle": "PreSignInSettingsConfigJSON", "JobId": "ECE7AC05-37A8-42CA-AEE9-5C230247D69E", "JobOwner": "MSEDGEWIN10\\IEUser", "FileCount": "1"}
{"Timestamp": "2020-10-24 14:25:16.509622Z", "Channel": "Microsoft-Windows-Bits-Client/Operational", "Provider": "Microsoft-Windows-Bits-Client", "Hostname": "MSEDGEWIN10", "SID": "S-1-5-18", "EventID": 60, "RecordID": 8473, "Level": "Information", "Descr": "BITS stopped transferring the <Name> transfer job that is associated with the <URL>", "TransferId": "FD997CE5-07F5-4C33-AFB2-56D46FE5FBA4", "Name": "PreSignInSettingsConfigJSON", "JobId": "ECE7AC05-37A8-42CA-AEE9-5C230247D69E", "URL": "https://g.live.com/odclientsettings/Prod", "Peer": null, "FileTime": "2020-10-22 21:15:12 UTC", "FileSize": "32465", "BytesTotal": "32465", "BytesTransferred": "32465", "BytesTransferredFromPeer": "0"}
{"Timestamp": "2020-10-24 14:25:16.281765Z", "Channel": "Microsoft-Windows-Bits-Client/Operational", "Provider": "Microsoft-Windows-Bits-Client", "Hostname": "MSEDGEWIN10", "SID": "S-1-5-18", "EventID": 59, "RecordID": 8472, "Level": "Information", "Descr": "BITS started the <Name> transfer job that is associated with the <URL>", "TransferId": "FD997CE5-07F5-4C33-AFB2-56D46FE5FBA4", "Name": "PreSignInSettingsConfigJSON", "JobId": "ECE7AC05-37A8-42CA-AEE9-5C230247D69E", "URL": "https://g.live.com/odclientsettings/Prod", "Peer": null, "FileTime": "2020-10-22 21:15:12 UTC", "FileSize": "32465"}
{"Timestamp": "2020-10-24 14:25:15.389442Z", "Channel": "Microsoft-Windows-Bits-Client/Operational", "Provider": "Microsoft-Windows-Bits-Client", "Hostname": "MSEDGEWIN10", "SID": "S-1-5-18", "EventID": 3, "RecordID": 8470, "Level": "Information", "Descr": "The BITS service created a new job", "JobTitle": "PreSignInSettingsConfigJSON", "JobId": "ECE7AC05-37A8-42CA-AEE9-5C230247D69E", "JobOwner": "MSEDGEWIN10\\IEUser", "ProcessPath": "C:\\Users\\IEUser\\AppData\\Local\\Microsoft\\OneDrive\\OneDriveStandaloneUpdater.exe", "ProcessId": "3964"}
{"Timestamp": "2020-10-24 13:53:43.509990Z", "Channel": "Microsoft-Windows-Bits-Client/Operational", "Provider": "Microsoft-Windows-Bits-Client", "Hostname": "MSEDGEWIN10", "SID": "S-1-5-18", "EventID": 4, "RecordID": 8468, "Level": "Information", "Descr": "The transfer job is complete", "Username": "MSEDGEWIN10\\IEUser", "JobTitle": "Push Notification Platform Job: 1", "JobId": "1B5AE556-0448-406C-8398-B82C75BBC311", "JobOwner": "MSEDGEWIN10\\IEUser", "FileCount": "1"}
{"Timestamp": "2020-10-24 13:53:43.504683Z", "Channel": "Microsoft-Windows-Bits-Client/Operational", "Provider": "Microsoft-Windows-Bits-Client", "Hostname": "MSEDGEWIN10", "SID": "S-1-5-18", "EventID": 60, "RecordID": 8467, "Level": "Information", "Descr": "BITS stopped transferring the <Name> transfer job that is associated with the <URL>", "TransferId": "0C2AA901-4BA9-4BC7-8AEB-ECADFCEE9162", "Name": "Push Notification Platform Job: 1", "JobId": "1B5AE556-0448-406C-8398-B82C75BBC311", "URL": "https://site-cdn.onenote.net/161342140454_Images/LiveTileImages/MediumAndLarge/Image3.png", "Peer": null, "FileTime": "2020-10-22 00:00:50 UTC", "FileSize": "10969", "BytesTotal": "10969", "BytesTransferred": "10969", "BytesTransferredFromPeer": "0"}
{"Timestamp": "2020-10-24 13:53:43.173848Z", "Channel": "Microsoft-Windows-Bits-Client/Operational", "Provider": "Microsoft-Windows-Bits-Client", "Hostname": "MSEDGEWIN10", "SID": "S-1-5-18", "EventID": 59, "RecordID": 8466, "Level": "Information", "Descr": "BITS started the <Name> transfer job that is associated with the <URL>", "TransferId": "0C2AA901-4BA9-4BC7-8AEB-ECADFCEE9162", "Name": "Push Notification Platform Job: 1", "JobId": "1B5AE556-0448-406C-8398-B82C75BBC311", "URL": "https://site-cdn.onenote.net/161342140454_Images/LiveTileImages/MediumAndLarge/Image3.png", "Peer": null, "FileTime": "1601-01-01 00:00:00 UTC", "FileSize": "18446744073709551615"}
{"Timestamp": "2020-10-24 13:53:43.143130Z", "Channel": "Microsoft-Windows-Bits-Client/Operational", "Provider": "Microsoft-Windows-Bits-Client", "Hostname": "MSEDGEWIN10", "SID": "S-1-5-18", "EventID": 3, "RecordID": 8464, "Level": "Information", "Descr": "The BITS service created a new job", "JobTitle": "Push Notification Platform Job: 1", "JobId": "1B5AE556-0448-406C-8398-B82C75BBC311", "JobOwner": "MSEDGEWIN10\\IEUser", "ProcessPath": "C:\\Windows\\System32\\svchost.exe", "ProcessId": "632"}
{"Timestamp": "2020-10-24 13:53:43.054678Z", "Channel": "Microsoft-Windows-Bits-Client/Operational", "Provider": "Microsoft-Windows-Bits-Client", "Hostname": "MSEDGEWIN10", "SID": "S-1-5-18", "EventID": 4, "RecordID": 8463, "Level": "Information", "Descr": "The transfer job is complete", "Username": "MSEDGEWIN10\\IEUser", "JobTitle": "Push Notification Platform Job: 1", "JobId": "18118556-EA03-4CA2-BFDC-F565F13CCF57", "JobOwner": "MSEDGEWIN10\\IEUser", "FileCount": "1"}
{"Timestamp": "2020-10-24 13:53:43.040533Z", "Channel": "Microsoft-Windows-Bits-Client/Operational", "Provider": "Microsoft-Windows-Bits-Client", "Hostname": "MSEDGEWIN10", "SID": "S-1-5-18", "EventID": 60, "RecordID": 8462, "Level": "Information", "Descr": "BITS stopped transferring the <Name> transfer job that is associated with the <URL>", "TransferId": "6A970D88-84FF-4980-953F-1A014929A326", "Name": "Push Notification Platform Job: 1", "JobId": "18118556-EA03-4CA2-BFDC-F565F13CCF57", "URL": "https://img-s-msn-com.akamaized.net/tenant/amp/entityid/BB1amaWj.img?w=100&h=100&m=6&tilesize=medium&x=1912&y=840&ms-scale=100&ms-contrast=standard", "Peer": null, "FileTime": "2020-10-24 13:20:44 UTC", "FileSize": "4446", "BytesTotal": "4446", "BytesTransferred": "4446", "BytesTransferredFromPeer": "0"}
{"Timestamp": "2020-10-24 13:53:41.949954Z", "Channel": "Microsoft-Windows-Bits-Client/Operational", "Provider": "Microsoft-Windows-Bits-Client", "Hostname": "MSEDGEWIN10", "SID": "S-1-5-18", "EventID": 59, "RecordID": 8461, "Level": "Information", "Descr": "BITS started the <Name> transfer job that is associated with the <URL>", "TransferId": "6A970D88-84FF-4980-953F-1A014929A326", "Name": "Push Notification Platform Job: 1", "JobId": "18118556-EA03-4CA2-BFDC-F565F13CCF57", "URL": "https://img-s-msn-com.akamaized.net/tenant/amp/entityid/BB1amaWj.img?w=100&h=100&m=6&tilesize=medium&x=1912&y=840&ms-scale=100&ms-contrast=standard", "Peer": null, "FileTime": "1601-01-01 00:00:00 UTC", "FileSize": "18446744073709551615"}
{"Timestamp": "2020-10-24 13:53:41.888460Z", "Channel": "Microsoft-Windows-Bits-Client/Operational", "Provider": "Microsoft-Windows-Bits-Client", "Hostname": "MSEDGEWIN10", "SID": "S-1-5-18", "EventID": 3, "RecordID": 8459, "Level": "Information", "Descr": "The BITS service created a new job", "JobTitle": "Push Notification Platform Job: 1", "JobId": "18118556-EA03-4CA2-BFDC-F565F13CCF57", "JobOwner": "MSEDGEWIN10\\IEUser", "ProcessPath": "C:\\Windows\\System32\\svchost.exe", "ProcessId": "632"}
{"Timestamp": "2020-10-24 13:15:51.894190Z", "Channel": "Microsoft-Windows-Bits-Client/Operational", "Provider": "Microsoft-Windows-Bits-Client", "Hostname": "MSEDGEWIN10", "SID": "S-1-5-18", "EventID": 4, "RecordID": 8457, "Level": "Information", "Descr": "The transfer job is complete", "Username": "NT AUTHORITY\\LOCAL SERVICE", "JobTitle": "Font Download", "JobId": "D7A05AE3-9029-44B1-82B8-2E4ADB82C00B", "JobOwner": "NT AUTHORITY\\LOCAL SERVICE", "FileCount": "1"}
{"Timestamp": "2020-10-24 13:15:51.728169Z", "Channel": "Microsoft-Windows-Bits-Client/Operational", "Provider": "Microsoft-Windows-Bits-Client", "Hostname": "MSEDGEWIN10", "SID": "S-1-5-18", "EventID": 60, "RecordID": 8456, "Level": "Information", "Descr": "BITS stopped transferring the <Name> transfer job that is associated with the <URL>", "TransferId": "61D705AA-1746-4795-BFD4-A4CB76AE2A0E", "Name": "Font Download", "JobId": "D7A05AE3-9029-44B1-82B8-2E4ADB82C00B", "URL": "https://fs.microsoft.com/fs/windows/config.json", "Peer": null, "FileTime": "2017-04-20 16:10:39 UTC", "FileSize": "55", "BytesTotal": "55", "BytesTransferred": "55", "BytesTransferredFromPeer": "0"}
{"Timestamp": "2020-10-24 13:15:50.672630Z", "Channel": "Microsoft-Windows-Bits-Client/Operational", "Provider": "Microsoft-Windows-Bits-Client", "Hostname": "MSEDGEWIN10", "SID": "S-1-5-18", "EventID": 59, "RecordID": 8455, "Level": "Information", "Descr": "BITS started the <Name> transfer job that is associated with the <URL>", "TransferId": "61D705AA-1746-4795-BFD4-A4CB76AE2A0E", "Name": "Font Download", "JobId": "D7A05AE3-9029-44B1-82B8-2E4ADB82C00B", "URL": "https://fs.microsoft.com/fs/windows/config.json", "Peer": null, "FileTime": "2017-04-20 16:10:39 UTC", "FileSize": "18446744073709551615"}
{"Timestamp": "2020-10-24 13:15:48.863574Z", "Channel": "Microsoft-Windows-Bits-Client/Operational", "Provider": "Microsoft-Windows-Bits-Client", "Hostname": "MSEDGEWIN10", "SID": "S-1-5-18", "EventID": 3, "RecordID": 8452, "Level": "Information", "Descr": "The BITS service created a new job", "JobTitle": "Font Download", "JobId": "D7A05AE3-9029-44B1-82B8-2E4ADB82C00B", "JobOwner": "NT AUTHORITY\\LOCAL SERVICE", "ProcessPath": "C:\\Windows\\System32\\svchost.exe", "ProcessId": "2116"}
{"Timestamp": "2020-10-23 21:56:21.678882Z", "Channel": "Microsoft-Windows-Bits-Client/Operational", "Provider": "Microsoft-Windows-Bits-Client", "Hostname": "MSEDGEWIN10", "SID": "S-1-5-18", "EventID": 4, "RecordID": 8450, "Level": "Information", "Descr": "The transfer job is complete", "Username": "MSEDGEWIN10\\IEUser", "JobTitle": "C:\\Users\\IEUser\\AppData\\Local\\Temp\\{2015B2D1-1706-42F6-8C0E-8BEECB408D48}-86.0.4240.111_86.0.4240.75_chrome_updater.exe", "JobId": "20160230-2E6F-428A-A61F-20740628577B", "JobOwner": "MSEDGEWIN10\\IEUser", "FileCount": "1"}
{"Timestamp": "2020-10-23 21:56:21.668986Z", "Channel": "Microsoft-Windows-Bits-Client/Operational", "Provider": "Microsoft-Windows-Bits-Client", "Hostname": "MSEDGEWIN10", "SID": "S-1-5-18", "EventID": 60, "RecordID": 8449, "Level": "Information", "Descr": "BITS stopped transferring the <Name> transfer job that is associated with the <URL>", "TransferId": "9B0E2C03-84A2-4A7E-8F99-0316872BA7BE", "Name": "C:\\Users\\IEUser\\AppData\\Local\\Temp\\{2015B2D1-1706-42F6-8C0E-8BEECB408D48}-86.0.4240.111_86.0.4240.75_chrome_updater.exe", "JobId": "20160230-2E6F-428A-A61F-20740628577B", "URL": "http://r2---sn-5hnekn7z.gvt1.com/edgedl/release2/chrome/E4_ltUMmNI-KvJYPRyaXng_86.0.4240.111/86.0.4240.111_86.0.4240.75_chrome_updater.exe?cms_redirect=yes&mh=3q&mip=213.127.65.23&mm=28&mn=sn-5hnekn7z&ms=nvh&mt=1603490058&mv=m&mvi=2&pl=17&shardbypass=yes", "Peer": null, "FileTime": "2020-10-20 07:11:08 UTC", "FileSize": "2014464", "BytesTotal": "2014464", "BytesTransferred": "2014464", "BytesTransferredFromPeer": "0"}
{"Timestamp": "2020-10-23 21:55:59.769081Z", "Channel": "Microsoft-Windows-Bits-Client/Operational", "Provider": "Microsoft-Windows-Bits-Client", "Hostname": "MSEDGEWIN10", "SID": "S-1-5-18", "EventID": 59, "RecordID": 8448, "Level": "Information", "Descr": "BITS started the <Name> transfer job that is associated with the <URL>", "TransferId": "9B0E2C03-84A2-4A7E-8F99-0316872BA7BE", "Name": "C:\\Users\\IEUser\\AppData\\Local\\Temp\\{2015B2D1-1706-42F6-8C0E-8BEECB408D48}-86.0.4240.111_86.0.4240.75_chrome_updater.exe", "JobId": "20160230-2E6F-428A-A61F-20740628577B", "URL": "http://r2---sn-5hnekn7z.gvt1.com/edgedl/release2/chrome/E4_ltUMmNI-KvJYPRyaXng_86.0.4240.111/86.0.4240.111_86.0.4240.75_chrome_updater.exe?cms_redirect=yes&mh=3q&mip=213.127.65.23&mm=28&mn=sn-5hnekn7z&ms=nvh&mt=1603490058&mv=m&mvi=2&pl=17&shardbypass=yes", "Peer": null, "FileTime": "2020-10-20 07:11:08 UTC", "FileSize": "2014464"}
{"Timestamp": "2020-10-23 21:55:59.036510Z", "Channel": "Microsoft-Windows-Bits-Client/Operational", "Provider": "Microsoft-Windows-Bits-Client", "Hostname": "MSEDGEWIN10", "SID": "S-1-5-18", "EventID": 3, "RecordID": 8446, "Level": "Information", "Descr": "The BITS service created a new job", "JobTitle": "C:\\Users\\IEUser\\AppData\\Local\\Temp\\{2015B2D1-1706-42F6-8C0E-8BEECB408D48}-86.0.4240.111_86.0.4240.75_chrome_updater.exe", "JobId": "20160230-2E6F-428A-A61F-20740628577B", "JobOwner": "MSEDGEWIN10\\IEUser", "ProcessPath": "C:\\Program Files (x86)\\Google\\Update\\GoogleUpdate.exe", "ProcessId": "9012"}
{"Timestamp": "2020-10-23 21:19:12.226166Z", "Channel": "Microsoft-Windows-Bits-Client/Operational", "Provider": "Microsoft-Windows-Bits-Client", "Hostname": "MSEDGEWIN10", "SID": "S-1-5-21-3461203602-4096304019-2269080069-1000", "EventID": 5, "RecordID": 8444, "Level": "Information", "Descr": "Job cancelled", "Username": "MSEDGEWIN10\\IEUser", "JobTitle": "UpdateDescriptionXml", "JobId": "739113B3-2D31-4B51-B354-8BB20CF0ACBB", "JobOwner": "MSEDGEWIN10\\IEUser", "FileCount": "1"}
{"Timestamp": "2020-10-23 21:16:12.078213Z", "Channel": "Microsoft-Windows-Bits-Client/Operational", "Provider": "Microsoft-Windows-Bits-Client", "Hostname": "MSEDGEWIN10", "SID": "S-1-5-18", "EventID": 3, "RecordID": 8427, "Level": "Information", "Descr": "The BITS service created a new job", "JobTitle": "UpdateDescriptionXml", "JobId": "739113B3-2D31-4B51-B354-8BB20CF0ACBB", "JobOwner": "MSEDGEWIN10\\IEUser", "ProcessPath": "C:\\Users\\IEUser\\AppData\\Local\\Microsoft\\OneDrive\\OneDriveStandaloneUpdater.exe", "ProcessId": "3520"}
{"Timestamp": "2020-11-06 14:50:42.689789Z", "Channel": "Microsoft-Windows-Bits-Client/Operational", "Provider": "Microsoft-Windows-Bits-Client", "Hostname": "MSEDGEWIN10", "SID": "S-1-5-18", "EventID": 3, "RecordID": 8607, "Level": "Information", "Descr": "The BITS service created a new job", "JobTitle": "PreSignInSettingsConfigJSON", "JobId": "894903D2-BEB4-4CFC-BB2E-2E8E06F5ACFD", "JobOwner": "MSEDGEWIN10\\IEUser", "ProcessPath": "C:\\Users\\IEUser\\AppData\\Local\\Microsoft\\OneDrive\\OneDriveStandaloneUpdater.exe", "ProcessId": "3444"}
{"Timestamp": "2020-11-06 11:37:09.693298Z", "Channel": "Microsoft-Windows-Bits-Client/Operational", "Provider": "Microsoft-Windows-Bits-Client", "Hostname": "MSEDGEWIN10", "SID": "S-1-5-20", "EventID": 5, "RecordID": 8605, "Level": "Information", "Descr": "Job cancelled", "Username": "NT AUTHORITY\\NETWORK SERVICE", "JobTitle": "SpeechModelDownloadJob", "JobId": "34F9C6DF-5D0C-4A88-A9D4-97A57F0FFC6A", "JobOwner": "NT AUTHORITY\\NETWORK SERVICE", "FileCount": "1"}
{"Timestamp": "2020-11-06 11:37:06.650805Z", "Channel": "Microsoft-Windows-Bits-Client/Operational", "Provider": "Microsoft-Windows-Bits-Client", "Hostname": "MSEDGEWIN10", "SID": "S-1-5-18", "EventID": 3, "RecordID": 8603, "Level": "Information", "Descr": "The BITS service created a new job", "JobTitle": "SpeechModelDownloadJob", "JobId": "34F9C6DF-5D0C-4A88-A9D4-97A57F0FFC6A", "JobOwner": "NT AUTHORITY\\NETWORK SERVICE", "ProcessPath": "C:\\Windows\\System32\\Speech_OneCore\\common\\SpeechModelDownload.exe", "ProcessId": "4704"}
{"Timestamp": "2020-11-06 10:52:29.039073Z", "Channel": "Microsoft-Windows-Bits-Client/Operational", "Provider": "Microsoft-Windows-Bits-Client", "Hostname": "MSEDGEWIN10", "SID": "S-1-5-18", "EventID": 4, "RecordID": 8600, "Level": "Information", "Descr": "The transfer job is complete", "Username": "MSEDGEWIN10\\IEUser", "JobTitle": "Push Notification Platform Job: 1", "JobId": "5B0DBC33-4108-48C1-A611-BCDAF83E6B84", "JobOwner": "MSEDGEWIN10\\IEUser", "FileCount": "1"}
{"Timestamp": "2020-11-06 10:52:29.032254Z", "Channel": "Microsoft-Windows-Bits-Client/Operational", "Provider": "Microsoft-Windows-Bits-Client", "Hostname": "MSEDGEWIN10", "SID": "S-1-5-18", "EventID": 60, "RecordID": 8599, "Level": "Information", "Descr": "BITS stopped transferring the <Name> transfer job that is associated with the <URL>", "TransferId": "F5F2CBC4-DB27-4723-8352-FD4F6308B46B", "Name": "Push Notification Platform Job: 1", "JobId": "5B0DBC33-4108-48C1-A611-BCDAF83E6B84", "URL": "https://img-s-msn-com.akamaized.net/tenant/amp/entityid/BB1aKxpG.img?w=100&h=100&m=6&tilesize=medium&ms-scale=100&ms-contrast=standard", "Peer": null, "FileTime": "2020-11-06 10:11:49 UTC", "FileSize": "4532", "BytesTotal": "4532", "BytesTransferred": "4532", "BytesTransferredFromPeer": "0"}
{"Timestamp": "2020-11-06 10:52:28.687924Z", "Channel": "Microsoft-Windows-Bits-Client/Operational", "Provider": "Microsoft-Windows-Bits-Client", "Hostname": "MSEDGEWIN10", "SID": "S-1-5-18", "EventID": 59, "RecordID": 8598, "Level": "Information", "Descr": "BITS started the <Name> transfer job that is associated with the <URL>", "TransferId": "F5F2CBC4-DB27-4723-8352-FD4F6308B46B", "Name": "Push Notification Platform Job: 1", "JobId": "5B0DBC33-4108-48C1-A611-BCDAF83E6B84", "URL": "https://img-s-msn-com.akamaized.net/tenant/amp/entityid/BB1aKxpG.img?w=100&h=100&m=6&tilesize=medium&ms-scale=100&ms-contrast=standard", "Peer": null, "FileTime": "1601-01-01 00:00:00 UTC", "FileSize": "18446744073709551615"}
{"Timestamp": "2020-11-06 10:52:28.579691Z", "Channel": "Microsoft-Windows-Bits-Client/Operational", "Provider": "Microsoft-Windows-Bits-Client", "Hostname": "MSEDGEWIN10", "SID": "S-1-5-18", "EventID": 3, "RecordID": 8596, "Level": "Information", "Descr": "The BITS service created a new job", "JobTitle": "Push Notification Platform Job: 1", "JobId": "5B0DBC33-4108-48C1-A611-BCDAF83E6B84", "JobOwner": "MSEDGEWIN10\\IEUser", "ProcessPath": "C:\\Windows\\System32\\svchost.exe", "ProcessId": "1076"}
{"Timestamp": "2020-11-06 10:42:46.957785Z", "Channel": "Microsoft-Windows-Bits-Client/Operational", "Provider": "Microsoft-Windows-Bits-Client", "Hostname": "MSEDGEWIN10", "SID": "S-1-5-18", "EventID": 3, "RecordID": 8593, "Level": "Information", "Descr": "The BITS service created a new job", "JobTitle": "MicrosoftMapsBingGeoStore", "JobId": "37EA375A-8B36-4D37-9AEF-01540D89D01C", "JobOwner": "NT AUTHORITY\\NETWORK SERVICE", "ProcessPath": "C:\\Windows\\System32\\svchost.exe", "ProcessId": "12232"}
{"Timestamp": "2020-11-05 15:25:30.856470Z", "Channel": "Microsoft-Windows-Bits-Client/Operational", "Provider": "Microsoft-Windows-Bits-Client", "Hostname": "MSEDGEWIN10", "SID": "S-1-5-18", "EventID": 4, "RecordID": 8590, "Level": "Information", "Descr": "The transfer job is complete", "Username": "MSEDGEWIN10\\IEUser", "JobTitle": "Push Notification Platform Job: 1", "JobId": "E274DF0A-2F09-497E-9F1B-E16ECA9857A7", "JobOwner": "MSEDGEWIN10\\IEUser", "FileCount": "1"}
{"Timestamp": "2020-11-05 15:25:30.845249Z", "Channel": "Microsoft-Windows-Bits-Client/Operational", "Provider": "Microsoft-Windows-Bits-Client", "Hostname": "MSEDGEWIN10", "SID": "S-1-5-18", "EventID": 60, "RecordID": 8589, "Level": "Information", "Descr": "BITS stopped transferring the <Name> transfer job that is associated with the <URL>", "TransferId": "14051E6F-A160-4FA2-AA28-25D45B4BCF5F", "Name": "Push Notification Platform Job: 1", "JobId": "E274DF0A-2F09-497E-9F1B-E16ECA9857A7", "URL": "https://site-cdn.onenote.net/161342940453_Images/LiveTileImages/MediumAndLarge/Image3.png", "Peer": null, "FileTime": "2020-10-29 19:50:00 UTC", "FileSize": "10969", "BytesTotal": "10969", "BytesTransferred": "10969", "BytesTransferredFromPeer": "0"}
{"Timestamp": "2020-11-05 15:25:30.216177Z", "Channel": "Microsoft-Windows-Bits-Client/Operational", "Provider": "Microsoft-Windows-Bits-Client", "Hostname": "MSEDGEWIN10", "SID": "S-1-5-18", "EventID": 59, "RecordID": 8588, "Level": "Information", "Descr": "BITS started the <Name> transfer job that is associated with the <URL>", "TransferId": "14051E6F-A160-4FA2-AA28-25D45B4BCF5F", "Name": "Push Notification Platform Job: 1", "JobId": "E274DF0A-2F09-497E-9F1B-E16ECA9857A7", "URL": "https://site-cdn.onenote.net/161342940453_Images/LiveTileImages/MediumAndLarge/Image3.png", "Peer": null, "FileTime": "1601-01-01 00:00:00 UTC", "FileSize": "18446744073709551615"}
{"Timestamp": "2020-11-05 15:25:30.109771Z", "Channel": "Microsoft-Windows-Bits-Client/Operational", "Provider": "Microsoft-Windows-Bits-Client", "Hostname": "MSEDGEWIN10", "SID": "S-1-5-18", "EventID": 3, "RecordID": 8586, "Level": "Information", "Descr": "The BITS service created a new job", "JobTitle": "Push Notification Platform Job: 1", "JobId": "E274DF0A-2F09-497E-9F1B-E16ECA9857A7", "JobOwner": "MSEDGEWIN10\\IEUser", "ProcessPath": "C:\\Windows\\System32\\svchost.exe", "ProcessId": "3480"}
