{"Timestamp": "2019-08-27 17:26:41.873338Z", "Channel": "Microsoft-Windows-RemoteDesktopServices-RdpCoreTS/Operational", "Provider": "Microsoft-Windows-RemoteDesktopServices-RdpCoreTS", "Hostname": "MSEDGEWIN10", "SID": "S-1-5-20", "EventID": 148, "RecordID": 968, "Level": "Information", "Descr": "<ChannelName> has been closed between the server and the client on transport tunnel <TunnelID>", "ChannelName": "AUDIO_PLAYBACK_LOSSY_DVC", "TunnelID": "1"}
{"Timestamp": "2019-08-27 17:26:41.872511Z", "Channel": "Microsoft-Windows-RemoteDesktopServices-RdpCoreTS/Operational", "Provider": "Microsoft-Windows-RemoteDesktopServices-RdpCoreTS", "Hostname": "MSEDGEWIN10", "SID": "S-1-5-20", "EventID": 148, "RecordID": 967, "Level": "Information", "Descr": "<ChannelName> has been closed between the server and the client on transport tunnel <TunnelID>", "ChannelName": "AUDIO_PLAYBACK_DVC", "TunnelID": "1"}
{"Timestamp": "2019-08-27 17:26:41.872192Z", "Channel": "Microsoft-Windows-RemoteDesktopServices-RdpCoreTS/Operational", "Provider": "Microsoft-Windows-RemoteDesktopServices-RdpCoreTS", "Hostname": "MSEDGEWIN10", "SID": "S-1-5-20", "EventID": 148, "RecordID": 966, "Level": "Information", "Descr": "<ChannelName> has been closed between the server and the client on transport tunnel <TunnelID>", "ChannelName": "cliprdr", "TunnelID": "1"}
{"Timestamp": "2019-08-27 17:26:41.870977Z", "Channel": "Microsoft-Windows-RemoteDesktopServices-RdpCoreTS/Operational", "Provider": "Microsoft-Windows-RemoteDesktopServices-RdpCoreTS", "Hostname": "MSEDGEWIN10", "SID": "S-1-5-20", "EventID": 148, "RecordID": 965, "Level": "Information", "Descr": "<ChannelName> has been closed between the server and the client on transport tunnel <TunnelID>", "ChannelName": "rdpsnd", "TunnelID": "1"}
{"Timestamp": "2019-08-28 13:57:47.708945Z", "Channel": "Microsoft-Windows-RemoteDesktopServices-RdpCoreTS/Operational", "Provider": "Microsoft-Windows-RemoteDesktopServices-RdpCoreTS", "Hostname": "MSEDGEWIN10", "SID": "S-1-5-20", "EventID": 148, "RecordID": 1199, "Level": "Information", "Descr": "<ChannelName> has been closed between the server and the client on transport tunnel <TunnelID>", "ChannelName": "AUDIO_PLAYBACK_LOSSY_DVC", "TunnelID": "1"}
{"Timestamp": "2019-08-28 13:57:47.706979Z", "Channel": "Microsoft-Windows-RemoteDesktopServices-RdpCoreTS/Operational", "Provider": "Microsoft-Windows-RemoteDesktopServices-RdpCoreTS", "Hostname": "MSEDGEWIN10", "SID": "S-1-5-20", "EventID": 148, "RecordID": 1198, "Level": "Information", "Descr": "<ChannelName> has been closed between the server and the client on transport tunnel <TunnelID>", "ChannelName": "AUDIO_PLAYBACK_DVC", "TunnelID": "1"}
{"Timestamp": "2019-08-28 13:57:47.705780Z", "Channel": "Microsoft-Windows-RemoteDesktopServices-RdpCoreTS/Operational", "Provider": "Microsoft-Windows-RemoteDesktopServices-RdpCoreTS", "Hostname": "MSEDGEWIN10", "SID": "S-1-5-20", "EventID": 148, "RecordID": 1197, "Level": "Information", "Descr": "<ChannelName> has been closed between the server and the client on transport tunnel <TunnelID>", "ChannelName": "cliprdr", "TunnelID": "1"}
{"Timestamp": "2019-08-28 13:57:47.704192Z", "Channel": "Microsoft-Windows-RemoteDesktopServices-RdpCoreTS/Operational", "Provider": "Microsoft-Windows-RemoteDesktopServices-RdpCoreTS", "Hostname": "MSEDGEWIN10", "SID": "S-1-5-20", "EventID": 148, "RecordID": 1196, "Level": "Information", "Descr": "<ChannelName> has been closed between the server and the client on transport tunnel <TunnelID>", "ChannelName": "rdpsnd", "TunnelID": "1"}
{"Timestamp": "2019-08-28 13:57:47.704175Z", "Channel": "Microsoft-Windows-RemoteDesktopServices-RdpCoreTS/Operational", "Provider": "Microsoft-Windows-RemoteDesktopServices-RdpCoreTS", "Hostname": "MSEDGEWIN10", "SID": "S-1-5-20", "EventID": 148, "RecordID": 1195, "Level": "Information", "Descr": "<ChannelName> has been closed between the server and the client on transport tunnel <TunnelID>", "ChannelName": "rdpdr", "TunnelID": "1"}
{"Timestamp": "2019-08-28 13:57:47.703644Z", "Channel": "Microsoft-Windows-RemoteDesktopServices-RdpCoreTS/Operational", "Provider": "Microsoft-Windows-RemoteDesktopServices-RdpCoreTS", "Hostname": "MSEDGEWIN10", "SID": "S-1-5-20", "EventID": 148, "RecordID": 1194, "Level": "Information", "Descr": "<ChannelName> has been closed between the server and the client on transport tunnel <TunnelID>", "ChannelName": "Microsoft::Windows::RDS::Geometry::v08.01", "TunnelID": "1"}
{"Timestamp": "2019-08-28 13:57:47.703639Z", "Channel": "Microsoft-Windows-RemoteDesktopServices-RdpCoreTS/Operational", "Provider": "Microsoft-Windows-RemoteDesktopServices-RdpCoreTS", "Hostname": "MSEDGEWIN10", "SID": "S-1-5-20", "EventID": 148, "RecordID": 1193, "Level": "Information", "Descr": "<ChannelName> has been closed between the server and the client on transport tunnel <TunnelID>", "ChannelName": "Microsoft::Windows::RDS::Video::Data::v08.01", "TunnelID": "1"}
{"Timestamp": "2019-08-28 13:57:47.703632Z", "Channel": "Microsoft-Windows-RemoteDesktopServices-RdpCoreTS/Operational", "Provider": "Microsoft-Windows-RemoteDesktopServices-RdpCoreTS", "Hostname": "MSEDGEWIN10", "SID": "S-1-5-20", "EventID": 148, "RecordID": 1192, "Level": "Information", "Descr": "<ChannelName> has been closed between the server and the client on transport tunnel <TunnelID>", "ChannelName": "Microsoft::Windows::RDS::Video::Control::v08.01", "TunnelID": "1"}
{"Timestamp": "2019-08-28 13:57:47.703622Z", "Channel": "Microsoft-Windows-RemoteDesktopServices-RdpCoreTS/Operational", "Provider": "Microsoft-Windows-RemoteDesktopServices-RdpCoreTS", "Hostname": "MSEDGEWIN10", "SID": "S-1-5-20", "EventID": 148, "RecordID": 1191, "Level": "Information", "Descr": "<ChannelName> has been closed between the server and the client on transport tunnel <TunnelID>", "ChannelName": "ECHO", "TunnelID": "1"}
{"Timestamp": "2019-08-28 13:57:47.700229Z", "Channel": "Microsoft-Windows-RemoteDesktopServices-RdpCoreTS/Operational", "Provider": "Microsoft-Windows-RemoteDesktopServices-RdpCoreTS", "Hostname": "MSEDGEWIN10", "SID": "S-1-5-20", "EventID": 148, "RecordID": 1190, "Level": "Information", "Descr": "<ChannelName> has been closed between the server and the client on transport tunnel <TunnelID>", "ChannelName": "Microsoft::Windows::RDS::Graphics", "TunnelID": "1"}
{"Timestamp": "2019-08-28 13:57:47.700222Z", "Channel": "Microsoft-Windows-RemoteDesktopServices-RdpCoreTS/Operational", "Provider": "Microsoft-Windows-RemoteDesktopServices-RdpCoreTS", "Hostname": "MSEDGEWIN10", "SID": "S-1-5-20", "EventID": 148, "RecordID": 1189, "Level": "Information", "Descr": "<ChannelName> has been closed between the server and the client on transport tunnel <TunnelID>", "ChannelName": "Microsoft::Windows::RDS::Frame_Buffer::Control::v08.01", "TunnelID": "1"}
{"Timestamp": "2019-08-28 13:57:47.700217Z", "Channel": "Microsoft-Windows-RemoteDesktopServices-RdpCoreTS/Operational", "Provider": "Microsoft-Windows-RemoteDesktopServices-RdpCoreTS", "Hostname": "MSEDGEWIN10", "SID": "S-1-5-20", "EventID": 148, "RecordID": 1188, "Level": "Information", "Descr": "<ChannelName> has been closed between the server and the client on transport tunnel <TunnelID>", "ChannelName": "railenc", "TunnelID": "0"}
{"Timestamp": "2019-08-28 13:57:47.700210Z", "Channel": "Microsoft-Windows-RemoteDesktopServices-RdpCoreTS/Operational", "Provider": "Microsoft-Windows-RemoteDesktopServices-RdpCoreTS", "Hostname": "MSEDGEWIN10", "SID": "S-1-5-20", "EventID": 148, "RecordID": 1187, "Level": "Information", "Descr": "<ChannelName> has been closed between the server and the client on transport tunnel <TunnelID>", "ChannelName": "rdpgrfx", "TunnelID": "0"}
{"Timestamp": "2019-08-28 13:57:47.699955Z", "Channel": "Microsoft-Windows-RemoteDesktopServices-RdpCoreTS/Operational", "Provider": "Microsoft-Windows-RemoteDesktopServices-RdpCoreTS", "Hostname": "MSEDGEWIN10", "SID": "S-1-5-20", "EventID": 148, "RecordID": 1186, "Level": "Information", "Descr": "<ChannelName> has been closed between the server and the client on transport tunnel <TunnelID>", "ChannelName": "Microsoft::Windows::RDS::Geometry::v08.01", "TunnelID": "1"}
{"Timestamp": "2019-08-28 13:57:47.699609Z", "Channel": "Microsoft-Windows-RemoteDesktopServices-RdpCoreTS/Operational", "Provider": "Microsoft-Windows-RemoteDesktopServices-RdpCoreTS", "Hostname": "MSEDGEWIN10", "SID": "S-1-5-20", "EventID": 148, "RecordID": 1185, "Level": "Information", "Descr": "<ChannelName> has been closed between the server and the client on transport tunnel <TunnelID>", "ChannelName": "rdplic", "TunnelID": "0"}
{"Timestamp": "2019-08-28 13:57:47.699605Z", "Channel": "Microsoft-Windows-RemoteDesktopServices-RdpCoreTS/Operational", "Provider": "Microsoft-Windows-RemoteDesktopServices-RdpCoreTS", "Hostname": "MSEDGEWIN10", "SID": "S-1-5-20", "EventID": 148, "RecordID": 1184, "Level": "Information", "Descr": "<ChannelName> has been closed between the server and the client on transport tunnel <TunnelID>", "ChannelName": "rdpcmd", "TunnelID": "0"}
{"Timestamp": "2019-08-28 13:57:47.699600Z", "Channel": "Microsoft-Windows-RemoteDesktopServices-RdpCoreTS/Operational", "Provider": "Microsoft-Windows-RemoteDesktopServices-RdpCoreTS", "Hostname": "MSEDGEWIN10", "SID": "S-1-5-20", "EventID": 148, "RecordID": 1183, "Level": "Information", "Descr": "<ChannelName> has been closed between the server and the client on transport tunnel <TunnelID>", "ChannelName": "rdpinpt", "TunnelID": "0"}
{"Timestamp": "2019-08-28 13:57:47.697565Z", "Channel": "Microsoft-Windows-RemoteDesktopServices-RdpCoreTS/Operational", "Provider": "Microsoft-Windows-RemoteDesktopServices-RdpCoreTS", "Hostname": "MSEDGEWIN10", "SID": "S-1-5-20", "EventID": 148, "RecordID": 1179, "Level": "Information", "Descr": "<ChannelName> has been closed between the server and the client on transport tunnel <TunnelID>", "ChannelName": "rdpgrfx", "TunnelID": "0"}
{"Timestamp": "2019-08-28 13:42:34.993678Z", "Channel": "Microsoft-Windows-RemoteDesktopServices-RdpCoreTS/Operational", "Provider": "Microsoft-Windows-RemoteDesktopServices-RdpCoreTS", "Hostname": "MSEDGEWIN10", "SID": "S-1-5-20", "EventID": 148, "RecordID": 1168, "Level": "Information", "Descr": "<ChannelName> has been closed between the server and the client on transport tunnel <TunnelID>", "ChannelName": "Microsoft::Windows::RDS::Geometry::v08.01", "TunnelID": "1"}
{"Timestamp": "2019-08-28 13:42:34.689238Z", "Channel": "Microsoft-Windows-RemoteDesktopServices-RdpCoreTS/Operational", "Provider": "Microsoft-Windows-RemoteDesktopServices-RdpCoreTS", "Hostname": "MSEDGEWIN10", "SID": "S-1-5-20", "EventID": 148, "RecordID": 1163, "Level": "Information", "Descr": "<ChannelName> has been closed between the server and the client on transport tunnel <TunnelID>", "ChannelName": "Microsoft::Windows::RDS::Input", "TunnelID": "1"}
{"Timestamp": "2019-08-28 13:42:34.625978Z", "Channel": "Microsoft-Windows-RemoteDesktopServices-RdpCoreTS/Operational", "Provider": "Microsoft-Windows-RemoteDesktopServices-RdpCoreTS", "Hostname": "MSEDGEWIN10", "SID": "S-1-5-20", "EventID": 148, "RecordID": 1160, "Level": "Information", "Descr": "<ChannelName> has been closed between the server and the client on transport tunnel <TunnelID>", "ChannelName": "RDCamera_Device_Enumerator", "TunnelID": "1"}
{"Timestamp": "2019-08-28 13:42:34.088588Z", "Channel": "Microsoft-Windows-RemoteDesktopServices-RdpCoreTS/Operational", "Provider": "Microsoft-Windows-RemoteDesktopServices-RdpCoreTS", "Hostname": "MSEDGEWIN10", "SID": "S-1-5-20", "EventID": 148, "RecordID": 1153, "Level": "Information", "Descr": "<ChannelName> has been closed between the server and the client on transport tunnel <TunnelID>", "ChannelName": "Microsoft::Windows::RDS::Telemetry", "TunnelID": "1"}
{"Timestamp": "2019-08-28 13:42:32.133561Z", "Channel": "Microsoft-Windows-RemoteDesktopServices-RdpCoreTS/Operational", "Provider": "Microsoft-Windows-RemoteDesktopServices-RdpCoreTS", "Hostname": "MSEDGEWIN10", "SID": "S-1-5-20", "EventID": 131, "RecordID": 1132, "Level": "Information", "Descr": "The server accepted a new <Protocol> connection from <IPPort>", "Protocol": "UDP", "IPPort": "[10.0.2.17]:58183"}
{"Timestamp": "2019-08-28 13:42:32.094491Z", "Channel": "Microsoft-Windows-RemoteDesktopServices-RdpCoreTS/Operational", "Provider": "Microsoft-Windows-RemoteDesktopServices-RdpCoreTS", "Hostname": "MSEDGEWIN10", "SID": "S-1-5-20", "EventID": 98, "RecordID": 1127, "Level": "Information", "Descr": "A TCP connection has been successfully established"}
{"Timestamp": "2019-08-28 13:42:31.117966Z", "Channel": "Microsoft-Windows-RemoteDesktopServices-RdpCoreTS/Operational", "Provider": "Microsoft-Windows-RemoteDesktopServices-RdpCoreTS", "Hostname": "MSEDGEWIN10", "SID": "S-1-5-20", "EventID": 131, "RecordID": 1111, "Level": "Information", "Descr": "The server accepted a new <Protocol> connection from <IPPort>", "Protocol": "TCP", "IPPort": "10.0.2.17:50006"}
{"Timestamp": "2019-08-28 13:42:28.632877Z", "Channel": "Microsoft-Windows-RemoteDesktopServices-RdpCoreTS/Operational", "Provider": "Microsoft-Windows-RemoteDesktopServices-RdpCoreTS", "Hostname": "MSEDGEWIN10", "SID": "S-1-5-20", "EventID": 148, "RecordID": 1109, "Level": "Information", "Descr": "<ChannelName> has been closed between the server and the client on transport tunnel <TunnelID>", "ChannelName": "rdplic", "TunnelID": "0"}
{"Timestamp": "2019-08-28 13:42:28.632873Z", "Channel": "Microsoft-Windows-RemoteDesktopServices-RdpCoreTS/Operational", "Provider": "Microsoft-Windows-RemoteDesktopServices-RdpCoreTS", "Hostname": "MSEDGEWIN10", "SID": "S-1-5-20", "EventID": 148, "RecordID": 1108, "Level": "Information", "Descr": "<ChannelName> has been closed between the server and the client on transport tunnel <TunnelID>", "ChannelName": "rdpcmd", "TunnelID": "0"}
{"Timestamp": "2019-08-28 13:42:28.632869Z", "Channel": "Microsoft-Windows-RemoteDesktopServices-RdpCoreTS/Operational", "Provider": "Microsoft-Windows-RemoteDesktopServices-RdpCoreTS", "Hostname": "MSEDGEWIN10", "SID": "S-1-5-20", "EventID": 148, "RecordID": 1107, "Level": "Information", "Descr": "<ChannelName> has been closed between the server and the client on transport tunnel <TunnelID>", "ChannelName": "rdpinpt", "TunnelID": "0"}
{"Timestamp": "2019-08-28 13:42:28.567844Z", "Channel": "Microsoft-Windows-RemoteDesktopServices-RdpCoreTS/Operational", "Provider": "Microsoft-Windows-RemoteDesktopServices-RdpCoreTS", "Hostname": "MSEDGEWIN10", "SID": "S-1-5-20", "EventID": 131, "RecordID": 1096, "Level": "Information", "Descr": "The server accepted a new <Protocol> connection from <IPPort>", "Protocol": "TCP", "IPPort": "10.0.2.17:50005"}
{"Timestamp": "2019-08-28 10:07:44.047921Z", "Channel": "Microsoft-Windows-RemoteDesktopServices-RdpCoreTS/Operational", "Provider": "Microsoft-Windows-RemoteDesktopServices-RdpCoreTS", "Hostname": "MSEDGEWIN10", "SID": "S-1-5-20", "EventID": 148, "RecordID": 1091, "Level": "Information", "Descr": "<ChannelName> has been closed between the server and the client on transport tunnel <TunnelID>", "ChannelName": "Microsoft::Windows::RDS::DisplayControl", "TunnelID": "1"}
{"Timestamp": "2019-08-28 10:07:44.047525Z", "Channel": "Microsoft-Windows-RemoteDesktopServices-RdpCoreTS/Operational", "Provider": "Microsoft-Windows-RemoteDesktopServices-RdpCoreTS", "Hostname": "MSEDGEWIN10", "SID": "S-1-5-20", "EventID": 148, "RecordID": 1090, "Level": "Information", "Descr": "<ChannelName> has been closed between the server and the client on transport tunnel <TunnelID>", "ChannelName": "AUDIO_PLAYBACK_LOSSY_DVC", "TunnelID": "1"}
{"Timestamp": "2019-08-28 10:07:44.047240Z", "Channel": "Microsoft-Windows-RemoteDesktopServices-RdpCoreTS/Operational", "Provider": "Microsoft-Windows-RemoteDesktopServices-RdpCoreTS", "Hostname": "MSEDGEWIN10", "SID": "S-1-5-20", "EventID": 148, "RecordID": 1089, "Level": "Information", "Descr": "<ChannelName> has been closed between the server and the client on transport tunnel <TunnelID>", "ChannelName": "Microsoft::Windows::RDS::Geometry::v08.01", "TunnelID": "1"}
{"Timestamp": "2019-08-28 10:07:44.046687Z", "Channel": "Microsoft-Windows-RemoteDesktopServices-RdpCoreTS/Operational", "Provider": "Microsoft-Windows-RemoteDesktopServices-RdpCoreTS", "Hostname": "MSEDGEWIN10", "SID": "S-1-5-20", "EventID": 148, "RecordID": 1085, "Level": "Information", "Descr": "<ChannelName> has been closed between the server and the client on transport tunnel <TunnelID>", "ChannelName": "cliprdr", "TunnelID": "1"}
{"Timestamp": "2019-08-28 10:07:44.046456Z", "Channel": "Microsoft-Windows-RemoteDesktopServices-RdpCoreTS/Operational", "Provider": "Microsoft-Windows-RemoteDesktopServices-RdpCoreTS", "Hostname": "MSEDGEWIN10", "SID": "S-1-5-20", "EventID": 148, "RecordID": 1084, "Level": "Information", "Descr": "<ChannelName> has been closed between the server and the client on transport tunnel <TunnelID>", "ChannelName": "rdpsnd", "TunnelID": "1"}
{"Timestamp": "2019-08-28 10:07:44.046436Z", "Channel": "Microsoft-Windows-RemoteDesktopServices-RdpCoreTS/Operational", "Provider": "Microsoft-Windows-RemoteDesktopServices-RdpCoreTS", "Hostname": "MSEDGEWIN10", "SID": "S-1-5-20", "EventID": 148, "RecordID": 1083, "Level": "Information", "Descr": "<ChannelName> has been closed between the server and the client on transport tunnel <TunnelID>", "ChannelName": "rdpdr", "TunnelID": "1"}
{"Timestamp": "2019-08-28 10:07:44.045942Z", "Channel": "Microsoft-Windows-RemoteDesktopServices-RdpCoreTS/Operational", "Provider": "Microsoft-Windows-RemoteDesktopServices-RdpCoreTS", "Hostname": "MSEDGEWIN10", "SID": "S-1-5-20", "EventID": 148, "RecordID": 1082, "Level": "Information", "Descr": "<ChannelName> has been closed between the server and the client on transport tunnel <TunnelID>", "ChannelName": "Microsoft::Windows::RDS::Geometry::v08.01", "TunnelID": "1"}
{"Timestamp": "2019-08-28 10:07:44.045936Z", "Channel": "Microsoft-Windows-RemoteDesktopServices-RdpCoreTS/Operational", "Provider": "Microsoft-Windows-RemoteDesktopServices-RdpCoreTS", "Hostname": "MSEDGEWIN10", "SID": "S-1-5-20", "EventID": 148, "RecordID": 1081, "Level": "Information", "Descr": "<ChannelName> has been closed between the server and the client on transport tunnel <TunnelID>", "ChannelName": "Microsoft::Windows::RDS::Video::Data::v08.01", "TunnelID": "1"}
{"Timestamp": "2019-08-28 14:13:36.446739Z", "Channel": "Microsoft-Windows-RemoteDesktopServices-RdpCoreTS/Operational", "Provider": "Microsoft-Windows-RemoteDesktopServices-RdpCoreTS", "Hostname": "MSEDGEWIN10", "SID": "S-1-5-20", "EventID": 148, "RecordID": 1318, "Level": "Information", "Descr": "<ChannelName> has been closed between the server and the client on transport tunnel <TunnelID>", "ChannelName": "AUDIO_PLAYBACK_LOSSY_DVC", "TunnelID": "1"}
{"Timestamp": "2019-08-28 14:13:36.444847Z", "Channel": "Microsoft-Windows-RemoteDesktopServices-RdpCoreTS/Operational", "Provider": "Microsoft-Windows-RemoteDesktopServices-RdpCoreTS", "Hostname": "MSEDGEWIN10", "SID": "S-1-5-20", "EventID": 148, "RecordID": 1317, "Level": "Information", "Descr": "<ChannelName> has been closed between the server and the client on transport tunnel <TunnelID>", "ChannelName": "AUDIO_PLAYBACK_DVC", "TunnelID": "1"}
{"Timestamp": "2019-08-28 14:13:36.444434Z", "Channel": "Microsoft-Windows-RemoteDesktopServices-RdpCoreTS/Operational", "Provider": "Microsoft-Windows-RemoteDesktopServices-RdpCoreTS", "Hostname": "MSEDGEWIN10", "SID": "S-1-5-20", "EventID": 148, "RecordID": 1316, "Level": "Information", "Descr": "<ChannelName> has been closed between the server and the client on transport tunnel <TunnelID>", "ChannelName": "cliprdr", "TunnelID": "1"}
{"Timestamp": "2019-08-28 14:13:36.444143Z", "Channel": "Microsoft-Windows-RemoteDesktopServices-RdpCoreTS/Operational", "Provider": "Microsoft-Windows-RemoteDesktopServices-RdpCoreTS", "Hostname": "MSEDGEWIN10", "SID": "S-1-5-20", "EventID": 148, "RecordID": 1315, "Level": "Information", "Descr": "<ChannelName> has been closed between the server and the client on transport tunnel <TunnelID>", "ChannelName": "rdpsnd", "TunnelID": "1"}
{"Timestamp": "2019-08-28 14:13:36.444128Z", "Channel": "Microsoft-Windows-RemoteDesktopServices-RdpCoreTS/Operational", "Provider": "Microsoft-Windows-RemoteDesktopServices-RdpCoreTS", "Hostname": "MSEDGEWIN10", "SID": "S-1-5-20", "EventID": 148, "RecordID": 1314, "Level": "Information", "Descr": "<ChannelName> has been closed between the server and the client on transport tunnel <TunnelID>", "ChannelName": "rdpdr", "TunnelID": "1"}
{"Timestamp": "2019-08-28 14:13:36.443690Z", "Channel": "Microsoft-Windows-RemoteDesktopServices-RdpCoreTS/Operational", "Provider": "Microsoft-Windows-RemoteDesktopServices-RdpCoreTS", "Hostname": "MSEDGEWIN10", "SID": "S-1-5-20", "EventID": 148, "RecordID": 1310, "Level": "Information", "Descr": "<ChannelName> has been closed between the server and the client on transport tunnel <TunnelID>", "ChannelName": "Microsoft::Windows::RDS::Geometry::v08.01", "TunnelID": "1"}
{"Timestamp": "2019-08-28 14:13:36.443684Z", "Channel": "Microsoft-Windows-RemoteDesktopServices-RdpCoreTS/Operational", "Provider": "Microsoft-Windows-RemoteDesktopServices-RdpCoreTS", "Hostname": "MSEDGEWIN10", "SID": "S-1-5-20", "EventID": 148, "RecordID": 1309, "Level": "Information", "Descr": "<ChannelName> has been closed between the server and the client on transport tunnel <TunnelID>", "ChannelName": "Microsoft::Windows::RDS::Video::Data::v08.01", "TunnelID": "1"}
{"Timestamp": "2019-08-28 14:13:36.443675Z", "Channel": "Microsoft-Windows-RemoteDesktopServices-RdpCoreTS/Operational", "Provider": "Microsoft-Windows-RemoteDesktopServices-RdpCoreTS", "Hostname": "MSEDGEWIN10", "SID": "S-1-5-20", "EventID": 148, "RecordID": 1308, "Level": "Information", "Descr": "<ChannelName> has been closed between the server and the client on transport tunnel <TunnelID>", "ChannelName": "Microsoft::Windows::RDS::Video::Control::v08.01", "TunnelID": "1"}
{"Timestamp": "2019-08-28 14:13:36.443643Z", "Channel": "Microsoft-Windows-RemoteDesktopServices-RdpCoreTS/Operational", "Provider": "Microsoft-Windows-RemoteDesktopServices-RdpCoreTS", "Hostname": "MSEDGEWIN10", "SID": "S-1-5-20", "EventID": 148, "RecordID": 1307, "Level": "Information", "Descr": "<ChannelName> has been closed between the server and the client on transport tunnel <TunnelID>", "ChannelName": "ECHO", "TunnelID": "1"}
{"Timestamp": "2019-08-28 14:13:36.443639Z", "Channel": "Microsoft-Windows-RemoteDesktopServices-RdpCoreTS/Operational", "Provider": "Microsoft-Windows-RemoteDesktopServices-RdpCoreTS", "Hostname": "MSEDGEWIN10", "SID": "S-1-5-20", "EventID": 148, "RecordID": 1306, "Level": "Information", "Descr": "<ChannelName> has been closed between the server and the client on transport tunnel <TunnelID>", "ChannelName": "Microsoft::Windows::RDS::Graphics", "TunnelID": "1"}
{"Timestamp": "2019-08-28 14:13:36.443617Z", "Channel": "Microsoft-Windows-RemoteDesktopServices-RdpCoreTS/Operational", "Provider": "Microsoft-Windows-RemoteDesktopServices-RdpCoreTS", "Hostname": "MSEDGEWIN10", "SID": "S-1-5-20", "EventID": 148, "RecordID": 1305, "Level": "Information", "Descr": "<ChannelName> has been closed between the server and the client on transport tunnel <TunnelID>", "ChannelName": "Microsoft::Windows::RDS::Frame_Buffer::Control::v08.01", "TunnelID": "1"}
{"Timestamp": "2019-08-28 14:13:36.443593Z", "Channel": "Microsoft-Windows-RemoteDesktopServices-RdpCoreTS/Operational", "Provider": "Microsoft-Windows-RemoteDesktopServices-RdpCoreTS", "Hostname": "MSEDGEWIN10", "SID": "S-1-5-20", "EventID": 148, "RecordID": 1304, "Level": "Information", "Descr": "<ChannelName> has been closed between the server and the client on transport tunnel <TunnelID>", "ChannelName": "Microsoft::Windows::RDS::Geometry::v08.01", "TunnelID": "1"}
{"Timestamp": "2019-08-28 14:13:36.443244Z", "Channel": "Microsoft-Windows-RemoteDesktopServices-RdpCoreTS/Operational", "Provider": "Microsoft-Windows-RemoteDesktopServices-RdpCoreTS", "Hostname": "MSEDGEWIN10", "SID": "S-1-5-20", "EventID": 148, "RecordID": 1303, "Level": "Information", "Descr": "<ChannelName> has been closed between the server and the client on transport tunnel <TunnelID>", "ChannelName": "railenc", "TunnelID": "0"}
{"Timestamp": "2019-08-28 14:13:36.443240Z", "Channel": "Microsoft-Windows-RemoteDesktopServices-RdpCoreTS/Operational", "Provider": "Microsoft-Windows-RemoteDesktopServices-RdpCoreTS", "Hostname": "MSEDGEWIN10", "SID": "S-1-5-20", "EventID": 148, "RecordID": 1302, "Level": "Information", "Descr": "<ChannelName> has been closed between the server and the client on transport tunnel <TunnelID>", "ChannelName": "rdpgrfx", "TunnelID": "0"}
{"Timestamp": "2019-08-28 14:13:36.443160Z", "Channel": "Microsoft-Windows-RemoteDesktopServices-RdpCoreTS/Operational", "Provider": "Microsoft-Windows-RemoteDesktopServices-RdpCoreTS", "Hostname": "MSEDGEWIN10", "SID": "S-1-5-20", "EventID": 148, "RecordID": 1301, "Level": "Information", "Descr": "<ChannelName> has been closed between the server and the client on transport tunnel <TunnelID>", "ChannelName": "rdplic", "TunnelID": "0"}
{"Timestamp": "2019-08-28 14:13:36.443155Z", "Channel": "Microsoft-Windows-RemoteDesktopServices-RdpCoreTS/Operational", "Provider": "Microsoft-Windows-RemoteDesktopServices-RdpCoreTS", "Hostname": "MSEDGEWIN10", "SID": "S-1-5-20", "EventID": 148, "RecordID": 1300, "Level": "Information", "Descr": "<ChannelName> has been closed between the server and the client on transport tunnel <TunnelID>", "ChannelName": "rdpcmd", "TunnelID": "0"}
{"Timestamp": "2019-08-28 14:13:36.443147Z", "Channel": "Microsoft-Windows-RemoteDesktopServices-RdpCoreTS/Operational", "Provider": "Microsoft-Windows-RemoteDesktopServices-RdpCoreTS", "Hostname": "MSEDGEWIN10", "SID": "S-1-5-20", "EventID": 148, "RecordID": 1299, "Level": "Information", "Descr": "<ChannelName> has been closed between the server and the client on transport tunnel <TunnelID>", "ChannelName": "rdpinpt", "TunnelID": "0"}
{"Timestamp": "2019-08-28 13:58:38.540912Z", "Channel": "Microsoft-Windows-RemoteDesktopServices-RdpCoreTS/Operational", "Provider": "Microsoft-Windows-RemoteDesktopServices-RdpCoreTS", "Hostname": "MSEDGEWIN10", "SID": "S-1-5-20", "EventID": 148, "RecordID": 1273, "Level": "Information", "Descr": "<ChannelName> has been closed between the server and the client on transport tunnel <TunnelID>", "ChannelName": "Microsoft::Windows::RDS::Geometry::v08.01", "TunnelID": "1"}
{"Timestamp": "2019-08-28 13:58:38.171188Z", "Channel": "Microsoft-Windows-RemoteDesktopServices-RdpCoreTS/Operational", "Provider": "Microsoft-Windows-RemoteDesktopServices-RdpCoreTS", "Hostname": "MSEDGEWIN10", "SID": "S-1-5-20", "EventID": 148, "RecordID": 1269, "Level": "Information", "Descr": "<ChannelName> has been closed between the server and the client on transport tunnel <TunnelID>", "ChannelName": "Microsoft::Windows::RDS::Input", "TunnelID": "1"}
{"Timestamp": "2019-08-28 13:58:38.114690Z", "Channel": "Microsoft-Windows-RemoteDesktopServices-RdpCoreTS/Operational", "Provider": "Microsoft-Windows-RemoteDesktopServices-RdpCoreTS", "Hostname": "MSEDGEWIN10", "SID": "S-1-5-20", "EventID": 148, "RecordID": 1265, "Level": "Information", "Descr": "<ChannelName> has been closed between the server and the client on transport tunnel <TunnelID>", "ChannelName": "RDCamera_Device_Enumerator", "TunnelID": "1"}
{"Timestamp": "2019-08-28 13:58:37.403609Z", "Channel": "Microsoft-Windows-RemoteDesktopServices-RdpCoreTS/Operational", "Provider": "Microsoft-Windows-RemoteDesktopServices-RdpCoreTS", "Hostname": "MSEDGEWIN10", "SID": "S-1-5-20", "EventID": 148, "RecordID": 1258, "Level": "Information", "Descr": "<ChannelName> has been closed between the server and the client on transport tunnel <TunnelID>", "ChannelName": "Microsoft::Windows::RDS::Telemetry", "TunnelID": "1"}
{"Timestamp": "2019-08-28 13:58:35.466010Z", "Channel": "Microsoft-Windows-RemoteDesktopServices-RdpCoreTS/Operational", "Provider": "Microsoft-Windows-RemoteDesktopServices-RdpCoreTS", "Hostname": "MSEDGEWIN10", "SID": "S-1-5-20", "EventID": 131, "RecordID": 1237, "Level": "Information", "Descr": "The server accepted a new <Protocol> connection from <IPPort>", "Protocol": "UDP", "IPPort": "[10.0.2.17]:64531"}
{"Timestamp": "2019-08-28 13:58:35.454188Z", "Channel": "Microsoft-Windows-RemoteDesktopServices-RdpCoreTS/Operational", "Provider": "Microsoft-Windows-RemoteDesktopServices-RdpCoreTS", "Hostname": "MSEDGEWIN10", "SID": "S-1-5-20", "EventID": 98, "RecordID": 1232, "Level": "Information", "Descr": "A TCP connection has been successfully established"}
{"Timestamp": "2019-08-28 13:58:35.380170Z", "Channel": "Microsoft-Windows-RemoteDesktopServices-RdpCoreTS/Operational", "Provider": "Microsoft-Windows-RemoteDesktopServices-RdpCoreTS", "Hostname": "MSEDGEWIN10", "SID": "S-1-5-20", "EventID": 131, "RecordID": 1216, "Level": "Information", "Descr": "The server accepted a new <Protocol> connection from <IPPort>", "Protocol": "TCP", "IPPort": "10.0.2.17:59073"}
{"Timestamp": "2019-08-28 13:58:34.188865Z", "Channel": "Microsoft-Windows-RemoteDesktopServices-RdpCoreTS/Operational", "Provider": "Microsoft-Windows-RemoteDesktopServices-RdpCoreTS", "Hostname": "MSEDGEWIN10", "SID": "S-1-5-20", "EventID": 148, "RecordID": 1214, "Level": "Information", "Descr": "<ChannelName> has been closed between the server and the client on transport tunnel <TunnelID>", "ChannelName": "rdplic", "TunnelID": "0"}
{"Timestamp": "2019-08-28 13:58:34.188862Z", "Channel": "Microsoft-Windows-RemoteDesktopServices-RdpCoreTS/Operational", "Provider": "Microsoft-Windows-RemoteDesktopServices-RdpCoreTS", "Hostname": "MSEDGEWIN10", "SID": "S-1-5-20", "EventID": 148, "RecordID": 1213, "Level": "Information", "Descr": "<ChannelName> has been closed between the server and the client on transport tunnel <TunnelID>", "ChannelName": "rdpcmd", "TunnelID": "0"}
{"Timestamp": "2019-08-28 13:58:34.188857Z", "Channel": "Microsoft-Windows-RemoteDesktopServices-RdpCoreTS/Operational", "Provider": "Microsoft-Windows-RemoteDesktopServices-RdpCoreTS", "Hostname": "MSEDGEWIN10", "SID": "S-1-5-20", "EventID": 148, "RecordID": 1212, "Level": "Information", "Descr": "<ChannelName> has been closed between the server and the client on transport tunnel <TunnelID>", "ChannelName": "rdpinpt", "TunnelID": "0"}
{"Timestamp": "2019-08-28 13:58:34.152891Z", "Channel": "Microsoft-Windows-RemoteDesktopServices-RdpCoreTS/Operational", "Provider": "Microsoft-Windows-RemoteDesktopServices-RdpCoreTS", "Hostname": "MSEDGEWIN10", "SID": "S-1-5-20", "EventID": 131, "RecordID": 1201, "Level": "Information", "Descr": "The server accepted a new <Protocol> connection from <IPPort>", "Protocol": "TCP", "IPPort": "10.0.2.17:59072"}
{"Timestamp": "2019-08-28 13:57:47.709391Z", "Channel": "Microsoft-Windows-RemoteDesktopServices-RdpCoreTS/Operational", "Provider": "Microsoft-Windows-RemoteDesktopServices-RdpCoreTS", "Hostname": "MSEDGEWIN10", "SID": "S-1-5-20", "EventID": 148, "RecordID": 1200, "Level": "Information", "Descr": "<ChannelName> has been closed between the server and the client on transport tunnel <TunnelID>", "ChannelName": "Microsoft::Windows::RDS::DisplayControl", "TunnelID": "1"}
{"Timestamp": "2019-08-28 14:51:22.108550Z", "Channel": "Microsoft-Windows-RemoteDesktopServices-RdpCoreTS/Operational", "Provider": "Microsoft-Windows-RemoteDesktopServices-RdpCoreTS", "Hostname": "MSEDGEWIN10", "SID": "S-1-5-20", "EventID": 131, "RecordID": 1434, "Level": "Information", "Descr": "The server accepted a new <Protocol> connection from <IPPort>", "Protocol": "TCP", "IPPort": "10.0.2.17:54979"}
{"Timestamp": "2019-08-28 14:22:33.579636Z", "Channel": "Microsoft-Windows-RemoteDesktopServices-RdpCoreTS/Operational", "Provider": "Microsoft-Windows-RemoteDesktopServices-RdpCoreTS", "Hostname": "MSEDGEWIN10", "SID": "S-1-5-20", "EventID": 148, "RecordID": 1426, "Level": "Information", "Descr": "<ChannelName> has been closed between the server and the client on transport tunnel <TunnelID>", "ChannelName": "cliprdr", "TunnelID": "0"}
{"Timestamp": "2019-08-28 14:22:33.577267Z", "Channel": "Microsoft-Windows-RemoteDesktopServices-RdpCoreTS/Operational", "Provider": "Microsoft-Windows-RemoteDesktopServices-RdpCoreTS", "Hostname": "MSEDGEWIN10", "SID": "S-1-5-20", "EventID": 148, "RecordID": 1425, "Level": "Information", "Descr": "<ChannelName> has been closed between the server and the client on transport tunnel <TunnelID>", "ChannelName": "rdpsnd", "TunnelID": "0"}
{"Timestamp": "2019-08-28 14:22:33.576842Z", "Channel": "Microsoft-Windows-RemoteDesktopServices-RdpCoreTS/Operational", "Provider": "Microsoft-Windows-RemoteDesktopServices-RdpCoreTS", "Hostname": "MSEDGEWIN10", "SID": "S-1-5-20", "EventID": 148, "RecordID": 1424, "Level": "Information", "Descr": "<ChannelName> has been closed between the server and the client on transport tunnel <TunnelID>", "ChannelName": "ms_t120", "TunnelID": "0"}
{"Timestamp": "2019-08-28 14:22:33.576828Z", "Channel": "Microsoft-Windows-RemoteDesktopServices-RdpCoreTS/Operational", "Provider": "Microsoft-Windows-RemoteDesktopServices-RdpCoreTS", "Hostname": "MSEDGEWIN10", "SID": "S-1-5-20", "EventID": 148, "RecordID": 1423, "Level": "Information", "Descr": "<ChannelName> has been closed between the server and the client on transport tunnel <TunnelID>", "ChannelName": "rdpdr", "TunnelID": "0"}
{"Timestamp": "2019-08-28 14:22:33.576589Z", "Channel": "Microsoft-Windows-RemoteDesktopServices-RdpCoreTS/Operational", "Provider": "Microsoft-Windows-RemoteDesktopServices-RdpCoreTS", "Hostname": "MSEDGEWIN10", "SID": "S-1-5-20", "EventID": 148, "RecordID": 1422, "Level": "Information", "Descr": "<ChannelName> has been closed between the server and the client on transport tunnel <TunnelID>", "ChannelName": "ECHO", "TunnelID": "0"}
{"Timestamp": "2019-08-28 14:22:33.576586Z", "Channel": "Microsoft-Windows-RemoteDesktopServices-RdpCoreTS/Operational", "Provider": "Microsoft-Windows-RemoteDesktopServices-RdpCoreTS", "Hostname": "MSEDGEWIN10", "SID": "S-1-5-20", "EventID": 148, "RecordID": 1421, "Level": "Information", "Descr": "<ChannelName> has been closed between the server and the client on transport tunnel <TunnelID>", "ChannelName": "Microsoft::Windows::RDS::Graphics", "TunnelID": "0"}
{"Timestamp": "2019-08-28 14:22:33.576583Z", "Channel": "Microsoft-Windows-RemoteDesktopServices-RdpCoreTS/Operational", "Provider": "Microsoft-Windows-RemoteDesktopServices-RdpCoreTS", "Hostname": "MSEDGEWIN10", "SID": "S-1-5-20", "EventID": 148, "RecordID": 1420, "Level": "Information", "Descr": "<ChannelName> has been closed between the server and the client on transport tunnel <TunnelID>", "ChannelName": "Microsoft::Windows::RDS::Frame_Buffer::Control::v08.01", "TunnelID": "0"}
{"Timestamp": "2019-08-28 14:22:33.576573Z", "Channel": "Microsoft-Windows-RemoteDesktopServices-RdpCoreTS/Operational", "Provider": "Microsoft-Windows-RemoteDesktopServices-RdpCoreTS", "Hostname": "MSEDGEWIN10", "SID": "S-1-5-20", "EventID": 148, "RecordID": 1419, "Level": "Information", "Descr": "<ChannelName> has been closed between the server and the client on transport tunnel <TunnelID>", "ChannelName": "railenc", "TunnelID": "0"}
{"Timestamp": "2019-08-28 14:22:33.576570Z", "Channel": "Microsoft-Windows-RemoteDesktopServices-RdpCoreTS/Operational", "Provider": "Microsoft-Windows-RemoteDesktopServices-RdpCoreTS", "Hostname": "MSEDGEWIN10", "SID": "S-1-5-20", "EventID": 148, "RecordID": 1418, "Level": "Information", "Descr": "<ChannelName> has been closed between the server and the client on transport tunnel <TunnelID>", "ChannelName": "rdpgrfx", "TunnelID": "0"}
{"Timestamp": "2019-08-28 14:22:33.576560Z", "Channel": "Microsoft-Windows-RemoteDesktopServices-RdpCoreTS/Operational", "Provider": "Microsoft-Windows-RemoteDesktopServices-RdpCoreTS", "Hostname": "MSEDGEWIN10", "SID": "S-1-5-20", "EventID": 148, "RecordID": 1417, "Level": "Information", "Descr": "<ChannelName> has been closed between the server and the client on transport tunnel <TunnelID>", "ChannelName": "Microsoft::Windows::RDS::Telemetry", "TunnelID": "0"}
{"Timestamp": "2019-08-28 14:22:33.576557Z", "Channel": "Microsoft-Windows-RemoteDesktopServices-RdpCoreTS/Operational", "Provider": "Microsoft-Windows-RemoteDesktopServices-RdpCoreTS", "Hostname": "MSEDGEWIN10", "SID": "S-1-5-20", "EventID": 148, "RecordID": 1416, "Level": "Information", "Descr": "<ChannelName> has been closed between the server and the client on transport tunnel <TunnelID>", "ChannelName": "rdplic", "TunnelID": "0"}
{"Timestamp": "2019-08-28 14:22:33.576553Z", "Channel": "Microsoft-Windows-RemoteDesktopServices-RdpCoreTS/Operational", "Provider": "Microsoft-Windows-RemoteDesktopServices-RdpCoreTS", "Hostname": "MSEDGEWIN10", "SID": "S-1-5-20", "EventID": 148, "RecordID": 1415, "Level": "Information", "Descr": "<ChannelName> has been closed between the server and the client on transport tunnel <TunnelID>", "ChannelName": "rdpcmd", "TunnelID": "0"}
{"Timestamp": "2019-08-28 14:22:33.576547Z", "Channel": "Microsoft-Windows-RemoteDesktopServices-RdpCoreTS/Operational", "Provider": "Microsoft-Windows-RemoteDesktopServices-RdpCoreTS", "Hostname": "MSEDGEWIN10", "SID": "S-1-5-20", "EventID": 148, "RecordID": 1414, "Level": "Information", "Descr": "<ChannelName> has been closed between the server and the client on transport tunnel <TunnelID>", "ChannelName": "rdpinpt", "TunnelID": "0"}
{"Timestamp": "2019-08-28 14:22:32.196444Z", "Channel": "Microsoft-Windows-RemoteDesktopServices-RdpCoreTS/Operational", "Provider": "Microsoft-Windows-RemoteDesktopServices-RdpCoreTS", "Hostname": "MSEDGEWIN10", "SID": "S-1-5-20", "EventID": 148, "RecordID": 1407, "Level": "Information", "Descr": "<ChannelName> has been closed between the server and the client on transport tunnel <TunnelID>", "ChannelName": "RDCamera_Device_Enumerator", "TunnelID": "0"}
{"Timestamp": "2019-08-28 14:22:32.166854Z", "Channel": "Microsoft-Windows-RemoteDesktopServices-RdpCoreTS/Operational", "Provider": "Microsoft-Windows-RemoteDesktopServices-RdpCoreTS", "Hostname": "MSEDGEWIN10", "SID": "S-1-5-20", "EventID": 148, "RecordID": 1403, "Level": "Information", "Descr": "<ChannelName> has been closed between the server and the client on transport tunnel <TunnelID>", "ChannelName": "Microsoft::Windows::RDS::DisplayControl", "TunnelID": "0"}
{"Timestamp": "2019-08-28 14:22:31.906312Z", "Channel": "Microsoft-Windows-RemoteDesktopServices-RdpCoreTS/Operational", "Provider": "Microsoft-Windows-RemoteDesktopServices-RdpCoreTS", "Hostname": "MSEDGEWIN10", "SID": "S-1-5-20", "EventID": 148, "RecordID": 1401, "Level": "Information", "Descr": "<ChannelName> has been closed between the server and the client on transport tunnel <TunnelID>", "ChannelName": "Microsoft::Windows::RDS::Input", "TunnelID": "0"}
{"Timestamp": "2019-08-28 14:22:31.566969Z", "Channel": "Microsoft-Windows-RemoteDesktopServices-RdpCoreTS/Operational", "Provider": "Microsoft-Windows-RemoteDesktopServices-RdpCoreTS", "Hostname": "MSEDGEWIN10", "SID": "S-1-5-20", "EventID": 148, "RecordID": 1397, "Level": "Information", "Descr": "<ChannelName> has been closed between the server and the client on transport tunnel <TunnelID>", "ChannelName": "AUDIO_PLAYBACK_DVC", "TunnelID": "0"}
{"Timestamp": "2019-08-28 14:22:31.563429Z", "Channel": "Microsoft-Windows-RemoteDesktopServices-RdpCoreTS/Operational", "Provider": "Microsoft-Windows-RemoteDesktopServices-RdpCoreTS", "Hostname": "MSEDGEWIN10", "SID": "S-1-5-20", "EventID": 148, "RecordID": 1394, "Level": "Information", "Descr": "<ChannelName> has been closed between the server and the client on transport tunnel <TunnelID>", "ChannelName": "AUDIO_PLAYBACK_DVC", "TunnelID": "0"}
{"Timestamp": "2019-08-28 14:22:31.113621Z", "Channel": "Microsoft-Windows-RemoteDesktopServices-RdpCoreTS/Operational", "Provider": "Microsoft-Windows-RemoteDesktopServices-RdpCoreTS", "Hostname": "MSEDGEWIN10", "SID": "S-1-5-20", "EventID": 148, "RecordID": 1390, "Level": "Information", "Descr": "<ChannelName> has been closed between the server and the client on transport tunnel <TunnelID>", "ChannelName": "Microsoft::Windows::RDS::Geometry::v08.01", "TunnelID": "0"}
{"Timestamp": "2019-08-28 14:22:29.400585Z", "Channel": "Microsoft-Windows-RemoteDesktopServices-RdpCoreTS/Operational", "Provider": "Microsoft-Windows-RemoteDesktopServices-RdpCoreTS", "Hostname": "MSEDGEWIN10", "SID": "S-1-5-20", "EventID": 148, "RecordID": 1384, "Level": "Information", "Descr": "<ChannelName> has been closed between the server and the client on transport tunnel <TunnelID>", "ChannelName": "rdpsnd", "TunnelID": "0"}
{"Timestamp": "2019-08-28 14:22:29.379696Z", "Channel": "Microsoft-Windows-RemoteDesktopServices-RdpCoreTS/Operational", "Provider": "Microsoft-Windows-RemoteDesktopServices-RdpCoreTS", "Hostname": "MSEDGEWIN10", "SID": "S-1-5-20", "EventID": 148, "RecordID": 1383, "Level": "Information", "Descr": "<ChannelName> has been closed between the server and the client on transport tunnel <TunnelID>", "ChannelName": "rdpdr", "TunnelID": "0"}
{"Timestamp": "2019-08-28 14:22:27.913551Z", "Channel": "Microsoft-Windows-RemoteDesktopServices-RdpCoreTS/Operational", "Provider": "Microsoft-Windows-RemoteDesktopServices-RdpCoreTS", "Hostname": "MSEDGEWIN10", "SID": "S-1-5-20", "EventID": 148, "RecordID": 1373, "Level": "Information", "Descr": "<ChannelName> has been closed between the server and the client on transport tunnel <TunnelID>", "ChannelName": "RDCamera_Device_Enumerator", "TunnelID": "0"}
{"Timestamp": "2019-08-28 14:22:27.906876Z", "Channel": "Microsoft-Windows-RemoteDesktopServices-RdpCoreTS/Operational", "Provider": "Microsoft-Windows-RemoteDesktopServices-RdpCoreTS", "Hostname": "MSEDGEWIN10", "SID": "S-1-5-20", "EventID": 148, "RecordID": 1370, "Level": "Information", "Descr": "<ChannelName> has been closed between the server and the client on transport tunnel <TunnelID>", "ChannelName": "AUDIO_PLAYBACK_DVC", "TunnelID": "0"}
{"Timestamp": "2019-08-28 14:22:27.906225Z", "Channel": "Microsoft-Windows-RemoteDesktopServices-RdpCoreTS/Operational", "Provider": "Microsoft-Windows-RemoteDesktopServices-RdpCoreTS", "Hostname": "MSEDGEWIN10", "SID": "S-1-5-20", "EventID": 148, "RecordID": 1367, "Level": "Information", "Descr": "<ChannelName> has been closed between the server and the client on transport tunnel <TunnelID>", "ChannelName": "AUDIO_PLAYBACK_DVC", "TunnelID": "0"}
{"Timestamp": "2019-08-28 14:22:27.573580Z", "Channel": "Microsoft-Windows-RemoteDesktopServices-RdpCoreTS/Operational", "Provider": "Microsoft-Windows-RemoteDesktopServices-RdpCoreTS", "Hostname": "MSEDGEWIN10", "SID": "S-1-5-20", "EventID": 148, "RecordID": 1362, "Level": "Information", "Descr": "<ChannelName> has been closed between the server and the client on transport tunnel <TunnelID>", "ChannelName": "Microsoft::Windows::RDS::Geometry::v08.01", "TunnelID": "0"}
{"Timestamp": "2019-08-28 14:22:27.573574Z", "Channel": "Microsoft-Windows-RemoteDesktopServices-RdpCoreTS/Operational", "Provider": "Microsoft-Windows-RemoteDesktopServices-RdpCoreTS", "Hostname": "MSEDGEWIN10", "SID": "S-1-5-20", "EventID": 148, "RecordID": 1361, "Level": "Information", "Descr": "<ChannelName> has been closed between the server and the client on transport tunnel <TunnelID>", "ChannelName": "Microsoft::Windows::RDS::Video::Control::v08.01", "TunnelID": "0"}
{"Timestamp": "2019-08-28 14:22:27.573561Z", "Channel": "Microsoft-Windows-RemoteDesktopServices-RdpCoreTS/Operational", "Provider": "Microsoft-Windows-RemoteDesktopServices-RdpCoreTS", "Hostname": "MSEDGEWIN10", "SID": "S-1-5-20", "EventID": 148, "RecordID": 1360, "Level": "Information", "Descr": "<ChannelName> has been closed between the server and the client on transport tunnel <TunnelID>", "ChannelName": "Microsoft::Windows::RDS::Video::Data::v08.01", "TunnelID": "0"}
{"Timestamp": "2019-08-28 14:22:27.517851Z", "Channel": "Microsoft-Windows-RemoteDesktopServices-RdpCoreTS/Operational", "Provider": "Microsoft-Windows-RemoteDesktopServices-RdpCoreTS", "Hostname": "MSEDGEWIN10", "SID": "S-1-5-20", "EventID": 98, "RecordID": 1340, "Level": "Information", "Descr": "A TCP connection has been successfully established"}
{"Timestamp": "2019-08-28 14:22:27.475754Z", "Channel": "Microsoft-Windows-RemoteDesktopServices-RdpCoreTS/Operational", "Provider": "Microsoft-Windows-RemoteDesktopServices-RdpCoreTS", "Hostname": "MSEDGEWIN10", "SID": "S-1-5-20", "EventID": 131, "RecordID": 1324, "Level": "Information", "Descr": "The server accepted a new <Protocol> connection from <IPPort>", "Protocol": "TCP", "IPPort": "10.0.2.16:45820"}
{"Timestamp": "2019-08-28 14:13:36.461603Z", "Channel": "Microsoft-Windows-RemoteDesktopServices-RdpCoreTS/Operational", "Provider": "Microsoft-Windows-RemoteDesktopServices-RdpCoreTS", "Hostname": "MSEDGEWIN10", "SID": "S-1-5-20", "EventID": 148, "RecordID": 1323, "Level": "Information", "Descr": "<ChannelName> has been closed between the server and the client on transport tunnel <TunnelID>", "ChannelName": "Microsoft::Windows::RDS::DisplayControl", "TunnelID": "1"}
{"Timestamp": "2019-08-28 14:52:47.784769Z", "Channel": "Microsoft-Windows-RemoteDesktopServices-RdpCoreTS/Operational", "Provider": "Microsoft-Windows-RemoteDesktopServices-RdpCoreTS", "Hostname": "MSEDGEWIN10", "SID": "S-1-5-20", "EventID": 148, "RecordID": 1550, "Level": "Information", "Descr": "<ChannelName> has been closed between the server and the client on transport tunnel <TunnelID>", "ChannelName": "RDCamera_Device_Enumerator", "TunnelID": "0"}
{"Timestamp": "2019-08-28 14:52:47.779670Z", "Channel": "Microsoft-Windows-RemoteDesktopServices-RdpCoreTS/Operational", "Provider": "Microsoft-Windows-RemoteDesktopServices-RdpCoreTS", "Hostname": "MSEDGEWIN10", "SID": "S-1-5-20", "EventID": 148, "RecordID": 1547, "Level": "Information", "Descr": "<ChannelName> has been closed between the server and the client on transport tunnel <TunnelID>", "ChannelName": "rdpdr", "TunnelID": "0"}
{"Timestamp": "2019-08-28 14:52:47.598417Z", "Channel": "Microsoft-Windows-RemoteDesktopServices-RdpCoreTS/Operational", "Provider": "Microsoft-Windows-RemoteDesktopServices-RdpCoreTS", "Hostname": "MSEDGEWIN10", "SID": "S-1-5-20", "EventID": 148, "RecordID": 1544, "Level": "Information", "Descr": "<ChannelName> has been closed between the server and the client on transport tunnel <TunnelID>", "ChannelName": "Microsoft::Windows::RDS::Geometry::v08.01", "TunnelID": "0"}
{"Timestamp": "2019-08-28 14:52:47.598410Z", "Channel": "Microsoft-Windows-RemoteDesktopServices-RdpCoreTS/Operational", "Provider": "Microsoft-Windows-RemoteDesktopServices-RdpCoreTS", "Hostname": "MSEDGEWIN10", "SID": "S-1-5-20", "EventID": 148, "RecordID": 1543, "Level": "Information", "Descr": "<ChannelName> has been closed between the server and the client on transport tunnel <TunnelID>", "ChannelName": "Microsoft::Windows::RDS::Video::Control::v08.01", "TunnelID": "0"}
{"Timestamp": "2019-08-28 14:52:47.598395Z", "Channel": "Microsoft-Windows-RemoteDesktopServices-RdpCoreTS/Operational", "Provider": "Microsoft-Windows-RemoteDesktopServices-RdpCoreTS", "Hostname": "MSEDGEWIN10", "SID": "S-1-5-20", "EventID": 148, "RecordID": 1542, "Level": "Information", "Descr": "<ChannelName> has been closed between the server and the client on transport tunnel <TunnelID>", "ChannelName": "Microsoft::Windows::RDS::Video::Data::v08.01", "TunnelID": "0"}
{"Timestamp": "2019-08-28 14:52:45.543819Z", "Channel": "Microsoft-Windows-RemoteDesktopServices-RdpCoreTS/Operational", "Provider": "Microsoft-Windows-RemoteDesktopServices-RdpCoreTS", "Hostname": "MSEDGEWIN10", "SID": "S-1-5-20", "EventID": 98, "RecordID": 1522, "Level": "Information", "Descr": "A TCP connection has been successfully established"}
{"Timestamp": "2019-08-28 14:52:40.476819Z", "Channel": "Microsoft-Windows-RemoteDesktopServices-RdpCoreTS/Operational", "Provider": "Microsoft-Windows-RemoteDesktopServices-RdpCoreTS", "Hostname": "MSEDGEWIN10", "SID": "S-1-5-20", "EventID": 131, "RecordID": 1506, "Level": "Information", "Descr": "The server accepted a new <Protocol> connection from <IPPort>", "Protocol": "TCP", "IPPort": "10.0.2.17:54988"}
{"Timestamp": "2019-08-28 14:51:36.250029Z", "Channel": "Microsoft-Windows-RemoteDesktopServices-RdpCoreTS/Operational", "Provider": "Microsoft-Windows-RemoteDesktopServices-RdpCoreTS", "Hostname": "MSEDGEWIN10", "SID": "S-1-5-20", "EventID": 148, "RecordID": 1498, "Level": "Information", "Descr": "<ChannelName> has been closed between the server and the client on transport tunnel <TunnelID>", "ChannelName": "ms_t120", "TunnelID": "0"}
{"Timestamp": "2019-08-28 14:51:36.249998Z", "Channel": "Microsoft-Windows-RemoteDesktopServices-RdpCoreTS/Operational", "Provider": "Microsoft-Windows-RemoteDesktopServices-RdpCoreTS", "Hostname": "MSEDGEWIN10", "SID": "S-1-5-20", "EventID": 148, "RecordID": 1497, "Level": "Information", "Descr": "<ChannelName> has been closed between the server and the client on transport tunnel <TunnelID>", "ChannelName": "rdpdr", "TunnelID": "0"}
{"Timestamp": "2019-08-28 14:51:36.249986Z", "Channel": "Microsoft-Windows-RemoteDesktopServices-RdpCoreTS/Operational", "Provider": "Microsoft-Windows-RemoteDesktopServices-RdpCoreTS", "Hostname": "MSEDGEWIN10", "SID": "S-1-5-20", "EventID": 148, "RecordID": 1496, "Level": "Information", "Descr": "<ChannelName> has been closed between the server and the client on transport tunnel <TunnelID>", "ChannelName": "ECHO", "TunnelID": "0"}
