{"Timestamp": "2019-03-19 23:35:15.295376Z", "Channel": "Security", "Provider": "Microsoft-Windows-Security-Auditing", "Hostname": "PC01.example.corp", "SID": "S-1-5-19", "EventID": 4663, "RecordID": 452830, "Level": "0", "Descr": "An attempt was made to access an object", "Username": "LOCAL SERVICE", "Domain": "NT AUTHORITY", "LogonId": "0x3e5", "ObjectServer": "Security", "ObjectType": "Key", "ObjectName": "\\REGISTRY\\MACHINE\\SYSTEM\\ControlSet001\\Control\\Lsa", "HandleId": "0x520", "AccessList": "Query key value", "AccessMask": "0x1", "ProcessId": "0x5a8", "ProcessPath": "C:\\Windows\\System32\\svchost.exe"}
{"Timestamp": "2019-03-19 23:35:15.295376Z", "Channel": "Security", "Provider": "Microsoft-Windows-Security-Auditing", "Hostname": "PC01.example.corp", "SID": "S-1-5-19", "EventID": 4663, "RecordID": 452829, "Level": "0", "Descr": "An attempt was made to access an object", "Username": "LOCAL SERVICE", "Domain": "NT AUTHORITY", "LogonId": "0x3e5", "ObjectServer": "Security", "ObjectType": "Key", "ObjectName": "\\REGISTRY\\MACHINE\\SYSTEM\\ControlSet001\\Control\\Lsa\\FipsAlgorithmPolicy", "HandleId": "0x468", "AccessList": "Query key value", "AccessMask": "0x1", "ProcessId": "0x5a8", "ProcessPath": "C:\\Windows\\System32\\svchost.exe"}
{"Timestamp": "2019-03-19 23:35:15.295376Z", "Channel": "Security", "Provider": "Microsoft-Windows-Security-Auditing", "Hostname": "PC01.example.corp", "SID": "S-1-5-19", "EventID": 4663, "RecordID": 452828, "Level": "0", "Descr": "An attempt was made to access an object", "Username": "LOCAL SERVICE", "Domain": "NT AUTHORITY", "LogonId": "0x3e5", "ObjectServer": "Security", "ObjectType": "Key", "ObjectName": "\\REGISTRY\\MACHINE\\SYSTEM\\ControlSet001\\Control\\Lsa", "HandleId": "0x468", "AccessList": "Query key value", "AccessMask": "0x1", "ProcessId": "0x5a8", "ProcessPath": "C:\\Windows\\System32\\svchost.exe"}
{"Timestamp": "2019-03-19 23:35:15.295376Z", "Channel": "Security", "Provider": "Microsoft-Windows-Security-Auditing", "Hostname": "PC01.example.corp", "SID": "S-1-5-19", "EventID": 4663, "RecordID": 452827, "Level": "0", "Descr": "An attempt was made to access an object", "Username": "LOCAL SERVICE", "Domain": "NT AUTHORITY", "LogonId": "0x3e5", "ObjectServer": "Security", "ObjectType": "Key", "ObjectName": "\\REGISTRY\\MACHINE\\SYSTEM\\ControlSet001\\Control\\Lsa\\FipsAlgorithmPolicy", "HandleId": "0x520", "AccessList": "Query key value", "AccessMask": "0x1", "ProcessId": "0x5a8", "ProcessPath": "C:\\Windows\\System32\\svchost.exe"}
{"Timestamp": "2019-03-19 23:35:15.215261Z", "Channel": "Security", "Provider": "Microsoft-Windows-Security-Auditing", "Hostname": "PC01.example.corp", "SID": "S-1-5-19", "EventID": 4663, "RecordID": 452826, "Level": "0", "Descr": "An attempt was made to access an object", "Username": "LOCAL SERVICE", "Domain": "NT AUTHORITY", "LogonId": "0x3e5", "ObjectServer": "Security", "ObjectType": "Key", "ObjectName": "\\REGISTRY\\MACHINE\\SYSTEM\\ControlSet001\\Control\\Lsa", "HandleId": "0x520", "AccessList": "Query key value", "AccessMask": "0x1", "ProcessId": "0x5a8", "ProcessPath": "C:\\Windows\\System32\\svchost.exe"}
{"Timestamp": "2019-03-19 23:35:15.215261Z", "Channel": "Security", "Provider": "Microsoft-Windows-Security-Auditing", "Hostname": "PC01.example.corp", "SID": "S-1-5-19", "EventID": 4663, "RecordID": 452825, "Level": "0", "Descr": "An attempt was made to access an object", "Username": "LOCAL SERVICE", "Domain": "NT AUTHORITY", "LogonId": "0x3e5", "ObjectServer": "Security", "ObjectType": "Key", "ObjectName": "\\REGISTRY\\MACHINE\\SYSTEM\\ControlSet001\\Control\\Lsa\\FipsAlgorithmPolicy", "HandleId": "0x468", "AccessList": "Query key value", "AccessMask": "0x1", "ProcessId": "0x5a8", "ProcessPath": "C:\\Windows\\System32\\svchost.exe"}
{"Timestamp": "2019-03-19 23:35:15.215261Z", "Channel": "Security", "Provider": "Microsoft-Windows-Security-Auditing", "Hostname": "PC01.example.corp", "SID": "S-1-5-19", "EventID": 4663, "RecordID": 452824, "Level": "0", "Descr": "An attempt was made to access an object", "Username": "LOCAL SERVICE", "Domain": "NT AUTHORITY", "LogonId": "0x3e5", "ObjectServer": "Security", "ObjectType": "Key", "ObjectName": "\\REGISTRY\\MACHINE\\SYSTEM\\ControlSet001\\Control\\Lsa", "HandleId": "0x468", "AccessList": "Query key value", "AccessMask": "0x1", "ProcessId": "0x5a8", "ProcessPath": "C:\\Windows\\System32\\svchost.exe"}
{"Timestamp": "2019-03-19 23:35:15.205246Z", "Channel": "Security", "Provider": "Microsoft-Windows-Security-Auditing", "Hostname": "PC01.example.corp", "SID": "S-1-5-19", "EventID": 4663, "RecordID": 452823, "Level": "0", "Descr": "An attempt was made to access an object", "Username": "LOCAL SERVICE", "Domain": "NT AUTHORITY", "LogonId": "0x3e5", "ObjectServer": "Security", "ObjectType": "Key", "ObjectName": "\\REGISTRY\\MACHINE\\SYSTEM\\ControlSet001\\Control\\Lsa\\FipsAlgorithmPolicy", "HandleId": "0x520", "AccessList": "Query key value", "AccessMask": "0x1", "ProcessId": "0x5a8", "ProcessPath": "C:\\Windows\\System32\\svchost.exe"}
{"Timestamp": "2019-03-19 23:35:15.185218Z", "Channel": "Security", "Provider": "Microsoft-Windows-Security-Auditing", "Hostname": "PC01.example.corp", "SID": "S-1-5-19", "EventID": 4663, "RecordID": 452822, "Level": "0", "Descr": "An attempt was made to access an object", "Username": "LOCAL SERVICE", "Domain": "NT AUTHORITY", "LogonId": "0x3e5", "ObjectServer": "Security", "ObjectType": "Key", "ObjectName": "\\REGISTRY\\MACHINE\\SYSTEM\\ControlSet001\\Control\\Lsa", "HandleId": "0x520", "AccessList": "Query key value", "AccessMask": "0x1", "ProcessId": "0x5a8", "ProcessPath": "C:\\Windows\\System32\\svchost.exe"}
{"Timestamp": "2019-03-19 23:35:15.185218Z", "Channel": "Security", "Provider": "Microsoft-Windows-Security-Auditing", "Hostname": "PC01.example.corp", "SID": "S-1-5-19", "EventID": 4663, "RecordID": 452821, "Level": "0", "Descr": "An attempt was made to access an object", "Username": "LOCAL SERVICE", "Domain": "NT AUTHORITY", "LogonId": "0x3e5", "ObjectServer": "Security", "ObjectType": "Key", "ObjectName": "\\REGISTRY\\MACHINE\\SYSTEM\\ControlSet001\\Control\\Lsa\\FipsAlgorithmPolicy", "HandleId": "0x468", "AccessList": "Query key value", "AccessMask": "0x1", "ProcessId": "0x5a8", "ProcessPath": "C:\\Windows\\System32\\svchost.exe"}
{"Timestamp": "2019-03-19 23:35:15.045016Z", "Channel": "Security", "Provider": "Microsoft-Windows-Security-Auditing", "Hostname": "PC01.example.corp", "SID": "S-1-5-19", "EventID": 4663, "RecordID": 452820, "Level": "0", "Descr": "An attempt was made to access an object", "Username": "LOCAL SERVICE", "Domain": "NT AUTHORITY", "LogonId": "0x3e5", "ObjectServer": "Security", "ObjectType": "Key", "ObjectName": "\\REGISTRY\\MACHINE\\SYSTEM\\ControlSet001\\Control\\Lsa", "HandleId": "0x468", "AccessList": "Query key value", "AccessMask": "0x1", "ProcessId": "0x5a8", "ProcessPath": "C:\\Windows\\System32\\svchost.exe"}
{"Timestamp": "2019-03-19 23:35:15.045016Z", "Channel": "Security", "Provider": "Microsoft-Windows-Security-Auditing", "Hostname": "PC01.example.corp", "SID": "S-1-5-19", "EventID": 4663, "RecordID": 452819, "Level": "0", "Descr": "An attempt was made to access an object", "Username": "LOCAL SERVICE", "Domain": "NT AUTHORITY", "LogonId": "0x3e5", "ObjectServer": "Security", "ObjectType": "Key", "ObjectName": "\\REGISTRY\\MACHINE\\SYSTEM\\ControlSet001\\Control\\Lsa\\FipsAlgorithmPolicy", "HandleId": "0x520", "AccessList": "Query key value", "AccessMask": "0x1", "ProcessId": "0x5a8", "ProcessPath": "C:\\Windows\\System32\\svchost.exe"}
{"Timestamp": "2019-03-19 23:35:14.904814Z", "Channel": "Security", "Provider": "Microsoft-Windows-Security-Auditing", "Hostname": "PC01.example.corp", "SID": "S-1-5-19", "EventID": 4663, "RecordID": 452818, "Level": "0", "Descr": "An attempt was made to access an object", "Username": "LOCAL SERVICE", "Domain": "NT AUTHORITY", "LogonId": "0x3e5", "ObjectServer": "Security", "ObjectType": "Key", "ObjectName": "\\REGISTRY\\MACHINE\\SYSTEM\\ControlSet001\\Control\\Lsa", "HandleId": "0x520", "AccessList": "Query key value", "AccessMask": "0x1", "ProcessId": "0x5a8", "ProcessPath": "C:\\Windows\\System32\\svchost.exe"}
{"Timestamp": "2019-03-19 23:35:14.904814Z", "Channel": "Security", "Provider": "Microsoft-Windows-Security-Auditing", "Hostname": "PC01.example.corp", "SID": "S-1-5-19", "EventID": 4663, "RecordID": 452817, "Level": "0", "Descr": "An attempt was made to access an object", "Username": "LOCAL SERVICE", "Domain": "NT AUTHORITY", "LogonId": "0x3e5", "ObjectServer": "Security", "ObjectType": "Key", "ObjectName": "\\REGISTRY\\MACHINE\\SYSTEM\\ControlSet001\\Control\\Lsa\\FipsAlgorithmPolicy", "HandleId": "0x468", "AccessList": "Query key value", "AccessMask": "0x1", "ProcessId": "0x5a8", "ProcessPath": "C:\\Windows\\System32\\svchost.exe"}
{"Timestamp": "2019-03-19 23:35:14.764613Z", "Channel": "Security", "Provider": "Microsoft-Windows-Security-Auditing", "Hostname": "PC01.example.corp", "SID": "S-1-5-19", "EventID": 4663, "RecordID": 452816, "Level": "0", "Descr": "An attempt was made to access an object", "Username": "LOCAL SERVICE", "Domain": "NT AUTHORITY", "LogonId": "0x3e5", "ObjectServer": "Security", "ObjectType": "Key", "ObjectName": "\\REGISTRY\\MACHINE\\SYSTEM\\ControlSet001\\Control\\Lsa", "HandleId": "0x468", "AccessList": "Query key value", "AccessMask": "0x1", "ProcessId": "0x5a8", "ProcessPath": "C:\\Windows\\System32\\svchost.exe"}
{"Timestamp": "2019-03-19 23:35:14.764613Z", "Channel": "Security", "Provider": "Microsoft-Windows-Security-Auditing", "Hostname": "PC01.example.corp", "SID": "S-1-5-19", "EventID": 4663, "RecordID": 452815, "Level": "0", "Descr": "An attempt was made to access an object", "Username": "LOCAL SERVICE", "Domain": "NT AUTHORITY", "LogonId": "0x3e5", "ObjectServer": "Security", "ObjectType": "Key", "ObjectName": "\\REGISTRY\\MACHINE\\SYSTEM\\ControlSet001\\Control\\Lsa\\FipsAlgorithmPolicy", "HandleId": "0x520", "AccessList": "Query key value", "AccessMask": "0x1", "ProcessId": "0x5a8", "ProcessPath": "C:\\Windows\\System32\\svchost.exe"}
{"Timestamp": "2019-03-19 23:35:14.634426Z", "Channel": "Security", "Provider": "Microsoft-Windows-Security-Auditing", "Hostname": "PC01.example.corp", "SID": "S-1-5-19", "EventID": 4663, "RecordID": 452814, "Level": "0", "Descr": "An attempt was made to access an object", "Username": "LOCAL SERVICE", "Domain": "NT AUTHORITY", "LogonId": "0x3e5", "ObjectServer": "Security", "ObjectType": "Key", "ObjectName": "\\REGISTRY\\MACHINE\\SYSTEM\\ControlSet001\\Control\\Lsa", "HandleId": "0x520", "AccessList": "Query key value", "AccessMask": "0x1", "ProcessId": "0x5a8", "ProcessPath": "C:\\Windows\\System32\\svchost.exe"}
{"Timestamp": "2019-03-19 23:35:14.634426Z", "Channel": "Security", "Provider": "Microsoft-Windows-Security-Auditing", "Hostname": "PC01.example.corp", "SID": "S-1-5-19", "EventID": 4663, "RecordID": 452813, "Level": "0", "Descr": "An attempt was made to access an object", "Username": "LOCAL SERVICE", "Domain": "NT AUTHORITY", "LogonId": "0x3e5", "ObjectServer": "Security", "ObjectType": "Key", "ObjectName": "\\REGISTRY\\MACHINE\\SYSTEM\\ControlSet001\\Control\\Lsa\\FipsAlgorithmPolicy", "HandleId": "0x468", "AccessList": "Query key value", "AccessMask": "0x1", "ProcessId": "0x5a8", "ProcessPath": "C:\\Windows\\System32\\svchost.exe"}
{"Timestamp": "2019-03-19 23:35:08.786016Z", "Channel": "Security", "Provider": "Microsoft-Windows-Security-Auditing", "Hostname": "PC01.example.corp", "SID": null, "EventID": 5156, "RecordID": 452812, "Level": "0", "Descr": "The Windows Filtering Platform has permitted a connection", "ProcessPath": "\\device\\harddiskvolume1\\windows\\system32\\svchost.exe", "Direction": "Outbound", "TargetIP": "ff02::1:2", "TargetPort": "547", "Protocol+": "17", "Protocol": "17", "TargetSID": "S-1-0-0", "TargetMachineSID": "S-1-0-0"}
{"Timestamp": "2019-03-19 23:35:07.524202Z", "Channel": "Security", "Provider": "Microsoft-Windows-Eventlog", "Hostname": "PC01.example.corp", "SID": "S-1-5-21-1587066498-1489273250-1035260531-1106", "EventID": 1102, "RecordID": 452811, "Level": "Information", "Descr": "The audit log was cleared", "Username": "user01", "Domain": "EXAMPLE", "LogonId": "0x17dad"}
{"Timestamp": "2019-03-19 23:35:15.365477Z", "Channel": "Security", "Provider": "Microsoft-Windows-Security-Auditing", "Hostname": "PC01.example.corp", "SID": "S-1-5-19", "EventID": 4663, "RecordID": 452922, "Level": "0", "Descr": "An attempt was made to access an object", "Username": "LOCAL SERVICE", "Domain": "NT AUTHORITY", "LogonId": "0x3e5", "ObjectServer": "Security", "ObjectType": "Key", "ObjectName": "\\REGISTRY\\MACHINE\\SYSTEM\\ControlSet001\\Control\\Lsa", "HandleId": "0x420", "AccessList": "Query key value", "AccessMask": "0x1", "ProcessId": "0x5a8", "ProcessPath": "C:\\Windows\\System32\\svchost.exe"}
{"Timestamp": "2019-03-19 23:35:15.365477Z", "Channel": "Security", "Provider": "Microsoft-Windows-Security-Auditing", "Hostname": "PC01.example.corp", "SID": "S-1-5-19", "EventID": 4663, "RecordID": 452921, "Level": "0", "Descr": "An attempt was made to access an object", "Username": "LOCAL SERVICE", "Domain": "NT AUTHORITY", "LogonId": "0x3e5", "ObjectServer": "Security", "ObjectType": "Key", "ObjectName": "\\REGISTRY\\MACHINE\\SYSTEM\\ControlSet001\\Control\\Lsa\\FipsAlgorithmPolicy", "HandleId": "0x1ac", "AccessList": "Query key value", "AccessMask": "0x1", "ProcessId": "0x5a8", "ProcessPath": "C:\\Windows\\System32\\svchost.exe"}
{"Timestamp": "2019-03-19 23:35:15.365477Z", "Channel": "Security", "Provider": "Microsoft-Windows-Security-Auditing", "Hostname": "PC01.example.corp", "SID": "S-1-5-19", "EventID": 4663, "RecordID": 452920, "Level": "0", "Descr": "An attempt was made to access an object", "Username": "LOCAL SERVICE", "Domain": "NT AUTHORITY", "LogonId": "0x3e5", "ObjectServer": "Security", "ObjectType": "Key", "ObjectName": "\\REGISTRY\\MACHINE\\SYSTEM\\ControlSet001\\Control\\Lsa", "HandleId": "0x1ac", "AccessList": "Query key value", "AccessMask": "0x1", "ProcessId": "0x5a8", "ProcessPath": "C:\\Windows\\System32\\svchost.exe"}
{"Timestamp": "2019-03-19 23:35:15.365477Z", "Channel": "Security", "Provider": "Microsoft-Windows-Security-Auditing", "Hostname": "PC01.example.corp", "SID": "S-1-5-19", "EventID": 4663, "RecordID": 452919, "Level": "0", "Descr": "An attempt was made to access an object", "Username": "LOCAL SERVICE", "Domain": "NT AUTHORITY", "LogonId": "0x3e5", "ObjectServer": "Security", "ObjectType": "Key", "ObjectName": "\\REGISTRY\\MACHINE\\SYSTEM\\ControlSet001\\Control\\Lsa\\FipsAlgorithmPolicy", "HandleId": "0x420", "AccessList": "Query key value", "AccessMask": "0x1", "ProcessId": "0x5a8", "ProcessPath": "C:\\Windows\\System32\\svchost.exe"}
{"Timestamp": "2019-03-19 23:35:15.335434Z", "Channel": "Security", "Provider": "Microsoft-Windows-Security-Auditing", "Hostname": "PC01.example.corp", "SID": "S-1-5-19", "EventID": 4663, "RecordID": 452918, "Level": "0", "Descr": "An attempt was made to access an object", "Username": "LOCAL SERVICE", "Domain": "NT AUTHORITY", "LogonId": "0x3e5", "ObjectServer": "Security", "ObjectType": "Key", "ObjectName": "\\REGISTRY\\MACHINE\\SYSTEM\\ControlSet001\\Control\\Lsa", "HandleId": "0x420", "AccessList": "Query key value", "AccessMask": "0x1", "ProcessId": "0x5a8", "ProcessPath": "C:\\Windows\\System32\\svchost.exe"}
{"Timestamp": "2019-03-19 23:35:15.335434Z", "Channel": "Security", "Provider": "Microsoft-Windows-Security-Auditing", "Hostname": "PC01.example.corp", "SID": "S-1-5-19", "EventID": 4663, "RecordID": 452917, "Level": "0", "Descr": "An attempt was made to access an object", "Username": "LOCAL SERVICE", "Domain": "NT AUTHORITY", "LogonId": "0x3e5", "ObjectServer": "Security", "ObjectType": "Key", "ObjectName": "\\REGISTRY\\MACHINE\\SYSTEM\\ControlSet001\\Control\\Lsa\\FipsAlgorithmPolicy", "HandleId": "0x1ac", "AccessList": "Query key value", "AccessMask": "0x1", "ProcessId": "0x5a8", "ProcessPath": "C:\\Windows\\System32\\svchost.exe"}
{"Timestamp": "2019-03-19 23:35:15.335434Z", "Channel": "Security", "Provider": "Microsoft-Windows-Security-Auditing", "Hostname": "PC01.example.corp", "SID": "S-1-5-19", "EventID": 4663, "RecordID": 452916, "Level": "0", "Descr": "An attempt was made to access an object", "Username": "LOCAL SERVICE", "Domain": "NT AUTHORITY", "LogonId": "0x3e5", "ObjectServer": "Security", "ObjectType": "Key", "ObjectName": "\\REGISTRY\\MACHINE\\SYSTEM\\ControlSet001\\Control\\Lsa", "HandleId": "0x1ac", "AccessList": "Query key value", "AccessMask": "0x1", "ProcessId": "0x5a8", "ProcessPath": "C:\\Windows\\System32\\svchost.exe"}
{"Timestamp": "2019-03-19 23:35:15.335434Z", "Channel": "Security", "Provider": "Microsoft-Windows-Security-Auditing", "Hostname": "PC01.example.corp", "SID": "S-1-5-19", "EventID": 4663, "RecordID": 452915, "Level": "0", "Descr": "An attempt was made to access an object", "Username": "LOCAL SERVICE", "Domain": "NT AUTHORITY", "LogonId": "0x3e5", "ObjectServer": "Security", "ObjectType": "Key", "ObjectName": "\\REGISTRY\\MACHINE\\SYSTEM\\ControlSet001\\Control\\Lsa\\FipsAlgorithmPolicy", "HandleId": "0x420", "AccessList": "Query key value", "AccessMask": "0x1", "ProcessId": "0x5a8", "ProcessPath": "C:\\Windows\\System32\\svchost.exe"}
{"Timestamp": "2019-03-19 23:35:15.335434Z", "Channel": "Security", "Provider": "Microsoft-Windows-Security-Auditing", "Hostname": "PC01.example.corp", "SID": "S-1-5-19", "EventID": 4663, "RecordID": 452914, "Level": "0", "Descr": "An attempt was made to access an object", "Username": "LOCAL SERVICE", "Domain": "NT AUTHORITY", "LogonId": "0x3e5", "ObjectServer": "Security", "ObjectType": "Key", "ObjectName": "\\REGISTRY\\MACHINE\\SYSTEM\\ControlSet001\\Control\\Lsa", "HandleId": "0x420", "AccessList": "Query key value", "AccessMask": "0x1", "ProcessId": "0x5a8", "ProcessPath": "C:\\Windows\\System32\\svchost.exe"}
{"Timestamp": "2019-03-19 23:35:15.335434Z", "Channel": "Security", "Provider": "Microsoft-Windows-Security-Auditing", "Hostname": "PC01.example.corp", "SID": "S-1-5-19", "EventID": 4663, "RecordID": 452913, "Level": "0", "Descr": "An attempt was made to access an object", "Username": "LOCAL SERVICE", "Domain": "NT AUTHORITY", "LogonId": "0x3e5", "ObjectServer": "Security", "ObjectType": "Key", "ObjectName": "\\REGISTRY\\MACHINE\\SYSTEM\\ControlSet001\\Control\\Lsa\\FipsAlgorithmPolicy", "HandleId": "0x1ac", "AccessList": "Query key value", "AccessMask": "0x1", "ProcessId": "0x5a8", "ProcessPath": "C:\\Windows\\System32\\svchost.exe"}
{"Timestamp": "2019-03-19 23:35:15.335434Z", "Channel": "Security", "Provider": "Microsoft-Windows-Security-Auditing", "Hostname": "PC01.example.corp", "SID": "S-1-5-19", "EventID": 4663, "RecordID": 452912, "Level": "0", "Descr": "An attempt was made to access an object", "Username": "LOCAL SERVICE", "Domain": "NT AUTHORITY", "LogonId": "0x3e5", "ObjectServer": "Security", "ObjectType": "Key", "ObjectName": "\\REGISTRY\\MACHINE\\SYSTEM\\ControlSet001\\Control\\Lsa", "HandleId": "0x1ac", "AccessList": "Query key value", "AccessMask": "0x1", "ProcessId": "0x5a8", "ProcessPath": "C:\\Windows\\System32\\svchost.exe"}
{"Timestamp": "2019-03-19 23:35:15.335434Z", "Channel": "Security", "Provider": "Microsoft-Windows-Security-Auditing", "Hostname": "PC01.example.corp", "SID": "S-1-5-19", "EventID": 4663, "RecordID": 452911, "Level": "0", "Descr": "An attempt was made to access an object", "Username": "LOCAL SERVICE", "Domain": "NT AUTHORITY", "LogonId": "0x3e5", "ObjectServer": "Security", "ObjectType": "Key", "ObjectName": "\\REGISTRY\\MACHINE\\SYSTEM\\ControlSet001\\Control\\Lsa\\FipsAlgorithmPolicy", "HandleId": "0x420", "AccessList": "Query key value", "AccessMask": "0x1", "ProcessId": "0x5a8", "ProcessPath": "C:\\Windows\\System32\\svchost.exe"}
{"Timestamp": "2019-03-19 23:35:15.335434Z", "Channel": "Security", "Provider": "Microsoft-Windows-Security-Auditing", "Hostname": "PC01.example.corp", "SID": "S-1-5-19", "EventID": 4663, "RecordID": 452910, "Level": "0", "Descr": "An attempt was made to access an object", "Username": "LOCAL SERVICE", "Domain": "NT AUTHORITY", "LogonId": "0x3e5", "ObjectServer": "Security", "ObjectType": "Key", "ObjectName": "\\REGISTRY\\MACHINE\\SYSTEM\\ControlSet001\\Control\\Lsa", "HandleId": "0x420", "AccessList": "Query key value", "AccessMask": "0x1", "ProcessId": "0x5a8", "ProcessPath": "C:\\Windows\\System32\\svchost.exe"}
{"Timestamp": "2019-03-19 23:35:15.335434Z", "Channel": "Security", "Provider": "Microsoft-Windows-Security-Auditing", "Hostname": "PC01.example.corp", "SID": "S-1-5-19", "EventID": 4663, "RecordID": 452909, "Level": "0", "Descr": "An attempt was made to access an object", "Username": "LOCAL SERVICE", "Domain": "NT AUTHORITY", "LogonId": "0x3e5", "ObjectServer": "Security", "ObjectType": "Key", "ObjectName": "\\REGISTRY\\MACHINE\\SYSTEM\\ControlSet001\\Control\\Lsa\\FipsAlgorithmPolicy", "HandleId": "0x1ac", "AccessList": "Query key value", "AccessMask": "0x1", "ProcessId": "0x5a8", "ProcessPath": "C:\\Windows\\System32\\svchost.exe"}
{"Timestamp": "2019-03-19 23:35:15.335434Z", "Channel": "Security", "Provider": "Microsoft-Windows-Security-Auditing", "Hostname": "PC01.example.corp", "SID": "S-1-5-19", "EventID": 4663, "RecordID": 452908, "Level": "0", "Descr": "An attempt was made to access an object", "Username": "LOCAL SERVICE", "Domain": "NT AUTHORITY", "LogonId": "0x3e5", "ObjectServer": "Security", "ObjectType": "Key", "ObjectName": "\\REGISTRY\\MACHINE\\SYSTEM\\ControlSet001\\Control\\Lsa", "HandleId": "0x1ac", "AccessList": "Query key value", "AccessMask": "0x1", "ProcessId": "0x5a8", "ProcessPath": "C:\\Windows\\System32\\svchost.exe"}
{"Timestamp": "2019-03-19 23:35:15.335434Z", "Channel": "Security", "Provider": "Microsoft-Windows-Security-Auditing", "Hostname": "PC01.example.corp", "SID": "S-1-5-19", "EventID": 4663, "RecordID": 452907, "Level": "0", "Descr": "An attempt was made to access an object", "Username": "LOCAL SERVICE", "Domain": "NT AUTHORITY", "LogonId": "0x3e5", "ObjectServer": "Security", "ObjectType": "Key", "ObjectName": "\\REGISTRY\\MACHINE\\SYSTEM\\ControlSet001\\Control\\Lsa\\FipsAlgorithmPolicy", "HandleId": "0x420", "AccessList": "Query key value", "AccessMask": "0x1", "ProcessId": "0x5a8", "ProcessPath": "C:\\Windows\\System32\\svchost.exe"}
{"Timestamp": "2019-03-19 23:35:15.335434Z", "Channel": "Security", "Provider": "Microsoft-Windows-Security-Auditing", "Hostname": "PC01.example.corp", "SID": "S-1-5-19", "EventID": 4663, "RecordID": 452906, "Level": "0", "Descr": "An attempt was made to access an object", "Username": "LOCAL SERVICE", "Domain": "NT AUTHORITY", "LogonId": "0x3e5", "ObjectServer": "Security", "ObjectType": "Key", "ObjectName": "\\REGISTRY\\MACHINE\\SYSTEM\\ControlSet001\\Control\\Lsa", "HandleId": "0x420", "AccessList": "Query key value", "AccessMask": "0x1", "ProcessId": "0x5a8", "ProcessPath": "C:\\Windows\\System32\\svchost.exe"}
{"Timestamp": "2020-07-19 13:06:52.199855Z", "Channel": "Security", "Provider": "Microsoft-Windows-Security-Auditing", "Hostname": "01566s-win16-ir.threebeesco.com", "SID": "S-1-5-21-308926384-506822093-3341789130-107103", "EventID": 5145, "RecordID": 886983, "Level": "0", "Descr": "A network share object was checked to see whether client can be granted desired access", "Username": "backdoor", "Domain": "3B", "LogonId": "0x4e5197", "ObjectType": "File", "IP": "172.16.66.1", "Port": "52415", "ShareName": "\\\\*\\IPC$", "ShareLocalPath": null, "RelativeTargetName": "protected_storage", "AccessMask": "0x12019f", "AccessList": "READ_CONTROL, SYNCHRONIZE, ReadData (or ListDirectory), WriteData (or AddFile), AppendData (or AddSubdirectory or CreatePipeInstance), ReadEA, WriteEA, ReadAttributes, WriteAttributes", "AccessReason": "-"}
{"Timestamp": "2020-09-16 09:32:13.647155Z", "Channel": "Security", "Provider": "Microsoft-Windows-Security-Auditing", "Hostname": "01566s-win16-ir.threebeesco.com", "SID": "S-1-5-18", "EventID": 4720, "RecordID": 769634, "Level": "0", "Descr": "A user account was created", "TargetUsername": "$", "TargetDomain": "3B", "Username": "01566S-WIN16-IR$", "Domain": "3B", "LogonId": "0x3e7", "PrivilegeList": "-", "SamAccountName": "$", "DisplayName": "<value not set>", "UserPrincipalName": "-", "HomeDirectory": "<value not set>", "HomePath": "<value not set>", "ScriptPath": "<value not set>", "ProfilePath": "<value not set>", "UserWorkstations": "<value not set>", "PasswordLastSet": "<never>", "AccountExpires": "<never>", "PrimaryGroupId": "513", "AllowedToDelegateTo": "-", "OldUacFlags+": "0x0", "OldUacFlags": "0x0", "UserAccountControl": "Account Disabled, 'Password Not Required' - Enabled, 'Normal Account' - Enabled", "SIDHistory": "-", "LogonHours": "<value not set>"}
{"Timestamp": "2020-09-16 09:31:19.133272Z", "Channel": "Security", "Provider": "Microsoft-Windows-Security-Auditing", "Hostname": "01566s-win16-ir.threebeesco.com", "SID": "S-1-5-18", "EventID": 4720, "RecordID": 769629, "Level": "0", "Descr": "A user account was created", "TargetUsername": "$", "TargetDomain": "3B", "Username": "01566S-WIN16-IR$", "Domain": "3B", "LogonId": "0x3e7", "PrivilegeList": "-", "SamAccountName": "$", "DisplayName": "<value not set>", "UserPrincipalName": "-", "HomeDirectory": "<value not set>", "HomePath": "<value not set>", "ScriptPath": "<value not set>", "ProfilePath": "<value not set>", "UserWorkstations": "<value not set>", "PasswordLastSet": "<never>", "AccountExpires": "<never>", "PrimaryGroupId": "513", "AllowedToDelegateTo": "-", "OldUacFlags+": "0x0", "OldUacFlags": "0x0", "UserAccountControl": "Account Disabled, 'Password Not Required' - Enabled, 'Normal Account' - Enabled", "SIDHistory": "-", "LogonHours": "<value not set>"}
{"Timestamp": "2019-01-29 23:16:28.646957Z", "Channel": "Microsoft-Windows-TerminalServices-RemoteConnectionManager/Operational", "Provider": "Microsoft-Windows-TerminalServices-RemoteConnectionManager", "Hostname": "PC01.example.corp", "SID": "S-1-5-20", "EventID": 261, "RecordID": 128, "Level": "Information", "Descr": "Listener <ListenerName> received a connection", "ListenerName": "RDP-Tcp"}
{"Timestamp": "2019-01-29 23:15:24.164235Z", "Channel": "Microsoft-Windows-TerminalServices-RemoteConnectionManager/Operational", "Provider": "Microsoft-Windows-TerminalServices-RemoteConnectionManager", "Hostname": "PC01.example.corp", "SID": "S-1-5-20", "EventID": 261, "RecordID": 127, "Level": "Information", "Descr": "Listener <ListenerName> received a connection", "ListenerName": "RDP-Tcp"}
{"Timestamp": "2019-01-29 23:00:10.212008Z", "Channel": "Microsoft-Windows-TerminalServices-RemoteConnectionManager/Operational", "Provider": "Microsoft-Windows-TerminalServices-RemoteConnectionManager", "Hostname": "PC01.example.corp", "SID": "S-1-5-20", "EventID": 1149, "RecordID": 126, "Level": "Information", "Descr": "Remote Desktop Services: User authentication established", "TargetUsername": "admin01", "TargetDomain": "example", "IP": "10.0.2.15"}
{"Timestamp": "2019-01-29 22:59:37.084372Z", "Channel": "Microsoft-Windows-TerminalServices-RemoteConnectionManager/Operational", "Provider": "Microsoft-Windows-TerminalServices-RemoteConnectionManager", "Hostname": "PC01.example.corp", "SID": "S-1-5-20", "EventID": 261, "RecordID": 125, "Level": "Information", "Descr": "Listener <ListenerName> received a connection", "ListenerName": "RDP-Tcp"}
{"Timestamp": "2019-01-29 22:58:34.995092Z", "Channel": "Microsoft-Windows-TerminalServices-RemoteConnectionManager/Operational", "Provider": "Microsoft-Windows-TerminalServices-RemoteConnectionManager", "Hostname": "PC01.example.corp", "SID": "S-1-5-20", "EventID": 261, "RecordID": 124, "Level": "Information", "Descr": "Listener <ListenerName> received a connection", "ListenerName": "RDP-Tcp"}
{"Timestamp": "2018-11-06 21:49:31.193924Z", "Channel": "Microsoft-Windows-TerminalServices-RemoteConnectionManager/Operational", "Provider": "Microsoft-Windows-TerminalServices-RemoteConnectionManager", "Hostname": "IEWIN7", "SID": "S-1-5-20", "EventID": 1149, "RecordID": 9, "Level": "Information", "Descr": "Remote Desktop Services: User authentication established", "TargetUsername": "administrator", "TargetDomain": "ie11win7", "IP": "10.0.2.16"}
{"Timestamp": "2018-11-06 21:49:31.083766Z", "Channel": "Microsoft-Windows-TerminalServices-RemoteConnectionManager/Operational", "Provider": "Microsoft-Windows-TerminalServices-RemoteConnectionManager", "Hostname": "IEWIN7", "SID": "S-1-5-20", "EventID": 261, "RecordID": 8, "Level": "Information", "Descr": "Listener <ListenerName> received a connection", "ListenerName": "RDP-Tcp"}
{"Timestamp": "2018-11-06 21:48:54.981854Z", "Channel": "Microsoft-Windows-TerminalServices-RemoteConnectionManager/Operational", "Provider": "Microsoft-Windows-TerminalServices-RemoteConnectionManager", "Hostname": "IEWIN7", "SID": "S-1-5-20", "EventID": 261, "RecordID": 7, "Level": "Information", "Descr": "Listener <ListenerName> received a connection", "ListenerName": "RDP-Tcp"}
{"Timestamp": "2018-11-06 21:45:50.411264Z", "Channel": "Microsoft-Windows-TerminalServices-RemoteConnectionManager/Operational", "Provider": "Microsoft-Windows-TerminalServices-RemoteConnectionManager", "Hostname": "IEWIN7", "SID": "S-1-5-20", "EventID": 1149, "RecordID": 6, "Level": "Information", "Descr": "Remote Desktop Services: User authentication established", "TargetUsername": "administrator", "TargetDomain": "ie11win7", "IP": "10.0.2.16"}
{"Timestamp": "2018-11-06 21:45:50.281076Z", "Channel": "Microsoft-Windows-TerminalServices-RemoteConnectionManager/Operational", "Provider": "Microsoft-Windows-TerminalServices-RemoteConnectionManager", "Hostname": "IEWIN7", "SID": "S-1-5-20", "EventID": 261, "RecordID": 5, "Level": "Information", "Descr": "Listener <ListenerName> received a connection", "ListenerName": "RDP-Tcp"}
{"Timestamp": "2018-11-06 21:45:34.878929Z", "Channel": "Microsoft-Windows-TerminalServices-RemoteConnectionManager/Operational", "Provider": "Microsoft-Windows-TerminalServices-RemoteConnectionManager", "Hostname": "IEWIN7", "SID": "S-1-5-20", "EventID": 261, "RecordID": 4, "Level": "Information", "Descr": "Listener <ListenerName> received a connection", "ListenerName": "RDP-Tcp"}
{"Timestamp": "2019-02-13 18:04:57.452386Z", "Channel": "Microsoft-Windows-TerminalServices-RemoteConnectionManager/Operational", "Provider": "Microsoft-Windows-TerminalServices-RemoteConnectionManager", "Hostname": "PC01.example.corp", "SID": "S-1-5-20", "EventID": 1149, "RecordID": 228, "Level": "Information", "Descr": "Remote Desktop Services: User authentication established", "TargetUsername": "admin01", "TargetDomain": "example", "IP": "127.0.0.1"}
{"Timestamp": "2019-02-13 18:04:45.905783Z", "Channel": "Microsoft-Windows-TerminalServices-RemoteConnectionManager/Operational", "Provider": "Microsoft-Windows-TerminalServices-RemoteConnectionManager", "Hostname": "PC01.example.corp", "SID": "S-1-5-20", "EventID": 261, "RecordID": 227, "Level": "Information", "Descr": "Listener <ListenerName> received a connection", "ListenerName": "RDP-Tcp"}
{"Timestamp": "2019-02-13 18:04:01.632120Z", "Channel": "Microsoft-Windows-TerminalServices-RemoteConnectionManager/Operational", "Provider": "Microsoft-Windows-TerminalServices-RemoteConnectionManager", "Hostname": "PC01.example.corp", "SID": "S-1-5-20", "EventID": 261, "RecordID": 226, "Level": "Information", "Descr": "Listener <ListenerName> received a connection", "ListenerName": "RDP-Tcp"}
{"Timestamp": "2019-02-13 17:51:19.943338Z", "Channel": "Microsoft-Windows-TerminalServices-RemoteConnectionManager/Operational", "Provider": "Microsoft-Windows-TerminalServices-RemoteConnectionManager", "Hostname": "PC01.example.corp", "SID": "S-1-5-20", "EventID": 1149, "RecordID": 225, "Level": "Information", "Descr": "Remote Desktop Services: User authentication established", "TargetUsername": "admin01", "TargetDomain": "example", "IP": "fe80::80ac:4126:fa58:1b81%10"}
{"Timestamp": "2019-02-13 17:50:55.608346Z", "Channel": "Microsoft-Windows-TerminalServices-RemoteConnectionManager/Operational", "Provider": "Microsoft-Windows-TerminalServices-RemoteConnectionManager", "Hostname": "PC01.example.corp", "SID": "S-1-5-20", "EventID": 261, "RecordID": 224, "Level": "Information", "Descr": "Listener <ListenerName> received a connection", "ListenerName": "RDP-Tcp"}
{"Timestamp": "2019-02-13 17:50:15.741019Z", "Channel": "Microsoft-Windows-TerminalServices-RemoteConnectionManager/Operational", "Provider": "Microsoft-Windows-TerminalServices-RemoteConnectionManager", "Hostname": "PC01.example.corp", "SID": "S-1-5-20", "EventID": 261, "RecordID": 223, "Level": "Information", "Descr": "Listener <ListenerName> received a connection", "ListenerName": "RDP-Tcp"}
{"Timestamp": "2019-02-13 12:23:53.875115Z", "Channel": "Microsoft-Windows-TerminalServices-RemoteConnectionManager/Operational", "Provider": "Microsoft-Windows-TerminalServices-RemoteConnectionManager", "Hostname": "PC01.example.corp", "SID": "S-1-5-20", "EventID": 1149, "RecordID": 213, "Level": "Information", "Descr": "Remote Desktop Services: User authentication established", "TargetUsername": "IEUser", "TargetDomain": "PC01", "IP": "10.0.2.16"}
{"Timestamp": "2019-02-13 12:23:53.754942Z", "Channel": "Microsoft-Windows-TerminalServices-RemoteConnectionManager/Operational", "Provider": "Microsoft-Windows-TerminalServices-RemoteConnectionManager", "Hostname": "PC01.example.corp", "SID": "S-1-5-20", "EventID": 261, "RecordID": 212, "Level": "Information", "Descr": "Listener <ListenerName> received a connection", "ListenerName": "RDP-Tcp"}
{"Timestamp": "2019-02-13 12:23:42.178296Z", "Channel": "Microsoft-Windows-TerminalServices-RemoteConnectionManager/Operational", "Provider": "Microsoft-Windows-TerminalServices-RemoteConnectionManager", "Hostname": "PC01.example.corp", "SID": "S-1-5-20", "EventID": 261, "RecordID": 211, "Level": "Information", "Descr": "Listener <ListenerName> received a connection", "ListenerName": "RDP-Tcp"}
{"Timestamp": "2019-02-02 23:02:41.826340Z", "Channel": "Microsoft-Windows-TerminalServices-RemoteConnectionManager/Operational", "Provider": "Microsoft-Windows-TerminalServices-RemoteConnectionManager", "Hostname": "PC01.example.corp", "SID": "S-1-5-20", "EventID": 261, "RecordID": 165, "Level": "Information", "Descr": "Listener <ListenerName> received a connection", "ListenerName": "RDP-Tcp"}
{"Timestamp": "2019-02-02 22:44:55.932522Z", "Channel": "Microsoft-Windows-TerminalServices-RemoteConnectionManager/Operational", "Provider": "Microsoft-Windows-TerminalServices-RemoteConnectionManager", "Hostname": "PC01.example.corp", "SID": "S-1-5-20", "EventID": 1149, "RecordID": 164, "Level": "Information", "Descr": "Remote Desktop Services: User authentication established", "TargetUsername": "admin01", "TargetDomain": "example", "IP": "10.0.2.15"}
{"Timestamp": "2019-02-02 22:44:33.680525Z", "Channel": "Microsoft-Windows-TerminalServices-RemoteConnectionManager/Operational", "Provider": "Microsoft-Windows-TerminalServices-RemoteConnectionManager", "Hostname": "PC01.example.corp", "SID": "S-1-5-20", "EventID": 261, "RecordID": 163, "Level": "Information", "Descr": "Listener <ListenerName> received a connection", "ListenerName": "RDP-Tcp"}
{"Timestamp": "2019-02-02 22:42:54.728239Z", "Channel": "Microsoft-Windows-TerminalServices-RemoteConnectionManager/Operational", "Provider": "Microsoft-Windows-TerminalServices-RemoteConnectionManager", "Hostname": "PC01.example.corp", "SID": "S-1-5-20", "EventID": 261, "RecordID": 162, "Level": "Information", "Descr": "Listener <ListenerName> received a connection", "ListenerName": "RDP-Tcp"}
{"Timestamp": "2019-02-02 22:40:13.572290Z", "Channel": "Microsoft-Windows-TerminalServices-RemoteConnectionManager/Operational", "Provider": "Microsoft-Windows-TerminalServices-RemoteConnectionManager", "Hostname": "PC01.example.corp", "SID": "S-1-5-20", "EventID": 1149, "RecordID": 161, "Level": "Information", "Descr": "Remote Desktop Services: User authentication established", "TargetUsername": "admin01", "TargetDomain": "example", "IP": "10.0.2.15"}
{"Timestamp": "2019-02-02 22:39:42.597751Z", "Channel": "Microsoft-Windows-TerminalServices-RemoteConnectionManager/Operational", "Provider": "Microsoft-Windows-TerminalServices-RemoteConnectionManager", "Hostname": "PC01.example.corp", "SID": "S-1-5-20", "EventID": 261, "RecordID": 160, "Level": "Information", "Descr": "Listener <ListenerName> received a connection", "ListenerName": "RDP-Tcp"}
{"Timestamp": "2019-02-02 22:39:00.497213Z", "Channel": "Microsoft-Windows-TerminalServices-RemoteConnectionManager/Operational", "Provider": "Microsoft-Windows-TerminalServices-RemoteConnectionManager", "Hostname": "PC01.example.corp", "SID": "S-1-5-20", "EventID": 261, "RecordID": 159, "Level": "Information", "Descr": "Listener <ListenerName> received a connection", "ListenerName": "RDP-Tcp"}
{"Timestamp": "2019-01-30 00:01:00.547785Z", "Channel": "Microsoft-Windows-TerminalServices-RemoteConnectionManager/Operational", "Provider": "Microsoft-Windows-TerminalServices-RemoteConnectionManager", "Hostname": "PC01.example.corp", "SID": "S-1-5-20", "EventID": 1149, "RecordID": 140, "Level": "Information", "Descr": "Remote Desktop Services: User authentication established", "TargetUsername": "admin01", "TargetDomain": "example", "IP": "10.0.2.15"}
{"Timestamp": "2019-01-30 00:01:00.497713Z", "Channel": "Microsoft-Windows-TerminalServices-RemoteConnectionManager/Operational", "Provider": "Microsoft-Windows-TerminalServices-RemoteConnectionManager", "Hostname": "PC01.example.corp", "SID": "S-1-5-20", "EventID": 261, "RecordID": 139, "Level": "Information", "Descr": "Listener <ListenerName> received a connection", "ListenerName": "RDP-Tcp"}
{"Timestamp": "2019-01-30 00:00:50.843832Z", "Channel": "Microsoft-Windows-TerminalServices-RemoteConnectionManager/Operational", "Provider": "Microsoft-Windows-TerminalServices-RemoteConnectionManager", "Hostname": "PC01.example.corp", "SID": "S-1-5-20", "EventID": 261, "RecordID": 138, "Level": "Information", "Descr": "Listener <ListenerName> received a connection", "ListenerName": "RDP-Tcp"}
{"Timestamp": "2019-01-29 23:58:05.245713Z", "Channel": "Microsoft-Windows-TerminalServices-RemoteConnectionManager/Operational", "Provider": "Microsoft-Windows-TerminalServices-RemoteConnectionManager", "Hostname": "PC01.example.corp", "SID": "S-1-5-20", "EventID": 1149, "RecordID": 137, "Level": "Information", "Descr": "Remote Desktop Services: User authentication established", "TargetUsername": "admin01", "TargetDomain": "example", "IP": "10.0.2.15"}
{"Timestamp": "2019-01-29 23:57:54.299974Z", "Channel": "Microsoft-Windows-TerminalServices-RemoteConnectionManager/Operational", "Provider": "Microsoft-Windows-TerminalServices-RemoteConnectionManager", "Hostname": "PC01.example.corp", "SID": "S-1-5-20", "EventID": 261, "RecordID": 136, "Level": "Information", "Descr": "Listener <ListenerName> received a connection", "ListenerName": "RDP-Tcp"}
{"Timestamp": "2019-01-29 23:56:17.851288Z", "Channel": "Microsoft-Windows-TerminalServices-RemoteConnectionManager/Operational", "Provider": "Microsoft-Windows-TerminalServices-RemoteConnectionManager", "Hostname": "PC01.example.corp", "SID": "S-1-5-20", "EventID": 261, "RecordID": 135, "Level": "Information", "Descr": "Listener <ListenerName> received a connection", "ListenerName": "RDP-Tcp"}
{"Timestamp": "2019-01-29 23:54:04.665624Z", "Channel": "Microsoft-Windows-TerminalServices-RemoteConnectionManager/Operational", "Provider": "Microsoft-Windows-TerminalServices-RemoteConnectionManager", "Hostname": "PC01.example.corp", "SID": "S-1-5-20", "EventID": 261, "RecordID": 131, "Level": "Information", "Descr": "Listener <ListenerName> received a connection", "ListenerName": "RDP-Tcp"}
{"Timestamp": "2019-01-29 23:50:40.730333Z", "Channel": "Microsoft-Windows-TerminalServices-RemoteConnectionManager/Operational", "Provider": "Microsoft-Windows-TerminalServices-RemoteConnectionManager", "Hostname": "PC01.example.corp", "SID": "S-1-5-20", "EventID": 261, "RecordID": 130, "Level": "Information", "Descr": "Listener <ListenerName> received a connection", "ListenerName": "RDP-Tcp"}
{"Timestamp": "2019-01-29 23:16:39.762941Z", "Channel": "Microsoft-Windows-TerminalServices-RemoteConnectionManager/Operational", "Provider": "Microsoft-Windows-TerminalServices-RemoteConnectionManager", "Hostname": "PC01.example.corp", "SID": "S-1-5-20", "EventID": 1149, "RecordID": 129, "Level": "Information", "Descr": "Remote Desktop Services: User authentication established", "TargetUsername": "admin01", "TargetDomain": "example", "IP": "10.0.2.15"}
{"Timestamp": "2019-02-13 15:31:31.556812Z", "Channel": "Security", "Provider": "Microsoft-Windows-Security-Auditing", "Hostname": "PC02.example.corp", "SID": "S-1-0-0", "EventID": 4624, "RecordID": 5323, "Level": "0", "Descr": "An account was successfully logged on", "Username": "-", "Domain": "-", "LogonId": "0x0", "TargetSID": "S-1-5-7", "TargetUsername": "ANONYMOUS LOGON", "TargetDomain": "NT AUTHORITY", "TargetLogonId": "0x7d4f4", "LogonType+": "3", "LogonType": "3", "LogonProcess": "NtLmSsp ", "AuthenticationPackage": "NTLM", "WorkstationName": "PC01", "LogonGUID": "00000000-0000-0000-0000-000000000000", "TransmittedServices": "-", "KeyLength": "128", "ProcessId": "0x0", "ProcessPath": "-", "IP": "10.0.2.17", "Port": "49169"}
{"Timestamp": "2019-02-13 15:31:19.529518Z", "Channel": "Security", "Provider": "Microsoft-Windows-Security-Auditing", "Hostname": "PC02.example.corp", "SID": "S-1-0-0", "EventID": 4624, "RecordID": 5322, "Level": "0", "Descr": "An account was successfully logged on", "Username": "-", "Domain": "-", "LogonId": "0x0", "TargetSID": "S-1-5-7", "TargetUsername": "ANONYMOUS LOGON", "TargetDomain": "NT AUTHORITY", "TargetLogonId": "0x73d02", "LogonType+": "3", "LogonType": "3", "LogonProcess": "NtLmSsp ", "AuthenticationPackage": "NTLM", "WorkstationName": "PC01", "LogonGUID": "00000000-0000-0000-0000-000000000000", "TransmittedServices": "-", "KeyLength": "128", "ProcessId": "0x0", "ProcessPath": "-", "IP": "10.0.2.17", "Port": "49168"}
{"Timestamp": "2019-02-13 15:29:40.657347Z", "Channel": "Security", "Provider": "Microsoft-Windows-Security-Auditing", "Hostname": "PC02.example.corp", "SID": "S-1-5-18", "EventID": 4624, "RecordID": 5319, "Level": "0", "Descr": "An account was successfully logged on", "Username": "PC02$", "Domain": "EXAMPLE", "LogonId": "0x3e7", "TargetSID": "S-1-5-21-3583694148-1414552638-2922671848-1000", "TargetUsername": "IEUser", "TargetDomain": "PC02", "TargetLogonId": "0x4a26d", "LogonType+": "2", "LogonType": "2", "LogonProcess": "User32 ", "AuthenticationPackage": "Negotiate", "WorkstationName": "PC02", "LogonGUID": "00000000-0000-0000-0000-000000000000", "TransmittedServices": "-", "KeyLength": "0", "ProcessId": "0x994", "ProcessPath": "C:\\Windows\\System32\\winlogon.exe", "IP": "127.0.0.1", "Port": "0"}
{"Timestamp": "2019-02-13 15:26:53.356780Z", "Channel": "Security", "Provider": "Microsoft-Windows-Security-Auditing", "Hostname": "PC02.example.corp", "SID": "S-1-5-18", "EventID": 4624, "RecordID": 5315, "Level": "0", "Descr": "An account was successfully logged on", "Username": "PC02$", "Domain": "EXAMPLE", "LogonId": "0x3e7", "TargetSID": "S-1-5-21-3583694148-1414552638-2922671848-1000", "TargetUsername": "IEUser", "TargetDomain": "PC02", "TargetLogonId": "0x45120", "LogonType+": "10", "LogonType": "10", "LogonProcess": "User32 ", "AuthenticationPackage": "Negotiate", "WorkstationName": "PC02", "LogonGUID": "00000000-0000-0000-0000-000000000000", "TransmittedServices": "-", "KeyLength": "0", "ProcessId": "0x658", "ProcessPath": "C:\\Windows\\System32\\winlogon.exe", "IP": "127.0.0.1", "Port": "49164"}
{"Timestamp": "2019-02-13 15:19:51.259835Z", "Channel": "Security", "Provider": "Microsoft-Windows-Security-Auditing", "Hostname": "PC02.example.corp", "SID": "S-1-5-18", "EventID": 4624, "RecordID": 5308, "Level": "0", "Descr": "An account was successfully logged on", "Username": "PC02$", "Domain": "EXAMPLE", "LogonId": "0x3e7", "TargetSID": "S-1-5-21-3583694148-1414552638-2922671848-1000", "TargetUsername": "IEUser", "TargetDomain": "PC02", "TargetLogonId": "0x21f73", "LogonType+": "2", "LogonType": "2", "LogonProcess": "User32 ", "AuthenticationPackage": "Negotiate", "WorkstationName": "PC02", "LogonGUID": "00000000-0000-0000-0000-000000000000", "TransmittedServices": "-", "KeyLength": "0", "ProcessId": "0x198", "ProcessPath": "C:\\Windows\\System32\\winlogon.exe", "IP": "127.0.0.1", "Port": "0"}
{"Timestamp": "2019-02-13 15:17:38.779337Z", "Channel": "Security", "Provider": "Microsoft-Windows-Security-Auditing", "Hostname": "PC02.example.corp", "SID": "S-1-5-18", "EventID": 4624, "RecordID": 5305, "Level": "0", "Descr": "An account was successfully logged on", "Username": "PC02$", "Domain": "EXAMPLE", "LogonId": "0x3e7", "TargetSID": "S-1-5-18", "TargetUsername": "SYSTEM", "TargetDomain": "NT AUTHORITY", "TargetLogonId": "0x3e7", "LogonType+": "5", "LogonType": "5", "LogonProcess": "Advapi  ", "AuthenticationPackage": "Negotiate", "WorkstationName": null, "LogonGUID": "00000000-0000-0000-0000-000000000000", "TransmittedServices": "-", "KeyLength": "0", "ProcessId": "0x1d0", "ProcessPath": "C:\\Windows\\System32\\services.exe", "IP": "-", "Port": "-"}
{"Timestamp": "2019-02-13 15:17:38.018243Z", "Channel": "Security", "Provider": "Microsoft-Windows-Security-Auditing", "Hostname": "PC02.example.corp", "SID": "S-1-5-18", "EventID": 4624, "RecordID": 5303, "Level": "0", "Descr": "An account was successfully logged on", "Username": "PC02$", "Domain": "EXAMPLE", "LogonId": "0x3e7", "TargetSID": "S-1-5-18", "TargetUsername": "SYSTEM", "TargetDomain": "NT AUTHORITY", "TargetLogonId": "0x3e7", "LogonType+": "5", "LogonType": "5", "LogonProcess": "Advapi  ", "AuthenticationPackage": "Negotiate", "WorkstationName": null, "LogonGUID": "00000000-0000-0000-0000-000000000000", "TransmittedServices": "-", "KeyLength": "0", "ProcessId": "0x1d0", "ProcessPath": "C:\\Windows\\System32\\services.exe", "IP": "-", "Port": "-"}
{"Timestamp": "2019-02-13 15:15:36.367608Z", "Channel": "Security", "Provider": "Microsoft-Windows-Security-Auditing", "Hostname": "PC02.example.corp", "SID": "S-1-0-0", "EventID": 4624, "RecordID": 5302, "Level": "0", "Descr": "An account was successfully logged on", "Username": "-", "Domain": "-", "LogonId": "0x0", "TargetSID": "S-1-5-7", "TargetUsername": "ANONYMOUS LOGON", "TargetDomain": "NT AUTHORITY", "TargetLogonId": "0x113f5", "LogonType+": "3", "LogonType": "3", "LogonProcess": "NtLmSsp ", "AuthenticationPackage": "NTLM", "WorkstationName": null, "LogonGUID": "00000000-0000-0000-0000-000000000000", "TransmittedServices": "-", "KeyLength": "0", "ProcessId": "0x0", "ProcessPath": "-", "IP": "-", "Port": "-"}
{"Timestamp": "2019-02-13 15:15:08.689762Z", "Channel": "Security", "Provider": "Microsoft-Windows-Security-Auditing", "Hostname": "PC02.example.corp", "SID": "S-1-5-18", "EventID": 4624, "RecordID": 5299, "Level": "0", "Descr": "An account was successfully logged on", "Username": "PC02$", "Domain": "EXAMPLE", "LogonId": "0x3e7", "TargetSID": "S-1-5-21-3583694148-1414552638-2922671848-1002", "TargetUsername": "sshd_server", "TargetDomain": "PC02", "TargetLogonId": "0xe509", "LogonType+": "5", "LogonType": "5", "LogonProcess": "Advapi  ", "AuthenticationPackage": "Negotiate", "WorkstationName": "PC02", "LogonGUID": "00000000-0000-0000-0000-000000000000", "TransmittedServices": "-", "KeyLength": "0", "ProcessId": "0x1d0", "ProcessPath": "C:\\Windows\\System32\\services.exe", "IP": "-", "Port": "-"}
{"Timestamp": "2019-02-13 15:15:08.216083Z", "Channel": "Security", "Provider": "Microsoft-Windows-Security-Auditing", "Hostname": "PC02.example.corp", "SID": "S-1-5-18", "EventID": 4624, "RecordID": 5296, "Level": "0", "Descr": "An account was successfully logged on", "Username": "PC02$", "Domain": "EXAMPLE", "LogonId": "0x3e7", "TargetSID": "S-1-5-18", "TargetUsername": "SYSTEM", "TargetDomain": "NT AUTHORITY", "TargetLogonId": "0x3e7", "LogonType+": "5", "LogonType": "5", "LogonProcess": "Advapi  ", "AuthenticationPackage": "Negotiate", "WorkstationName": null, "LogonGUID": "00000000-0000-0000-0000-000000000000", "TransmittedServices": "-", "KeyLength": "0", "ProcessId": "0x1d0", "ProcessPath": "C:\\Windows\\System32\\services.exe", "IP": "-", "Port": "-"}
{"Timestamp": "2019-02-13 15:15:07.422945Z", "Channel": "Security", "Provider": "Microsoft-Windows-Security-Auditing", "Hostname": "PC02.example.corp", "SID": "S-1-5-18", "EventID": 4624, "RecordID": 5293, "Level": "0", "Descr": "An account was successfully logged on", "Username": "PC02$", "Domain": "EXAMPLE", "LogonId": "0x3e7", "TargetSID": "S-1-5-18", "TargetUsername": "SYSTEM", "TargetDomain": "NT AUTHORITY", "TargetLogonId": "0x3e7", "LogonType+": "5", "LogonType": "5", "LogonProcess": "Advapi  ", "AuthenticationPackage": "Negotiate", "WorkstationName": null, "LogonGUID": "00000000-0000-0000-0000-000000000000", "TransmittedServices": "-", "KeyLength": "0", "ProcessId": "0x1d0", "ProcessPath": "C:\\Windows\\System32\\services.exe", "IP": "-", "Port": "-"}
