{"Timestamp": "2020-11-15 11:47:58.989013Z", "Channel": "Microsoft-Windows-Bits-Client/Operational", "Provider": "Microsoft-Windows-Bits-Client", "Hostname": "MSEDGEWIN10", "SID": "S-1-5-18", "EventID": 3, "RecordID": 8891, "Level": "Information", "Descr": "The BITS service created a new job", "JobTitle": "PreSignInSettingsConfigJSON", "JobId": "98550B8C-A82C-496B-BEFE-2C9ADFAF496A", "JobOwner": "MSEDGEWIN10\\IEUser", "ProcessPath": "C:\\Users\\IEUser\\AppData\\Local\\Microsoft\\OneDrive\\OneDriveStandaloneUpdater.exe", "ProcessId": "6852"}
{"Timestamp": "2020-11-15 00:59:06.260285Z", "Channel": "Microsoft-Windows-Bits-Client/Operational", "Provider": "Microsoft-Windows-Bits-Client", "Hostname": "MSEDGEWIN10", "SID": "S-1-5-18", "EventID": 3, "RecordID": 8888, "Level": "Information", "Descr": "The BITS service created a new job", "JobTitle": "MicrosoftMapsBingGeoStore", "JobId": "1DF7BF74-01AF-48DA-956F-4E49D3BCC24A", "JobOwner": "NT AUTHORITY\\NETWORK SERVICE", "ProcessPath": "C:\\Windows\\System32\\svchost.exe", "ProcessId": "1372"}
{"Timestamp": "2020-11-13 19:57:22.926907Z", "Channel": "Microsoft-Windows-Bits-Client/Operational", "Provider": "Microsoft-Windows-Bits-Client", "Hostname": "MSEDGEWIN10", "SID": "S-1-5-18", "EventID": 4, "RecordID": 8885, "Level": "Information", "Descr": "The transfer job is complete", "Username": "MSEDGEWIN10\\IEUser", "JobTitle": "UpdateDescriptionXml", "JobId": "AF7B733B-B289-4325-A84A-DB242FF943AA", "JobOwner": "MSEDGEWIN10\\IEUser", "FileCount": "1"}
{"Timestamp": "2020-11-13 19:57:22.867697Z", "Channel": "Microsoft-Windows-Bits-Client/Operational", "Provider": "Microsoft-Windows-Bits-Client", "Hostname": "MSEDGEWIN10", "SID": "S-1-5-18", "EventID": 60, "RecordID": 8884, "Level": "Information", "Descr": "BITS stopped transferring the <Name> transfer job that is associated with the <URL>", "TransferId": "A773F8E0-215A-44BF-9239-7969289D9884", "Name": "UpdateDescriptionXml", "JobId": "AF7B733B-B289-4325-A84A-DB242FF943AA", "URL": "https://g.live.com/1rewlive5skydrive/ODSUProduction", "Peer": null, "FileTime": "2020-10-26 21:00:55 UTC", "FileSize": "526", "BytesTotal": "526", "BytesTransferred": "526", "BytesTransferredFromPeer": "0"}
{"Timestamp": "2020-11-13 19:57:22.022978Z", "Channel": "Microsoft-Windows-Bits-Client/Operational", "Provider": "Microsoft-Windows-Bits-Client", "Hostname": "MSEDGEWIN10", "SID": "S-1-5-18", "EventID": 59, "RecordID": 8883, "Level": "Information", "Descr": "BITS started the <Name> transfer job that is associated with the <URL>", "TransferId": "A773F8E0-215A-44BF-9239-7969289D9884", "Name": "UpdateDescriptionXml", "JobId": "AF7B733B-B289-4325-A84A-DB242FF943AA", "URL": "https://g.live.com/1rewlive5skydrive/ODSUProduction", "Peer": null, "FileTime": "2020-10-26 21:00:55 UTC", "FileSize": "526"}
{"Timestamp": "2020-11-13 19:57:18.868367Z", "Channel": "Microsoft-Windows-Bits-Client/Operational", "Provider": "Microsoft-Windows-Bits-Client", "Hostname": "MSEDGEWIN10", "SID": "S-1-5-18", "EventID": 3, "RecordID": 8881, "Level": "Information", "Descr": "The BITS service created a new job", "JobTitle": "UpdateDescriptionXml", "JobId": "AF7B733B-B289-4325-A84A-DB242FF943AA", "JobOwner": "MSEDGEWIN10\\IEUser", "ProcessPath": "C:\\Users\\IEUser\\AppData\\Local\\Microsoft\\OneDrive\\OneDriveStandaloneUpdater.exe", "ProcessId": "2960"}
{"Timestamp": "2020-11-13 19:57:18.020699Z", "Channel": "Microsoft-Windows-Bits-Client/Operational", "Provider": "Microsoft-Windows-Bits-Client", "Hostname": "MSEDGEWIN10", "SID": "S-1-5-18", "EventID": 4, "RecordID": 8880, "Level": "Information", "Descr": "The transfer job is complete", "Username": "MSEDGEWIN10\\IEUser", "JobTitle": "PreSignInSettingsConfigJSON", "JobId": "76BCF472-6F33-4A24-9CB5-F553DEEF20D6", "JobOwner": "MSEDGEWIN10\\IEUser", "FileCount": "1"}
{"Timestamp": "2020-11-13 10:32:01.392848Z", "Channel": "Microsoft-Windows-Bits-Client/Operational", "Provider": "Microsoft-Windows-Bits-Client", "Hostname": "MSEDGEWIN10", "SID": "S-1-5-18", "EventID": 4, "RecordID": 8877, "Level": "Information", "Descr": "The transfer job is complete", "Username": "MSEDGEWIN10\\IEUser", "JobTitle": "Push Notification Platform Job: 1", "JobId": "4BF7C276-9074-4FF8-8F87-B9DF84DF8A2C", "JobOwner": "MSEDGEWIN10\\IEUser", "FileCount": "1"}
{"Timestamp": "2020-11-13 10:32:01.281870Z", "Channel": "Microsoft-Windows-Bits-Client/Operational", "Provider": "Microsoft-Windows-Bits-Client", "Hostname": "MSEDGEWIN10", "SID": "S-1-5-18", "EventID": 60, "RecordID": 8876, "Level": "Information", "Descr": "BITS stopped transferring the <Name> transfer job that is associated with the <URL>", "TransferId": "76689DC9-AC67-44C9-A658-F0DC569D0AF9", "Name": "Push Notification Platform Job: 1", "JobId": "4BF7C276-9074-4FF8-8F87-B9DF84DF8A2C", "URL": "https://site-cdn.onenote.net/161350540457_Images/LiveTileImages/MediumAndLarge/Image3.png", "Peer": null, "FileTime": "2020-11-05 23:55:48 UTC", "FileSize": "10969", "BytesTotal": "10969", "BytesTransferred": "10969", "BytesTransferredFromPeer": "0"}
{"Timestamp": "2020-11-13 10:31:57.260871Z", "Channel": "Microsoft-Windows-Bits-Client/Operational", "Provider": "Microsoft-Windows-Bits-Client", "Hostname": "MSEDGEWIN10", "SID": "S-1-5-18", "EventID": 59, "RecordID": 8875, "Level": "Information", "Descr": "BITS started the <Name> transfer job that is associated with the <URL>", "TransferId": "76689DC9-AC67-44C9-A658-F0DC569D0AF9", "Name": "Push Notification Platform Job: 1", "JobId": "4BF7C276-9074-4FF8-8F87-B9DF84DF8A2C", "URL": "https://site-cdn.onenote.net/161350540457_Images/LiveTileImages/MediumAndLarge/Image3.png", "Peer": null, "FileTime": "1601-01-01 00:00:00 UTC", "FileSize": "18446744073709551615"}
{"Timestamp": "2020-11-13 10:31:57.185765Z", "Channel": "Microsoft-Windows-Bits-Client/Operational", "Provider": "Microsoft-Windows-Bits-Client", "Hostname": "MSEDGEWIN10", "SID": "S-1-5-18", "EventID": 3, "RecordID": 8873, "Level": "Information", "Descr": "The BITS service created a new job", "JobTitle": "Push Notification Platform Job: 1", "JobId": "4BF7C276-9074-4FF8-8F87-B9DF84DF8A2C", "JobOwner": "MSEDGEWIN10\\IEUser", "ProcessPath": "C:\\Windows\\System32\\svchost.exe", "ProcessId": "916"}
{"Timestamp": "2020-11-13 10:12:16.530069Z", "Channel": "Microsoft-Windows-Bits-Client/Operational", "Provider": "Microsoft-Windows-Bits-Client", "Hostname": "MSEDGEWIN10", "SID": "S-1-5-18", "EventID": 4, "RecordID": 8872, "Level": "Information", "Descr": "The transfer job is complete", "Username": "MSEDGEWIN10\\IEUser", "JobTitle": "Push Notification Platform Job: 1", "JobId": "67FC0D15-BFE5-4007-8F81-11EB6069D4F2", "JobOwner": "MSEDGEWIN10\\IEUser", "FileCount": "1"}
{"Timestamp": "2020-11-13 10:12:16.528188Z", "Channel": "Microsoft-Windows-Bits-Client/Operational", "Provider": "Microsoft-Windows-Bits-Client", "Hostname": "MSEDGEWIN10", "SID": "S-1-5-18", "EventID": 60, "RecordID": 8871, "Level": "Information", "Descr": "BITS stopped transferring the <Name> transfer job that is associated with the <URL>", "TransferId": "84409995-F518-48AD-950C-86AC1C50CC2A", "Name": "Push Notification Platform Job: 1", "JobId": "67FC0D15-BFE5-4007-8F81-11EB6069D4F2", "URL": "https://img-s-msn-com.akamaized.net/tenant/amp/entityid/BB1aYFdj.img?w=100&h=100&m=6&tilesize=medium&x=703&y=371&ms-scale=100&ms-contrast=standard", "Peer": null, "FileTime": "2020-11-13 09:47:00 UTC", "FileSize": "6496", "BytesTotal": "6496", "BytesTransferred": "6496", "BytesTransferredFromPeer": "0"}
{"Timestamp": "2020-11-13 10:12:09.946639Z", "Channel": "Microsoft-Windows-Bits-Client/Operational", "Provider": "Microsoft-Windows-Bits-Client", "Hostname": "MSEDGEWIN10", "SID": "S-1-5-18", "EventID": 59, "RecordID": 8870, "Level": "Information", "Descr": "BITS started the <Name> transfer job that is associated with the <URL>", "TransferId": "84409995-F518-48AD-950C-86AC1C50CC2A", "Name": "Push Notification Platform Job: 1", "JobId": "67FC0D15-BFE5-4007-8F81-11EB6069D4F2", "URL": "https://img-s-msn-com.akamaized.net/tenant/amp/entityid/BB1aYFdj.img?w=100&h=100&m=6&tilesize=medium&x=703&y=371&ms-scale=100&ms-contrast=standard", "Peer": null, "FileTime": "1601-01-01 00:00:00 UTC", "FileSize": "18446744073709551615"}
{"Timestamp": "2020-11-13 10:12:09.932553Z", "Channel": "Microsoft-Windows-Bits-Client/Operational", "Provider": "Microsoft-Windows-Bits-Client", "Hostname": "MSEDGEWIN10", "SID": "S-1-5-18", "EventID": 3, "RecordID": 8868, "Level": "Information", "Descr": "The BITS service created a new job", "JobTitle": "Push Notification Platform Job: 1", "JobId": "67FC0D15-BFE5-4007-8F81-11EB6069D4F2", "JobOwner": "MSEDGEWIN10\\IEUser", "ProcessPath": "C:\\Windows\\System32\\svchost.exe", "ProcessId": "916"}
{"Timestamp": "2020-11-13 09:53:16.740258Z", "Channel": "Microsoft-Windows-Bits-Client/Operational", "Provider": "Microsoft-Windows-Bits-Client", "Hostname": "MSEDGEWIN10", "SID": "S-1-5-20", "EventID": 5, "RecordID": 8866, "Level": "Information", "Descr": "Job cancelled", "Username": "NT AUTHORITY\\NETWORK SERVICE", "JobTitle": "SpeechModelDownloadJob", "JobId": "CB28883D-F991-4F5F-A155-551F10F3A51E", "JobOwner": "NT AUTHORITY\\NETWORK SERVICE", "FileCount": "1"}
{"Timestamp": "2020-11-13 09:53:15.714077Z", "Channel": "Microsoft-Windows-Bits-Client/Operational", "Provider": "Microsoft-Windows-Bits-Client", "Hostname": "MSEDGEWIN10", "SID": "S-1-5-18", "EventID": 3, "RecordID": 8864, "Level": "Information", "Descr": "The BITS service created a new job", "JobTitle": "SpeechModelDownloadJob", "JobId": "CB28883D-F991-4F5F-A155-551F10F3A51E", "JobOwner": "NT AUTHORITY\\NETWORK SERVICE", "ProcessPath": "C:\\Windows\\System32\\Speech_OneCore\\common\\SpeechModelDownload.exe", "ProcessId": "5696"}
{"Timestamp": "2020-11-13 09:47:30.473049Z", "Channel": "Microsoft-Windows-Bits-Client/Operational", "Provider": "Microsoft-Windows-Bits-Client", "Hostname": "MSEDGEWIN10", "SID": "S-1-5-18", "EventID": 3, "RecordID": 8861, "Level": "Information", "Descr": "The BITS service created a new job", "JobTitle": "MicrosoftMapsBingGeoStore", "JobId": "F1EBF2C0-00B8-44FA-BDE0-60D632238888", "JobOwner": "NT AUTHORITY\\NETWORK SERVICE", "ProcessPath": "C:\\Windows\\System32\\svchost.exe", "ProcessId": "6280"}
{"Timestamp": "2020-11-12 14:12:25.981046Z", "Channel": "Microsoft-Windows-Bits-Client/Operational", "Provider": "Microsoft-Windows-Bits-Client", "Hostname": "MSEDGEWIN10", "SID": "S-1-5-18", "EventID": 4, "RecordID": 8859, "Level": "Information", "Descr": "The transfer job is complete", "Username": "MSEDGEWIN10\\IEUser", "JobTitle": "Push Notification Platform Job: 1", "JobId": "F076D4A7-0275-4F6F-8293-7D2B0028E2C3", "JobOwner": "MSEDGEWIN10\\IEUser", "FileCount": "1"}
{"Timestamp": "2020-11-12 14:12:25.975025Z", "Channel": "Microsoft-Windows-Bits-Client/Operational", "Provider": "Microsoft-Windows-Bits-Client", "Hostname": "MSEDGEWIN10", "SID": "S-1-5-18", "EventID": 60, "RecordID": 8858, "Level": "Information", "Descr": "BITS stopped transferring the <Name> transfer job that is associated with the <URL>", "TransferId": "ED613389-E3AC-4E97-9191-F8A3BE1D92D2", "Name": "Push Notification Platform Job: 1", "JobId": "F076D4A7-0275-4F6F-8293-7D2B0028E2C3", "URL": "https://site-cdn.onenote.net/161350540457_Images/LiveTileImages/MediumAndLarge/Image1.png", "Peer": null, "FileTime": "2020-11-05 23:55:48 UTC", "FileSize": "9618", "BytesTotal": "9618", "BytesTransferred": "9618", "BytesTransferredFromPeer": "0"}
{"Timestamp": "2020-11-12 14:12:25.568056Z", "Channel": "Microsoft-Windows-Bits-Client/Operational", "Provider": "Microsoft-Windows-Bits-Client", "Hostname": "MSEDGEWIN10", "SID": "S-1-5-18", "EventID": 59, "RecordID": 8857, "Level": "Information", "Descr": "BITS started the <Name> transfer job that is associated with the <URL>", "TransferId": "ED613389-E3AC-4E97-9191-F8A3BE1D92D2", "Name": "Push Notification Platform Job: 1", "JobId": "F076D4A7-0275-4F6F-8293-7D2B0028E2C3", "URL": "https://site-cdn.onenote.net/161350540457_Images/LiveTileImages/MediumAndLarge/Image1.png", "Peer": null, "FileTime": "1601-01-01 00:00:00 UTC", "FileSize": "18446744073709551615"}
{"Timestamp": "2020-11-12 14:12:25.553880Z", "Channel": "Microsoft-Windows-Bits-Client/Operational", "Provider": "Microsoft-Windows-Bits-Client", "Hostname": "MSEDGEWIN10", "SID": "S-1-5-18", "EventID": 3, "RecordID": 8855, "Level": "Information", "Descr": "The BITS service created a new job", "JobTitle": "Push Notification Platform Job: 1", "JobId": "F076D4A7-0275-4F6F-8293-7D2B0028E2C3", "JobOwner": "MSEDGEWIN10\\IEUser", "ProcessPath": "C:\\Windows\\System32\\svchost.exe", "ProcessId": "4264"}
{"Timestamp": "2020-11-12 14:12:25.342927Z", "Channel": "Microsoft-Windows-Bits-Client/Operational", "Provider": "Microsoft-Windows-Bits-Client", "Hostname": "MSEDGEWIN10", "SID": "S-1-5-18", "EventID": 4, "RecordID": 8854, "Level": "Information", "Descr": "The transfer job is complete", "Username": "MSEDGEWIN10\\IEUser", "JobTitle": "Push Notification Platform Job: 1", "JobId": "AD401BA0-5726-4E7C-9CD8-CEA10920FE42", "JobOwner": "MSEDGEWIN10\\IEUser", "FileCount": "1"}
{"Timestamp": "2020-11-12 14:12:25.335298Z", "Channel": "Microsoft-Windows-Bits-Client/Operational", "Provider": "Microsoft-Windows-Bits-Client", "Hostname": "MSEDGEWIN10", "SID": "S-1-5-18", "EventID": 60, "RecordID": 8853, "Level": "Information", "Descr": "BITS stopped transferring the <Name> transfer job that is associated with the <URL>", "TransferId": "64A8476B-E029-4BC6-8B45-2B33635B858F", "Name": "Push Notification Platform Job: 1", "JobId": "AD401BA0-5726-4E7C-9CD8-CEA10920FE42", "URL": "https://img-s-msn-com.akamaized.net/tenant/amp/entityid/BB1aULGJ.img?w=100&h=100&m=6&tilesize=medium&ms-scale=100&ms-contrast=standard", "Peer": null, "FileTime": "2020-11-12 13:45:28 UTC", "FileSize": "26406", "BytesTotal": "26406", "BytesTransferred": "26406", "BytesTransferredFromPeer": "0"}
{"Timestamp": "2020-11-12 14:12:22.524684Z", "Channel": "Microsoft-Windows-Bits-Client/Operational", "Provider": "Microsoft-Windows-Bits-Client", "Hostname": "MSEDGEWIN10", "SID": "S-1-5-18", "EventID": 59, "RecordID": 8852, "Level": "Information", "Descr": "BITS started the <Name> transfer job that is associated with the <URL>", "TransferId": "64A8476B-E029-4BC6-8B45-2B33635B858F", "Name": "Push Notification Platform Job: 1", "JobId": "AD401BA0-5726-4E7C-9CD8-CEA10920FE42", "URL": "https://img-s-msn-com.akamaized.net/tenant/amp/entityid/BB1aULGJ.img?w=100&h=100&m=6&tilesize=medium&ms-scale=100&ms-contrast=standard", "Peer": null, "FileTime": "1601-01-01 00:00:00 UTC", "FileSize": "18446744073709551615"}
{"Timestamp": "2020-11-12 14:12:22.500580Z", "Channel": "Microsoft-Windows-Bits-Client/Operational", "Provider": "Microsoft-Windows-Bits-Client", "Hostname": "MSEDGEWIN10", "SID": "S-1-5-18", "EventID": 3, "RecordID": 8850, "Level": "Information", "Descr": "The BITS service created a new job", "JobTitle": "Push Notification Platform Job: 1", "JobId": "AD401BA0-5726-4E7C-9CD8-CEA10920FE42", "JobOwner": "MSEDGEWIN10\\IEUser", "ProcessPath": "C:\\Windows\\System32\\svchost.exe", "ProcessId": "4264"}
{"Timestamp": "2020-11-12 12:44:50.939876Z", "Channel": "Microsoft-Windows-Bits-Client/Operational", "Provider": "Microsoft-Windows-Bits-Client", "Hostname": "MSEDGEWIN10", "SID": "S-1-5-18", "EventID": 60, "RecordID": 8848, "Level": "Information", "Descr": "BITS stopped transferring the <Name> transfer job that is associated with the <URL>", "TransferId": "A69420EC-CC15-40E5-9683-4FB205D10CDF", "Name": "PreSignInSettingsConfigJSON", "JobId": "76BCF472-6F33-4A24-9CB5-F553DEEF20D6", "URL": "https://g.live.com/odclientsettings/Prod", "Peer": null, "FileTime": "2020-11-11 23:05:10 UTC", "FileSize": "32674", "BytesTotal": "32674", "BytesTransferred": "32674", "BytesTransferredFromPeer": "0"}
{"Timestamp": "2020-11-12 12:44:50.465524Z", "Channel": "Microsoft-Windows-Bits-Client/Operational", "Provider": "Microsoft-Windows-Bits-Client", "Hostname": "MSEDGEWIN10", "SID": "S-1-5-18", "EventID": 59, "RecordID": 8847, "Level": "Information", "Descr": "BITS started the <Name> transfer job that is associated with the <URL>", "TransferId": "A69420EC-CC15-40E5-9683-4FB205D10CDF", "Name": "PreSignInSettingsConfigJSON", "JobId": "76BCF472-6F33-4A24-9CB5-F553DEEF20D6", "URL": "https://g.live.com/odclientsettings/Prod", "Peer": null, "FileTime": "2020-11-11 23:05:10 UTC", "FileSize": "32674"}
{"Timestamp": "2020-11-12 12:43:17.628216Z", "Channel": "Microsoft-Windows-Bits-Client/Operational", "Provider": "Microsoft-Windows-Bits-Client", "Hostname": "MSEDGEWIN10", "SID": "S-1-5-18", "EventID": 3, "RecordID": 8837, "Level": "Information", "Descr": "The BITS service created a new job", "JobTitle": "PreSignInSettingsConfigJSON", "JobId": "76BCF472-6F33-4A24-9CB5-F553DEEF20D6", "JobOwner": "MSEDGEWIN10\\IEUser", "ProcessPath": "C:\\Users\\IEUser\\AppData\\Local\\Microsoft\\OneDrive\\OneDriveStandaloneUpdater.exe", "ProcessId": "3972"}
{"Timestamp": "2020-11-12 10:57:10.421001Z", "Channel": "Microsoft-Windows-Bits-Client/Operational", "Provider": "Microsoft-Windows-Bits-Client", "Hostname": "MSEDGEWIN10", "SID": "S-1-5-18", "EventID": 4, "RecordID": 8835, "Level": "Information", "Descr": "The transfer job is complete", "Username": "MSEDGEWIN10\\IEUser", "JobTitle": "C:\\Users\\IEUser\\AppData\\Local\\Temp\\{9FF0B339-0202-4A5B-B73E-CFFB4FCBD124}-86.0.4240.193_86.0.4240.183_chrome_updater.exe", "JobId": "FF56F08A-3D87-4A27-9E54-1444A29F0449", "JobOwner": "MSEDGEWIN10\\IEUser", "FileCount": "1"}
{"Timestamp": "2020-11-12 10:57:10.415576Z", "Channel": "Microsoft-Windows-Bits-Client/Operational", "Provider": "Microsoft-Windows-Bits-Client", "Hostname": "MSEDGEWIN10", "SID": "S-1-5-18", "EventID": 60, "RecordID": 8834, "Level": "Information", "Descr": "BITS stopped transferring the <Name> transfer job that is associated with the <URL>", "TransferId": "7E43CA01-DD5D-4814-8A56-15F509508F44", "Name": "C:\\Users\\IEUser\\AppData\\Local\\Temp\\{9FF0B339-0202-4A5B-B73E-CFFB4FCBD124}-86.0.4240.193_86.0.4240.183_chrome_updater.exe", "JobId": "FF56F08A-3D87-4A27-9E54-1444A29F0449", "URL": "http://r2---sn-5hne6nsy.gvt1.com/edgedl/release2/chrome/QX5U7YrFu2EjtutZ_UHwBg_86.0.4240.193/86.0.4240.193_86.0.4240.183_chrome_updater.exe?cms_redirect=yes&mh=qK&mip=213.127.67.111&mm=28&mn=sn-5hne6nsy&ms=nvh&mt=1605092117&mv=m&mvi=2&pl=17&shardbypass=yes", "Peer": null, "FileTime": "2020-11-08 13:58:52 UTC", "FileSize": "2603264", "BytesTotal": "2603264", "BytesTransferred": "2603264", "BytesTransferredFromPeer": "0"}
{"Timestamp": "2020-11-12 10:56:13.148615Z", "Channel": "Microsoft-Windows-Bits-Client/Operational", "Provider": "Microsoft-Windows-Bits-Client", "Hostname": "MSEDGEWIN10", "SID": "S-1-5-18", "EventID": 59, "RecordID": 8833, "Level": "Information", "Descr": "BITS started the <Name> transfer job that is associated with the <URL>", "TransferId": "7E43CA01-DD5D-4814-8A56-15F509508F44", "Name": "C:\\Users\\IEUser\\AppData\\Local\\Temp\\{9FF0B339-0202-4A5B-B73E-CFFB4FCBD124}-86.0.4240.193_86.0.4240.183_chrome_updater.exe", "JobId": "FF56F08A-3D87-4A27-9E54-1444A29F0449", "URL": "http://r2---sn-5hne6nsy.gvt1.com/edgedl/release2/chrome/QX5U7YrFu2EjtutZ_UHwBg_86.0.4240.193/86.0.4240.193_86.0.4240.183_chrome_updater.exe?cms_redirect=yes&mh=qK&mip=213.127.67.111&mm=28&mn=sn-5hne6nsy&ms=nvh&mt=1605092117&mv=m&mvi=2&pl=17&shardbypass=yes", "Peer": null, "FileTime": "2020-11-08 13:58:52 UTC", "FileSize": "2603264"}
{"Timestamp": "2020-11-12 10:56:12.951113Z", "Channel": "Microsoft-Windows-Bits-Client/Operational", "Provider": "Microsoft-Windows-Bits-Client", "Hostname": "MSEDGEWIN10", "SID": "S-1-5-18", "EventID": 3, "RecordID": 8831, "Level": "Information", "Descr": "The BITS service created a new job", "JobTitle": "C:\\Users\\IEUser\\AppData\\Local\\Temp\\{9FF0B339-0202-4A5B-B73E-CFFB4FCBD124}-86.0.4240.193_86.0.4240.183_chrome_updater.exe", "JobId": "FF56F08A-3D87-4A27-9E54-1444A29F0449", "JobOwner": "MSEDGEWIN10\\IEUser", "ProcessPath": "C:\\Program Files (x86)\\Google\\Update\\GoogleUpdate.exe", "ProcessId": "7764"}
{"Timestamp": "2020-11-12 10:47:46.328789Z", "Channel": "Microsoft-Windows-Bits-Client/Operational", "Provider": "Microsoft-Windows-Bits-Client", "Hostname": "MSEDGEWIN10", "SID": "S-1-5-18", "EventID": 3, "RecordID": 8828, "Level": "Information", "Descr": "The BITS service created a new job", "JobTitle": "MicrosoftMapsBingGeoStore", "JobId": "93A772F2-A4E7-4B14-8647-B7DBE759747B", "JobOwner": "NT AUTHORITY\\NETWORK SERVICE", "ProcessPath": "C:\\Windows\\System32\\svchost.exe", "ProcessId": "7760"}
{"Timestamp": "2020-11-12 10:46:10.970752Z", "Channel": "Microsoft-Windows-Bits-Client/Operational", "Provider": "Microsoft-Windows-Bits-Client", "Hostname": "MSEDGEWIN10", "SID": "S-1-5-18", "EventID": 5, "RecordID": 8827, "Level": "Information", "Descr": "Job cancelled", "Username": "NT AUTHORITY\\SYSTEM", "JobTitle": "C:\\Program Files (x86)\\Google\\Update\\1.3.36.32\\Recovery\\GUR86EE.tmp\\GoogleUpdateSetup.crx3", "JobId": "21ABE5B0-D766-4A90-96BF-93C22C834CCC", "JobOwner": "NT AUTHORITY\\SYSTEM", "FileCount": "1"}
{"Timestamp": "2020-11-21 11:19:14.422006Z", "Channel": "Microsoft-Windows-Bits-Client/Operational", "Provider": "Microsoft-Windows-Bits-Client", "Hostname": "MSEDGEWIN10", "SID": "S-1-5-18", "EventID": 60, "RecordID": 9031, "Level": "Information", "Descr": "BITS stopped transferring the <Name> transfer job that is associated with the <URL>", "TransferId": "D0D986FA-6B93-4856-9711-1C514E61DB31", "Name": "Chrome Component Updater", "JobId": "5EC45507-A944-4FB6-8BCC-4CFDD22827E1", "URL": "http://redirector.gvt1.com/edgedl/release2/chrome_component/KbGq9i1aCJZgbOKmNv6oJQ_6252/VL8i_VzJSassyW3AF-YJHg", "Peer": null, "FileTime": "2020-11-21 08:15:24 UTC", "FileSize": "23521", "BytesTotal": "23521", "BytesTransferred": "23521", "BytesTransferredFromPeer": "0"}
{"Timestamp": "2020-11-21 11:19:08.126378Z", "Channel": "Microsoft-Windows-Bits-Client/Operational", "Provider": "Microsoft-Windows-Bits-Client", "Hostname": "MSEDGEWIN10", "SID": "S-1-5-18", "EventID": 59, "RecordID": 9030, "Level": "Information", "Descr": "BITS started the <Name> transfer job that is associated with the <URL>", "TransferId": "D0D986FA-6B93-4856-9711-1C514E61DB31", "Name": "Chrome Component Updater", "JobId": "5EC45507-A944-4FB6-8BCC-4CFDD22827E1", "URL": "http://redirector.gvt1.com/edgedl/release2/chrome_component/KbGq9i1aCJZgbOKmNv6oJQ_6252/VL8i_VzJSassyW3AF-YJHg", "Peer": null, "FileTime": "2020-11-21 08:15:24 UTC", "FileSize": "23521"}
{"Timestamp": "2020-11-21 11:19:07.915119Z", "Channel": "Microsoft-Windows-Bits-Client/Operational", "Provider": "Microsoft-Windows-Bits-Client", "Hostname": "MSEDGEWIN10", "SID": "S-1-5-18", "EventID": 3, "RecordID": 9029, "Level": "Information", "Descr": "The BITS service created a new job", "JobTitle": "Chrome Component Updater", "JobId": "5EC45507-A944-4FB6-8BCC-4CFDD22827E1", "JobOwner": "MSEDGEWIN10\\IEUser", "ProcessPath": "C:\\Program Files (x86)\\Google\\Chrome\\Application\\chrome.exe", "ProcessId": "1204"}
{"Timestamp": "2020-11-21 11:19:03.292817Z", "Channel": "Microsoft-Windows-Bits-Client/Operational", "Provider": "Microsoft-Windows-Bits-Client", "Hostname": "MSEDGEWIN10", "SID": "S-1-5-18", "EventID": 4, "RecordID": 9028, "Level": "Information", "Descr": "The transfer job is complete", "Username": "MSEDGEWIN10\\IEUser", "JobTitle": "Chrome Component Updater", "JobId": "EA09ADF0-D2F9-4C13-B53D-20E1C846864F", "JobOwner": "MSEDGEWIN10\\IEUser", "FileCount": "1"}
{"Timestamp": "2020-11-21 11:19:01.384152Z", "Channel": "Microsoft-Windows-Bits-Client/Operational", "Provider": "Microsoft-Windows-Bits-Client", "Hostname": "MSEDGEWIN10", "SID": "S-1-5-18", "EventID": 60, "RecordID": 9027, "Level": "Information", "Descr": "BITS stopped transferring the <Name> transfer job that is associated with the <URL>", "TransferId": "C1DEB70B-826C-4909-A219-FD082B5C2DE3", "Name": "Chrome Component Updater", "JobId": "EA09ADF0-D2F9-4C13-B53D-20E1C846864F", "URL": "http://storage.googleapis.com/update-delta/khaoiebndkojlmppeemjhbpbandiljpe/43/42/e0b8b1fb7c27acac43c236b9f6b029b07f2a3b661b5d8eed22848180aaf4f04e.crxd", "Peer": null, "FileTime": "2020-10-13 23:52:38 UTC", "FileSize": "4436", "BytesTotal": "4436", "BytesTransferred": "4436", "BytesTransferredFromPeer": "0"}
{"Timestamp": "2020-11-21 11:19:01.301069Z", "Channel": "Microsoft-Windows-Bits-Client/Operational", "Provider": "Microsoft-Windows-Bits-Client", "Hostname": "MSEDGEWIN10", "SID": "S-1-5-18", "EventID": 59, "RecordID": 9026, "Level": "Information", "Descr": "BITS started the <Name> transfer job that is associated with the <URL>", "TransferId": "C1DEB70B-826C-4909-A219-FD082B5C2DE3", "Name": "Chrome Component Updater", "JobId": "EA09ADF0-D2F9-4C13-B53D-20E1C846864F", "URL": "http://storage.googleapis.com/update-delta/khaoiebndkojlmppeemjhbpbandiljpe/43/42/e0b8b1fb7c27acac43c236b9f6b029b07f2a3b661b5d8eed22848180aaf4f04e.crxd", "Peer": null, "FileTime": "2020-10-13 23:52:38 UTC", "FileSize": "4436"}
{"Timestamp": "2020-11-21 11:18:59.272111Z", "Channel": "Microsoft-Windows-Bits-Client/Operational", "Provider": "Microsoft-Windows-Bits-Client", "Hostname": "MSEDGEWIN10", "SID": "S-1-5-18", "EventID": 3, "RecordID": 9025, "Level": "Information", "Descr": "The BITS service created a new job", "JobTitle": "Chrome Component Updater", "JobId": "EA09ADF0-D2F9-4C13-B53D-20E1C846864F", "JobOwner": "MSEDGEWIN10\\IEUser", "ProcessPath": "C:\\Program Files (x86)\\Google\\Chrome\\Application\\chrome.exe", "ProcessId": "1204"}
{"Timestamp": "2020-11-21 11:18:56.959715Z", "Channel": "Microsoft-Windows-Bits-Client/Operational", "Provider": "Microsoft-Windows-Bits-Client", "Hostname": "MSEDGEWIN10", "SID": "S-1-5-18", "EventID": 4, "RecordID": 9024, "Level": "Information", "Descr": "The transfer job is complete", "Username": "MSEDGEWIN10\\IEUser", "JobTitle": "Chrome Component Updater", "JobId": "F0DFCC08-6B7D-4DB7-95C8-ACB07C07C545", "JobOwner": "MSEDGEWIN10\\IEUser", "FileCount": "1"}
{"Timestamp": "2020-11-21 11:18:53.718086Z", "Channel": "Microsoft-Windows-Bits-Client/Operational", "Provider": "Microsoft-Windows-Bits-Client", "Hostname": "MSEDGEWIN10", "SID": "S-1-5-18", "EventID": 60, "RecordID": 9023, "Level": "Information", "Descr": "BITS stopped transferring the <Name> transfer job that is associated with the <URL>", "TransferId": "399A7942-729E-468B-815F-1ABC185B2AC0", "Name": "Chrome Component Updater", "JobId": "F0DFCC08-6B7D-4DB7-95C8-ACB07C07C545", "URL": "http://storage.googleapis.com/update-delta/gcmjkmgdlgnkkcocmoeiminaijmmjnii/9.18.0/9.16.0/ce6075b044b6a23d590819332659310fbc6327480d4ce28d85700575fd1d389b.crxd", "Peer": null, "FileTime": "2020-10-29 18:21:11 UTC", "FileSize": "19574", "BytesTotal": "19574", "BytesTransferred": "19574", "BytesTransferredFromPeer": "0"}
{"Timestamp": "2020-11-21 11:18:47.864195Z", "Channel": "Microsoft-Windows-Bits-Client/Operational", "Provider": "Microsoft-Windows-Bits-Client", "Hostname": "MSEDGEWIN10", "SID": "S-1-5-18", "EventID": 59, "RecordID": 9022, "Level": "Information", "Descr": "BITS started the <Name> transfer job that is associated with the <URL>", "TransferId": "399A7942-729E-468B-815F-1ABC185B2AC0", "Name": "Chrome Component Updater", "JobId": "F0DFCC08-6B7D-4DB7-95C8-ACB07C07C545", "URL": "http://storage.googleapis.com/update-delta/gcmjkmgdlgnkkcocmoeiminaijmmjnii/9.18.0/9.16.0/ce6075b044b6a23d590819332659310fbc6327480d4ce28d85700575fd1d389b.crxd", "Peer": null, "FileTime": "2020-10-29 18:21:11 UTC", "FileSize": "19574"}
{"Timestamp": "2020-11-21 11:18:44.886926Z", "Channel": "Microsoft-Windows-Bits-Client/Operational", "Provider": "Microsoft-Windows-Bits-Client", "Hostname": "MSEDGEWIN10", "SID": "S-1-5-18", "EventID": 3, "RecordID": 9021, "Level": "Information", "Descr": "The BITS service created a new job", "JobTitle": "Chrome Component Updater", "JobId": "F0DFCC08-6B7D-4DB7-95C8-ACB07C07C545", "JobOwner": "MSEDGEWIN10\\IEUser", "ProcessPath": "C:\\Program Files (x86)\\Google\\Chrome\\Application\\chrome.exe", "ProcessId": "1204"}
{"Timestamp": "2020-11-21 11:18:43.410829Z", "Channel": "Microsoft-Windows-Bits-Client/Operational", "Provider": "Microsoft-Windows-Bits-Client", "Hostname": "MSEDGEWIN10", "SID": "S-1-5-18", "EventID": 4, "RecordID": 9020, "Level": "Information", "Descr": "The transfer job is complete", "Username": "MSEDGEWIN10\\IEUser", "JobTitle": "Chrome Component Updater", "JobId": "B0F5CF40-108C-487A-93F0-D6229C4592D0", "JobOwner": "MSEDGEWIN10\\IEUser", "FileCount": "1"}
{"Timestamp": "2020-11-21 11:18:41.923738Z", "Channel": "Microsoft-Windows-Bits-Client/Operational", "Provider": "Microsoft-Windows-Bits-Client", "Hostname": "MSEDGEWIN10", "SID": "S-1-5-18", "EventID": 60, "RecordID": 9019, "Level": "Information", "Descr": "BITS stopped transferring the <Name> transfer job that is associated with the <URL>", "TransferId": "DC9C0D53-57D3-4914-B649-7A540E7FA81D", "Name": "Chrome Component Updater", "JobId": "B0F5CF40-108C-487A-93F0-D6229C4592D0", "URL": "http://storage.googleapis.com/update-delta/mimojjlkmoijpicakmndhoigimigcmbb/32.0.0.453/32.0.0.433/6a7cbd12b20a2b816950c10566b3db00371455731ff01526469af574701da085.crxd", "Peer": null, "FileTime": "2020-11-10 15:14:48 UTC", "FileSize": "250701", "BytesTotal": "250701", "BytesTransferred": "250701", "BytesTransferredFromPeer": "0"}
{"Timestamp": "2020-11-21 11:16:44.077273Z", "Channel": "Microsoft-Windows-Bits-Client/Operational", "Provider": "Microsoft-Windows-Bits-Client", "Hostname": "MSEDGEWIN10", "SID": "S-1-5-18", "EventID": 59, "RecordID": 9018, "Level": "Information", "Descr": "BITS started the <Name> transfer job that is associated with the <URL>", "TransferId": "DC9C0D53-57D3-4914-B649-7A540E7FA81D", "Name": "Chrome Component Updater", "JobId": "B0F5CF40-108C-487A-93F0-D6229C4592D0", "URL": "http://storage.googleapis.com/update-delta/mimojjlkmoijpicakmndhoigimigcmbb/32.0.0.453/32.0.0.433/6a7cbd12b20a2b816950c10566b3db00371455731ff01526469af574701da085.crxd", "Peer": null, "FileTime": "2020-11-10 15:14:48 UTC", "FileSize": "250701"}
{"Timestamp": "2020-11-21 11:16:42.700636Z", "Channel": "Microsoft-Windows-Bits-Client/Operational", "Provider": "Microsoft-Windows-Bits-Client", "Hostname": "MSEDGEWIN10", "SID": "S-1-5-18", "EventID": 3, "RecordID": 9016, "Level": "Information", "Descr": "The BITS service created a new job", "JobTitle": "Chrome Component Updater", "JobId": "B0F5CF40-108C-487A-93F0-D6229C4592D0", "JobOwner": "MSEDGEWIN10\\IEUser", "ProcessPath": "C:\\Program Files (x86)\\Google\\Chrome\\Application\\chrome.exe", "ProcessId": "1204"}
{"Timestamp": "2020-11-21 11:16:42.693932Z", "Channel": "Microsoft-Windows-Bits-Client/Operational", "Provider": "Microsoft-Windows-Bits-Client", "Hostname": "MSEDGEWIN10", "SID": "S-1-5-21-3461203602-4096304019-2269080069-1000", "EventID": 5, "RecordID": 9015, "Level": "Information", "Descr": "Job cancelled", "Username": "MSEDGEWIN10\\IEUser", "JobTitle": "Chrome Component Updater", "JobId": "09F9789B-2C98-42FE-A3D5-3A003C8A53DD", "JobOwner": "MSEDGEWIN10\\IEUser", "FileCount": "1"}
{"Timestamp": "2020-11-21 11:12:31.157098Z", "Channel": "Microsoft-Windows-Bits-Client/Operational", "Provider": "Microsoft-Windows-Bits-Client", "Hostname": "MSEDGEWIN10", "SID": "S-1-5-18", "EventID": 4, "RecordID": 9013, "Level": "Information", "Descr": "The transfer job is complete", "Username": "MSEDGEWIN10\\IEUser", "JobTitle": "UpdateDescriptionXml", "JobId": "9C3823EA-67EC-4704-9D8F-D2903920FDD9", "JobOwner": "MSEDGEWIN10\\IEUser", "FileCount": "1"}
{"Timestamp": "2020-11-21 11:12:31.154332Z", "Channel": "Microsoft-Windows-Bits-Client/Operational", "Provider": "Microsoft-Windows-Bits-Client", "Hostname": "MSEDGEWIN10", "SID": "S-1-5-18", "EventID": 60, "RecordID": 9012, "Level": "Information", "Descr": "BITS stopped transferring the <Name> transfer job that is associated with the <URL>", "TransferId": "06489C83-FE97-48B5-8477-F68EB43B4895", "Name": "UpdateDescriptionXml", "JobId": "9C3823EA-67EC-4704-9D8F-D2903920FDD9", "URL": "https://g.live.com/1rewlive5skydrive/ODSUProduction", "Peer": null, "FileTime": "2020-10-26 21:00:55 UTC", "FileSize": "526", "BytesTotal": "526", "BytesTransferred": "526", "BytesTransferredFromPeer": "0"}
{"Timestamp": "2020-11-21 11:12:31.102898Z", "Channel": "Microsoft-Windows-Bits-Client/Operational", "Provider": "Microsoft-Windows-Bits-Client", "Hostname": "MSEDGEWIN10", "SID": "S-1-5-18", "EventID": 59, "RecordID": 9011, "Level": "Information", "Descr": "BITS started the <Name> transfer job that is associated with the <URL>", "TransferId": "06489C83-FE97-48B5-8477-F68EB43B4895", "Name": "UpdateDescriptionXml", "JobId": "9C3823EA-67EC-4704-9D8F-D2903920FDD9", "URL": "https://g.live.com/1rewlive5skydrive/ODSUProduction", "Peer": null, "FileTime": "2020-10-26 21:00:55 UTC", "FileSize": "526"}
{"Timestamp": "2020-11-21 11:12:31.015517Z", "Channel": "Microsoft-Windows-Bits-Client/Operational", "Provider": "Microsoft-Windows-Bits-Client", "Hostname": "MSEDGEWIN10", "SID": "S-1-5-18", "EventID": 3, "RecordID": 9010, "Level": "Information", "Descr": "The BITS service created a new job", "JobTitle": "UpdateDescriptionXml", "JobId": "9C3823EA-67EC-4704-9D8F-D2903920FDD9", "JobOwner": "MSEDGEWIN10\\IEUser", "ProcessPath": "C:\\Users\\IEUser\\AppData\\Local\\Microsoft\\OneDrive\\OneDriveStandaloneUpdater.exe", "ProcessId": "5984"}
{"Timestamp": "2020-11-21 11:12:30.888199Z", "Channel": "Microsoft-Windows-Bits-Client/Operational", "Provider": "Microsoft-Windows-Bits-Client", "Hostname": "MSEDGEWIN10", "SID": "S-1-5-18", "EventID": 4, "RecordID": 9009, "Level": "Information", "Descr": "The transfer job is complete", "Username": "MSEDGEWIN10\\IEUser", "JobTitle": "PreSignInSettingsConfigJSON", "JobId": "3E219C01-E7B7-4A65-942A-9695A9ED962D", "JobOwner": "MSEDGEWIN10\\IEUser", "FileCount": "1"}
{"Timestamp": "2020-11-21 11:12:30.883646Z", "Channel": "Microsoft-Windows-Bits-Client/Operational", "Provider": "Microsoft-Windows-Bits-Client", "Hostname": "MSEDGEWIN10", "SID": "S-1-5-18", "EventID": 60, "RecordID": 9008, "Level": "Information", "Descr": "BITS stopped transferring the <Name> transfer job that is associated with the <URL>", "TransferId": "09265C62-3FF3-4D8D-8E0E-0853E61ADA85", "Name": "PreSignInSettingsConfigJSON", "JobId": "3E219C01-E7B7-4A65-942A-9695A9ED962D", "URL": "https://g.live.com/odclientsettings/Prod", "Peer": null, "FileTime": "2020-11-20 21:55:10 UTC", "FileSize": "33022", "BytesTotal": "33022", "BytesTransferred": "33022", "BytesTransferredFromPeer": "0"}
{"Timestamp": "2020-11-21 11:12:30.660717Z", "Channel": "Microsoft-Windows-Bits-Client/Operational", "Provider": "Microsoft-Windows-Bits-Client", "Hostname": "MSEDGEWIN10", "SID": "S-1-5-18", "EventID": 59, "RecordID": 9007, "Level": "Information", "Descr": "BITS started the <Name> transfer job that is associated with the <URL>", "TransferId": "09265C62-3FF3-4D8D-8E0E-0853E61ADA85", "Name": "PreSignInSettingsConfigJSON", "JobId": "3E219C01-E7B7-4A65-942A-9695A9ED962D", "URL": "https://g.live.com/odclientsettings/Prod", "Peer": null, "FileTime": "2020-11-20 21:55:10 UTC", "FileSize": "33022"}
{"Timestamp": "2020-11-21 11:12:30.278337Z", "Channel": "Microsoft-Windows-Bits-Client/Operational", "Provider": "Microsoft-Windows-Bits-Client", "Hostname": "MSEDGEWIN10", "SID": "S-1-5-18", "EventID": 3, "RecordID": 9005, "Level": "Information", "Descr": "The BITS service created a new job", "JobTitle": "PreSignInSettingsConfigJSON", "JobId": "3E219C01-E7B7-4A65-942A-9695A9ED962D", "JobOwner": "MSEDGEWIN10\\IEUser", "ProcessPath": "C:\\Users\\IEUser\\AppData\\Local\\Microsoft\\OneDrive\\OneDriveStandaloneUpdater.exe", "ProcessId": "5984"}
{"Timestamp": "2020-11-19 17:49:16.037133Z", "Channel": "Microsoft-Windows-Bits-Client/Operational", "Provider": "Microsoft-Windows-Bits-Client", "Hostname": "MSEDGEWIN10", "SID": "S-1-5-18", "EventID": 4, "RecordID": 9002, "Level": "Information", "Descr": "The transfer job is complete", "Username": "MSEDGEWIN10\\IEUser", "JobTitle": "UpdateDescriptionXml", "JobId": "72F751D6-AD7B-44E7-A077-A2998E487158", "JobOwner": "MSEDGEWIN10\\IEUser", "FileCount": "1"}
{"Timestamp": "2020-11-19 17:49:16.026425Z", "Channel": "Microsoft-Windows-Bits-Client/Operational", "Provider": "Microsoft-Windows-Bits-Client", "Hostname": "MSEDGEWIN10", "SID": "S-1-5-18", "EventID": 60, "RecordID": 9001, "Level": "Information", "Descr": "BITS stopped transferring the <Name> transfer job that is associated with the <URL>", "TransferId": "396AC2E5-F1CB-45AB-84A2-7C405D3AAA7F", "Name": "UpdateDescriptionXml", "JobId": "72F751D6-AD7B-44E7-A077-A2998E487158", "URL": "https://g.live.com/1rewlive5skydrive/ODSUProduction", "Peer": null, "FileTime": "2020-10-26 21:00:55 UTC", "FileSize": "526", "BytesTotal": "526", "BytesTransferred": "526", "BytesTransferredFromPeer": "0"}
{"Timestamp": "2020-11-19 17:49:15.960722Z", "Channel": "Microsoft-Windows-Bits-Client/Operational", "Provider": "Microsoft-Windows-Bits-Client", "Hostname": "MSEDGEWIN10", "SID": "S-1-5-18", "EventID": 59, "RecordID": 9000, "Level": "Information", "Descr": "BITS started the <Name> transfer job that is associated with the <URL>", "TransferId": "396AC2E5-F1CB-45AB-84A2-7C405D3AAA7F", "Name": "UpdateDescriptionXml", "JobId": "72F751D6-AD7B-44E7-A077-A2998E487158", "URL": "https://g.live.com/1rewlive5skydrive/ODSUProduction", "Peer": null, "FileTime": "2020-10-26 21:00:55 UTC", "FileSize": "526"}
{"Timestamp": "2020-11-19 17:49:15.885510Z", "Channel": "Microsoft-Windows-Bits-Client/Operational", "Provider": "Microsoft-Windows-Bits-Client", "Hostname": "MSEDGEWIN10", "SID": "S-1-5-18", "EventID": 3, "RecordID": 8999, "Level": "Information", "Descr": "The BITS service created a new job", "JobTitle": "UpdateDescriptionXml", "JobId": "72F751D6-AD7B-44E7-A077-A2998E487158", "JobOwner": "MSEDGEWIN10\\IEUser", "ProcessPath": "C:\\Users\\IEUser\\AppData\\Local\\Microsoft\\OneDrive\\OneDriveStandaloneUpdater.exe", "ProcessId": "3000"}
{"Timestamp": "2020-11-19 17:49:15.612007Z", "Channel": "Microsoft-Windows-Bits-Client/Operational", "Provider": "Microsoft-Windows-Bits-Client", "Hostname": "MSEDGEWIN10", "SID": "S-1-5-18", "EventID": 4, "RecordID": 8998, "Level": "Information", "Descr": "The transfer job is complete", "Username": "MSEDGEWIN10\\IEUser", "JobTitle": "PreSignInSettingsConfigJSON", "JobId": "4E1D7752-6C4C-44C2-8F42-ECBE618D188F", "JobOwner": "MSEDGEWIN10\\IEUser", "FileCount": "1"}
{"Timestamp": "2020-11-19 17:49:15.601161Z", "Channel": "Microsoft-Windows-Bits-Client/Operational", "Provider": "Microsoft-Windows-Bits-Client", "Hostname": "MSEDGEWIN10", "SID": "S-1-5-18", "EventID": 60, "RecordID": 8997, "Level": "Information", "Descr": "BITS stopped transferring the <Name> transfer job that is associated with the <URL>", "TransferId": "BDDCBDA1-54F1-42DC-908D-3C1CC45915E5", "Name": "PreSignInSettingsConfigJSON", "JobId": "4E1D7752-6C4C-44C2-8F42-ECBE618D188F", "URL": "https://g.live.com/odclientsettings/Prod", "Peer": null, "FileTime": "2020-11-19 17:10:22 UTC", "FileSize": "32817", "BytesTotal": "32817", "BytesTransferred": "32817", "BytesTransferredFromPeer": "0"}
{"Timestamp": "2020-11-19 17:49:15.102933Z", "Channel": "Microsoft-Windows-Bits-Client/Operational", "Provider": "Microsoft-Windows-Bits-Client", "Hostname": "MSEDGEWIN10", "SID": "S-1-5-18", "EventID": 59, "RecordID": 8996, "Level": "Information", "Descr": "BITS started the <Name> transfer job that is associated with the <URL>", "TransferId": "BDDCBDA1-54F1-42DC-908D-3C1CC45915E5", "Name": "PreSignInSettingsConfigJSON", "JobId": "4E1D7752-6C4C-44C2-8F42-ECBE618D188F", "URL": "https://g.live.com/odclientsettings/Prod", "Peer": null, "FileTime": "2020-11-19 17:10:22 UTC", "FileSize": "32817"}
{"Timestamp": "2020-11-19 17:49:14.712954Z", "Channel": "Microsoft-Windows-Bits-Client/Operational", "Provider": "Microsoft-Windows-Bits-Client", "Hostname": "MSEDGEWIN10", "SID": "S-1-5-18", "EventID": 3, "RecordID": 8994, "Level": "Information", "Descr": "The BITS service created a new job", "JobTitle": "PreSignInSettingsConfigJSON", "JobId": "4E1D7752-6C4C-44C2-8F42-ECBE618D188F", "JobOwner": "MSEDGEWIN10\\IEUser", "ProcessPath": "C:\\Users\\IEUser\\AppData\\Local\\Microsoft\\OneDrive\\OneDriveStandaloneUpdater.exe", "ProcessId": "3000"}
{"Timestamp": "2020-11-19 10:45:57.750905Z", "Channel": "Microsoft-Windows-Bits-Client/Operational", "Provider": "Microsoft-Windows-Bits-Client", "Hostname": "MSEDGEWIN10", "SID": "S-1-5-18", "EventID": 4, "RecordID": 8992, "Level": "Information", "Descr": "The transfer job is complete", "Username": "MSEDGEWIN10\\IEUser", "JobTitle": "Push Notification Platform Job: 1", "JobId": "C1930BB1-A4D2-410C-8F99-83CD3C34EDD2", "JobOwner": "MSEDGEWIN10\\IEUser", "FileCount": "1"}
{"Timestamp": "2020-11-19 10:45:57.747439Z", "Channel": "Microsoft-Windows-Bits-Client/Operational", "Provider": "Microsoft-Windows-Bits-Client", "Hostname": "MSEDGEWIN10", "SID": "S-1-5-18", "EventID": 60, "RecordID": 8991, "Level": "Information", "Descr": "BITS stopped transferring the <Name> transfer job that is associated with the <URL>", "TransferId": "8100B4AC-7D2B-4694-94CA-D1674B3FE0F3", "Name": "Push Notification Platform Job: 1", "JobId": "C1930BB1-A4D2-410C-8F99-83CD3C34EDD2", "URL": "https://img-s-msn-com.akamaized.net/tenant/amp/entityid/BB1aQJnx.img?w=100&h=100&m=6&tilesize=medium&x=1069&y=1223&ms-scale=100&ms-contrast=standard", "Peer": null, "FileTime": "2020-11-19 10:36:33 UTC", "FileSize": "8589", "BytesTotal": "8589", "BytesTransferred": "8589", "BytesTransferredFromPeer": "0"}
{"Timestamp": "2020-11-19 10:45:57.562119Z", "Channel": "Microsoft-Windows-Bits-Client/Operational", "Provider": "Microsoft-Windows-Bits-Client", "Hostname": "MSEDGEWIN10", "SID": "S-1-5-18", "EventID": 59, "RecordID": 8990, "Level": "Information", "Descr": "BITS started the <Name> transfer job that is associated with the <URL>", "TransferId": "8100B4AC-7D2B-4694-94CA-D1674B3FE0F3", "Name": "Push Notification Platform Job: 1", "JobId": "C1930BB1-A4D2-410C-8F99-83CD3C34EDD2", "URL": "https://img-s-msn-com.akamaized.net/tenant/amp/entityid/BB1aQJnx.img?w=100&h=100&m=6&tilesize=medium&x=1069&y=1223&ms-scale=100&ms-contrast=standard", "Peer": null, "FileTime": "1601-01-01 00:00:00 UTC", "FileSize": "18446744073709551615"}
{"Timestamp": "2020-11-19 10:45:57.546588Z", "Channel": "Microsoft-Windows-Bits-Client/Operational", "Provider": "Microsoft-Windows-Bits-Client", "Hostname": "MSEDGEWIN10", "SID": "S-1-5-18", "EventID": 3, "RecordID": 8988, "Level": "Information", "Descr": "The BITS service created a new job", "JobTitle": "Push Notification Platform Job: 1", "JobId": "C1930BB1-A4D2-410C-8F99-83CD3C34EDD2", "JobOwner": "MSEDGEWIN10\\IEUser", "ProcessPath": "C:\\Windows\\System32\\svchost.exe", "ProcessId": "5752"}
{"Timestamp": "2020-11-19 09:33:33.601221Z", "Channel": "Microsoft-Windows-Bits-Client/Operational", "Provider": "Microsoft-Windows-Bits-Client", "Hostname": "MSEDGEWIN10", "SID": "S-1-5-18", "EventID": 4, "RecordID": 8986, "Level": "Information", "Descr": "The transfer job is complete", "Username": "MSEDGEWIN10\\IEUser", "JobTitle": "Push Notification Platform Job: 1", "JobId": "47B0B280-6689-458A-AF83-A88024343AC9", "JobOwner": "MSEDGEWIN10\\IEUser", "FileCount": "1"}
{"Timestamp": "2020-11-19 09:33:33.597639Z", "Channel": "Microsoft-Windows-Bits-Client/Operational", "Provider": "Microsoft-Windows-Bits-Client", "Hostname": "MSEDGEWIN10", "SID": "S-1-5-18", "EventID": 60, "RecordID": 8985, "Level": "Information", "Descr": "BITS stopped transferring the <Name> transfer job that is associated with the <URL>", "TransferId": "64B69F81-2B4E-474E-9DEF-F29446C57967", "Name": "Push Notification Platform Job: 1", "JobId": "47B0B280-6689-458A-AF83-A88024343AC9", "URL": "https://img-s-msn-com.akamaized.net/tenant/amp/entityid/BB1b9S4l.img?w=100&h=100&m=6&tilesize=medium&x=1140&y=780&ms-scale=100&ms-contrast=standard", "Peer": null, "FileTime": "2020-11-19 09:20:39 UTC", "FileSize": "4777", "BytesTotal": "4777", "BytesTransferred": "4777", "BytesTransferredFromPeer": "0"}
{"Timestamp": "2020-11-19 09:33:33.409936Z", "Channel": "Microsoft-Windows-Bits-Client/Operational", "Provider": "Microsoft-Windows-Bits-Client", "Hostname": "MSEDGEWIN10", "SID": "S-1-5-18", "EventID": 59, "RecordID": 8984, "Level": "Information", "Descr": "BITS started the <Name> transfer job that is associated with the <URL>", "TransferId": "64B69F81-2B4E-474E-9DEF-F29446C57967", "Name": "Push Notification Platform Job: 1", "JobId": "47B0B280-6689-458A-AF83-A88024343AC9", "URL": "https://img-s-msn-com.akamaized.net/tenant/amp/entityid/BB1b9S4l.img?w=100&h=100&m=6&tilesize=medium&x=1140&y=780&ms-scale=100&ms-contrast=standard", "Peer": null, "FileTime": "1601-01-01 00:00:00 UTC", "FileSize": "18446744073709551615"}
{"Timestamp": "2020-11-19 09:33:33.387980Z", "Channel": "Microsoft-Windows-Bits-Client/Operational", "Provider": "Microsoft-Windows-Bits-Client", "Hostname": "MSEDGEWIN10", "SID": "S-1-5-18", "EventID": 3, "RecordID": 8982, "Level": "Information", "Descr": "The BITS service created a new job", "JobTitle": "Push Notification Platform Job: 1", "JobId": "47B0B280-6689-458A-AF83-A88024343AC9", "JobOwner": "MSEDGEWIN10\\IEUser", "ProcessPath": "C:\\Windows\\System32\\svchost.exe", "ProcessId": "7920"}
{"Timestamp": "2020-11-19 09:04:23.848375Z", "Channel": "Microsoft-Windows-Bits-Client/Operational", "Provider": "Microsoft-Windows-Bits-Client", "Hostname": "MSEDGEWIN10", "SID": "S-1-5-18", "EventID": 3, "RecordID": 8980, "Level": "Information", "Descr": "The BITS service created a new job", "JobTitle": "MicrosoftMapsBingGeoStore", "JobId": "E266825C-CEC1-4B34-9E5E-F42D8686C6B2", "JobOwner": "NT AUTHORITY\\NETWORK SERVICE", "ProcessPath": "C:\\Windows\\System32\\svchost.exe", "ProcessId": "516"}
{"Timestamp": "2020-11-19 09:04:10.117473Z", "Channel": "Microsoft-Windows-Bits-Client/Operational", "Provider": "Microsoft-Windows-Bits-Client", "Hostname": "MSEDGEWIN10", "SID": "S-1-5-18", "EventID": 4, "RecordID": 8979, "Level": "Information", "Descr": "The transfer job is complete", "Username": "MSEDGEWIN10\\IEUser", "JobTitle": "Push Notification Platform Job: 1", "JobId": "E1669B1D-A6A4-4EB6-AF45-0F264031F8D1", "JobOwner": "MSEDGEWIN10\\IEUser", "FileCount": "1"}
{"Timestamp": "2020-11-19 09:04:10.112254Z", "Channel": "Microsoft-Windows-Bits-Client/Operational", "Provider": "Microsoft-Windows-Bits-Client", "Hostname": "MSEDGEWIN10", "SID": "S-1-5-18", "EventID": 60, "RecordID": 8978, "Level": "Information", "Descr": "BITS stopped transferring the <Name> transfer job that is associated with the <URL>", "TransferId": "C6C321E5-5438-4999-BE3C-35F57F59A084", "Name": "Push Notification Platform Job: 1", "JobId": "E1669B1D-A6A4-4EB6-AF45-0F264031F8D1", "URL": "https://img-s-msn-com.akamaized.net/tenant/amp/entityid/BB1b9Paa.img?w=100&h=100&m=6&tilesize=medium&ms-scale=100&ms-contrast=standard", "Peer": null, "FileTime": "2020-11-19 08:50:26 UTC", "FileSize": "5148", "BytesTotal": "5148", "BytesTransferred": "5148", "BytesTransferredFromPeer": "0"}
{"Timestamp": "2020-11-19 09:04:09.949785Z", "Channel": "Microsoft-Windows-Bits-Client/Operational", "Provider": "Microsoft-Windows-Bits-Client", "Hostname": "MSEDGEWIN10", "SID": "S-1-5-18", "EventID": 59, "RecordID": 8977, "Level": "Information", "Descr": "BITS started the <Name> transfer job that is associated with the <URL>", "TransferId": "C6C321E5-5438-4999-BE3C-35F57F59A084", "Name": "Push Notification Platform Job: 1", "JobId": "E1669B1D-A6A4-4EB6-AF45-0F264031F8D1", "URL": "https://img-s-msn-com.akamaized.net/tenant/amp/entityid/BB1b9Paa.img?w=100&h=100&m=6&tilesize=medium&ms-scale=100&ms-contrast=standard", "Peer": null, "FileTime": "1601-01-01 00:00:00 UTC", "FileSize": "18446744073709551615"}
{"Timestamp": "2020-11-19 09:04:09.922240Z", "Channel": "Microsoft-Windows-Bits-Client/Operational", "Provider": "Microsoft-Windows-Bits-Client", "Hostname": "MSEDGEWIN10", "SID": "S-1-5-18", "EventID": 3, "RecordID": 8975, "Level": "Information", "Descr": "The BITS service created a new job", "JobTitle": "Push Notification Platform Job: 1", "JobId": "E1669B1D-A6A4-4EB6-AF45-0F264031F8D1", "JobOwner": "MSEDGEWIN10\\IEUser", "ProcessPath": "C:\\Windows\\System32\\svchost.exe", "ProcessId": "4264"}
{"Timestamp": "2020-11-18 21:53:26.011303Z", "Channel": "Microsoft-Windows-Bits-Client/Operational", "Provider": "Microsoft-Windows-Bits-Client", "Hostname": "MSEDGEWIN10", "SID": "S-1-5-18", "EventID": 4, "RecordID": 8973, "Level": "Information", "Descr": "The transfer job is complete", "Username": "MSEDGEWIN10\\IEUser", "JobTitle": "C:\\Users\\IEUser\\AppData\\Local\\Temp\\{760E100C-4E23-45B0-A2E1-BB2607BF6ED4}-87.0.4280.66_86.0.4240.198_chrome_updater.exe", "JobId": "6BFD2AD8-963A-4E3D-A596-DDB00305910F", "JobOwner": "MSEDGEWIN10\\IEUser", "FileCount": "1"}
