{"Timestamp": "2019-02-13 15:15:05.924796Z", "Channel": "Security", "Provider": "Microsoft-Windows-Security-Auditing", "Hostname": "PC02.example.corp", "SID": "S-1-5-18", "EventID": 4624, "RecordID": 5291, "Level": "0", "Descr": "An account was successfully logged on", "Username": "PC02$", "Domain": "EXAMPLE", "LogonId": "0x3e7", "TargetSID": "S-1-5-18", "TargetUsername": "SYSTEM", "TargetDomain": "NT AUTHORITY", "TargetLogonId": "0x3e7", "LogonType+": "5", "LogonType": "5", "LogonProcess": "Advapi  ", "AuthenticationPackage": "Negotiate", "WorkstationName": null, "LogonGUID": "00000000-0000-0000-0000-000000000000", "TransmittedServices": "-", "KeyLength": "0", "ProcessId": "0x1d0", "ProcessPath": "C:\\Windows\\System32\\services.exe", "IP": "-", "Port": "-"}
{"Timestamp": "2019-02-13 15:15:05.660417Z", "Channel": "Security", "Provider": "Microsoft-Windows-Security-Auditing", "Hostname": "PC02.example.corp", "SID": "S-1-5-18", "EventID": 4624, "RecordID": 5289, "Level": "0", "Descr": "An account was successfully logged on", "Username": "PC02$", "Domain": "EXAMPLE", "LogonId": "0x3e7", "TargetSID": "S-1-5-18", "TargetUsername": "SYSTEM", "TargetDomain": "NT AUTHORITY", "TargetLogonId": "0x3e7", "LogonType+": "5", "LogonType": "5", "LogonProcess": "Advapi  ", "AuthenticationPackage": "Negotiate", "WorkstationName": null, "LogonGUID": "00000000-0000-0000-0000-000000000000", "TransmittedServices": "-", "KeyLength": "0", "ProcessId": "0x1d0", "ProcessPath": "C:\\Windows\\System32\\services.exe", "IP": "-", "Port": "-"}
{"Timestamp": "2019-02-13 15:15:05.065564Z", "Channel": "Security", "Provider": "Microsoft-Windows-Security-Auditing", "Hostname": "PC02.example.corp", "SID": "S-1-5-18", "EventID": 4624, "RecordID": 5287, "Level": "0", "Descr": "An account was successfully logged on", "Username": "PC02$", "Domain": "EXAMPLE", "LogonId": "0x3e7", "TargetSID": "S-1-5-19", "TargetUsername": "LOCAL SERVICE", "TargetDomain": "NT AUTHORITY", "TargetLogonId": "0x3e5", "LogonType+": "5", "LogonType": "5", "LogonProcess": "Advapi  ", "AuthenticationPackage": "Negotiate", "WorkstationName": null, "LogonGUID": "00000000-0000-0000-0000-000000000000", "TransmittedServices": "-", "KeyLength": "0", "ProcessId": "0x1d0", "ProcessPath": "C:\\Windows\\System32\\services.exe", "IP": "-", "Port": "-"}
{"Timestamp": "2019-02-13 15:15:04.911343Z", "Channel": "Security", "Provider": "Microsoft-Windows-Security-Auditing", "Hostname": "PC02.example.corp", "SID": "S-1-5-18", "EventID": 4624, "RecordID": 5285, "Level": "0", "Descr": "An account was successfully logged on", "Username": "PC02$", "Domain": "EXAMPLE", "LogonId": "0x3e7", "TargetSID": "S-1-5-20", "TargetUsername": "NETWORK SERVICE", "TargetDomain": "NT AUTHORITY", "TargetLogonId": "0x3e4", "LogonType+": "5", "LogonType": "5", "LogonProcess": "Advapi  ", "AuthenticationPackage": "Negotiate", "WorkstationName": null, "LogonGUID": "00000000-0000-0000-0000-000000000000", "TransmittedServices": "-", "KeyLength": "0", "ProcessId": "0x1d0", "ProcessPath": "C:\\Windows\\System32\\services.exe", "IP": "-", "Port": "-"}
{"Timestamp": "2019-02-13 15:15:04.635947Z", "Channel": "Security", "Provider": "Microsoft-Windows-Security-Auditing", "Hostname": "PC02.example.corp", "SID": "S-1-5-18", "EventID": 4624, "RecordID": 5283, "Level": "0", "Descr": "An account was successfully logged on", "Username": "PC02$", "Domain": "EXAMPLE", "LogonId": "0x3e7", "TargetSID": "S-1-5-18", "TargetUsername": "SYSTEM", "TargetDomain": "NT AUTHORITY", "TargetLogonId": "0x3e7", "LogonType+": "5", "LogonType": "5", "LogonProcess": "Advapi  ", "AuthenticationPackage": "Negotiate", "WorkstationName": null, "LogonGUID": "00000000-0000-0000-0000-000000000000", "TransmittedServices": "-", "KeyLength": "0", "ProcessId": "0x1d0", "ProcessPath": "C:\\Windows\\System32\\services.exe", "IP": "-", "Port": "-"}
{"Timestamp": "2019-02-13 15:15:04.175284Z", "Channel": "Security", "Provider": "Microsoft-Windows-Security-Auditing", "Hostname": "PC02.example.corp", "SID": "S-1-0-0", "EventID": 4624, "RecordID": 5281, "Level": "0", "Descr": "An account was successfully logged on", "Username": "-", "Domain": "-", "LogonId": "0x0", "TargetSID": "S-1-5-18", "TargetUsername": "SYSTEM", "TargetDomain": "NT AUTHORITY", "TargetLogonId": "0x3e7", "LogonType+": "0", "LogonType": "0", "LogonProcess": "-", "AuthenticationPackage": "-", "WorkstationName": "-", "LogonGUID": "00000000-0000-0000-0000-000000000000", "TransmittedServices": "-", "KeyLength": "0", "ProcessId": "0x4", "ProcessPath": null, "IP": "-", "Port": "-"}
{"Timestamp": "2019-02-13 15:14:52.409734Z", "Channel": "Security", "Provider": "Microsoft-Windows-Security-Auditing", "Hostname": "PC02.example.corp", "SID": "S-1-5-18", "EventID": 4624, "RecordID": 5278, "Level": "0", "Descr": "An account was successfully logged on", "Username": "PC02$", "Domain": "EXAMPLE", "LogonId": "0x3e7", "TargetSID": "S-1-5-18", "TargetUsername": "SYSTEM", "TargetDomain": "NT AUTHORITY", "TargetLogonId": "0x3e7", "LogonType+": "5", "LogonType": "5", "LogonProcess": "Advapi  ", "AuthenticationPackage": "Negotiate", "WorkstationName": null, "LogonGUID": "00000000-0000-0000-0000-000000000000", "TransmittedServices": "-", "KeyLength": "0", "ProcessId": "0x1d4", "ProcessPath": "C:\\Windows\\System32\\services.exe", "IP": "-", "Port": "-"}
{"Timestamp": "2019-03-25 13:01:41.932610Z", "Channel": "Security", "Provider": "Microsoft-Windows-Security-Auditing", "Hostname": "DC1.insecurebank.local", "SID": "S-1-5-21-738609754-2819869699-4189121830-1108", "EventID": 4738, "RecordID": 198239293, "Level": "0", "Descr": "A user account was changed", "TargetUsername": "alice", "TargetDomain": "insecurebank", "TargetSID": "S-1-5-21-738609754-2819869699-4189121830-1107", "Username": "bob", "Domain": "insecurebank", "LogonId": "0x3d8e8db", "PrivilegeList": "-", "SamAccountName": "-", "DisplayName": "-", "UserPrincipalName": "-", "HomeDirectory": "-", "HomePath": "-", "ScriptPath": "-", "ProfilePath": "-", "UserWorkstations": "-", "PasswordLastSet": "-", "AccountExpires": "-", "PrimaryGroupId": "-", "AllowedToDelegateTo": "-", "OldUacFlags+": "-", "OldUacFlags": "-", "NewUacFlags+": "-", "NewUacFlags": "-", "UserAccountControl": "-", "UserParameters": "-", "SIDHistory": "-", "LogonHours": "-"}
{"Timestamp": "2019-03-25 12:52:45.500611Z", "Channel": "Security", "Provider": "Microsoft-Windows-Security-Auditing", "Hostname": "DC1.insecurebank.local", "SID": "S-1-5-20", "EventID": 4702, "RecordID": 198239223, "Level": "0", "Descr": "A scheduled task was updated", "Username": "DC1$", "Domain": "insecurebank", "LogonId": "0x3e4", "TaskName": "\\Microsoft\\Windows\\SoftwareProtectionPlatform\\SvcRestartTask", "TaskContent": "<?xml version=\"1.0\" encoding=\"UTF-16\"?>\n<Task version=\"1.4\" xmlns=\"http://schemas.microsoft.com/windows/2004/02/mit/task\">\n  <RegistrationInfo>\n    <Source>$(@%systemroot%\\system32\\sppc.dll,-200)</Source>\n    <Author>$(@%systemroot%\\system32\\sppc.dll,-200)</Author>\n    <Version>1.0</Version>\n    <Description>$(@%systemroot%\\system32\\sppc.dll,-201)</Description>\n    <URI>\\Microsoft\\Windows\\SoftwareProtectionPlatform\\SvcRestartTask</URI>\n    <SecurityDescriptor>D:P(A;;FA;;;SY)(A;;FA;;;BA)(A;;FA;;;S-1-5-80-123231216-2592883651-3715271367-3753151631-4175906628)(A;;FR;;;S-1-5-87-2912274048-3994893941-1669128114-1310430903-1263774323)</SecurityDescriptor>\n  </RegistrationInfo>\n  <Triggers>\n    <CalendarTrigger>\n      <StartBoundary>2019-03-26T12:51:45Z</StartBoundary>\n      <Enabled>true</Enabled>\n      <ScheduleByDay>\n        <DaysInterval>1</DaysInterval>\n      </ScheduleByDay>\n    </CalendarTrigger>\n  </Triggers>\n  <Principals>\n    <Principal id=\"NetworkService\">\n      <UserId>S-1-5-20</UserId>\n      <RunLevel>LeastPrivilege</RunLevel>\n    </Principal>\n  </Principals>\n  <Settings>\n    <MultipleInstancesPolicy>IgnoreNew</MultipleInstancesPolicy>\n    <DisallowStartIfOnBatteries>false</DisallowStartIfOnBatteries>\n    <StopIfGoingOnBatteries>false</StopIfGoingOnBatteries>\n    <AllowHardTerminate>false</AllowHardTerminate>\n    <StartWhenAvailable>true</StartWhenAvailable>\n    <RunOnlyIfNetworkAvailable>false</RunOnlyIfNetworkAvailable>\n    <IdleSettings>\n      <StopOnIdleEnd>true</StopOnIdleEnd>\n      <RestartOnIdle>false</RestartOnIdle>\n    </IdleSettings>\n    <AllowStartOnDemand>true</AllowStartOnDemand>\n    <Enabled>true</Enabled>\n    <Hidden>true</Hidden>\n    <RunOnlyIfIdle>false</RunOnlyIfIdle>\n    <DisallowStartOnRemoteAppSession>false</DisallowStartOnRemoteAppSession>\n    <UseUnifiedSchedulingEngine>true</UseUnifiedSchedulingEngine>\n    <WakeToRun>false</WakeToRun>\n    <ExecutionTimeLimit>PT0S</ExecutionTimeLimit>\n    <Priority>7</Priority>\n    <RestartOnFailure>\n      <Interval>PT1M</Interval>\n      <Count>3</Count>\n    </RestartOnFailure>\n  </Settings>\n  <Actions Context=\"NetworkService\">\n    <ComHandler>\n      <ClassId>{B1AEBB5D-EAD9-4476-B375-9C3ED9F32AFC}</ClassId>\n      <Data><![CDATA[timer]]></Data>\n    </ComHandler>\n  </Actions>\n</Task>"}
{"Timestamp": "2019-03-25 12:48:09.195617Z", "Channel": "Security", "Provider": "Microsoft-Windows-Security-Auditing", "Hostname": "DC1.insecurebank.local", "SID": "S-1-5-21-738609754-2819869699-4189121830-1108", "EventID": 4738, "RecordID": 198239171, "Level": "0", "Descr": "A user account was changed", "TargetUsername": "alice", "TargetDomain": "insecurebank", "TargetSID": "S-1-5-21-738609754-2819869699-4189121830-1107", "Username": "bob", "Domain": "insecurebank", "LogonId": "0x3d8e8db", "PrivilegeList": "-", "SamAccountName": "-", "DisplayName": "-", "UserPrincipalName": "-", "HomeDirectory": "-", "HomePath": "-", "ScriptPath": "-", "ProfilePath": "-", "UserWorkstations": "-", "PasswordLastSet": "-", "AccountExpires": "-", "PrimaryGroupId": "-", "AllowedToDelegateTo": "-", "OldUacFlags+": "-", "OldUacFlags": "-", "NewUacFlags+": "-", "NewUacFlags": "-", "UserAccountControl": "-", "UserParameters": "-", "SIDHistory": "-", "LogonHours": "-"}
{"Timestamp": "2019-03-25 12:37:49.638677Z", "Channel": "Security", "Provider": "Microsoft-Windows-Security-Auditing", "Hostname": "DC1.insecurebank.local", "SID": "S-1-5-21-738609754-2819869699-4189121830-1108", "EventID": 4738, "RecordID": 198239092, "Level": "0", "Descr": "A user account was changed", "TargetUsername": "alice", "TargetDomain": "insecurebank", "TargetSID": "S-1-5-21-738609754-2819869699-4189121830-1107", "Username": "bob", "Domain": "insecurebank", "LogonId": "0x3d8e8db", "PrivilegeList": "-", "SamAccountName": "-", "DisplayName": "-", "UserPrincipalName": "-", "HomeDirectory": "-", "HomePath": "-", "ScriptPath": "-", "ProfilePath": "-", "UserWorkstations": "-", "PasswordLastSet": "-", "AccountExpires": "-", "PrimaryGroupId": "-", "AllowedToDelegateTo": "-", "OldUacFlags+": "-", "OldUacFlags": "-", "NewUacFlags+": "-", "NewUacFlags": "-", "UserAccountControl": "-", "UserParameters": "-", "SIDHistory": "-", "LogonHours": "-"}
{"Timestamp": "2019-03-25 12:33:59.275613Z", "Channel": "Security", "Provider": "Microsoft-Windows-Security-Auditing", "Hostname": "DC1.insecurebank.local", "SID": "S-1-5-18", "EventID": 4719, "RecordID": 198239064, "Level": "0", "Descr": "System audit policy was changed", "Username": "DC1$", "Domain": "insecurebank", "LogonId": "0x3e7", "CategoryId": "DS Access", "SubcategoryId": "Directory Service Changes", "SubcategoryGuid": "0CCE923C-69AE-11D9-BED3-505054503030", "AuditPolicyChanges": "Failure added"}
{"Timestamp": "2019-03-25 12:33:59.275613Z", "Channel": "Security", "Provider": "Microsoft-Windows-Security-Auditing", "Hostname": "DC1.insecurebank.local", "SID": "S-1-5-18", "EventID": 4719, "RecordID": 198239063, "Level": "0", "Descr": "System audit policy was changed", "Username": "DC1$", "Domain": "insecurebank", "LogonId": "0x3e7", "CategoryId": "DS Access", "SubcategoryId": "Directory Service Access", "SubcategoryGuid": "0CCE923B-69AE-11D9-BED3-505054503030", "AuditPolicyChanges": "Failure added"}
{"Timestamp": "2019-03-25 12:33:40.714644Z", "Channel": "Security", "Provider": "Microsoft-Windows-Security-Auditing", "Hostname": "DC1.insecurebank.local", "SID": "S-1-5-21-738609754-2819869699-4189121830-1108", "EventID": 4662, "RecordID": 198239043, "Level": "0", "Descr": "An operation was performed on an object", "Username": "bob", "Domain": "insecurebank", "LogonId": "0x8d7099", "ObjectServer": "DS", "ObjectType": "%{f30e3bc2-9ff0-11d1-b603-0000f80367c1}", "ObjectName": "%{6cdecdb5-7515-4511-8141-c34a7c3d4a0a}", "OperationType": "Object Access", "HandleId": "0x0", "AccessList": "Write Property", "AccessMask": "0x20", "Properties": "%%7685\n\t\t{771727b1-31b8-4cdf-ae62-4fe39fadf89e}\n\t\t\t{bf967a76-0de6-11d0-a285-00aa003049e2}\n\t{f30e3bc2-9ff0-11d1-b603-0000f80367c1}\n"}
{"Timestamp": "2019-03-25 12:33:36.036643Z", "Channel": "Security", "Provider": "Microsoft-Windows-Security-Auditing", "Hostname": "DC1.insecurebank.local", "SID": "S-1-5-21-738609754-2819869699-4189121830-1108", "EventID": 4662, "RecordID": 198239036, "Level": "0", "Descr": "An operation was performed on an object", "Username": "bob", "Domain": "insecurebank", "LogonId": "0x8d7099", "ObjectServer": "DS", "ObjectType": "%{f30e3bc2-9ff0-11d1-b603-0000f80367c1}", "ObjectName": "%{6cdecdb5-7515-4511-8141-c34a7c3d4a0a}", "OperationType": "Object Access", "HandleId": "0x0", "AccessList": "Write Property", "AccessMask": "0x20", "Properties": "%%7685\n\t\t{771727b1-31b8-4cdf-ae62-4fe39fadf89e}\n\t\t\t{bf967a76-0de6-11d0-a285-00aa003049e2}\n\t{f30e3bc2-9ff0-11d1-b603-0000f80367c1}\n"}
{"Timestamp": "2019-03-25 12:31:35.143634Z", "Channel": "Security", "Provider": "Microsoft-Windows-Security-Auditing", "Hostname": "DC1.insecurebank.local", "SID": "S-1-5-21-738609754-2819869699-4189121830-1108", "EventID": 4662, "RecordID": 198239007, "Level": "0", "Descr": "An operation was performed on an object", "Username": "bob", "Domain": "insecurebank", "LogonId": "0x8d7099", "ObjectServer": "DS", "ObjectType": "%{f30e3bc2-9ff0-11d1-b603-0000f80367c1}", "ObjectName": "%{6d8a089c-f91e-41b4-a1d6-5985255210c3}", "OperationType": "Object Access", "HandleId": "0x0", "AccessList": "Write Property", "AccessMask": "0x20", "Properties": "%%7685\n\t\t{771727b1-31b8-4cdf-ae62-4fe39fadf89e}\n\t\t\t{bf967a76-0de6-11d0-a285-00aa003049e2}\n\t{f30e3bc2-9ff0-11d1-b603-0000f80367c1}\n"}
{"Timestamp": "2019-03-25 12:22:45.317605Z", "Channel": "Security", "Provider": "Microsoft-Windows-Security-Auditing", "Hostname": "DC1.insecurebank.local", "SID": "S-1-5-20", "EventID": 4702, "RecordID": 198238969, "Level": "0", "Descr": "A scheduled task was updated", "Username": "DC1$", "Domain": "insecurebank", "LogonId": "0x3e4", "TaskName": "\\Microsoft\\Windows\\SoftwareProtectionPlatform\\SvcRestartTask", "TaskContent": "<?xml version=\"1.0\" encoding=\"UTF-16\"?>\n<Task version=\"1.4\" xmlns=\"http://schemas.microsoft.com/windows/2004/02/mit/task\">\n  <RegistrationInfo>\n    <Source>$(@%systemroot%\\system32\\sppc.dll,-200)</Source>\n    <Author>$(@%systemroot%\\system32\\sppc.dll,-200)</Author>\n    <Version>1.0</Version>\n    <Description>$(@%systemroot%\\system32\\sppc.dll,-201)</Description>\n    <URI>\\Microsoft\\Windows\\SoftwareProtectionPlatform\\SvcRestartTask</URI>\n    <SecurityDescriptor>D:P(A;;FA;;;SY)(A;;FA;;;BA)(A;;FA;;;S-1-5-80-123231216-2592883651-3715271367-3753151631-4175906628)(A;;FR;;;S-1-5-87-2912274048-3994893941-1669128114-1310430903-1263774323)</SecurityDescriptor>\n  </RegistrationInfo>\n  <Triggers>\n    <CalendarTrigger>\n      <StartBoundary>2019-03-26T12:21:45Z</StartBoundary>\n      <Enabled>true</Enabled>\n      <ScheduleByDay>\n        <DaysInterval>1</DaysInterval>\n      </ScheduleByDay>\n    </CalendarTrigger>\n  </Triggers>\n  <Principals>\n    <Principal id=\"NetworkService\">\n      <UserId>S-1-5-20</UserId>\n      <RunLevel>LeastPrivilege</RunLevel>\n    </Principal>\n  </Principals>\n  <Settings>\n    <MultipleInstancesPolicy>IgnoreNew</MultipleInstancesPolicy>\n    <DisallowStartIfOnBatteries>false</DisallowStartIfOnBatteries>\n    <StopIfGoingOnBatteries>false</StopIfGoingOnBatteries>\n    <AllowHardTerminate>false</AllowHardTerminate>\n    <StartWhenAvailable>true</StartWhenAvailable>\n    <RunOnlyIfNetworkAvailable>false</RunOnlyIfNetworkAvailable>\n    <IdleSettings>\n      <StopOnIdleEnd>true</StopOnIdleEnd>\n      <RestartOnIdle>false</RestartOnIdle>\n    </IdleSettings>\n    <AllowStartOnDemand>true</AllowStartOnDemand>\n    <Enabled>true</Enabled>\n    <Hidden>true</Hidden>\n    <RunOnlyIfIdle>false</RunOnlyIfIdle>\n    <DisallowStartOnRemoteAppSession>false</DisallowStartOnRemoteAppSession>\n    <UseUnifiedSchedulingEngine>true</UseUnifiedSchedulingEngine>\n    <WakeToRun>false</WakeToRun>\n    <ExecutionTimeLimit>PT0S</ExecutionTimeLimit>\n    <Priority>7</Priority>\n    <RestartOnFailure>\n      <Interval>PT1M</Interval>\n      <Count>3</Count>\n    </RestartOnFailure>\n  </Settings>\n  <Actions Context=\"NetworkService\">\n    <ComHandler>\n      <ClassId>{B1AEBB5D-EAD9-4476-B375-9C3ED9F32AFC}</ClassId>\n      <Data><![CDATA[timer]]></Data>\n    </ComHandler>\n  </Actions>\n</Task>"}
{"Timestamp": "2019-03-25 12:05:30.683610Z", "Channel": "Security", "Provider": "Microsoft-Windows-Security-Auditing", "Hostname": "DC1.insecurebank.local", "SID": "S-1-5-18", "EventID": 4662, "RecordID": 198238842, "Level": "0", "Descr": "An operation was performed on an object", "Username": "DC1$", "Domain": "insecurebank", "LogonId": "0xb3ac2", "ObjectServer": "DS", "ObjectType": "%{19195a5b-6da0-11d0-afd3-00c04fd930c9}", "ObjectName": "%{c6faf700-bfe4-452a-a766-424f84c29583}", "OperationType": "Object Access", "HandleId": "0x0", "AccessList": "Control Access", "AccessMask": "0x100", "Properties": "%%7688\n\t\t{1131f6aa-9c07-11d1-f79f-00c04fc2dcd2}\n\t{19195a5b-6da0-11d0-afd3-00c04fd930c9}\n"}
{"Timestamp": "2019-03-25 11:52:45.143617Z", "Channel": "Security", "Provider": "Microsoft-Windows-Security-Auditing", "Hostname": "DC1.insecurebank.local", "SID": "S-1-5-20", "EventID": 4702, "RecordID": 198238774, "Level": "0", "Descr": "A scheduled task was updated", "Username": "DC1$", "Domain": "insecurebank", "LogonId": "0x3e4", "TaskName": "\\Microsoft\\Windows\\SoftwareProtectionPlatform\\SvcRestartTask", "TaskContent": "<?xml version=\"1.0\" encoding=\"UTF-16\"?>\n<Task version=\"1.4\" xmlns=\"http://schemas.microsoft.com/windows/2004/02/mit/task\">\n  <RegistrationInfo>\n    <Source>$(@%systemroot%\\system32\\sppc.dll,-200)</Source>\n    <Author>$(@%systemroot%\\system32\\sppc.dll,-200)</Author>\n    <Version>1.0</Version>\n    <Description>$(@%systemroot%\\system32\\sppc.dll,-201)</Description>\n    <URI>\\Microsoft\\Windows\\SoftwareProtectionPlatform\\SvcRestartTask</URI>\n    <SecurityDescriptor>D:P(A;;FA;;;SY)(A;;FA;;;BA)(A;;FA;;;S-1-5-80-123231216-2592883651-3715271367-3753151631-4175906628)(A;;FR;;;S-1-5-87-2912274048-3994893941-1669128114-1310430903-1263774323)</SecurityDescriptor>\n  </RegistrationInfo>\n  <Triggers>\n    <CalendarTrigger>\n      <StartBoundary>2019-03-26T11:51:45Z</StartBoundary>\n      <Enabled>true</Enabled>\n      <ScheduleByDay>\n        <DaysInterval>1</DaysInterval>\n      </ScheduleByDay>\n    </CalendarTrigger>\n  </Triggers>\n  <Principals>\n    <Principal id=\"NetworkService\">\n      <UserId>S-1-5-20</UserId>\n      <RunLevel>LeastPrivilege</RunLevel>\n    </Principal>\n  </Principals>\n  <Settings>\n    <MultipleInstancesPolicy>IgnoreNew</MultipleInstancesPolicy>\n    <DisallowStartIfOnBatteries>false</DisallowStartIfOnBatteries>\n    <StopIfGoingOnBatteries>false</StopIfGoingOnBatteries>\n    <AllowHardTerminate>false</AllowHardTerminate>\n    <StartWhenAvailable>true</StartWhenAvailable>\n    <RunOnlyIfNetworkAvailable>false</RunOnlyIfNetworkAvailable>\n    <IdleSettings>\n      <StopOnIdleEnd>true</StopOnIdleEnd>\n      <RestartOnIdle>false</RestartOnIdle>\n    </IdleSettings>\n    <AllowStartOnDemand>true</AllowStartOnDemand>\n    <Enabled>true</Enabled>\n    <Hidden>true</Hidden>\n    <RunOnlyIfIdle>false</RunOnlyIfIdle>\n    <DisallowStartOnRemoteAppSession>false</DisallowStartOnRemoteAppSession>\n    <UseUnifiedSchedulingEngine>true</UseUnifiedSchedulingEngine>\n    <WakeToRun>false</WakeToRun>\n    <ExecutionTimeLimit>PT0S</ExecutionTimeLimit>\n    <Priority>7</Priority>\n    <RestartOnFailure>\n      <Interval>PT1M</Interval>\n      <Count>3</Count>\n    </RestartOnFailure>\n  </Settings>\n  <Actions Context=\"NetworkService\">\n    <ComHandler>\n      <ClassId>{B1AEBB5D-EAD9-4476-B375-9C3ED9F32AFC}</ClassId>\n      <Data><![CDATA[timer]]></Data>\n    </ComHandler>\n  </Actions>\n</Task>"}
{"Timestamp": "2019-03-25 11:22:45.080609Z", "Channel": "Security", "Provider": "Microsoft-Windows-Security-Auditing", "Hostname": "DC1.insecurebank.local", "SID": "S-1-5-20", "EventID": 4702, "RecordID": 198238563, "Level": "0", "Descr": "A scheduled task was updated", "Username": "DC1$", "Domain": "insecurebank", "LogonId": "0x3e4", "TaskName": "\\Microsoft\\Windows\\SoftwareProtectionPlatform\\SvcRestartTask", "TaskContent": "<?xml version=\"1.0\" encoding=\"UTF-16\"?>\n<Task version=\"1.4\" xmlns=\"http://schemas.microsoft.com/windows/2004/02/mit/task\">\n  <RegistrationInfo>\n    <Source>$(@%systemroot%\\system32\\sppc.dll,-200)</Source>\n    <Author>$(@%systemroot%\\system32\\sppc.dll,-200)</Author>\n    <Version>1.0</Version>\n    <Description>$(@%systemroot%\\system32\\sppc.dll,-201)</Description>\n    <URI>\\Microsoft\\Windows\\SoftwareProtectionPlatform\\SvcRestartTask</URI>\n    <SecurityDescriptor>D:P(A;;FA;;;SY)(A;;FA;;;BA)(A;;FA;;;S-1-5-80-123231216-2592883651-3715271367-3753151631-4175906628)(A;;FR;;;S-1-5-87-2912274048-3994893941-1669128114-1310430903-1263774323)</SecurityDescriptor>\n  </RegistrationInfo>\n  <Triggers>\n    <CalendarTrigger>\n      <StartBoundary>2019-03-26T11:21:44Z</StartBoundary>\n      <Enabled>true</Enabled>\n      <ScheduleByDay>\n        <DaysInterval>1</DaysInterval>\n      </ScheduleByDay>\n    </CalendarTrigger>\n  </Triggers>\n  <Principals>\n    <Principal id=\"NetworkService\">\n      <UserId>S-1-5-20</UserId>\n      <RunLevel>LeastPrivilege</RunLevel>\n    </Principal>\n  </Principals>\n  <Settings>\n    <MultipleInstancesPolicy>IgnoreNew</MultipleInstancesPolicy>\n    <DisallowStartIfOnBatteries>false</DisallowStartIfOnBatteries>\n    <StopIfGoingOnBatteries>false</StopIfGoingOnBatteries>\n    <AllowHardTerminate>false</AllowHardTerminate>\n    <StartWhenAvailable>true</StartWhenAvailable>\n    <RunOnlyIfNetworkAvailable>false</RunOnlyIfNetworkAvailable>\n    <IdleSettings>\n      <StopOnIdleEnd>true</StopOnIdleEnd>\n      <RestartOnIdle>false</RestartOnIdle>\n    </IdleSettings>\n    <AllowStartOnDemand>true</AllowStartOnDemand>\n    <Enabled>true</Enabled>\n    <Hidden>true</Hidden>\n    <RunOnlyIfIdle>false</RunOnlyIfIdle>\n    <DisallowStartOnRemoteAppSession>false</DisallowStartOnRemoteAppSession>\n    <UseUnifiedSchedulingEngine>true</UseUnifiedSchedulingEngine>\n    <WakeToRun>false</WakeToRun>\n    <ExecutionTimeLimit>PT0S</ExecutionTimeLimit>\n    <Priority>7</Priority>\n    <RestartOnFailure>\n      <Interval>PT1M</Interval>\n      <Count>3</Count>\n    </RestartOnFailure>\n  </Settings>\n  <Actions Context=\"NetworkService\">\n    <ComHandler>\n      <ClassId>{B1AEBB5D-EAD9-4476-B375-9C3ED9F32AFC}</ClassId>\n      <Data><![CDATA[timer]]></Data>\n    </ComHandler>\n  </Actions>\n</Task>"}
{"Timestamp": "2019-03-25 11:19:35.820604Z", "Channel": "Security", "Provider": "Microsoft-Windows-Security-Auditing", "Hostname": "DC1.insecurebank.local", "SID": "S-1-5-21-738609754-2819869699-4189121830-1108", "EventID": 4738, "RecordID": 198238548, "Level": "0", "Descr": "A user account was changed", "TargetUsername": "alice", "TargetDomain": "insecurebank", "TargetSID": "S-1-5-21-738609754-2819869699-4189121830-1107", "Username": "bob", "Domain": "insecurebank", "LogonId": "0x3cade20", "PrivilegeList": "-", "SamAccountName": "-", "DisplayName": "-", "UserPrincipalName": "-", "HomeDirectory": "-", "HomePath": "-", "ScriptPath": "-", "ProfilePath": "-", "UserWorkstations": "-", "PasswordLastSet": "-", "AccountExpires": "-", "PrimaryGroupId": "-", "AllowedToDelegateTo": "-", "OldUacFlags+": "-", "OldUacFlags": "-", "NewUacFlags+": "-", "NewUacFlags": "-", "UserAccountControl": "-", "UserParameters": "-", "SIDHistory": "-", "LogonHours": "-"}
{"Timestamp": "2019-03-25 11:19:22.590620Z", "Channel": "Security", "Provider": "Microsoft-Windows-Security-Auditing", "Hostname": "DC1.insecurebank.local", "SID": "S-1-5-18", "EventID": 4719, "RecordID": 198238538, "Level": "0", "Descr": "System audit policy was changed", "Username": "DC1$", "Domain": "insecurebank", "LogonId": "0x3e7", "CategoryId": "Account Management", "SubcategoryId": "Computer Account Management", "SubcategoryGuid": "0CCE9236-69AE-11D9-BED3-505054503030", "AuditPolicyChanges": "Success Added"}
{"Timestamp": "2019-03-25 11:19:22.590620Z", "Channel": "Security", "Provider": "Microsoft-Windows-Security-Auditing", "Hostname": "DC1.insecurebank.local", "SID": "S-1-5-18", "EventID": 4719, "RecordID": 198238537, "Level": "0", "Descr": "System audit policy was changed", "Username": "DC1$", "Domain": "insecurebank", "LogonId": "0x3e7", "CategoryId": "Object Access", "SubcategoryId": "Other Object Access Events", "SubcategoryGuid": "0CCE9227-69AE-11D9-BED3-505054503030", "AuditPolicyChanges": "Success Added"}
{"Timestamp": "2019-03-25 11:19:07.186630Z", "Channel": "Security", "Provider": "Microsoft-Windows-Security-Auditing", "Hostname": "DC1.insecurebank.local", "SID": "S-1-5-21-738609754-2819869699-4189121830-1108", "EventID": 4662, "RecordID": 198238519, "Level": "0", "Descr": "An operation was performed on an object", "Username": "bob", "Domain": "insecurebank", "LogonId": "0x8d7099", "ObjectServer": "DS", "ObjectType": "%{f30e3bc2-9ff0-11d1-b603-0000f80367c1}", "ObjectName": "%{6d8a089c-f91e-41b4-a1d6-5985255210c3}", "OperationType": "Object Access", "HandleId": "0x0", "AccessList": "Write Property", "AccessMask": "0x20", "Properties": "%%7685\n\t\t{771727b1-31b8-4cdf-ae62-4fe39fadf89e}\n\t\t\t{bf967a76-0de6-11d0-a285-00aa003049e2}\n\t{f30e3bc2-9ff0-11d1-b603-0000f80367c1}\n"}
{"Timestamp": "2019-03-25 11:18:39.465627Z", "Channel": "Security", "Provider": "Microsoft-Windows-Security-Auditing", "Hostname": "DC1.insecurebank.local", "SID": "S-1-5-21-738609754-2819869699-4189121830-1108", "EventID": 4662, "RecordID": 198238510, "Level": "0", "Descr": "An operation was performed on an object", "Username": "bob", "Domain": "insecurebank", "LogonId": "0x8d7099", "ObjectServer": "DS", "ObjectType": "%{f30e3bc2-9ff0-11d1-b603-0000f80367c1}", "ObjectName": "%{6d8a089c-f91e-41b4-a1d6-5985255210c3}", "OperationType": "Object Access", "HandleId": "0x0", "AccessList": "Write Property", "AccessMask": "0x20", "Properties": "%%7685\n\t\t{771727b1-31b8-4cdf-ae62-4fe39fadf89e}\n\t\t\t{bf967a76-0de6-11d0-a285-00aa003049e2}\n\t{f30e3bc2-9ff0-11d1-b603-0000f80367c1}\n"}
{"Timestamp": "2019-03-25 11:15:58.239601Z", "Channel": "Security", "Provider": "Microsoft-Windows-Security-Auditing", "Hostname": "DC1.insecurebank.local", "SID": "S-1-5-21-738609754-2819869699-4189121830-1108", "EventID": 4738, "RecordID": 198238499, "Level": "0", "Descr": "A user account was changed", "TargetUsername": "alice", "TargetDomain": "insecurebank", "TargetSID": "S-1-5-21-738609754-2819869699-4189121830-1107", "Username": "bob", "Domain": "insecurebank", "LogonId": "0x3cade20", "PrivilegeList": "-", "SamAccountName": "-", "DisplayName": "-", "UserPrincipalName": "-", "HomeDirectory": "-", "HomePath": "-", "ScriptPath": "-", "ProfilePath": "-", "UserWorkstations": "-", "PasswordLastSet": "-", "AccountExpires": "-", "PrimaryGroupId": "-", "AllowedToDelegateTo": "-", "OldUacFlags+": "-", "OldUacFlags": "-", "NewUacFlags+": "-", "NewUacFlags": "-", "UserAccountControl": "-", "UserParameters": "-", "SIDHistory": "-", "LogonHours": "-"}
{"Timestamp": "2019-03-25 11:14:50.755608Z", "Channel": "Security", "Provider": "Microsoft-Windows-Security-Auditing", "Hostname": "DC1.insecurebank.local", "SID": "S-1-5-18", "EventID": 4719, "RecordID": 198238429, "Level": "0", "Descr": "System audit policy was changed", "Username": "DC1$", "Domain": "insecurebank", "LogonId": "0x3e7", "CategoryId": "Account Management", "SubcategoryId": "Other Account Management Events", "SubcategoryGuid": "0CCE923A-69AE-11D9-BED3-505054503030", "AuditPolicyChanges": "Success Added"}
{"Timestamp": "2019-03-25 11:14:50.755608Z", "Channel": "Security", "Provider": "Microsoft-Windows-Security-Auditing", "Hostname": "DC1.insecurebank.local", "SID": "S-1-5-18", "EventID": 4719, "RecordID": 198238428, "Level": "0", "Descr": "System audit policy was changed", "Username": "DC1$", "Domain": "insecurebank", "LogonId": "0x3e7", "CategoryId": "Account Management", "SubcategoryId": "User Account Management", "SubcategoryGuid": "0CCE9235-69AE-11D9-BED3-505054503030", "AuditPolicyChanges": "Success Added"}
{"Timestamp": "2019-03-25 11:14:42.489623Z", "Channel": "Security", "Provider": "Microsoft-Windows-Security-Auditing", "Hostname": "DC1.insecurebank.local", "SID": "S-1-5-21-738609754-2819869699-4189121830-1108", "EventID": 4662, "RecordID": 198238408, "Level": "0", "Descr": "An operation was performed on an object", "Username": "bob", "Domain": "insecurebank", "LogonId": "0x8d7099", "ObjectServer": "DS", "ObjectType": "%{f30e3bc2-9ff0-11d1-b603-0000f80367c1}", "ObjectName": "%{6d8a089c-f91e-41b4-a1d6-5985255210c3}", "OperationType": "Object Access", "HandleId": "0x0", "AccessList": "Write Property", "AccessMask": "0x20", "Properties": "%%7685\n\t\t{771727b1-31b8-4cdf-ae62-4fe39fadf89e}\n\t\t\t{bf967a76-0de6-11d0-a285-00aa003049e2}\n\t{f30e3bc2-9ff0-11d1-b603-0000f80367c1}\n"}
{"Timestamp": "2019-03-25 11:14:33.721633Z", "Channel": "Security", "Provider": "Microsoft-Windows-Security-Auditing", "Hostname": "DC1.insecurebank.local", "SID": "S-1-5-21-738609754-2819869699-4189121830-1108", "EventID": 4662, "RecordID": 198238401, "Level": "0", "Descr": "An operation was performed on an object", "Username": "bob", "Domain": "insecurebank", "LogonId": "0x8d7099", "ObjectServer": "DS", "ObjectType": "%{f30e3bc2-9ff0-11d1-b603-0000f80367c1}", "ObjectName": "%{6d8a089c-f91e-41b4-a1d6-5985255210c3}", "OperationType": "Object Access", "HandleId": "0x0", "AccessList": "Write Property", "AccessMask": "0x20", "Properties": "%%7685\n\t\t{771727b1-31b8-4cdf-ae62-4fe39fadf89e}\n\t\t\t{bf967a76-0de6-11d0-a285-00aa003049e2}\n\t{f30e3bc2-9ff0-11d1-b603-0000f80367c1}\n"}
{"Timestamp": "2019-03-25 11:05:30.695618Z", "Channel": "Security", "Provider": "Microsoft-Windows-Security-Auditing", "Hostname": "DC1.insecurebank.local", "SID": "S-1-5-18", "EventID": 4662, "RecordID": 198238291, "Level": "0", "Descr": "An operation was performed on an object", "Username": "DC1$", "Domain": "insecurebank", "LogonId": "0xb3ac2", "ObjectServer": "DS", "ObjectType": "%{19195a5b-6da0-11d0-afd3-00c04fd930c9}", "ObjectName": "%{c6faf700-bfe4-452a-a766-424f84c29583}", "OperationType": "Object Access", "HandleId": "0x0", "AccessList": "Control Access", "AccessMask": "0x100", "Properties": "%%7688\n\t\t{1131f6aa-9c07-11d1-f79f-00c04fc2dcd2}\n\t{19195a5b-6da0-11d0-afd3-00c04fd930c9}\n"}
{"Timestamp": "2019-03-25 10:36:03.974608Z", "Channel": "Security", "Provider": "Microsoft-Windows-Security-Auditing", "Hostname": "DC1.insecurebank.local", "SID": "S-1-5-18", "EventID": 4719, "RecordID": 198238055, "Level": "0", "Descr": "System audit policy was changed", "Username": "DC1$", "Domain": "insecurebank", "LogonId": "0x3e7", "CategoryId": "Object Access", "SubcategoryId": "Detailed File Share", "SubcategoryGuid": "0CCE9244-69AE-11D9-BED3-505054503030", "AuditPolicyChanges": "Success Added"}
{"Timestamp": "2019-03-25 10:36:03.974608Z", "Channel": "Security", "Provider": "Microsoft-Windows-Security-Auditing", "Hostname": "DC1.insecurebank.local", "SID": "S-1-5-18", "EventID": 4719, "RecordID": 198238054, "Level": "0", "Descr": "System audit policy was changed", "Username": "DC1$", "Domain": "insecurebank", "LogonId": "0x3e7", "CategoryId": "Logon/Logoff", "SubcategoryId": "Logon", "SubcategoryGuid": "0CCE9215-69AE-11D9-BED3-505054503030", "AuditPolicyChanges": "Success Added, Failure added"}
{"Timestamp": "2019-03-25 10:35:30.873622Z", "Channel": "Security", "Provider": "Microsoft-Windows-Security-Auditing", "Hostname": "DC1.insecurebank.local", "SID": "S-1-5-21-738609754-2819869699-4189121830-1108", "EventID": 4662, "RecordID": 198238051, "Level": "0", "Descr": "An operation was performed on an object", "Username": "bob", "Domain": "insecurebank", "LogonId": "0x8d7099", "ObjectServer": "DS", "ObjectType": "%{f30e3bc2-9ff0-11d1-b603-0000f80367c1}", "ObjectName": "%{6d8a089c-f91e-41b4-a1d6-5985255210c3}", "OperationType": "Object Access", "HandleId": "0x0", "AccessList": "Write Property", "AccessMask": "0x20", "Properties": "%%7685\n\t\t{771727b1-31b8-4cdf-ae62-4fe39fadf89e}\n\t\t\t{bf967a76-0de6-11d0-a285-00aa003049e2}\n\t{f30e3bc2-9ff0-11d1-b603-0000f80367c1}\n"}
{"Timestamp": "2019-03-25 10:35:09.463609Z", "Channel": "Security", "Provider": "Microsoft-Windows-Security-Auditing", "Hostname": "DC1.insecurebank.local", "SID": "S-1-5-21-738609754-2819869699-4189121830-1108", "EventID": 4662, "RecordID": 198238048, "Level": "0", "Descr": "An operation was performed on an object", "Username": "bob", "Domain": "insecurebank", "LogonId": "0x8d7099", "ObjectServer": "DS", "ObjectType": "%{f30e3bc2-9ff0-11d1-b603-0000f80367c1}", "ObjectName": "%{6d8a089c-f91e-41b4-a1d6-5985255210c3}", "OperationType": "Object Access", "HandleId": "0x0", "AccessList": "Write Property", "AccessMask": "0x20", "Properties": "%%7685\n\t\t{771727b1-31b8-4cdf-ae62-4fe39fadf89e}\n\t\t\t{bf967a76-0de6-11d0-a285-00aa003049e2}\n\t{f30e3bc2-9ff0-11d1-b603-0000f80367c1}\n"}
{"Timestamp": "2019-03-25 10:34:07.385615Z", "Channel": "Security", "Provider": "Microsoft-Windows-Security-Auditing", "Hostname": "DC1.insecurebank.local", "SID": "S-1-5-21-738609754-2819869699-4189121830-1108", "EventID": 4662, "RecordID": 198238045, "Level": "0", "Descr": "An operation was performed on an object", "Username": "bob", "Domain": "insecurebank", "LogonId": "0x8d7099", "ObjectServer": "DS", "ObjectType": "%{f30e3bc2-9ff0-11d1-b603-0000f80367c1}", "ObjectName": "%{6cdecdb5-7515-4511-8141-c34a7c3d4a0a}", "OperationType": "Object Access", "HandleId": "0x0", "AccessList": "Write Property", "AccessMask": "0x20", "Properties": "%%7685\n\t\t{771727b1-31b8-4cdf-ae62-4fe39fadf89e}\n\t\t\t{bf967a76-0de6-11d0-a285-00aa003049e2}\n\t{f30e3bc2-9ff0-11d1-b603-0000f80367c1}\n"}
{"Timestamp": "2019-03-25 10:33:53.024617Z", "Channel": "Security", "Provider": "Microsoft-Windows-Security-Auditing", "Hostname": "DC1.insecurebank.local", "SID": "S-1-5-21-738609754-2819869699-4189121830-1108", "EventID": 4662, "RecordID": 198238042, "Level": "0", "Descr": "An operation was performed on an object", "Username": "bob", "Domain": "insecurebank", "LogonId": "0x8d7099", "ObjectServer": "DS", "ObjectType": "%{f30e3bc2-9ff0-11d1-b603-0000f80367c1}", "ObjectName": "%{6cdecdb5-7515-4511-8141-c34a7c3d4a0a}", "OperationType": "Object Access", "HandleId": "0x0", "AccessList": "Write Property", "AccessMask": "0x20", "Properties": "%%7685\n\t\t{771727b1-31b8-4cdf-ae62-4fe39fadf89e}\n\t\t\t{bf967a76-0de6-11d0-a285-00aa003049e2}\n\t{f30e3bc2-9ff0-11d1-b603-0000f80367c1}\n"}
{"Timestamp": "2019-03-25 10:05:30.695604Z", "Channel": "Security", "Provider": "Microsoft-Windows-Security-Auditing", "Hostname": "DC1.insecurebank.local", "SID": "S-1-5-18", "EventID": 4662, "RecordID": 198238041, "Level": "0", "Descr": "An operation was performed on an object", "Username": "DC1$", "Domain": "insecurebank", "LogonId": "0xb3ac2", "ObjectServer": "DS", "ObjectType": "%{19195a5b-6da0-11d0-afd3-00c04fd930c9}", "ObjectName": "%{c6faf700-bfe4-452a-a766-424f84c29583}", "OperationType": "Object Access", "HandleId": "0x0", "AccessList": "Control Access", "AccessMask": "0x100", "Properties": "%%7688\n\t\t{1131f6aa-9c07-11d1-f79f-00c04fc2dcd2}\n\t{19195a5b-6da0-11d0-afd3-00c04fd930c9}\n"}
{"Timestamp": "2019-03-25 09:09:14.916619Z", "Channel": "Security", "Provider": "Microsoft-Windows-Eventlog", "Hostname": "DC1.insecurebank.local", "SID": "S-1-5-21-738609754-2819869699-4189121830-1108", "EventID": 1102, "RecordID": 198238040, "Level": "Information", "Descr": "The audit log was cleared", "Username": "bob", "Domain": "insecurebank", "LogonId": "0x8d7099"}
{"Timestamp": "2019-03-25 13:01:41.935605Z", "Channel": "Security", "Provider": "Microsoft-Windows-Security-Auditing", "Hostname": "-", "SID": "S-1-5-21-738609754-2819869699-4189121830-1108", "EventID": 4742, "RecordID": 198239294, "Level": "0", "Descr": "A computer account was changed", "ComputerAccountChange": "-", "TargetUsername": "ALICE$", "TargetDomain": "insecurebank", "TargetSID": "S-1-5-21-738609754-2819869699-4189121830-1120", "Username": "bob", "Domain": "insecurebank", "LogonId": "0x3d8e8db", "PrivilegeList": "-", "SamAccountName": "-", "DisplayName": "-", "UserPrincipalName": "-", "HomeDirectory": "-", "HomePath": "-", "ScriptPath": "-", "ProfilePath": "-", "UserWorkstations": "-", "PasswordLastSet": "-", "AccountExpires": "-", "PrimaryGroupId": "-", "AllowedToDelegateTo": "-", "OldUacFlags+": "-", "OldUacFlags": "-", "NewUacFlags+": "-", "NewUacFlags": "-", "UserAccountControl": "-", "UserParameters": "-", "SIDHistory": "-", "LogonHours": "-", "SPNs": "-"}
{"Timestamp": "2019-02-16 18:19:18.522441Z", "Channel": "Security", "Provider": "Microsoft-Windows-Security-Auditing", "Hostname": "PC01.example.corp", "SID": "S-1-5-21-3583694148-1414552638-2922671848-1000", "EventID": 5145, "RecordID": 237989, "Level": "0", "Descr": "A network share object was checked to see whether client can be granted desired access", "Username": "IEUser", "Domain": "PC01", "LogonId": "0x27df8", "ObjectType": "File", "IP": "::1", "Port": "49160", "ShareName": "\\\\*\\C$", "ShareLocalPath": "\\??\\C:\\", "RelativeTargetName": "Windows\\System32\\RemComSvc.exe", "AccessMask": "0x80", "AccessList": "ReadAttributes", "AccessReason": "-"}
{"Timestamp": "2019-02-16 18:19:18.442326Z", "Channel": "Security", "Provider": "Microsoft-Windows-Security-Auditing", "Hostname": "PC01.example.corp", "SID": "S-1-5-21-3583694148-1414552638-2922671848-1000", "EventID": 5145, "RecordID": 237988, "Level": "0", "Descr": "A network share object was checked to see whether client can be granted desired access", "Username": "IEUser", "Domain": "PC01", "LogonId": "0x27df8", "ObjectType": "File", "IP": "::1", "Port": "49160", "ShareName": "\\\\*\\C$", "ShareLocalPath": "\\??\\C:\\", "RelativeTargetName": "Windows\\System32\\RemComSvc.exe", "AccessMask": "0x80", "AccessList": "ReadAttributes", "AccessReason": "-"}
{"Timestamp": "2019-02-16 18:19:18.442326Z", "Channel": "Security", "Provider": "Microsoft-Windows-Security-Auditing", "Hostname": "PC01.example.corp", "SID": "S-1-5-21-3583694148-1414552638-2922671848-1000", "EventID": 5145, "RecordID": 237987, "Level": "0", "Descr": "A network share object was checked to see whether client can be granted desired access", "Username": "IEUser", "Domain": "PC01", "LogonId": "0x27df8", "ObjectType": "File", "IP": "::1", "Port": "49160", "ShareName": "\\\\*\\C$", "ShareLocalPath": "\\??\\C:\\", "RelativeTargetName": "\\", "AccessMask": "0x100080", "AccessList": "SYNCHRONIZE, ReadAttributes", "AccessReason": "-"}
{"Timestamp": "2019-02-16 18:19:18.442326Z", "Channel": "Security", "Provider": "Microsoft-Windows-Security-Auditing", "Hostname": "PC01.example.corp", "SID": "S-1-5-21-3583694148-1414552638-2922671848-1000", "EventID": 5145, "RecordID": 237986, "Level": "0", "Descr": "A network share object was checked to see whether client can be granted desired access", "Username": "IEUser", "Domain": "PC01", "LogonId": "0x27df8", "ObjectType": "File", "IP": "::1", "Port": "49160", "ShareName": "\\\\*\\C$", "ShareLocalPath": "\\??\\C:\\", "RelativeTargetName": "\\", "AccessMask": "0x100080", "AccessList": "SYNCHRONIZE, ReadAttributes", "AccessReason": "-"}
{"Timestamp": "2019-02-16 18:19:18.442326Z", "Channel": "Security", "Provider": "Microsoft-Windows-Security-Auditing", "Hostname": "PC01.example.corp", "SID": "S-1-5-21-3583694148-1414552638-2922671848-1000", "EventID": 5145, "RecordID": 237985, "Level": "0", "Descr": "A network share object was checked to see whether client can be granted desired access", "Username": "IEUser", "Domain": "PC01", "LogonId": "0x27df8", "ObjectType": "File", "IP": "::1", "Port": "49160", "ShareName": "\\\\*\\C$", "ShareLocalPath": "\\??\\C:\\", "RelativeTargetName": "\\", "AccessMask": "0x100080", "AccessList": "SYNCHRONIZE, ReadAttributes", "AccessReason": "-"}
{"Timestamp": "2019-02-16 18:19:18.442326Z", "Channel": "Security", "Provider": "Microsoft-Windows-Security-Auditing", "Hostname": "PC01.example.corp", "SID": "S-1-5-21-3583694148-1414552638-2922671848-1000", "EventID": 5145, "RecordID": 237984, "Level": "0", "Descr": "A network share object was checked to see whether client can be granted desired access", "Username": "IEUser", "Domain": "PC01", "LogonId": "0x27df8", "ObjectType": "File", "IP": "::1", "Port": "49160", "ShareName": "\\\\*\\C$", "ShareLocalPath": "\\??\\C:\\", "RelativeTargetName": "\\", "AccessMask": "0x100080", "AccessList": "SYNCHRONIZE, ReadAttributes", "AccessReason": "-"}
{"Timestamp": "2019-02-16 18:19:18.442326Z", "Channel": "Security", "Provider": "Microsoft-Windows-Security-Auditing", "Hostname": "PC01.example.corp", "SID": "S-1-5-21-3583694148-1414552638-2922671848-1000", "EventID": 5145, "RecordID": 237983, "Level": "0", "Descr": "A network share object was checked to see whether client can be granted desired access", "Username": "IEUser", "Domain": "PC01", "LogonId": "0x27df8", "ObjectType": "File", "IP": "::1", "Port": "49160", "ShareName": "\\\\*\\C$", "ShareLocalPath": "\\??\\C:\\", "RelativeTargetName": "Windows", "AccessMask": "0x100080", "AccessList": "SYNCHRONIZE, ReadAttributes", "AccessReason": "-"}
{"Timestamp": "2019-02-16 18:19:18.442326Z", "Channel": "Security", "Provider": "Microsoft-Windows-Security-Auditing", "Hostname": "PC01.example.corp", "SID": "S-1-5-21-3583694148-1414552638-2922671848-1000", "EventID": 5145, "RecordID": 237982, "Level": "0", "Descr": "A network share object was checked to see whether client can be granted desired access", "Username": "IEUser", "Domain": "PC01", "LogonId": "0x27df8", "ObjectType": "File", "IP": "::1", "Port": "49160", "ShareName": "\\\\*\\C$", "ShareLocalPath": "\\??\\C:\\", "RelativeTargetName": "Windows", "AccessMask": "0x100080", "AccessList": "SYNCHRONIZE, ReadAttributes", "AccessReason": "-"}
{"Timestamp": "2019-02-16 18:19:18.442326Z", "Channel": "Security", "Provider": "Microsoft-Windows-Security-Auditing", "Hostname": "PC01.example.corp", "SID": "S-1-5-21-3583694148-1414552638-2922671848-1000", "EventID": 5145, "RecordID": 237981, "Level": "0", "Descr": "A network share object was checked to see whether client can be granted desired access", "Username": "IEUser", "Domain": "PC01", "LogonId": "0x27df8", "ObjectType": "File", "IP": "::1", "Port": "49160", "ShareName": "\\\\*\\C$", "ShareLocalPath": "\\??\\C:\\", "RelativeTargetName": "Windows", "AccessMask": "0x100080", "AccessList": "SYNCHRONIZE, ReadAttributes", "AccessReason": "-"}
{"Timestamp": "2019-02-16 18:19:18.442326Z", "Channel": "Security", "Provider": "Microsoft-Windows-Security-Auditing", "Hostname": "PC01.example.corp", "SID": "S-1-5-21-3583694148-1414552638-2922671848-1000", "EventID": 5145, "RecordID": 237980, "Level": "0", "Descr": "A network share object was checked to see whether client can be granted desired access", "Username": "IEUser", "Domain": "PC01", "LogonId": "0x27df8", "ObjectType": "File", "IP": "::1", "Port": "49160", "ShareName": "\\\\*\\C$", "ShareLocalPath": "\\??\\C:\\", "RelativeTargetName": "Windows", "AccessMask": "0x100080", "AccessList": "SYNCHRONIZE, ReadAttributes", "AccessReason": "-"}
{"Timestamp": "2019-02-16 18:19:18.442326Z", "Channel": "Security", "Provider": "Microsoft-Windows-Security-Auditing", "Hostname": "PC01.example.corp", "SID": "S-1-5-21-3583694148-1414552638-2922671848-1000", "EventID": 5145, "RecordID": 237979, "Level": "0", "Descr": "A network share object was checked to see whether client can be granted desired access", "Username": "IEUser", "Domain": "PC01", "LogonId": "0x27df8", "ObjectType": "File", "IP": "::1", "Port": "49160", "ShareName": "\\\\*\\C$", "ShareLocalPath": "\\??\\C:\\", "RelativeTargetName": "Windows\\System32", "AccessMask": "0x100080", "AccessList": "SYNCHRONIZE, ReadAttributes", "AccessReason": "-"}
{"Timestamp": "2019-02-16 18:19:18.442326Z", "Channel": "Security", "Provider": "Microsoft-Windows-Security-Auditing", "Hostname": "PC01.example.corp", "SID": "S-1-5-21-3583694148-1414552638-2922671848-1000", "EventID": 5145, "RecordID": 237978, "Level": "0", "Descr": "A network share object was checked to see whether client can be granted desired access", "Username": "IEUser", "Domain": "PC01", "LogonId": "0x27df8", "ObjectType": "File", "IP": "::1", "Port": "49160", "ShareName": "\\\\*\\C$", "ShareLocalPath": "\\??\\C:\\", "RelativeTargetName": "Windows\\System32", "AccessMask": "0x100080", "AccessList": "SYNCHRONIZE, ReadAttributes", "AccessReason": "-"}
{"Timestamp": "2019-02-16 18:19:18.442326Z", "Channel": "Security", "Provider": "Microsoft-Windows-Security-Auditing", "Hostname": "PC01.example.corp", "SID": "S-1-5-21-3583694148-1414552638-2922671848-1000", "EventID": 5145, "RecordID": 237977, "Level": "0", "Descr": "A network share object was checked to see whether client can be granted desired access", "Username": "IEUser", "Domain": "PC01", "LogonId": "0x27df8", "ObjectType": "File", "IP": "::1", "Port": "49160", "ShareName": "\\\\*\\C$", "ShareLocalPath": "\\??\\C:\\", "RelativeTargetName": "Windows\\System32", "AccessMask": "0x100080", "AccessList": "SYNCHRONIZE, ReadAttributes", "AccessReason": "-"}
{"Timestamp": "2019-02-16 18:19:18.442326Z", "Channel": "Security", "Provider": "Microsoft-Windows-Security-Auditing", "Hostname": "PC01.example.corp", "SID": "S-1-5-21-3583694148-1414552638-2922671848-1000", "EventID": 5145, "RecordID": 237976, "Level": "0", "Descr": "A network share object was checked to see whether client can be granted desired access", "Username": "IEUser", "Domain": "PC01", "LogonId": "0x27df8", "ObjectType": "File", "IP": "::1", "Port": "49160", "ShareName": "\\\\*\\C$", "ShareLocalPath": "\\??\\C:\\", "RelativeTargetName": "Windows\\System32", "AccessMask": "0x100080", "AccessList": "SYNCHRONIZE, ReadAttributes", "AccessReason": "-"}
{"Timestamp": "2019-02-16 18:19:18.442326Z", "Channel": "Security", "Provider": "Microsoft-Windows-Security-Auditing", "Hostname": "PC01.example.corp", "SID": "S-1-5-21-3583694148-1414552638-2922671848-1000", "EventID": 5145, "RecordID": 237975, "Level": "0", "Descr": "A network share object was checked to see whether client can be granted desired access", "Username": "IEUser", "Domain": "PC01", "LogonId": "0x27df8", "ObjectType": "File", "IP": "::1", "Port": "49160", "ShareName": "\\\\*\\C$", "ShareLocalPath": "\\??\\C:\\", "RelativeTargetName": "Windows\\System32\\RemComSvc.exe", "AccessMask": "0x100080", "AccessList": "SYNCHRONIZE, ReadAttributes", "AccessReason": "-"}
{"Timestamp": "2019-02-16 18:19:18.442326Z", "Channel": "Security", "Provider": "Microsoft-Windows-Security-Auditing", "Hostname": "PC01.example.corp", "SID": "S-1-5-21-3583694148-1414552638-2922671848-1000", "EventID": 5145, "RecordID": 237974, "Level": "0", "Descr": "A network share object was checked to see whether client can be granted desired access", "Username": "IEUser", "Domain": "PC01", "LogonId": "0x27df8", "ObjectType": "File", "IP": "::1", "Port": "49160", "ShareName": "\\\\*\\C$", "ShareLocalPath": "\\??\\C:\\", "RelativeTargetName": "Windows\\System32\\RemComSvc.exe", "AccessMask": "0x100080", "AccessList": "SYNCHRONIZE, ReadAttributes", "AccessReason": "-"}
{"Timestamp": "2019-02-16 18:19:18.442326Z", "Channel": "Security", "Provider": "Microsoft-Windows-Security-Auditing", "Hostname": "PC01.example.corp", "SID": "S-1-5-21-3583694148-1414552638-2922671848-1000", "EventID": 5145, "RecordID": 237973, "Level": "0", "Descr": "A network share object was checked to see whether client can be granted desired access", "Username": "IEUser", "Domain": "PC01", "LogonId": "0x27df8", "ObjectType": "File", "IP": "::1", "Port": "49160", "ShareName": "\\\\*\\C$", "ShareLocalPath": "\\??\\C:\\", "RelativeTargetName": "Windows\\System32\\RemComSvc.exe", "AccessMask": "0x100080", "AccessList": "SYNCHRONIZE, ReadAttributes", "AccessReason": "-"}
{"Timestamp": "2019-02-16 18:19:18.442326Z", "Channel": "Security", "Provider": "Microsoft-Windows-Security-Auditing", "Hostname": "PC01.example.corp", "SID": "S-1-5-21-3583694148-1414552638-2922671848-1000", "EventID": 5145, "RecordID": 237972, "Level": "0", "Descr": "A network share object was checked to see whether client can be granted desired access", "Username": "IEUser", "Domain": "PC01", "LogonId": "0x27df8", "ObjectType": "File", "IP": "::1", "Port": "49160", "ShareName": "\\\\*\\C$", "ShareLocalPath": "\\??\\C:\\", "RelativeTargetName": "Windows\\System32\\RemComSvc.exe", "AccessMask": "0x100081", "AccessList": "SYNCHRONIZE, ReadData (or ListDirectory), ReadAttributes", "AccessReason": "-"}
