{"Timestamp": "2020-11-18 21:53:25.998024Z", "Channel": "Microsoft-Windows-Bits-Client/Operational", "Provider": "Microsoft-Windows-Bits-Client", "Hostname": "MSEDGEWIN10", "SID": "S-1-5-18", "EventID": 60, "RecordID": 8972, "Level": "Information", "Descr": "BITS stopped transferring the <Name> transfer job that is associated with the <URL>", "TransferId": "3FBCCCA9-5F54-4F3C-A2DE-A805CAC185BD", "Name": "C:\\Users\\IEUser\\AppData\\Local\\Temp\\{760E100C-4E23-45B0-A2E1-BB2607BF6ED4}-87.0.4280.66_86.0.4240.198_chrome_updater.exe", "JobId": "6BFD2AD8-963A-4E3D-A596-DDB00305910F", "URL": "http://r4---sn-5hne6nsr.gvt1.com/edgedl/release2/chrome/GIUtDEIRbSWI1y147Zo4bw_87.0.4280.66/87.0.4280.66_86.0.4240.198_chrome_updater.exe?cms_redirect=yes&mh=ls&mip=213.127.67.111&mm=28&mn=sn-5hne6nsr&ms=nvh&mt=1605736037&mv=m&mvi=4&pl=17&shardbypass=yes", "Peer": null, "FileTime": "2020-11-17 11:37:37 UTC", "FileSize": "22209280", "BytesTotal": "22209280", "BytesTransferred": "22209280", "BytesTransferredFromPeer": "0"}
{"Timestamp": "2020-11-18 21:49:57.232015Z", "Channel": "Microsoft-Windows-Bits-Client/Operational", "Provider": "Microsoft-Windows-Bits-Client", "Hostname": "MSEDGEWIN10", "SID": "S-1-5-18", "EventID": 59, "RecordID": 8971, "Level": "Information", "Descr": "BITS started the <Name> transfer job that is associated with the <URL>", "TransferId": "3FBCCCA9-5F54-4F3C-A2DE-A805CAC185BD", "Name": "C:\\Users\\IEUser\\AppData\\Local\\Temp\\{760E100C-4E23-45B0-A2E1-BB2607BF6ED4}-87.0.4280.66_86.0.4240.198_chrome_updater.exe", "JobId": "6BFD2AD8-963A-4E3D-A596-DDB00305910F", "URL": "http://r4---sn-5hne6nsr.gvt1.com/edgedl/release2/chrome/GIUtDEIRbSWI1y147Zo4bw_87.0.4280.66/87.0.4280.66_86.0.4240.198_chrome_updater.exe?cms_redirect=yes&mh=ls&mip=213.127.67.111&mm=28&mn=sn-5hne6nsr&ms=nvh&mt=1605736037&mv=m&mvi=4&pl=17&shardbypass=yes", "Peer": null, "FileTime": "2020-11-17 11:37:37 UTC", "FileSize": "22209280"}
{"Timestamp": "2020-11-18 21:49:57.041352Z", "Channel": "Microsoft-Windows-Bits-Client/Operational", "Provider": "Microsoft-Windows-Bits-Client", "Hostname": "MSEDGEWIN10", "SID": "S-1-5-18", "EventID": 3, "RecordID": 8970, "Level": "Information", "Descr": "The BITS service created a new job", "JobTitle": "C:\\Users\\IEUser\\AppData\\Local\\Temp\\{760E100C-4E23-45B0-A2E1-BB2607BF6ED4}-87.0.4280.66_86.0.4240.198_chrome_updater.exe", "JobId": "6BFD2AD8-963A-4E3D-A596-DDB00305910F", "JobOwner": "MSEDGEWIN10\\IEUser", "ProcessPath": "C:\\Program Files (x86)\\Google\\Update\\GoogleUpdate.exe", "ProcessId": "932"}
{"Timestamp": "2020-11-18 21:49:46.315654Z", "Channel": "Microsoft-Windows-Bits-Client/Operational", "Provider": "Microsoft-Windows-Bits-Client", "Hostname": "MSEDGEWIN10", "SID": "S-1-5-18", "EventID": 4, "RecordID": 8969, "Level": "Information", "Descr": "The transfer job is complete", "Username": "MSEDGEWIN10\\IEUser", "JobTitle": "UpdateDescriptionXml", "JobId": "F320C18D-9EC0-4842-8BA8-982814E6B842", "JobOwner": "MSEDGEWIN10\\IEUser", "FileCount": "1"}
{"Timestamp": "2020-11-18 21:49:46.313438Z", "Channel": "Microsoft-Windows-Bits-Client/Operational", "Provider": "Microsoft-Windows-Bits-Client", "Hostname": "MSEDGEWIN10", "SID": "S-1-5-18", "EventID": 60, "RecordID": 8968, "Level": "Information", "Descr": "BITS stopped transferring the <Name> transfer job that is associated with the <URL>", "TransferId": "0D5AF657-EE36-41D4-B4EF-9A8F9022C19F", "Name": "UpdateDescriptionXml", "JobId": "F320C18D-9EC0-4842-8BA8-982814E6B842", "URL": "https://g.live.com/1rewlive5skydrive/ODSUProduction", "Peer": null, "FileTime": "2020-10-26 21:00:55 UTC", "FileSize": "526", "BytesTotal": "526", "BytesTransferred": "526", "BytesTransferredFromPeer": "0"}
{"Timestamp": "2020-11-18 21:49:46.212242Z", "Channel": "Microsoft-Windows-Bits-Client/Operational", "Provider": "Microsoft-Windows-Bits-Client", "Hostname": "MSEDGEWIN10", "SID": "S-1-5-18", "EventID": 59, "RecordID": 8967, "Level": "Information", "Descr": "BITS started the <Name> transfer job that is associated with the <URL>", "TransferId": "0D5AF657-EE36-41D4-B4EF-9A8F9022C19F", "Name": "UpdateDescriptionXml", "JobId": "F320C18D-9EC0-4842-8BA8-982814E6B842", "URL": "https://g.live.com/1rewlive5skydrive/ODSUProduction", "Peer": null, "FileTime": "2020-10-26 21:00:55 UTC", "FileSize": "526"}
{"Timestamp": "2020-11-18 21:49:46.019266Z", "Channel": "Microsoft-Windows-Bits-Client/Operational", "Provider": "Microsoft-Windows-Bits-Client", "Hostname": "MSEDGEWIN10", "SID": "S-1-5-18", "EventID": 3, "RecordID": 8966, "Level": "Information", "Descr": "The BITS service created a new job", "JobTitle": "UpdateDescriptionXml", "JobId": "F320C18D-9EC0-4842-8BA8-982814E6B842", "JobOwner": "MSEDGEWIN10\\IEUser", "ProcessPath": "C:\\Users\\IEUser\\AppData\\Local\\Microsoft\\OneDrive\\OneDriveStandaloneUpdater.exe", "ProcessId": "5084"}
{"Timestamp": "2020-11-18 21:49:45.874712Z", "Channel": "Microsoft-Windows-Bits-Client/Operational", "Provider": "Microsoft-Windows-Bits-Client", "Hostname": "MSEDGEWIN10", "SID": "S-1-5-18", "EventID": 4, "RecordID": 8965, "Level": "Information", "Descr": "The transfer job is complete", "Username": "MSEDGEWIN10\\IEUser", "JobTitle": "PreSignInSettingsConfigJSON", "JobId": "34FC86D7-D255-4176-B71A-2ECA590F76E2", "JobOwner": "MSEDGEWIN10\\IEUser", "FileCount": "1"}
{"Timestamp": "2020-11-18 21:49:45.871700Z", "Channel": "Microsoft-Windows-Bits-Client/Operational", "Provider": "Microsoft-Windows-Bits-Client", "Hostname": "MSEDGEWIN10", "SID": "S-1-5-18", "EventID": 60, "RecordID": 8964, "Level": "Information", "Descr": "BITS stopped transferring the <Name> transfer job that is associated with the <URL>", "TransferId": "03CDD99A-BB63-4DEC-869C-DA29DF641B34", "Name": "PreSignInSettingsConfigJSON", "JobId": "34FC86D7-D255-4176-B71A-2ECA590F76E2", "URL": "https://g.live.com/odclientsettings/Prod", "Peer": null, "FileTime": "2020-11-17 22:30:23 UTC", "FileSize": "32816", "BytesTotal": "32816", "BytesTransferred": "32816", "BytesTransferredFromPeer": "0"}
{"Timestamp": "2020-11-18 21:49:45.347681Z", "Channel": "Microsoft-Windows-Bits-Client/Operational", "Provider": "Microsoft-Windows-Bits-Client", "Hostname": "MSEDGEWIN10", "SID": "S-1-5-18", "EventID": 59, "RecordID": 8963, "Level": "Information", "Descr": "BITS started the <Name> transfer job that is associated with the <URL>", "TransferId": "03CDD99A-BB63-4DEC-869C-DA29DF641B34", "Name": "PreSignInSettingsConfigJSON", "JobId": "34FC86D7-D255-4176-B71A-2ECA590F76E2", "URL": "https://g.live.com/odclientsettings/Prod", "Peer": null, "FileTime": "2020-11-17 22:30:23 UTC", "FileSize": "32816"}
{"Timestamp": "2020-11-18 21:49:42.850912Z", "Channel": "Microsoft-Windows-Bits-Client/Operational", "Provider": "Microsoft-Windows-Bits-Client", "Hostname": "MSEDGEWIN10", "SID": "S-1-5-18", "EventID": 3, "RecordID": 8961, "Level": "Information", "Descr": "The BITS service created a new job", "JobTitle": "PreSignInSettingsConfigJSON", "JobId": "34FC86D7-D255-4176-B71A-2ECA590F76E2", "JobOwner": "MSEDGEWIN10\\IEUser", "ProcessPath": "C:\\Users\\IEUser\\AppData\\Local\\Microsoft\\OneDrive\\OneDriveStandaloneUpdater.exe", "ProcessId": "5084"}
{"Timestamp": "2020-11-18 10:01:11.265752Z", "Channel": "Microsoft-Windows-Bits-Client/Operational", "Provider": "Microsoft-Windows-Bits-Client", "Hostname": "MSEDGEWIN10", "SID": "S-1-5-18", "EventID": 4, "RecordID": 8957, "Level": "Information", "Descr": "The transfer job is complete", "Username": "MSEDGEWIN10\\IEUser", "JobTitle": "Push Notification Platform Job: 1", "JobId": "D5038626-5757-4699-86B0-D8C386C9C503", "JobOwner": "MSEDGEWIN10\\IEUser", "FileCount": "1"}
{"Timestamp": "2020-11-18 10:01:11.259072Z", "Channel": "Microsoft-Windows-Bits-Client/Operational", "Provider": "Microsoft-Windows-Bits-Client", "Hostname": "MSEDGEWIN10", "SID": "S-1-5-18", "EventID": 60, "RecordID": 8956, "Level": "Information", "Descr": "BITS stopped transferring the <Name> transfer job that is associated with the <URL>", "TransferId": "2C7ADE2D-4315-4452-A336-23AD9AE51345", "Name": "Push Notification Platform Job: 1", "JobId": "D5038626-5757-4699-86B0-D8C386C9C503", "URL": "https://img-s-msn-com.akamaized.net/tenant/amp/entityid/BB1b7AcJ.img?w=100&h=100&m=6&tilesize=medium&ms-scale=100&ms-contrast=standard", "Peer": null, "FileTime": "2020-11-18 09:22:50 UTC", "FileSize": "5117", "BytesTotal": "5117", "BytesTransferred": "5117", "BytesTransferredFromPeer": "0"}
{"Timestamp": "2020-11-18 10:01:10.759945Z", "Channel": "Microsoft-Windows-Bits-Client/Operational", "Provider": "Microsoft-Windows-Bits-Client", "Hostname": "MSEDGEWIN10", "SID": "S-1-5-18", "EventID": 59, "RecordID": 8955, "Level": "Information", "Descr": "BITS started the <Name> transfer job that is associated with the <URL>", "TransferId": "2C7ADE2D-4315-4452-A336-23AD9AE51345", "Name": "Push Notification Platform Job: 1", "JobId": "D5038626-5757-4699-86B0-D8C386C9C503", "URL": "https://img-s-msn-com.akamaized.net/tenant/amp/entityid/BB1b7AcJ.img?w=100&h=100&m=6&tilesize=medium&ms-scale=100&ms-contrast=standard", "Peer": null, "FileTime": "1601-01-01 00:00:00 UTC", "FileSize": "18446744073709551615"}
{"Timestamp": "2020-11-18 10:01:10.713976Z", "Channel": "Microsoft-Windows-Bits-Client/Operational", "Provider": "Microsoft-Windows-Bits-Client", "Hostname": "MSEDGEWIN10", "SID": "S-1-5-18", "EventID": 3, "RecordID": 8953, "Level": "Information", "Descr": "The BITS service created a new job", "JobTitle": "Push Notification Platform Job: 1", "JobId": "D5038626-5757-4699-86B0-D8C386C9C503", "JobOwner": "MSEDGEWIN10\\IEUser", "ProcessPath": "C:\\Windows\\System32\\svchost.exe", "ProcessId": "5512"}
{"Timestamp": "2020-11-17 21:09:49.126312Z", "Channel": "Microsoft-Windows-Bits-Client/Operational", "Provider": "Microsoft-Windows-Bits-Client", "Hostname": "MSEDGEWIN10", "SID": "S-1-5-18", "EventID": 4, "RecordID": 8950, "Level": "Information", "Descr": "The transfer job is complete", "Username": "MSEDGEWIN10\\IEUser", "JobTitle": "Push Notification Platform Job: 1", "JobId": "0921E7F7-48F6-4B46-87BE-BF412A7CFD18", "JobOwner": "MSEDGEWIN10\\IEUser", "FileCount": "1"}
{"Timestamp": "2020-11-17 21:09:49.104984Z", "Channel": "Microsoft-Windows-Bits-Client/Operational", "Provider": "Microsoft-Windows-Bits-Client", "Hostname": "MSEDGEWIN10", "SID": "S-1-5-18", "EventID": 60, "RecordID": 8949, "Level": "Information", "Descr": "BITS stopped transferring the <Name> transfer job that is associated with the <URL>", "TransferId": "9F02399E-FA1F-4B56-87CB-59827369F29D", "Name": "Push Notification Platform Job: 1", "JobId": "0921E7F7-48F6-4B46-87BE-BF412A7CFD18", "URL": "https://img-s-msn-com.akamaized.net/tenant/amp/entityid/BB1b6mGJ.img?w=100&h=100&m=6&tilesize=medium&ms-scale=100&ms-contrast=standard", "Peer": null, "FileTime": "2020-11-17 20:57:15 UTC", "FileSize": "4433", "BytesTotal": "4433", "BytesTransferred": "4433", "BytesTransferredFromPeer": "0"}
{"Timestamp": "2020-11-17 21:09:43.966452Z", "Channel": "Microsoft-Windows-Bits-Client/Operational", "Provider": "Microsoft-Windows-Bits-Client", "Hostname": "MSEDGEWIN10", "SID": "S-1-5-18", "EventID": 59, "RecordID": 8948, "Level": "Information", "Descr": "BITS started the <Name> transfer job that is associated with the <URL>", "TransferId": "9F02399E-FA1F-4B56-87CB-59827369F29D", "Name": "Push Notification Platform Job: 1", "JobId": "0921E7F7-48F6-4B46-87BE-BF412A7CFD18", "URL": "https://img-s-msn-com.akamaized.net/tenant/amp/entityid/BB1b6mGJ.img?w=100&h=100&m=6&tilesize=medium&ms-scale=100&ms-contrast=standard", "Peer": null, "FileTime": "1601-01-01 00:00:00 UTC", "FileSize": "18446744073709551615"}
{"Timestamp": "2020-11-17 21:09:43.081332Z", "Channel": "Microsoft-Windows-Bits-Client/Operational", "Provider": "Microsoft-Windows-Bits-Client", "Hostname": "MSEDGEWIN10", "SID": "S-1-5-18", "EventID": 3, "RecordID": 8946, "Level": "Information", "Descr": "The BITS service created a new job", "JobTitle": "Push Notification Platform Job: 1", "JobId": "0921E7F7-48F6-4B46-87BE-BF412A7CFD18", "JobOwner": "MSEDGEWIN10\\IEUser", "ProcessPath": "C:\\Windows\\System32\\svchost.exe", "ProcessId": "5512"}
{"Timestamp": "2020-11-17 17:41:03.139616Z", "Channel": "Microsoft-Windows-Bits-Client/Operational", "Provider": "Microsoft-Windows-Bits-Client", "Hostname": "MSEDGEWIN10", "SID": "S-1-5-18", "EventID": 4, "RecordID": 8944, "Level": "Information", "Descr": "The transfer job is complete", "Username": "MSEDGEWIN10\\IEUser", "JobTitle": "UpdateDescriptionXml", "JobId": "D9690CE3-C70F-4DF3-A208-EC11A9C399E7", "JobOwner": "MSEDGEWIN10\\IEUser", "FileCount": "1"}
{"Timestamp": "2020-11-17 17:41:03.130493Z", "Channel": "Microsoft-Windows-Bits-Client/Operational", "Provider": "Microsoft-Windows-Bits-Client", "Hostname": "MSEDGEWIN10", "SID": "S-1-5-18", "EventID": 60, "RecordID": 8943, "Level": "Information", "Descr": "BITS stopped transferring the <Name> transfer job that is associated with the <URL>", "TransferId": "E880FED1-ADD8-4EEE-B83B-A060AAADF3BA", "Name": "UpdateDescriptionXml", "JobId": "D9690CE3-C70F-4DF3-A208-EC11A9C399E7", "URL": "https://g.live.com/1rewlive5skydrive/ODSUProduction", "Peer": null, "FileTime": "2020-10-26 21:00:55 UTC", "FileSize": "526", "BytesTotal": "526", "BytesTransferred": "526", "BytesTransferredFromPeer": "0"}
{"Timestamp": "2020-11-17 17:41:02.662906Z", "Channel": "Microsoft-Windows-Bits-Client/Operational", "Provider": "Microsoft-Windows-Bits-Client", "Hostname": "MSEDGEWIN10", "SID": "S-1-5-18", "EventID": 59, "RecordID": 8942, "Level": "Information", "Descr": "BITS started the <Name> transfer job that is associated with the <URL>", "TransferId": "E880FED1-ADD8-4EEE-B83B-A060AAADF3BA", "Name": "UpdateDescriptionXml", "JobId": "D9690CE3-C70F-4DF3-A208-EC11A9C399E7", "URL": "https://g.live.com/1rewlive5skydrive/ODSUProduction", "Peer": null, "FileTime": "2020-10-26 21:00:55 UTC", "FileSize": "526"}
{"Timestamp": "2020-11-17 17:41:02.225317Z", "Channel": "Microsoft-Windows-Bits-Client/Operational", "Provider": "Microsoft-Windows-Bits-Client", "Hostname": "MSEDGEWIN10", "SID": "S-1-5-18", "EventID": 3, "RecordID": 8941, "Level": "Information", "Descr": "The BITS service created a new job", "JobTitle": "UpdateDescriptionXml", "JobId": "D9690CE3-C70F-4DF3-A208-EC11A9C399E7", "JobOwner": "MSEDGEWIN10\\IEUser", "ProcessPath": "C:\\Users\\IEUser\\AppData\\Local\\Microsoft\\OneDrive\\OneDriveStandaloneUpdater.exe", "ProcessId": "2780"}
{"Timestamp": "2020-11-17 17:41:02.121191Z", "Channel": "Microsoft-Windows-Bits-Client/Operational", "Provider": "Microsoft-Windows-Bits-Client", "Hostname": "MSEDGEWIN10", "SID": "S-1-5-18", "EventID": 4, "RecordID": 8940, "Level": "Information", "Descr": "The transfer job is complete", "Username": "MSEDGEWIN10\\IEUser", "JobTitle": "PreSignInSettingsConfigJSON", "JobId": "98A52EB7-C500-43CD-B86B-D4B4EE80F608", "JobOwner": "MSEDGEWIN10\\IEUser", "FileCount": "1"}
{"Timestamp": "2020-11-17 17:41:02.108315Z", "Channel": "Microsoft-Windows-Bits-Client/Operational", "Provider": "Microsoft-Windows-Bits-Client", "Hostname": "MSEDGEWIN10", "SID": "S-1-5-18", "EventID": 60, "RecordID": 8939, "Level": "Information", "Descr": "BITS stopped transferring the <Name> transfer job that is associated with the <URL>", "TransferId": "ADC75166-04E3-4C08-B9F6-C07ED1AEF3AF", "Name": "PreSignInSettingsConfigJSON", "JobId": "98A52EB7-C500-43CD-B86B-D4B4EE80F608", "URL": "https://g.live.com/odclientsettings/Prod", "Peer": null, "FileTime": "2020-11-17 17:30:30 UTC", "FileSize": "32746", "BytesTotal": "32746", "BytesTransferred": "32746", "BytesTransferredFromPeer": "0"}
{"Timestamp": "2020-11-17 17:41:01.832922Z", "Channel": "Microsoft-Windows-Bits-Client/Operational", "Provider": "Microsoft-Windows-Bits-Client", "Hostname": "MSEDGEWIN10", "SID": "S-1-5-18", "EventID": 59, "RecordID": 8938, "Level": "Information", "Descr": "BITS started the <Name> transfer job that is associated with the <URL>", "TransferId": "ADC75166-04E3-4C08-B9F6-C07ED1AEF3AF", "Name": "PreSignInSettingsConfigJSON", "JobId": "98A52EB7-C500-43CD-B86B-D4B4EE80F608", "URL": "https://g.live.com/odclientsettings/Prod", "Peer": null, "FileTime": "2020-11-17 17:30:30 UTC", "FileSize": "32746"}
{"Timestamp": "2020-11-17 17:40:59.758480Z", "Channel": "Microsoft-Windows-Bits-Client/Operational", "Provider": "Microsoft-Windows-Bits-Client", "Hostname": "MSEDGEWIN10", "SID": "S-1-5-18", "EventID": 3, "RecordID": 8936, "Level": "Information", "Descr": "The BITS service created a new job", "JobTitle": "PreSignInSettingsConfigJSON", "JobId": "98A52EB7-C500-43CD-B86B-D4B4EE80F608", "JobOwner": "MSEDGEWIN10\\IEUser", "ProcessPath": "C:\\Users\\IEUser\\AppData\\Local\\Microsoft\\OneDrive\\OneDriveStandaloneUpdater.exe", "ProcessId": "2780"}
{"Timestamp": "2020-11-17 12:03:22.678387Z", "Channel": "Microsoft-Windows-Bits-Client/Operational", "Provider": "Microsoft-Windows-Bits-Client", "Hostname": "MSEDGEWIN10", "SID": "S-1-5-20", "EventID": 5, "RecordID": 8933, "Level": "Information", "Descr": "Job cancelled", "Username": "NT AUTHORITY\\NETWORK SERVICE", "JobTitle": "SpeechModelDownloadJob", "JobId": "F07367C3-AB9A-4B6C-88B0-6D43B4F6B470", "JobOwner": "NT AUTHORITY\\NETWORK SERVICE", "FileCount": "1"}
{"Timestamp": "2020-11-17 12:03:17.658323Z", "Channel": "Microsoft-Windows-Bits-Client/Operational", "Provider": "Microsoft-Windows-Bits-Client", "Hostname": "MSEDGEWIN10", "SID": "S-1-5-18", "EventID": 3, "RecordID": 8931, "Level": "Information", "Descr": "The BITS service created a new job", "JobTitle": "SpeechModelDownloadJob", "JobId": "F07367C3-AB9A-4B6C-88B0-6D43B4F6B470", "JobOwner": "NT AUTHORITY\\NETWORK SERVICE", "ProcessPath": "C:\\Windows\\System32\\Speech_OneCore\\common\\SpeechModelDownload.exe", "ProcessId": "3256"}
{"Timestamp": "2020-11-23 12:46:56.973531Z", "Channel": "Microsoft-Windows-Bits-Client/Operational", "Provider": "Microsoft-Windows-Bits-Client", "Hostname": "MSEDGEWIN10", "SID": "S-1-5-18", "EventID": 59, "RecordID": 9137, "Level": "Information", "Descr": "BITS started the <Name> transfer job that is associated with the <URL>", "TransferId": "3A36FCB7-466B-4371-B87F-2E10107E9A99", "Name": "UpdateDescriptionXml", "JobId": "9830BA26-B525-4419-AABE-4E4F1A74EAA8", "URL": "https://g.live.com/1rewlive5skydrive/ODSUProduction", "Peer": null, "FileTime": "2020-10-26 21:00:55 UTC", "FileSize": "526"}
{"Timestamp": "2020-11-23 12:46:56.796962Z", "Channel": "Microsoft-Windows-Bits-Client/Operational", "Provider": "Microsoft-Windows-Bits-Client", "Hostname": "MSEDGEWIN10", "SID": "S-1-5-18", "EventID": 3, "RecordID": 9136, "Level": "Information", "Descr": "The BITS service created a new job", "JobTitle": "UpdateDescriptionXml", "JobId": "9830BA26-B525-4419-AABE-4E4F1A74EAA8", "JobOwner": "MSEDGEWIN10\\IEUser", "ProcessPath": "C:\\Users\\IEUser\\AppData\\Local\\Microsoft\\OneDrive\\OneDriveStandaloneUpdater.exe", "ProcessId": "8148"}
{"Timestamp": "2020-11-23 12:46:56.483454Z", "Channel": "Microsoft-Windows-Bits-Client/Operational", "Provider": "Microsoft-Windows-Bits-Client", "Hostname": "MSEDGEWIN10", "SID": "S-1-5-18", "EventID": 4, "RecordID": 9135, "Level": "Information", "Descr": "The transfer job is complete", "Username": "MSEDGEWIN10\\IEUser", "JobTitle": "PreSignInSettingsConfigJSON", "JobId": "B399908B-4B86-4D4F-B86D-489A16C7A604", "JobOwner": "MSEDGEWIN10\\IEUser", "FileCount": "1"}
{"Timestamp": "2020-11-23 12:46:56.463387Z", "Channel": "Microsoft-Windows-Bits-Client/Operational", "Provider": "Microsoft-Windows-Bits-Client", "Hostname": "MSEDGEWIN10", "SID": "S-1-5-18", "EventID": 60, "RecordID": 9134, "Level": "Information", "Descr": "BITS stopped transferring the <Name> transfer job that is associated with the <URL>", "TransferId": "3700AF2C-73F0-448B-AC28-07FEF5926515", "Name": "PreSignInSettingsConfigJSON", "JobId": "B399908B-4B86-4D4F-B86D-489A16C7A604", "URL": "https://g.live.com/odclientsettings/Prod", "Peer": null, "FileTime": "2020-11-20 21:55:10 UTC", "FileSize": "33022", "BytesTotal": "33022", "BytesTransferred": "33022", "BytesTransferredFromPeer": "0"}
{"Timestamp": "2020-11-23 12:46:56.224733Z", "Channel": "Microsoft-Windows-Bits-Client/Operational", "Provider": "Microsoft-Windows-Bits-Client", "Hostname": "MSEDGEWIN10", "SID": "S-1-5-18", "EventID": 59, "RecordID": 9133, "Level": "Information", "Descr": "BITS started the <Name> transfer job that is associated with the <URL>", "TransferId": "3700AF2C-73F0-448B-AC28-07FEF5926515", "Name": "PreSignInSettingsConfigJSON", "JobId": "B399908B-4B86-4D4F-B86D-489A16C7A604", "URL": "https://g.live.com/odclientsettings/Prod", "Peer": null, "FileTime": "2020-11-20 21:55:10 UTC", "FileSize": "33022"}
{"Timestamp": "2020-11-23 12:46:55.518937Z", "Channel": "Microsoft-Windows-Bits-Client/Operational", "Provider": "Microsoft-Windows-Bits-Client", "Hostname": "MSEDGEWIN10", "SID": "S-1-5-18", "EventID": 3, "RecordID": 9131, "Level": "Information", "Descr": "The BITS service created a new job", "JobTitle": "PreSignInSettingsConfigJSON", "JobId": "B399908B-4B86-4D4F-B86D-489A16C7A604", "JobOwner": "MSEDGEWIN10\\IEUser", "ProcessPath": "C:\\Users\\IEUser\\AppData\\Local\\Microsoft\\OneDrive\\OneDriveStandaloneUpdater.exe", "ProcessId": "8148"}
{"Timestamp": "2020-11-23 12:44:11.614690Z", "Channel": "Microsoft-Windows-Bits-Client/Operational", "Provider": "Microsoft-Windows-Bits-Client", "Hostname": "MSEDGEWIN10", "SID": "S-1-5-18", "EventID": 4, "RecordID": 9129, "Level": "Information", "Descr": "The transfer job is complete", "Username": "NT AUTHORITY\\LOCAL SERVICE", "JobTitle": "Font Download", "JobId": "8BFE11C1-BE63-4675-B9C1-8AF99C651F16", "JobOwner": "NT AUTHORITY\\LOCAL SERVICE", "FileCount": "1"}
{"Timestamp": "2020-11-23 12:44:11.608440Z", "Channel": "Microsoft-Windows-Bits-Client/Operational", "Provider": "Microsoft-Windows-Bits-Client", "Hostname": "MSEDGEWIN10", "SID": "S-1-5-18", "EventID": 60, "RecordID": 9128, "Level": "Information", "Descr": "BITS stopped transferring the <Name> transfer job that is associated with the <URL>", "TransferId": "916D13B9-46B8-4F78-957F-8BFCB62BED83", "Name": "Font Download", "JobId": "8BFE11C1-BE63-4675-B9C1-8AF99C651F16", "URL": "https://fs.microsoft.com/fs/windows/config.json", "Peer": null, "FileTime": "2017-04-20 16:10:39 UTC", "FileSize": "55", "BytesTotal": "55", "BytesTransferred": "55", "BytesTransferredFromPeer": "0"}
{"Timestamp": "2020-11-23 12:44:11.565102Z", "Channel": "Microsoft-Windows-Bits-Client/Operational", "Provider": "Microsoft-Windows-Bits-Client", "Hostname": "MSEDGEWIN10", "SID": "S-1-5-18", "EventID": 59, "RecordID": 9127, "Level": "Information", "Descr": "BITS started the <Name> transfer job that is associated with the <URL>", "TransferId": "916D13B9-46B8-4F78-957F-8BFCB62BED83", "Name": "Font Download", "JobId": "8BFE11C1-BE63-4675-B9C1-8AF99C651F16", "URL": "https://fs.microsoft.com/fs/windows/config.json", "Peer": null, "FileTime": "2017-04-20 16:10:39 UTC", "FileSize": "55"}
{"Timestamp": "2020-11-23 12:44:10.569239Z", "Channel": "Microsoft-Windows-Bits-Client/Operational", "Provider": "Microsoft-Windows-Bits-Client", "Hostname": "MSEDGEWIN10", "SID": "S-1-5-18", "EventID": 3, "RecordID": 9124, "Level": "Information", "Descr": "The BITS service created a new job", "JobTitle": "Font Download", "JobId": "8BFE11C1-BE63-4675-B9C1-8AF99C651F16", "JobOwner": "NT AUTHORITY\\LOCAL SERVICE", "ProcessPath": "C:\\Windows\\System32\\svchost.exe", "ProcessId": "2124"}
{"Timestamp": "2020-11-23 11:05:14.632728Z", "Channel": "Microsoft-Windows-Bits-Client/Operational", "Provider": "Microsoft-Windows-Bits-Client", "Hostname": "MSEDGEWIN10", "SID": "S-1-5-18", "EventID": 4, "RecordID": 9123, "Level": "Information", "Descr": "The transfer job is complete", "Username": "MSEDGEWIN10\\IEUser", "JobTitle": "Push Notification Platform Job: 1", "JobId": "395BDC75-64DB-489D-93F7-E7A348FCAE3B", "JobOwner": "MSEDGEWIN10\\IEUser", "FileCount": "1"}
{"Timestamp": "2020-11-23 11:05:14.608617Z", "Channel": "Microsoft-Windows-Bits-Client/Operational", "Provider": "Microsoft-Windows-Bits-Client", "Hostname": "MSEDGEWIN10", "SID": "S-1-5-18", "EventID": 60, "RecordID": 9122, "Level": "Information", "Descr": "BITS stopped transferring the <Name> transfer job that is associated with the <URL>", "TransferId": "8A970FE4-9022-4F7C-95D7-6C3CE2AE3D8F", "Name": "Push Notification Platform Job: 1", "JobId": "395BDC75-64DB-489D-93F7-E7A348FCAE3B", "URL": "https://img-s-msn-com.akamaized.net/tenant/amp/entityid/BB1bh3sJ.img?w=100&h=100&m=6&tilesize=medium&ms-scale=100&ms-contrast=standard", "Peer": null, "FileTime": "2020-11-23 09:57:48 UTC", "FileSize": "7654", "BytesTotal": "7654", "BytesTransferred": "7654", "BytesTransferredFromPeer": "0"}
{"Timestamp": "2020-11-23 11:05:14.300470Z", "Channel": "Microsoft-Windows-Bits-Client/Operational", "Provider": "Microsoft-Windows-Bits-Client", "Hostname": "MSEDGEWIN10", "SID": "S-1-5-18", "EventID": 59, "RecordID": 9121, "Level": "Information", "Descr": "BITS started the <Name> transfer job that is associated with the <URL>", "TransferId": "8A970FE4-9022-4F7C-95D7-6C3CE2AE3D8F", "Name": "Push Notification Platform Job: 1", "JobId": "395BDC75-64DB-489D-93F7-E7A348FCAE3B", "URL": "https://img-s-msn-com.akamaized.net/tenant/amp/entityid/BB1bh3sJ.img?w=100&h=100&m=6&tilesize=medium&ms-scale=100&ms-contrast=standard", "Peer": null, "FileTime": "1601-01-01 00:00:00 UTC", "FileSize": "18446744073709551615"}
{"Timestamp": "2020-11-23 11:05:14.279494Z", "Channel": "Microsoft-Windows-Bits-Client/Operational", "Provider": "Microsoft-Windows-Bits-Client", "Hostname": "MSEDGEWIN10", "SID": "S-1-5-18", "EventID": 3, "RecordID": 9119, "Level": "Information", "Descr": "The BITS service created a new job", "JobTitle": "Push Notification Platform Job: 1", "JobId": "395BDC75-64DB-489D-93F7-E7A348FCAE3B", "JobOwner": "MSEDGEWIN10\\IEUser", "ProcessPath": "C:\\Windows\\System32\\svchost.exe", "ProcessId": "5124"}
{"Timestamp": "2020-11-23 10:52:43.217427Z", "Channel": "Microsoft-Windows-Bits-Client/Operational", "Provider": "Microsoft-Windows-Bits-Client", "Hostname": "MSEDGEWIN10", "SID": "S-1-5-18", "EventID": 4, "RecordID": 9117, "Level": "Information", "Descr": "The transfer job is complete", "Username": "MSEDGEWIN10\\IEUser", "JobTitle": "UpdateDescriptionXml", "JobId": "EFD7DC48-1568-4427-83BF-9E3C19AFDEBF", "JobOwner": "MSEDGEWIN10\\IEUser", "FileCount": "1"}
{"Timestamp": "2020-11-23 10:52:43.210210Z", "Channel": "Microsoft-Windows-Bits-Client/Operational", "Provider": "Microsoft-Windows-Bits-Client", "Hostname": "MSEDGEWIN10", "SID": "S-1-5-18", "EventID": 60, "RecordID": 9116, "Level": "Information", "Descr": "BITS stopped transferring the <Name> transfer job that is associated with the <URL>", "TransferId": "89F470F8-616C-4752-B97E-AE088A36FB7A", "Name": "UpdateDescriptionXml", "JobId": "EFD7DC48-1568-4427-83BF-9E3C19AFDEBF", "URL": "https://g.live.com/1rewlive5skydrive/ODSUProduction", "Peer": null, "FileTime": "2020-10-26 21:00:55 UTC", "FileSize": "526", "BytesTotal": "526", "BytesTransferred": "526", "BytesTransferredFromPeer": "0"}
{"Timestamp": "2020-11-23 10:52:43.097267Z", "Channel": "Microsoft-Windows-Bits-Client/Operational", "Provider": "Microsoft-Windows-Bits-Client", "Hostname": "MSEDGEWIN10", "SID": "S-1-5-18", "EventID": 59, "RecordID": 9115, "Level": "Information", "Descr": "BITS started the <Name> transfer job that is associated with the <URL>", "TransferId": "89F470F8-616C-4752-B97E-AE088A36FB7A", "Name": "UpdateDescriptionXml", "JobId": "EFD7DC48-1568-4427-83BF-9E3C19AFDEBF", "URL": "https://g.live.com/1rewlive5skydrive/ODSUProduction", "Peer": null, "FileTime": "2020-10-26 21:00:55 UTC", "FileSize": "526"}
{"Timestamp": "2020-11-23 10:52:43.020307Z", "Channel": "Microsoft-Windows-Bits-Client/Operational", "Provider": "Microsoft-Windows-Bits-Client", "Hostname": "MSEDGEWIN10", "SID": "S-1-5-18", "EventID": 3, "RecordID": 9114, "Level": "Information", "Descr": "The BITS service created a new job", "JobTitle": "UpdateDescriptionXml", "JobId": "EFD7DC48-1568-4427-83BF-9E3C19AFDEBF", "JobOwner": "MSEDGEWIN10\\IEUser", "ProcessPath": "C:\\Users\\IEUser\\AppData\\Local\\Microsoft\\OneDrive\\OneDriveStandaloneUpdater.exe", "ProcessId": "7324"}
{"Timestamp": "2020-11-23 10:52:42.748660Z", "Channel": "Microsoft-Windows-Bits-Client/Operational", "Provider": "Microsoft-Windows-Bits-Client", "Hostname": "MSEDGEWIN10", "SID": "S-1-5-18", "EventID": 4, "RecordID": 9113, "Level": "Information", "Descr": "The transfer job is complete", "Username": "MSEDGEWIN10\\IEUser", "JobTitle": "PreSignInSettingsConfigJSON", "JobId": "06527EF3-CDFF-4687-8E76-30E47B631BE1", "JobOwner": "MSEDGEWIN10\\IEUser", "FileCount": "1"}
{"Timestamp": "2020-11-23 10:52:42.739675Z", "Channel": "Microsoft-Windows-Bits-Client/Operational", "Provider": "Microsoft-Windows-Bits-Client", "Hostname": "MSEDGEWIN10", "SID": "S-1-5-18", "EventID": 60, "RecordID": 9112, "Level": "Information", "Descr": "BITS stopped transferring the <Name> transfer job that is associated with the <URL>", "TransferId": "0C73EF89-96D3-4728-8E42-385121D5B692", "Name": "PreSignInSettingsConfigJSON", "JobId": "06527EF3-CDFF-4687-8E76-30E47B631BE1", "URL": "https://g.live.com/odclientsettings/Prod", "Peer": null, "FileTime": "2020-11-20 21:55:10 UTC", "FileSize": "33022", "BytesTotal": "33022", "BytesTransferred": "33022", "BytesTransferredFromPeer": "0"}
{"Timestamp": "2020-11-23 10:52:42.355796Z", "Channel": "Microsoft-Windows-Bits-Client/Operational", "Provider": "Microsoft-Windows-Bits-Client", "Hostname": "MSEDGEWIN10", "SID": "S-1-5-18", "EventID": 59, "RecordID": 9111, "Level": "Information", "Descr": "BITS started the <Name> transfer job that is associated with the <URL>", "TransferId": "0C73EF89-96D3-4728-8E42-385121D5B692", "Name": "PreSignInSettingsConfigJSON", "JobId": "06527EF3-CDFF-4687-8E76-30E47B631BE1", "URL": "https://g.live.com/odclientsettings/Prod", "Peer": null, "FileTime": "2020-11-20 21:55:10 UTC", "FileSize": "33022"}
{"Timestamp": "2020-11-23 10:52:41.780322Z", "Channel": "Microsoft-Windows-Bits-Client/Operational", "Provider": "Microsoft-Windows-Bits-Client", "Hostname": "MSEDGEWIN10", "SID": "S-1-5-18", "EventID": 3, "RecordID": 9109, "Level": "Information", "Descr": "The BITS service created a new job", "JobTitle": "PreSignInSettingsConfigJSON", "JobId": "06527EF3-CDFF-4687-8E76-30E47B631BE1", "JobOwner": "MSEDGEWIN10\\IEUser", "ProcessPath": "C:\\Users\\IEUser\\AppData\\Local\\Microsoft\\OneDrive\\OneDriveStandaloneUpdater.exe", "ProcessId": "7324"}
{"Timestamp": "2020-11-23 10:46:05.138890Z", "Channel": "Microsoft-Windows-Bits-Client/Operational", "Provider": "Microsoft-Windows-Bits-Client", "Hostname": "MSEDGEWIN10", "SID": "S-1-5-18", "EventID": 4, "RecordID": 9106, "Level": "Information", "Descr": "The transfer job is complete", "Username": "MSEDGEWIN10\\IEUser", "JobTitle": "Push Notification Platform Job: 1", "JobId": "C908ADC9-3BF0-4697-8DE1-E1C9D03FA3E1", "JobOwner": "MSEDGEWIN10\\IEUser", "FileCount": "1"}
{"Timestamp": "2020-11-23 10:46:05.136798Z", "Channel": "Microsoft-Windows-Bits-Client/Operational", "Provider": "Microsoft-Windows-Bits-Client", "Hostname": "MSEDGEWIN10", "SID": "S-1-5-18", "EventID": 60, "RecordID": 9105, "Level": "Information", "Descr": "BITS stopped transferring the <Name> transfer job that is associated with the <URL>", "TransferId": "921DC64B-3CEE-4959-90DD-C2FB85EF56FE", "Name": "Push Notification Platform Job: 1", "JobId": "C908ADC9-3BF0-4697-8DE1-E1C9D03FA3E1", "URL": "https://site-cdn.onenote.net/161351840456_Images/LiveTileImages/MediumAndLarge/Image3.png", "Peer": null, "FileTime": "2020-11-18 21:29:38 UTC", "FileSize": "10969", "BytesTotal": "10969", "BytesTransferred": "10969", "BytesTransferredFromPeer": "0"}
{"Timestamp": "2020-11-23 10:46:04.676535Z", "Channel": "Microsoft-Windows-Bits-Client/Operational", "Provider": "Microsoft-Windows-Bits-Client", "Hostname": "MSEDGEWIN10", "SID": "S-1-5-18", "EventID": 59, "RecordID": 9104, "Level": "Information", "Descr": "BITS started the <Name> transfer job that is associated with the <URL>", "TransferId": "921DC64B-3CEE-4959-90DD-C2FB85EF56FE", "Name": "Push Notification Platform Job: 1", "JobId": "C908ADC9-3BF0-4697-8DE1-E1C9D03FA3E1", "URL": "https://site-cdn.onenote.net/161351840456_Images/LiveTileImages/MediumAndLarge/Image3.png", "Peer": null, "FileTime": "1601-01-01 00:00:00 UTC", "FileSize": "18446744073709551615"}
{"Timestamp": "2020-11-23 10:46:04.645789Z", "Channel": "Microsoft-Windows-Bits-Client/Operational", "Provider": "Microsoft-Windows-Bits-Client", "Hostname": "MSEDGEWIN10", "SID": "S-1-5-18", "EventID": 3, "RecordID": 9102, "Level": "Information", "Descr": "The BITS service created a new job", "JobTitle": "Push Notification Platform Job: 1", "JobId": "C908ADC9-3BF0-4697-8DE1-E1C9D03FA3E1", "JobOwner": "MSEDGEWIN10\\IEUser", "ProcessPath": "C:\\Windows\\System32\\svchost.exe", "ProcessId": "2316"}
{"Timestamp": "2020-11-23 10:46:04.422803Z", "Channel": "Microsoft-Windows-Bits-Client/Operational", "Provider": "Microsoft-Windows-Bits-Client", "Hostname": "MSEDGEWIN10", "SID": "S-1-5-18", "EventID": 4, "RecordID": 9101, "Level": "Information", "Descr": "The transfer job is complete", "Username": "MSEDGEWIN10\\IEUser", "JobTitle": "Push Notification Platform Job: 1", "JobId": "CDE5729C-C89D-43C2-8D7B-AACDC35BCA8F", "JobOwner": "MSEDGEWIN10\\IEUser", "FileCount": "1"}
{"Timestamp": "2020-11-23 10:46:04.405391Z", "Channel": "Microsoft-Windows-Bits-Client/Operational", "Provider": "Microsoft-Windows-Bits-Client", "Hostname": "MSEDGEWIN10", "SID": "S-1-5-18", "EventID": 60, "RecordID": 9100, "Level": "Information", "Descr": "BITS stopped transferring the <Name> transfer job that is associated with the <URL>", "TransferId": "A1F4885A-D24B-4900-9CBA-746D70D29612", "Name": "Push Notification Platform Job: 1", "JobId": "CDE5729C-C89D-43C2-8D7B-AACDC35BCA8F", "URL": "https://img-s-msn-com.akamaized.net/tenant/amp/entityid/BB1bgw4d.img?w=100&h=100&m=6&tilesize=medium&ms-scale=100&ms-contrast=standard", "Peer": null, "FileTime": "2020-11-23 10:04:00 UTC", "FileSize": "5969", "BytesTotal": "5969", "BytesTransferred": "5969", "BytesTransferredFromPeer": "0"}
{"Timestamp": "2020-11-23 10:46:03.984485Z", "Channel": "Microsoft-Windows-Bits-Client/Operational", "Provider": "Microsoft-Windows-Bits-Client", "Hostname": "MSEDGEWIN10", "SID": "S-1-5-18", "EventID": 59, "RecordID": 9099, "Level": "Information", "Descr": "BITS started the <Name> transfer job that is associated with the <URL>", "TransferId": "A1F4885A-D24B-4900-9CBA-746D70D29612", "Name": "Push Notification Platform Job: 1", "JobId": "CDE5729C-C89D-43C2-8D7B-AACDC35BCA8F", "URL": "https://img-s-msn-com.akamaized.net/tenant/amp/entityid/BB1bgw4d.img?w=100&h=100&m=6&tilesize=medium&ms-scale=100&ms-contrast=standard", "Peer": null, "FileTime": "1601-01-01 00:00:00 UTC", "FileSize": "18446744073709551615"}
{"Timestamp": "2020-11-23 10:46:03.953928Z", "Channel": "Microsoft-Windows-Bits-Client/Operational", "Provider": "Microsoft-Windows-Bits-Client", "Hostname": "MSEDGEWIN10", "SID": "S-1-5-18", "EventID": 3, "RecordID": 9097, "Level": "Information", "Descr": "The BITS service created a new job", "JobTitle": "Push Notification Platform Job: 1", "JobId": "CDE5729C-C89D-43C2-8D7B-AACDC35BCA8F", "JobOwner": "MSEDGEWIN10\\IEUser", "ProcessPath": "C:\\Windows\\System32\\svchost.exe", "ProcessId": "2316"}
{"Timestamp": "2020-11-23 09:07:18.830842Z", "Channel": "Microsoft-Windows-Bits-Client/Operational", "Provider": "Microsoft-Windows-Bits-Client", "Hostname": "MSEDGEWIN10", "SID": "S-1-5-18", "EventID": 3, "RecordID": 9094, "Level": "Information", "Descr": "The BITS service created a new job", "JobTitle": "MicrosoftMapsBingGeoStore", "JobId": "829AFD3E-BE91-4973-8487-F03454AAA758", "JobOwner": "NT AUTHORITY\\NETWORK SERVICE", "ProcessPath": "C:\\Windows\\System32\\svchost.exe", "ProcessId": "3044"}
{"Timestamp": "2020-11-22 18:33:30.690473Z", "Channel": "Microsoft-Windows-Bits-Client/Operational", "Provider": "Microsoft-Windows-Bits-Client", "Hostname": "MSEDGEWIN10", "SID": "S-1-5-20", "EventID": 5, "RecordID": 9092, "Level": "Information", "Descr": "Job cancelled", "Username": "NT AUTHORITY\\NETWORK SERVICE", "JobTitle": "SpeechModelDownloadJob", "JobId": "B5240766-7BCF-4318-BC22-5C178B3DD508", "JobOwner": "NT AUTHORITY\\NETWORK SERVICE", "FileCount": "1"}
{"Timestamp": "2020-11-22 18:33:27.985971Z", "Channel": "Microsoft-Windows-Bits-Client/Operational", "Provider": "Microsoft-Windows-Bits-Client", "Hostname": "MSEDGEWIN10", "SID": "S-1-5-18", "EventID": 3, "RecordID": 9089, "Level": "Information", "Descr": "The BITS service created a new job", "JobTitle": "MicrosoftMapsBingGeoStore", "JobId": "C52E496E-8A6A-4A84-8CE8-418CD11179CE", "JobOwner": "NT AUTHORITY\\NETWORK SERVICE", "ProcessPath": "C:\\Windows\\System32\\svchost.exe", "ProcessId": "3680"}
{"Timestamp": "2020-11-22 18:33:24.338796Z", "Channel": "Microsoft-Windows-Bits-Client/Operational", "Provider": "Microsoft-Windows-Bits-Client", "Hostname": "MSEDGEWIN10", "SID": "S-1-5-18", "EventID": 3, "RecordID": 9088, "Level": "Information", "Descr": "The BITS service created a new job", "JobTitle": "SpeechModelDownloadJob", "JobId": "B5240766-7BCF-4318-BC22-5C178B3DD508", "JobOwner": "NT AUTHORITY\\NETWORK SERVICE", "ProcessPath": "C:\\Windows\\System32\\Speech_OneCore\\common\\SpeechModelDownload.exe", "ProcessId": "1688"}
{"Timestamp": "2020-11-21 15:54:59.617236Z", "Channel": "Microsoft-Windows-Bits-Client/Operational", "Provider": "Microsoft-Windows-Bits-Client", "Hostname": "MSEDGEWIN10", "SID": "S-1-5-18", "EventID": 4, "RecordID": 9085, "Level": "Information", "Descr": "The transfer job is complete", "Username": "MSEDGEWIN10\\IEUser", "JobTitle": "UpdateDescriptionXml", "JobId": "EDE1138F-E330-4FD3-9D43-363C2C0217F9", "JobOwner": "MSEDGEWIN10\\IEUser", "FileCount": "1"}
{"Timestamp": "2020-11-21 15:54:59.613423Z", "Channel": "Microsoft-Windows-Bits-Client/Operational", "Provider": "Microsoft-Windows-Bits-Client", "Hostname": "MSEDGEWIN10", "SID": "S-1-5-18", "EventID": 60, "RecordID": 9084, "Level": "Information", "Descr": "BITS stopped transferring the <Name> transfer job that is associated with the <URL>", "TransferId": "36E3782D-916D-40CA-8034-9D18509290E3", "Name": "UpdateDescriptionXml", "JobId": "EDE1138F-E330-4FD3-9D43-363C2C0217F9", "URL": "https://g.live.com/1rewlive5skydrive/ODSUProduction", "Peer": null, "FileTime": "2020-10-26 21:00:55 UTC", "FileSize": "526", "BytesTotal": "526", "BytesTransferred": "526", "BytesTransferredFromPeer": "0"}
{"Timestamp": "2020-11-21 15:54:59.449226Z", "Channel": "Microsoft-Windows-Bits-Client/Operational", "Provider": "Microsoft-Windows-Bits-Client", "Hostname": "MSEDGEWIN10", "SID": "S-1-5-18", "EventID": 59, "RecordID": 9083, "Level": "Information", "Descr": "BITS started the <Name> transfer job that is associated with the <URL>", "TransferId": "36E3782D-916D-40CA-8034-9D18509290E3", "Name": "UpdateDescriptionXml", "JobId": "EDE1138F-E330-4FD3-9D43-363C2C0217F9", "URL": "https://g.live.com/1rewlive5skydrive/ODSUProduction", "Peer": null, "FileTime": "2020-10-26 21:00:55 UTC", "FileSize": "526"}
{"Timestamp": "2020-11-21 15:54:59.015362Z", "Channel": "Microsoft-Windows-Bits-Client/Operational", "Provider": "Microsoft-Windows-Bits-Client", "Hostname": "MSEDGEWIN10", "SID": "S-1-5-18", "EventID": 3, "RecordID": 9082, "Level": "Information", "Descr": "The BITS service created a new job", "JobTitle": "UpdateDescriptionXml", "JobId": "EDE1138F-E330-4FD3-9D43-363C2C0217F9", "JobOwner": "MSEDGEWIN10\\IEUser", "ProcessPath": "C:\\Users\\IEUser\\AppData\\Local\\Microsoft\\OneDrive\\OneDriveStandaloneUpdater.exe", "ProcessId": "8756"}
{"Timestamp": "2020-11-21 15:54:58.659012Z", "Channel": "Microsoft-Windows-Bits-Client/Operational", "Provider": "Microsoft-Windows-Bits-Client", "Hostname": "MSEDGEWIN10", "SID": "S-1-5-18", "EventID": 4, "RecordID": 9081, "Level": "Information", "Descr": "The transfer job is complete", "Username": "MSEDGEWIN10\\IEUser", "JobTitle": "PreSignInSettingsConfigJSON", "JobId": "5E0B0422-C1D9-41DA-90F6-0C4E7C768912", "JobOwner": "MSEDGEWIN10\\IEUser", "FileCount": "1"}
{"Timestamp": "2020-11-21 15:54:58.645827Z", "Channel": "Microsoft-Windows-Bits-Client/Operational", "Provider": "Microsoft-Windows-Bits-Client", "Hostname": "MSEDGEWIN10", "SID": "S-1-5-18", "EventID": 60, "RecordID": 9080, "Level": "Information", "Descr": "BITS stopped transferring the <Name> transfer job that is associated with the <URL>", "TransferId": "24E0E011-F645-4091-827E-AE5BDF806E4E", "Name": "PreSignInSettingsConfigJSON", "JobId": "5E0B0422-C1D9-41DA-90F6-0C4E7C768912", "URL": "https://g.live.com/odclientsettings/Prod", "Peer": null, "FileTime": "2020-11-20 21:55:10 UTC", "FileSize": "33022", "BytesTotal": "33022", "BytesTransferred": "33022", "BytesTransferredFromPeer": "0"}
{"Timestamp": "2020-11-21 15:54:58.415833Z", "Channel": "Microsoft-Windows-Bits-Client/Operational", "Provider": "Microsoft-Windows-Bits-Client", "Hostname": "MSEDGEWIN10", "SID": "S-1-5-18", "EventID": 59, "RecordID": 9079, "Level": "Information", "Descr": "BITS started the <Name> transfer job that is associated with the <URL>", "TransferId": "24E0E011-F645-4091-827E-AE5BDF806E4E", "Name": "PreSignInSettingsConfigJSON", "JobId": "5E0B0422-C1D9-41DA-90F6-0C4E7C768912", "URL": "https://g.live.com/odclientsettings/Prod", "Peer": null, "FileTime": "2020-11-20 21:55:10 UTC", "FileSize": "33022"}
{"Timestamp": "2020-11-21 15:54:57.162900Z", "Channel": "Microsoft-Windows-Bits-Client/Operational", "Provider": "Microsoft-Windows-Bits-Client", "Hostname": "MSEDGEWIN10", "SID": "S-1-5-18", "EventID": 3, "RecordID": 9077, "Level": "Information", "Descr": "The BITS service created a new job", "JobTitle": "PreSignInSettingsConfigJSON", "JobId": "5E0B0422-C1D9-41DA-90F6-0C4E7C768912", "JobOwner": "MSEDGEWIN10\\IEUser", "ProcessPath": "C:\\Users\\IEUser\\AppData\\Local\\Microsoft\\OneDrive\\OneDriveStandaloneUpdater.exe", "ProcessId": "8756"}
{"Timestamp": "2020-11-21 16:00:57.712139Z", "Channel": "Microsoft-Windows-Bits-Client/Operational", "Provider": "Microsoft-Windows-Bits-Client", "Hostname": "MSEDGEWIN10", "SID": "S-1-5-18", "EventID": 4, "RecordID": 9074, "Level": "Information", "Descr": "The transfer job is complete", "Username": "MSEDGEWIN10\\IEUser", "JobTitle": "Push Notification Platform Job: 1", "JobId": "36FCE355-2765-45CF-A837-29CA71D885F1", "JobOwner": "MSEDGEWIN10\\IEUser", "FileCount": "1"}
{"Timestamp": "2020-11-21 16:00:57.666332Z", "Channel": "Microsoft-Windows-Bits-Client/Operational", "Provider": "Microsoft-Windows-Bits-Client", "Hostname": "MSEDGEWIN10", "SID": "S-1-5-18", "EventID": 60, "RecordID": 9073, "Level": "Information", "Descr": "BITS stopped transferring the <Name> transfer job that is associated with the <URL>", "TransferId": "D891E9BB-B892-470D-B07D-AACF5D6840A2", "Name": "Push Notification Platform Job: 1", "JobId": "36FCE355-2765-45CF-A837-29CA71D885F1", "URL": "https://site-cdn.onenote.net/161351840456_Images/LiveTileImages/MediumAndLarge/Image1.png", "Peer": null, "FileTime": "2020-11-18 21:29:38 UTC", "FileSize": "9618", "BytesTotal": "9618", "BytesTransferred": "9618", "BytesTransferredFromPeer": "0"}
{"Timestamp": "2020-11-21 16:00:57.346538Z", "Channel": "Microsoft-Windows-Bits-Client/Operational", "Provider": "Microsoft-Windows-Bits-Client", "Hostname": "MSEDGEWIN10", "SID": "S-1-5-18", "EventID": 59, "RecordID": 9072, "Level": "Information", "Descr": "BITS started the <Name> transfer job that is associated with the <URL>", "TransferId": "D891E9BB-B892-470D-B07D-AACF5D6840A2", "Name": "Push Notification Platform Job: 1", "JobId": "36FCE355-2765-45CF-A837-29CA71D885F1", "URL": "https://site-cdn.onenote.net/161351840456_Images/LiveTileImages/MediumAndLarge/Image1.png", "Peer": null, "FileTime": "1601-01-01 00:00:00 UTC", "FileSize": "18446744073709551615"}
{"Timestamp": "2020-11-21 16:00:57.337935Z", "Channel": "Microsoft-Windows-Bits-Client/Operational", "Provider": "Microsoft-Windows-Bits-Client", "Hostname": "MSEDGEWIN10", "SID": "S-1-5-18", "EventID": 3, "RecordID": 9070, "Level": "Information", "Descr": "The BITS service created a new job", "JobTitle": "Push Notification Platform Job: 1", "JobId": "36FCE355-2765-45CF-A837-29CA71D885F1", "JobOwner": "MSEDGEWIN10\\IEUser", "ProcessPath": "C:\\Windows\\System32\\svchost.exe", "ProcessId": "4148"}
{"Timestamp": "2020-11-21 16:00:57.184758Z", "Channel": "Microsoft-Windows-Bits-Client/Operational", "Provider": "Microsoft-Windows-Bits-Client", "Hostname": "MSEDGEWIN10", "SID": "S-1-5-18", "EventID": 4, "RecordID": 9069, "Level": "Information", "Descr": "The transfer job is complete", "Username": "MSEDGEWIN10\\IEUser", "JobTitle": "Push Notification Platform Job: 1", "JobId": "AA996D3C-C3E5-4ED7-86C8-2B5C7545565F", "JobOwner": "MSEDGEWIN10\\IEUser", "FileCount": "1"}
{"Timestamp": "2020-11-21 16:00:57.181484Z", "Channel": "Microsoft-Windows-Bits-Client/Operational", "Provider": "Microsoft-Windows-Bits-Client", "Hostname": "MSEDGEWIN10", "SID": "S-1-5-18", "EventID": 60, "RecordID": 9068, "Level": "Information", "Descr": "BITS stopped transferring the <Name> transfer job that is associated with the <URL>", "TransferId": "DF35B982-0212-4800-B602-903F5CF89972", "Name": "Push Notification Platform Job: 1", "JobId": "AA996D3C-C3E5-4ED7-86C8-2B5C7545565F", "URL": "https://img-s-msn-com.akamaized.net/tenant/amp/entityid/BB1bdETn.img?w=100&h=100&m=6&tilesize=medium&x=1080&y=363&ms-scale=100&ms-contrast=standard", "Peer": null, "FileTime": "2020-11-21 15:02:41 UTC", "FileSize": "5374", "BytesTotal": "5374", "BytesTransferred": "5374", "BytesTransferredFromPeer": "0"}
{"Timestamp": "2020-11-21 16:00:56.714426Z", "Channel": "Microsoft-Windows-Bits-Client/Operational", "Provider": "Microsoft-Windows-Bits-Client", "Hostname": "MSEDGEWIN10", "SID": "S-1-5-18", "EventID": 59, "RecordID": 9067, "Level": "Information", "Descr": "BITS started the <Name> transfer job that is associated with the <URL>", "TransferId": "DF35B982-0212-4800-B602-903F5CF89972", "Name": "Push Notification Platform Job: 1", "JobId": "AA996D3C-C3E5-4ED7-86C8-2B5C7545565F", "URL": "https://img-s-msn-com.akamaized.net/tenant/amp/entityid/BB1bdETn.img?w=100&h=100&m=6&tilesize=medium&x=1080&y=363&ms-scale=100&ms-contrast=standard", "Peer": null, "FileTime": "1601-01-01 00:00:00 UTC", "FileSize": "18446744073709551615"}
{"Timestamp": "2020-11-21 16:00:56.673533Z", "Channel": "Microsoft-Windows-Bits-Client/Operational", "Provider": "Microsoft-Windows-Bits-Client", "Hostname": "MSEDGEWIN10", "SID": "S-1-5-18", "EventID": 3, "RecordID": 9065, "Level": "Information", "Descr": "The BITS service created a new job", "JobTitle": "Push Notification Platform Job: 1", "JobId": "AA996D3C-C3E5-4ED7-86C8-2B5C7545565F", "JobOwner": "MSEDGEWIN10\\IEUser", "ProcessPath": "C:\\Windows\\System32\\svchost.exe", "ProcessId": "4148"}
{"Timestamp": "2020-11-21 13:42:32.723139Z", "Channel": "Microsoft-Windows-Bits-Client/Operational", "Provider": "Microsoft-Windows-Bits-Client", "Hostname": "MSEDGEWIN10", "SID": "S-1-5-18", "EventID": 3, "RecordID": 9062, "Level": "Information", "Descr": "The BITS service created a new job", "JobTitle": "MicrosoftMapsBingGeoStore", "JobId": "0BEF0993-0789-49F9-BA20-64D248636561", "JobOwner": "NT AUTHORITY\\NETWORK SERVICE", "ProcessPath": "C:\\Windows\\System32\\svchost.exe", "ProcessId": "400"}
{"Timestamp": "2020-11-21 11:50:17.529988Z", "Channel": "Microsoft-Windows-Bits-Client/Operational", "Provider": "Microsoft-Windows-Bits-Client", "Hostname": "MSEDGEWIN10", "SID": "S-1-5-18", "EventID": 4, "RecordID": 9059, "Level": "Information", "Descr": "The transfer job is complete", "Username": "MSEDGEWIN10\\IEUser", "JobTitle": "Push Notification Platform Job: 1", "JobId": "6537827E-FF63-4EDC-B5EA-3B578C04928C", "JobOwner": "MSEDGEWIN10\\IEUser", "FileCount": "1"}
{"Timestamp": "2020-11-21 11:50:17.520412Z", "Channel": "Microsoft-Windows-Bits-Client/Operational", "Provider": "Microsoft-Windows-Bits-Client", "Hostname": "MSEDGEWIN10", "SID": "S-1-5-18", "EventID": 60, "RecordID": 9058, "Level": "Information", "Descr": "BITS stopped transferring the <Name> transfer job that is associated with the <URL>", "TransferId": "C811364E-7E63-46BF-8A95-E1694776456A", "Name": "Push Notification Platform Job: 1", "JobId": "6537827E-FF63-4EDC-B5EA-3B578C04928C", "URL": "https://site-cdn.onenote.net/161351840456_Images/LiveTileImages/MediumAndLarge/Image2.png", "Peer": null, "FileTime": "2020-11-18 21:29:38 UTC", "FileSize": "30038", "BytesTotal": "30038", "BytesTransferred": "30038", "BytesTransferredFromPeer": "0"}
{"Timestamp": "2020-11-21 11:50:17.148142Z", "Channel": "Microsoft-Windows-Bits-Client/Operational", "Provider": "Microsoft-Windows-Bits-Client", "Hostname": "MSEDGEWIN10", "SID": "S-1-5-18", "EventID": 59, "RecordID": 9057, "Level": "Information", "Descr": "BITS started the <Name> transfer job that is associated with the <URL>", "TransferId": "C811364E-7E63-46BF-8A95-E1694776456A", "Name": "Push Notification Platform Job: 1", "JobId": "6537827E-FF63-4EDC-B5EA-3B578C04928C", "URL": "https://site-cdn.onenote.net/161351840456_Images/LiveTileImages/MediumAndLarge/Image2.png", "Peer": null, "FileTime": "1601-01-01 00:00:00 UTC", "FileSize": "18446744073709551615"}
{"Timestamp": "2020-11-21 11:50:17.127258Z", "Channel": "Microsoft-Windows-Bits-Client/Operational", "Provider": "Microsoft-Windows-Bits-Client", "Hostname": "MSEDGEWIN10", "SID": "S-1-5-18", "EventID": 3, "RecordID": 9055, "Level": "Information", "Descr": "The BITS service created a new job", "JobTitle": "Push Notification Platform Job: 1", "JobId": "6537827E-FF63-4EDC-B5EA-3B578C04928C", "JobOwner": "MSEDGEWIN10\\IEUser", "ProcessPath": "C:\\Windows\\System32\\svchost.exe", "ProcessId": "5512"}
