{"Timestamp": "2020-10-17 22:37:52.956723Z", "Channel": "Microsoft-Windows-Bits-Client/Operational", "Provider": "Microsoft-Windows-Bits-Client", "Hostname": "MSEDGEWIN10", "SID": "S-1-5-18", "EventID": 59, "RecordID": 8234, "Level": "Information", "Descr": "BITS started the <Name> transfer job that is associated with the <URL>", "TransferId": "55FDCE8B-968D-4F58-91EB-D787216E6383", "Name": "Push Notification Platform Job: 1", "JobId": "FCECBD31-D931-4CF3-8061-291BE3D6DF18", "URL": "https://img-s-msn-com.akamaized.net/tenant/amp/entityid/BB1a7GBU.img?w=100&h=100&m=6&tilesize=medium&ms-scale=100&ms-contrast=standard", "Peer": null, "FileTime": "1601-01-01 00:00:00 UTC", "FileSize": "18446744073709551615"}
{"Timestamp": "2020-10-17 22:37:52.892161Z", "Channel": "Microsoft-Windows-Bits-Client/Operational", "Provider": "Microsoft-Windows-Bits-Client", "Hostname": "MSEDGEWIN10", "SID": "S-1-5-18", "EventID": 59, "RecordID": 8232, "Level": "Information", "Descr": "BITS started the <Name> transfer job that is associated with the <URL>", "TransferId": "291CD8A8-8FF9-4E52-A66B-88190E163D0C", "Name": "Push Notification Platform Job: 1", "JobId": "FCECBD31-D931-4CF3-8061-291BE3D6DF18", "URL": "https://img-s-msn-com.akamaized.net/tenant/amp/entityid/BB1a7GBU.img?w=100&h=100&m=6&tilesize=medium&ms-scale=100&ms-contrast=standard", "Peer": null, "FileTime": "1601-01-01 00:00:00 UTC", "FileSize": "18446744073709551615"}
{"Timestamp": "2020-10-17 22:37:52.809192Z", "Channel": "Microsoft-Windows-Bits-Client/Operational", "Provider": "Microsoft-Windows-Bits-Client", "Hostname": "MSEDGEWIN10", "SID": "S-1-5-18", "EventID": 59, "RecordID": 8230, "Level": "Information", "Descr": "BITS started the <Name> transfer job that is associated with the <URL>", "TransferId": "951AFCDB-EDAB-4D98-BB13-6C8EA6CFC337", "Name": "Push Notification Platform Job: 1", "JobId": "FCECBD31-D931-4CF3-8061-291BE3D6DF18", "URL": "https://img-s-msn-com.akamaized.net/tenant/amp/entityid/BB1a7GBU.img?w=100&h=100&m=6&tilesize=medium&ms-scale=100&ms-contrast=standard", "Peer": null, "FileTime": "1601-01-01 00:00:00 UTC", "FileSize": "18446744073709551615"}
{"Timestamp": "2020-10-17 22:37:52.788108Z", "Channel": "Microsoft-Windows-Bits-Client/Operational", "Provider": "Microsoft-Windows-Bits-Client", "Hostname": "MSEDGEWIN10", "SID": "S-1-5-18", "EventID": 3, "RecordID": 8228, "Level": "Information", "Descr": "The BITS service created a new job", "JobTitle": "Push Notification Platform Job: 1", "JobId": "FCECBD31-D931-4CF3-8061-291BE3D6DF18", "JobOwner": "MSEDGEWIN10\\IEUser", "ProcessPath": "C:\\Windows\\System32\\svchost.exe", "ProcessId": "4600"}
{"Timestamp": "2020-10-17 12:57:17.118325Z", "Channel": "Microsoft-Windows-Bits-Client/Operational", "Provider": "Microsoft-Windows-Bits-Client", "Hostname": "MSEDGEWIN10", "SID": "S-1-5-18", "EventID": 3, "RecordID": 8225, "Level": "Information", "Descr": "The BITS service created a new job", "JobTitle": "MicrosoftMapsBingGeoStore", "JobId": "2ADE9CAC-A543-41AC-84D2-808B8312364D", "JobOwner": "NT AUTHORITY\\NETWORK SERVICE", "ProcessPath": "C:\\Windows\\System32\\svchost.exe", "ProcessId": "8120"}
{"Timestamp": "2020-10-17 12:36:06.777727Z", "Channel": "Microsoft-Windows-Bits-Client/Operational", "Provider": "Microsoft-Windows-Bits-Client", "Hostname": "MSEDGEWIN10", "SID": "S-1-5-18", "EventID": 4, "RecordID": 8223, "Level": "Information", "Descr": "The transfer job is complete", "Username": "MSEDGEWIN10\\IEUser", "JobTitle": "C:\\Users\\IEUser\\AppData\\Local\\Temp\\{8B60600B-E6B4-4083-99F3-D3A4CFB95796}-86.0.4240.75_85.0.4183.121_chrome_updater.exe", "JobId": "A5842CB6-8F50-4944-8AF7-2C088B21DDC3", "JobOwner": "MSEDGEWIN10\\IEUser", "FileCount": "1"}
{"Timestamp": "2020-10-17 12:36:06.775288Z", "Channel": "Microsoft-Windows-Bits-Client/Operational", "Provider": "Microsoft-Windows-Bits-Client", "Hostname": "MSEDGEWIN10", "SID": "S-1-5-18", "EventID": 60, "RecordID": 8222, "Level": "Information", "Descr": "BITS stopped transferring the <Name> transfer job that is associated with the <URL>", "TransferId": "9EE2B7A4-77CE-4CFC-BB31-6EBCFAE55322", "Name": "C:\\Users\\IEUser\\AppData\\Local\\Temp\\{8B60600B-E6B4-4083-99F3-D3A4CFB95796}-86.0.4240.75_85.0.4183.121_chrome_updater.exe", "JobId": "A5842CB6-8F50-4944-8AF7-2C088B21DDC3", "URL": "http://r2---sn-5hne6nsr.gvt1.com/edgedl/release2/chrome/W_YanCvPLKRFNu-eN8kKOw_86.0.4240.75/86.0.4240.75_85.0.4183.121_chrome_updater.exe?cms_redirect=yes&mh=ps&mip=213.127.67.142&mm=28&mn=sn-5hne6nsr&ms=nvh&mt=1602937879&mv=m&mvi=2&pl=17&shardbypass=yes", "Peer": null, "FileTime": "2020-10-06 03:49:05 UTC", "FileSize": "25802496", "BytesTotal": "25802496", "BytesTransferred": "25802496", "BytesTransferredFromPeer": "0"}
{"Timestamp": "2020-10-17 12:33:56.553565Z", "Channel": "Microsoft-Windows-Bits-Client/Operational", "Provider": "Microsoft-Windows-Bits-Client", "Hostname": "MSEDGEWIN10", "SID": "S-1-5-18", "EventID": 4, "RecordID": 8221, "Level": "Information", "Descr": "The transfer job is complete", "Username": "MSEDGEWIN10\\IEUser", "JobTitle": "PreSignInSettingsConfigJSON", "JobId": "EBE5F231-0E5E-46D9-8BC4-9EF9DE460F5F", "JobOwner": "MSEDGEWIN10\\IEUser", "FileCount": "1"}
{"Timestamp": "2020-10-17 12:33:56.548817Z", "Channel": "Microsoft-Windows-Bits-Client/Operational", "Provider": "Microsoft-Windows-Bits-Client", "Hostname": "MSEDGEWIN10", "SID": "S-1-5-18", "EventID": 60, "RecordID": 8220, "Level": "Information", "Descr": "BITS stopped transferring the <Name> transfer job that is associated with the <URL>", "TransferId": "DDF90FCB-3C14-4E7B-8239-2EF435279EFF", "Name": "PreSignInSettingsConfigJSON", "JobId": "EBE5F231-0E5E-46D9-8BC4-9EF9DE460F5F", "URL": "https://g.live.com/odclientsettings/Prod", "Peer": null, "FileTime": "2020-10-16 18:55:16 UTC", "FileSize": "32156", "BytesTotal": "32156", "BytesTransferred": "32156", "BytesTransferredFromPeer": "0"}
{"Timestamp": "2020-10-17 12:33:56.406072Z", "Channel": "Microsoft-Windows-Bits-Client/Operational", "Provider": "Microsoft-Windows-Bits-Client", "Hostname": "MSEDGEWIN10", "SID": "S-1-5-18", "EventID": 59, "RecordID": 8219, "Level": "Information", "Descr": "BITS started the <Name> transfer job that is associated with the <URL>", "TransferId": "DDF90FCB-3C14-4E7B-8239-2EF435279EFF", "Name": "PreSignInSettingsConfigJSON", "JobId": "EBE5F231-0E5E-46D9-8BC4-9EF9DE460F5F", "URL": "https://g.live.com/odclientsettings/Prod", "Peer": null, "FileTime": "2020-10-16 18:55:16 UTC", "FileSize": "32156"}
{"Timestamp": "2020-10-17 12:33:56.103288Z", "Channel": "Microsoft-Windows-Bits-Client/Operational", "Provider": "Microsoft-Windows-Bits-Client", "Hostname": "MSEDGEWIN10", "SID": "S-1-5-18", "EventID": 3, "RecordID": 8218, "Level": "Information", "Descr": "The BITS service created a new job", "JobTitle": "PreSignInSettingsConfigJSON", "JobId": "EBE5F231-0E5E-46D9-8BC4-9EF9DE460F5F", "JobOwner": "MSEDGEWIN10\\IEUser", "ProcessPath": "C:\\Users\\IEUser\\AppData\\Local\\Microsoft\\OneDrive\\StandaloneUpdater\\OneDriveSetup.exe", "ProcessId": "4624"}
{"Timestamp": "2020-10-17 12:33:54.066999Z", "Channel": "Microsoft-Windows-Bits-Client/Operational", "Provider": "Microsoft-Windows-Bits-Client", "Hostname": "MSEDGEWIN10", "SID": "S-1-5-18", "EventID": 4, "RecordID": 8217, "Level": "Information", "Descr": "The transfer job is complete", "Username": "MSEDGEWIN10\\IEUser", "JobTitle": "SetupBinary", "JobId": "44DEEFE1-EA3B-4A93-A17E-ACE1B1340028", "JobOwner": "MSEDGEWIN10\\IEUser", "FileCount": "1"}
{"Timestamp": "2020-10-17 12:33:54.063169Z", "Channel": "Microsoft-Windows-Bits-Client/Operational", "Provider": "Microsoft-Windows-Bits-Client", "Hostname": "MSEDGEWIN10", "SID": "S-1-5-18", "EventID": 60, "RecordID": 8216, "Level": "Information", "Descr": "BITS stopped transferring the <Name> transfer job that is associated with the <URL>", "TransferId": "4DF41A1C-F43B-4D1E-BF6D-B8096A565BDC", "Name": "SetupBinary", "JobId": "44DEEFE1-EA3B-4A93-A17E-ACE1B1340028", "URL": "https://oneclient.sfx.ms/Win/Prod/20.169.0823.0006/OneDriveSetup.exe", "Peer": null, "FileTime": "2020-10-14 23:51:34 UTC", "FileSize": "37995384", "BytesTotal": "37995384", "BytesTransferred": "37995384", "BytesTransferredFromPeer": "0"}
{"Timestamp": "2020-10-17 12:32:11.574475Z", "Channel": "Microsoft-Windows-Bits-Client/Operational", "Provider": "Microsoft-Windows-Bits-Client", "Hostname": "MSEDGEWIN10", "SID": "S-1-5-18", "EventID": 59, "RecordID": 8215, "Level": "Information", "Descr": "BITS started the <Name> transfer job that is associated with the <URL>", "TransferId": "4DF41A1C-F43B-4D1E-BF6D-B8096A565BDC", "Name": "SetupBinary", "JobId": "44DEEFE1-EA3B-4A93-A17E-ACE1B1340028", "URL": "https://oneclient.sfx.ms/Win/Prod/20.169.0823.0006/OneDriveSetup.exe", "Peer": null, "FileTime": "2020-10-14 23:51:34 UTC", "FileSize": "37995384"}
{"Timestamp": "2020-10-17 12:32:11.429673Z", "Channel": "Microsoft-Windows-Bits-Client/Operational", "Provider": "Microsoft-Windows-Bits-Client", "Hostname": "MSEDGEWIN10", "SID": "S-1-5-18", "EventID": 3, "RecordID": 8214, "Level": "Information", "Descr": "The BITS service created a new job", "JobTitle": "SetupBinary", "JobId": "44DEEFE1-EA3B-4A93-A17E-ACE1B1340028", "JobOwner": "MSEDGEWIN10\\IEUser", "ProcessPath": "C:\\Users\\IEUser\\AppData\\Local\\Microsoft\\OneDrive\\OneDriveStandaloneUpdater.exe", "ProcessId": "7880"}
{"Timestamp": "2020-10-17 12:32:11.408737Z", "Channel": "Microsoft-Windows-Bits-Client/Operational", "Provider": "Microsoft-Windows-Bits-Client", "Hostname": "MSEDGEWIN10", "SID": "S-1-5-18", "EventID": 4, "RecordID": 8213, "Level": "Information", "Descr": "The transfer job is complete", "Username": "MSEDGEWIN10\\IEUser", "JobTitle": "UpdateDescriptionXml", "JobId": "283757E0-0A70-42D2-A47A-967F0EC4A2E7", "JobOwner": "MSEDGEWIN10\\IEUser", "FileCount": "1"}
{"Timestamp": "2020-10-17 12:32:11.404948Z", "Channel": "Microsoft-Windows-Bits-Client/Operational", "Provider": "Microsoft-Windows-Bits-Client", "Hostname": "MSEDGEWIN10", "SID": "S-1-5-18", "EventID": 60, "RecordID": 8212, "Level": "Information", "Descr": "BITS stopped transferring the <Name> transfer job that is associated with the <URL>", "TransferId": "4241E72C-807F-4726-BA09-2B36091059F3", "Name": "UpdateDescriptionXml", "JobId": "283757E0-0A70-42D2-A47A-967F0EC4A2E7", "URL": "https://g.live.com/1rewlive5skydrive/ODSUProduction", "Peer": null, "FileTime": "2020-10-12 23:44:26 UTC", "FileSize": "526", "BytesTotal": "526", "BytesTransferred": "526", "BytesTransferredFromPeer": "0"}
{"Timestamp": "2020-10-17 12:32:11.318087Z", "Channel": "Microsoft-Windows-Bits-Client/Operational", "Provider": "Microsoft-Windows-Bits-Client", "Hostname": "MSEDGEWIN10", "SID": "S-1-5-18", "EventID": 59, "RecordID": 8211, "Level": "Information", "Descr": "BITS started the <Name> transfer job that is associated with the <URL>", "TransferId": "4241E72C-807F-4726-BA09-2B36091059F3", "Name": "UpdateDescriptionXml", "JobId": "283757E0-0A70-42D2-A47A-967F0EC4A2E7", "URL": "https://g.live.com/1rewlive5skydrive/ODSUProduction", "Peer": null, "FileTime": "2020-10-12 23:44:26 UTC", "FileSize": "526"}
{"Timestamp": "2020-10-17 12:32:11.250860Z", "Channel": "Microsoft-Windows-Bits-Client/Operational", "Provider": "Microsoft-Windows-Bits-Client", "Hostname": "MSEDGEWIN10", "SID": "S-1-5-18", "EventID": 3, "RecordID": 8210, "Level": "Information", "Descr": "The BITS service created a new job", "JobTitle": "UpdateDescriptionXml", "JobId": "283757E0-0A70-42D2-A47A-967F0EC4A2E7", "JobOwner": "MSEDGEWIN10\\IEUser", "ProcessPath": "C:\\Users\\IEUser\\AppData\\Local\\Microsoft\\OneDrive\\OneDriveStandaloneUpdater.exe", "ProcessId": "7880"}
{"Timestamp": "2020-10-17 12:32:11.170290Z", "Channel": "Microsoft-Windows-Bits-Client/Operational", "Provider": "Microsoft-Windows-Bits-Client", "Hostname": "MSEDGEWIN10", "SID": "S-1-5-18", "EventID": 4, "RecordID": 8209, "Level": "Information", "Descr": "The transfer job is complete", "Username": "MSEDGEWIN10\\IEUser", "JobTitle": "PreSignInSettingsConfigJSON", "JobId": "01AABAD6-604F-4F50-ACE1-39CA301BCD9F", "JobOwner": "MSEDGEWIN10\\IEUser", "FileCount": "1"}
{"Timestamp": "2020-10-17 12:32:11.165897Z", "Channel": "Microsoft-Windows-Bits-Client/Operational", "Provider": "Microsoft-Windows-Bits-Client", "Hostname": "MSEDGEWIN10", "SID": "S-1-5-18", "EventID": 60, "RecordID": 8208, "Level": "Information", "Descr": "BITS stopped transferring the <Name> transfer job that is associated with the <URL>", "TransferId": "77D3B2AA-3103-42BD-9511-5F4A9ADD11B4", "Name": "PreSignInSettingsConfigJSON", "JobId": "01AABAD6-604F-4F50-ACE1-39CA301BCD9F", "URL": "https://g.live.com/odclientsettings/Prod", "Peer": null, "FileTime": "2020-10-16 18:55:16 UTC", "FileSize": "32156", "BytesTotal": "32156", "BytesTransferred": "32156", "BytesTransferredFromPeer": "0"}
{"Timestamp": "2020-10-17 12:32:11.026049Z", "Channel": "Microsoft-Windows-Bits-Client/Operational", "Provider": "Microsoft-Windows-Bits-Client", "Hostname": "MSEDGEWIN10", "SID": "S-1-5-18", "EventID": 59, "RecordID": 8207, "Level": "Information", "Descr": "BITS started the <Name> transfer job that is associated with the <URL>", "TransferId": "77D3B2AA-3103-42BD-9511-5F4A9ADD11B4", "Name": "PreSignInSettingsConfigJSON", "JobId": "01AABAD6-604F-4F50-ACE1-39CA301BCD9F", "URL": "https://g.live.com/odclientsettings/Prod", "Peer": null, "FileTime": "2020-10-16 18:55:16 UTC", "FileSize": "32156"}
{"Timestamp": "2020-10-17 12:32:08.987914Z", "Channel": "Microsoft-Windows-Bits-Client/Operational", "Provider": "Microsoft-Windows-Bits-Client", "Hostname": "MSEDGEWIN10", "SID": "S-1-5-18", "EventID": 59, "RecordID": 8206, "Level": "Information", "Descr": "BITS started the <Name> transfer job that is associated with the <URL>", "TransferId": "9EE2B7A4-77CE-4CFC-BB31-6EBCFAE55322", "Name": "C:\\Users\\IEUser\\AppData\\Local\\Temp\\{8B60600B-E6B4-4083-99F3-D3A4CFB95796}-86.0.4240.75_85.0.4183.121_chrome_updater.exe", "JobId": "A5842CB6-8F50-4944-8AF7-2C088B21DDC3", "URL": "http://r2---sn-5hne6nsr.gvt1.com/edgedl/release2/chrome/W_YanCvPLKRFNu-eN8kKOw_86.0.4240.75/86.0.4240.75_85.0.4183.121_chrome_updater.exe?cms_redirect=yes&mh=ps&mip=213.127.67.142&mm=28&mn=sn-5hne6nsr&ms=nvh&mt=1602937879&mv=m&mvi=2&pl=17&shardbypass=yes", "Peer": null, "FileTime": "2020-10-06 03:49:05 UTC", "FileSize": "25802496"}
{"Timestamp": "2020-10-17 12:32:08.808992Z", "Channel": "Microsoft-Windows-Bits-Client/Operational", "Provider": "Microsoft-Windows-Bits-Client", "Hostname": "MSEDGEWIN10", "SID": "S-1-5-18", "EventID": 3, "RecordID": 8204, "Level": "Information", "Descr": "The BITS service created a new job", "JobTitle": "C:\\Users\\IEUser\\AppData\\Local\\Temp\\{8B60600B-E6B4-4083-99F3-D3A4CFB95796}-86.0.4240.75_85.0.4183.121_chrome_updater.exe", "JobId": "A5842CB6-8F50-4944-8AF7-2C088B21DDC3", "JobOwner": "MSEDGEWIN10\\IEUser", "ProcessPath": "C:\\Program Files (x86)\\Google\\Update\\GoogleUpdate.exe", "ProcessId": "3076"}
{"Timestamp": "2020-10-17 11:50:15.799442Z", "Channel": "Microsoft-Windows-Bits-Client/Operational", "Provider": "Microsoft-Windows-Bits-Client", "Hostname": "MSEDGEWIN10", "SID": "S-1-5-18", "EventID": 4, "RecordID": 8201, "Level": "Information", "Descr": "The transfer job is complete", "Username": "MSEDGEWIN10\\IEUser", "JobTitle": "C:\\Users\\IEUser\\AppData\\Local\\Temp\\{ACA8FE61-4C38-4216-A89C-9F88343DF21F}-GoogleUpdateSetup.exe", "JobId": "400B6CF7-D355-4E0C-B9AE-4E8D8C8FF6A0", "JobOwner": "MSEDGEWIN10\\IEUser", "FileCount": "1"}
{"Timestamp": "2020-10-17 11:50:15.796214Z", "Channel": "Microsoft-Windows-Bits-Client/Operational", "Provider": "Microsoft-Windows-Bits-Client", "Hostname": "MSEDGEWIN10", "SID": "S-1-5-18", "EventID": 60, "RecordID": 8200, "Level": "Information", "Descr": "BITS stopped transferring the <Name> transfer job that is associated with the <URL>", "TransferId": "3A7966F4-C627-4D9A-9BE6-0647DD61DB3A", "Name": "C:\\Users\\IEUser\\AppData\\Local\\Temp\\{ACA8FE61-4C38-4216-A89C-9F88343DF21F}-GoogleUpdateSetup.exe", "JobId": "400B6CF7-D355-4E0C-B9AE-4E8D8C8FF6A0", "URL": "http://r3---sn-5hnedn7z.gvt1.com/edgedl/release2/update2/HvaldRNSrX7_feOQD9wvGQ_1.3.36.32/GoogleUpdateSetup.exe?cms_redirect=yes&mh=Aq&mip=213.127.67.142&mm=28&mn=sn-5hnedn7z&ms=nvh&mt=1602935359&mv=m&mvi=3&pl=17&shardbypass=yes", "Peer": null, "FileTime": "2020-10-01 02:19:35 UTC", "FileSize": "1317080", "BytesTotal": "1317080", "BytesTransferred": "1317080", "BytesTransferredFromPeer": "0"}
{"Timestamp": "2020-10-17 11:50:02.661365Z", "Channel": "Microsoft-Windows-Bits-Client/Operational", "Provider": "Microsoft-Windows-Bits-Client", "Hostname": "MSEDGEWIN10", "SID": "S-1-5-18", "EventID": 59, "RecordID": 8199, "Level": "Information", "Descr": "BITS started the <Name> transfer job that is associated with the <URL>", "TransferId": "3A7966F4-C627-4D9A-9BE6-0647DD61DB3A", "Name": "C:\\Users\\IEUser\\AppData\\Local\\Temp\\{ACA8FE61-4C38-4216-A89C-9F88343DF21F}-GoogleUpdateSetup.exe", "JobId": "400B6CF7-D355-4E0C-B9AE-4E8D8C8FF6A0", "URL": "http://r3---sn-5hnedn7z.gvt1.com/edgedl/release2/update2/HvaldRNSrX7_feOQD9wvGQ_1.3.36.32/GoogleUpdateSetup.exe?cms_redirect=yes&mh=Aq&mip=213.127.67.142&mm=28&mn=sn-5hnedn7z&ms=nvh&mt=1602935359&mv=m&mvi=3&pl=17&shardbypass=yes", "Peer": null, "FileTime": "2020-10-01 02:19:35 UTC", "FileSize": "1317080"}
{"Timestamp": "2020-10-17 11:50:02.510734Z", "Channel": "Microsoft-Windows-Bits-Client/Operational", "Provider": "Microsoft-Windows-Bits-Client", "Hostname": "MSEDGEWIN10", "SID": "S-1-5-18", "EventID": 3, "RecordID": 8197, "Level": "Information", "Descr": "The BITS service created a new job", "JobTitle": "C:\\Users\\IEUser\\AppData\\Local\\Temp\\{ACA8FE61-4C38-4216-A89C-9F88343DF21F}-GoogleUpdateSetup.exe", "JobId": "400B6CF7-D355-4E0C-B9AE-4E8D8C8FF6A0", "JobOwner": "MSEDGEWIN10\\IEUser", "ProcessPath": "C:\\Program Files (x86)\\Google\\Update\\GoogleUpdate.exe", "ProcessId": "5560"}
{"Timestamp": "2020-10-17 11:38:58.796874Z", "Channel": "Microsoft-Windows-Bits-Client/Operational", "Provider": "Microsoft-Windows-Bits-Client", "Hostname": "MSEDGEWIN10", "SID": "S-1-5-18", "EventID": 4, "RecordID": 8195, "Level": "Information", "Descr": "The transfer job is complete", "Username": "NT AUTHORITY\\LOCAL SERVICE", "JobTitle": "Font Download", "JobId": "316D5A72-C392-42AC-820F-8F390D3371E5", "JobOwner": "NT AUTHORITY\\LOCAL SERVICE", "FileCount": "1"}
{"Timestamp": "2020-10-17 11:38:58.778035Z", "Channel": "Microsoft-Windows-Bits-Client/Operational", "Provider": "Microsoft-Windows-Bits-Client", "Hostname": "MSEDGEWIN10", "SID": "S-1-5-18", "EventID": 60, "RecordID": 8194, "Level": "Information", "Descr": "BITS stopped transferring the <Name> transfer job that is associated with the <URL>", "TransferId": "B78F5411-669A-4B66-98B4-97BB0F7C5BAD", "Name": "Font Download", "JobId": "316D5A72-C392-42AC-820F-8F390D3371E5", "URL": "https://fs.microsoft.com/fs/windows/config.json", "Peer": null, "FileTime": "2017-04-20 16:10:39 UTC", "FileSize": "55", "BytesTotal": "55", "BytesTransferred": "55", "BytesTransferredFromPeer": "0"}
{"Timestamp": "2020-10-17 11:38:58.613451Z", "Channel": "Microsoft-Windows-Bits-Client/Operational", "Provider": "Microsoft-Windows-Bits-Client", "Hostname": "MSEDGEWIN10", "SID": "S-1-5-18", "EventID": 59, "RecordID": 8193, "Level": "Information", "Descr": "BITS started the <Name> transfer job that is associated with the <URL>", "TransferId": "B78F5411-669A-4B66-98B4-97BB0F7C5BAD", "Name": "Font Download", "JobId": "316D5A72-C392-42AC-820F-8F390D3371E5", "URL": "https://fs.microsoft.com/fs/windows/config.json", "Peer": null, "FileTime": "2017-04-20 16:10:39 UTC", "FileSize": "55"}
{"Timestamp": "2020-10-17 11:24:45.264528Z", "Channel": "Microsoft-Windows-Bits-Client/Operational", "Provider": "Microsoft-Windows-Bits-Client", "Hostname": "MSEDGEWIN10", "SID": "S-1-5-21-3461203602-4096304019-2269080069-1000", "EventID": 5, "RecordID": 8177, "Level": "Information", "Descr": "Job cancelled", "Username": "MSEDGEWIN10\\IEUser", "JobTitle": "UpdateDescriptionXml", "JobId": "2CE08503-0F40-4A28-9FD3-A113F8E9ADE1", "JobOwner": "MSEDGEWIN10\\IEUser", "FileCount": "1"}
{"Timestamp": "2020-10-17 11:21:52.490549Z", "Channel": "Microsoft-Windows-Bits-Client/Operational", "Provider": "Microsoft-Windows-Bits-Client", "Hostname": "MSEDGEWIN10", "SID": "S-1-5-18", "EventID": 3, "RecordID": 8160, "Level": "Information", "Descr": "The BITS service created a new job", "JobTitle": "UpdateDescriptionXml", "JobId": "2CE08503-0F40-4A28-9FD3-A113F8E9ADE1", "JobOwner": "MSEDGEWIN10\\IEUser", "ProcessPath": "C:\\Users\\IEUser\\AppData\\Local\\Microsoft\\OneDrive\\OneDriveStandaloneUpdater.exe", "ProcessId": "880"}
{"Timestamp": "2020-10-20 21:19:11.529931Z", "Channel": "Microsoft-Windows-Bits-Client/Operational", "Provider": "Microsoft-Windows-Bits-Client", "Hostname": "MSEDGEWIN10", "SID": "S-1-5-18", "EventID": 5, "RecordID": 8338, "Level": "Information", "Descr": "Job cancelled", "Username": "NT AUTHORITY\\SYSTEM", "JobTitle": "C:\\Users\\IEUser\\AppData\\Local\\{45E718DA-A5D3-4A57-B9EC-5B85347E3A91}", "JobId": "23F2F737-0F3C-4BB0-BF33-967C90396965", "JobOwner": "NT AUTHORITY\\SYSTEM", "FileCount": "1"}
{"Timestamp": "2020-10-20 21:19:11.448316Z", "Channel": "Microsoft-Windows-Bits-Client/Operational", "Provider": "Microsoft-Windows-Bits-Client", "Hostname": "MSEDGEWIN10", "SID": "S-1-5-18", "EventID": 3, "RecordID": 8336, "Level": "Information", "Descr": "The BITS service created a new job", "JobTitle": "C:\\Users\\IEUser\\AppData\\Local\\{45E718DA-A5D3-4A57-B9EC-5B85347E3A91}", "JobId": "23F2F737-0F3C-4BB0-BF33-967C90396965", "JobOwner": "NT AUTHORITY\\SYSTEM", "ProcessPath": "C:\\Program Files (x86)\\Google\\Update\\GoogleUpdate.exe", "ProcessId": "8"}
{"Timestamp": "2020-10-19 16:07:23.819313Z", "Channel": "Microsoft-Windows-Bits-Client/Operational", "Provider": "Microsoft-Windows-Bits-Client", "Hostname": "MSEDGEWIN10", "SID": "S-1-5-21-3461203602-4096304019-2269080069-1000", "EventID": 5, "RecordID": 8334, "Level": "Information", "Descr": "Job cancelled", "Username": "MSEDGEWIN10\\IEUser", "JobTitle": "UpdateDescriptionXml", "JobId": "5A5F3D43-FE6E-4A7E-9A0E-97346A8C4466", "JobOwner": "MSEDGEWIN10\\IEUser", "FileCount": "1"}
{"Timestamp": "2020-10-19 16:04:23.653225Z", "Channel": "Microsoft-Windows-Bits-Client/Operational", "Provider": "Microsoft-Windows-Bits-Client", "Hostname": "MSEDGEWIN10", "SID": "S-1-5-18", "EventID": 3, "RecordID": 8317, "Level": "Information", "Descr": "The BITS service created a new job", "JobTitle": "UpdateDescriptionXml", "JobId": "5A5F3D43-FE6E-4A7E-9A0E-97346A8C4466", "JobOwner": "MSEDGEWIN10\\IEUser", "ProcessPath": "C:\\Users\\IEUser\\AppData\\Local\\Microsoft\\OneDrive\\OneDriveStandaloneUpdater.exe", "ProcessId": "5720"}
{"Timestamp": "2020-10-19 16:03:33.477957Z", "Channel": "Microsoft-Windows-Bits-Client/Operational", "Provider": "Microsoft-Windows-Bits-Client", "Hostname": "MSEDGEWIN10", "SID": "S-1-5-21-3461203602-4096304019-2269080069-1000", "EventID": 5, "RecordID": 8316, "Level": "Information", "Descr": "Job cancelled", "Username": "MSEDGEWIN10\\IEUser", "JobTitle": "PreSignInSettingsConfigJSON", "JobId": "F80A4A74-2251-40CD-A6AF-ABF3AB775C0A", "JobOwner": "MSEDGEWIN10\\IEUser", "FileCount": "1"}
{"Timestamp": "2020-10-19 16:00:39.027835Z", "Channel": "Microsoft-Windows-Bits-Client/Operational", "Provider": "Microsoft-Windows-Bits-Client", "Hostname": "MSEDGEWIN10", "SID": "S-1-5-18", "EventID": 3, "RecordID": 8299, "Level": "Information", "Descr": "The BITS service created a new job", "JobTitle": "MicrosoftMapsBingGeoStore", "JobId": "7DE573FB-DB8A-4584-8122-7306A00266C8", "JobOwner": "NT AUTHORITY\\NETWORK SERVICE", "ProcessPath": "C:\\Windows\\System32\\svchost.exe", "ProcessId": "6788"}
{"Timestamp": "2020-10-19 16:00:33.217899Z", "Channel": "Microsoft-Windows-Bits-Client/Operational", "Provider": "Microsoft-Windows-Bits-Client", "Hostname": "MSEDGEWIN10", "SID": "S-1-5-18", "EventID": 3, "RecordID": 8297, "Level": "Information", "Descr": "The BITS service created a new job", "JobTitle": "PreSignInSettingsConfigJSON", "JobId": "F80A4A74-2251-40CD-A6AF-ABF3AB775C0A", "JobOwner": "MSEDGEWIN10\\IEUser", "ProcessPath": "C:\\Users\\IEUser\\AppData\\Local\\Microsoft\\OneDrive\\OneDriveStandaloneUpdater.exe", "ProcessId": "5720"}
{"Timestamp": "2020-10-19 15:55:52.528110Z", "Channel": "Microsoft-Windows-Bits-Client/Operational", "Provider": "Microsoft-Windows-Bits-Client", "Hostname": "MSEDGEWIN10", "SID": "S-1-5-18", "EventID": 5, "RecordID": 8295, "Level": "Information", "Descr": "Job cancelled", "Username": "NT AUTHORITY\\SYSTEM", "JobTitle": "C:\\Program Files (x86)\\Google\\Update\\1.3.36.32\\Recovery\\GUR552B.tmp\\GoogleUpdateSetup.crx3", "JobId": "BB1C8903-3503-45D1-98F6-78BA71CA14D7", "JobOwner": "NT AUTHORITY\\SYSTEM", "FileCount": "0"}
{"Timestamp": "2020-10-19 15:55:52.527054Z", "Channel": "Microsoft-Windows-Bits-Client/Operational", "Provider": "Microsoft-Windows-Bits-Client", "Hostname": "MSEDGEWIN10", "SID": "S-1-5-18", "EventID": 3, "RecordID": 8294, "Level": "Information", "Descr": "The BITS service created a new job", "JobTitle": "C:\\Program Files (x86)\\Google\\Update\\1.3.36.32\\Recovery\\GUR552B.tmp\\GoogleUpdateSetup.crx3", "JobId": "BB1C8903-3503-45D1-98F6-78BA71CA14D7", "JobOwner": "NT AUTHORITY\\SYSTEM", "ProcessPath": "C:\\Program Files (x86)\\Google\\Update\\GoogleUpdate.exe", "ProcessId": "7056"}
{"Timestamp": "2020-10-19 15:55:52.522785Z", "Channel": "Microsoft-Windows-Bits-Client/Operational", "Provider": "Microsoft-Windows-Bits-Client", "Hostname": "MSEDGEWIN10", "SID": "S-1-5-18", "EventID": 5, "RecordID": 8293, "Level": "Information", "Descr": "Job cancelled", "Username": "NT AUTHORITY\\SYSTEM", "JobTitle": "C:\\Program Files (x86)\\Google\\Update\\1.3.36.32\\Recovery\\GUR552B.tmp\\GoogleUpdateSetup.crx3", "JobId": "11A54814-F3FB-405F-B371-075F91A27BFB", "JobOwner": "NT AUTHORITY\\SYSTEM", "FileCount": "0"}
{"Timestamp": "2020-10-19 15:55:52.520715Z", "Channel": "Microsoft-Windows-Bits-Client/Operational", "Provider": "Microsoft-Windows-Bits-Client", "Hostname": "MSEDGEWIN10", "SID": "S-1-5-18", "EventID": 3, "RecordID": 8292, "Level": "Information", "Descr": "The BITS service created a new job", "JobTitle": "C:\\Program Files (x86)\\Google\\Update\\1.3.36.32\\Recovery\\GUR552B.tmp\\GoogleUpdateSetup.crx3", "JobId": "11A54814-F3FB-405F-B371-075F91A27BFB", "JobOwner": "NT AUTHORITY\\SYSTEM", "ProcessPath": "C:\\Program Files (x86)\\Google\\Update\\GoogleUpdate.exe", "ProcessId": "7056"}
{"Timestamp": "2020-10-19 15:55:52.514615Z", "Channel": "Microsoft-Windows-Bits-Client/Operational", "Provider": "Microsoft-Windows-Bits-Client", "Hostname": "MSEDGEWIN10", "SID": "S-1-5-18", "EventID": 5, "RecordID": 8291, "Level": "Information", "Descr": "Job cancelled", "Username": "NT AUTHORITY\\SYSTEM", "JobTitle": "C:\\Users\\IEUser\\AppData\\Local\\{140255A4-8662-4A12-942B-502E086C330F}", "JobId": "278493E6-83C5-42BE-90E3-47A33C8F4EC1", "JobOwner": "NT AUTHORITY\\SYSTEM", "FileCount": "1"}
{"Timestamp": "2020-10-19 15:55:52.505631Z", "Channel": "Microsoft-Windows-Bits-Client/Operational", "Provider": "Microsoft-Windows-Bits-Client", "Hostname": "MSEDGEWIN10", "SID": "S-1-5-18", "EventID": 3, "RecordID": 8289, "Level": "Information", "Descr": "The BITS service created a new job", "JobTitle": "C:\\Users\\IEUser\\AppData\\Local\\{140255A4-8662-4A12-942B-502E086C330F}", "JobId": "278493E6-83C5-42BE-90E3-47A33C8F4EC1", "JobOwner": "NT AUTHORITY\\SYSTEM", "ProcessPath": "C:\\Program Files (x86)\\Google\\Update\\GoogleUpdate.exe", "ProcessId": "7056"}
{"Timestamp": "2020-10-19 15:55:52.499287Z", "Channel": "Microsoft-Windows-Bits-Client/Operational", "Provider": "Microsoft-Windows-Bits-Client", "Hostname": "MSEDGEWIN10", "SID": "S-1-5-18", "EventID": 5, "RecordID": 8288, "Level": "Information", "Descr": "Job cancelled", "Username": "NT AUTHORITY\\SYSTEM", "JobTitle": "C:\\Users\\IEUser\\AppData\\Local\\{140255A4-8662-4A12-942B-502E086C330F}", "JobId": "C714B267-4AC6-42F2-83C9-9BC29A336B4E", "JobOwner": "NT AUTHORITY\\SYSTEM", "FileCount": "1"}
{"Timestamp": "2020-10-19 15:55:52.479185Z", "Channel": "Microsoft-Windows-Bits-Client/Operational", "Provider": "Microsoft-Windows-Bits-Client", "Hostname": "MSEDGEWIN10", "SID": "S-1-5-18", "EventID": 5, "RecordID": 8286, "Level": "Information", "Descr": "Job cancelled", "Username": "NT AUTHORITY\\SYSTEM", "JobTitle": "C:\\Program Files (x86)\\Google\\Update\\1.3.36.32\\Recovery\\GUR55B7.tmp\\GoogleUpdateSetup.crx3", "JobId": "54EA7EED-6409-44DD-821B-D3C7B4C8EEEE", "JobOwner": "NT AUTHORITY\\SYSTEM", "FileCount": "1"}
{"Timestamp": "2020-10-19 15:55:52.467419Z", "Channel": "Microsoft-Windows-Bits-Client/Operational", "Provider": "Microsoft-Windows-Bits-Client", "Hostname": "MSEDGEWIN10", "SID": "S-1-5-18", "EventID": 3, "RecordID": 8284, "Level": "Information", "Descr": "The BITS service created a new job", "JobTitle": "C:\\Program Files (x86)\\Google\\Update\\1.3.36.32\\Recovery\\GUR55B7.tmp\\GoogleUpdateSetup.crx3", "JobId": "54EA7EED-6409-44DD-821B-D3C7B4C8EEEE", "JobOwner": "NT AUTHORITY\\SYSTEM", "ProcessPath": "C:\\Program Files (x86)\\Google\\Update\\GoogleUpdate.exe", "ProcessId": "6912"}
{"Timestamp": "2020-10-19 15:55:52.333244Z", "Channel": "Microsoft-Windows-Bits-Client/Operational", "Provider": "Microsoft-Windows-Bits-Client", "Hostname": "MSEDGEWIN10", "SID": "S-1-5-18", "EventID": 5, "RecordID": 8283, "Level": "Information", "Descr": "Job cancelled", "Username": "NT AUTHORITY\\SYSTEM", "JobTitle": "C:\\Program Files (x86)\\Google\\Update\\1.3.36.32\\Recovery\\GUR55B7.tmp\\GoogleUpdateSetup.crx3", "JobId": "DE79D9C4-7655-4761-8722-910C2FB3B7A9", "JobOwner": "NT AUTHORITY\\SYSTEM", "FileCount": "1"}
{"Timestamp": "2020-10-19 15:55:52.322857Z", "Channel": "Microsoft-Windows-Bits-Client/Operational", "Provider": "Microsoft-Windows-Bits-Client", "Hostname": "MSEDGEWIN10", "SID": "S-1-5-18", "EventID": 3, "RecordID": 8282, "Level": "Information", "Descr": "The BITS service created a new job", "JobTitle": "C:\\Users\\IEUser\\AppData\\Local\\{140255A4-8662-4A12-942B-502E086C330F}", "JobId": "C714B267-4AC6-42F2-83C9-9BC29A336B4E", "JobOwner": "NT AUTHORITY\\SYSTEM", "ProcessPath": "C:\\Program Files (x86)\\Google\\Update\\GoogleUpdate.exe", "ProcessId": "7056"}
{"Timestamp": "2020-10-19 15:55:52.294793Z", "Channel": "Microsoft-Windows-Bits-Client/Operational", "Provider": "Microsoft-Windows-Bits-Client", "Hostname": "MSEDGEWIN10", "SID": "S-1-5-18", "EventID": 3, "RecordID": 8280, "Level": "Information", "Descr": "The BITS service created a new job", "JobTitle": "C:\\Program Files (x86)\\Google\\Update\\1.3.36.32\\Recovery\\GUR55B7.tmp\\GoogleUpdateSetup.crx3", "JobId": "DE79D9C4-7655-4761-8722-910C2FB3B7A9", "JobOwner": "NT AUTHORITY\\SYSTEM", "ProcessPath": "C:\\Program Files (x86)\\Google\\Update\\GoogleUpdate.exe", "ProcessId": "6912"}
{"Timestamp": "2020-10-19 15:55:52.284427Z", "Channel": "Microsoft-Windows-Bits-Client/Operational", "Provider": "Microsoft-Windows-Bits-Client", "Hostname": "MSEDGEWIN10", "SID": "S-1-5-18", "EventID": 5, "RecordID": 8279, "Level": "Information", "Descr": "Job cancelled", "Username": "NT AUTHORITY\\SYSTEM", "JobTitle": "C:\\Users\\IEUser\\AppData\\Local\\{F27D5C42-6A78-4202-8D74-F5376FBE0CF6}", "JobId": "0D877289-445A-4F6D-8D7B-17635859F25B", "JobOwner": "NT AUTHORITY\\SYSTEM", "FileCount": "1"}
{"Timestamp": "2020-10-19 15:55:52.273268Z", "Channel": "Microsoft-Windows-Bits-Client/Operational", "Provider": "Microsoft-Windows-Bits-Client", "Hostname": "MSEDGEWIN10", "SID": "S-1-5-18", "EventID": 3, "RecordID": 8277, "Level": "Information", "Descr": "The BITS service created a new job", "JobTitle": "C:\\Users\\IEUser\\AppData\\Local\\{F27D5C42-6A78-4202-8D74-F5376FBE0CF6}", "JobId": "0D877289-445A-4F6D-8D7B-17635859F25B", "JobOwner": "NT AUTHORITY\\SYSTEM", "ProcessPath": "C:\\Program Files (x86)\\Google\\Update\\GoogleUpdate.exe", "ProcessId": "6912"}
{"Timestamp": "2020-10-19 15:55:52.264926Z", "Channel": "Microsoft-Windows-Bits-Client/Operational", "Provider": "Microsoft-Windows-Bits-Client", "Hostname": "MSEDGEWIN10", "SID": "S-1-5-18", "EventID": 5, "RecordID": 8276, "Level": "Information", "Descr": "Job cancelled", "Username": "NT AUTHORITY\\SYSTEM", "JobTitle": "C:\\Users\\IEUser\\AppData\\Local\\{F27D5C42-6A78-4202-8D74-F5376FBE0CF6}", "JobId": "191D134F-85DE-4A38-8F43-C3E4F01E3B67", "JobOwner": "NT AUTHORITY\\SYSTEM", "FileCount": "1"}
{"Timestamp": "2020-10-19 15:55:52.246947Z", "Channel": "Microsoft-Windows-Bits-Client/Operational", "Provider": "Microsoft-Windows-Bits-Client", "Hostname": "MSEDGEWIN10", "SID": "S-1-5-18", "EventID": 3, "RecordID": 8274, "Level": "Information", "Descr": "The BITS service created a new job", "JobTitle": "C:\\Users\\IEUser\\AppData\\Local\\{F27D5C42-6A78-4202-8D74-F5376FBE0CF6}", "JobId": "191D134F-85DE-4A38-8F43-C3E4F01E3B67", "JobOwner": "NT AUTHORITY\\SYSTEM", "ProcessPath": "C:\\Program Files (x86)\\Google\\Update\\GoogleUpdate.exe", "ProcessId": "6912"}
{"Timestamp": "2020-10-17 22:37:53.952009Z", "Channel": "Microsoft-Windows-Bits-Client/Operational", "Provider": "Microsoft-Windows-Bits-Client", "Hostname": "MSEDGEWIN10", "SID": "S-1-5-21-3461203602-4096304019-2269080069-1000", "EventID": 5, "RecordID": 8271, "Level": "Information", "Descr": "Job cancelled", "Username": "MSEDGEWIN10\\IEUser", "JobTitle": "Push Notification Platform Job: 1", "JobId": "8CBD340C-9D31-4890-B766-E0EC7DE451DA", "JobOwner": "MSEDGEWIN10\\IEUser", "FileCount": "1"}
{"Timestamp": "2020-10-17 22:37:53.928335Z", "Channel": "Microsoft-Windows-Bits-Client/Operational", "Provider": "Microsoft-Windows-Bits-Client", "Hostname": "MSEDGEWIN10", "SID": "S-1-5-18", "EventID": 59, "RecordID": 8269, "Level": "Information", "Descr": "BITS started the <Name> transfer job that is associated with the <URL>", "TransferId": "75AEECE8-F8B1-4B62-95F0-D59478364638", "Name": "Push Notification Platform Job: 1", "JobId": "8CBD340C-9D31-4890-B766-E0EC7DE451DA", "URL": "https://site-cdn.onenote.net/161340731555_Images/LiveTileImages/MediumAndLarge/Image1.png", "Peer": null, "FileTime": "1601-01-01 00:00:00 UTC", "FileSize": "18446744073709551615"}
{"Timestamp": "2020-10-17 22:37:53.867530Z", "Channel": "Microsoft-Windows-Bits-Client/Operational", "Provider": "Microsoft-Windows-Bits-Client", "Hostname": "MSEDGEWIN10", "SID": "S-1-5-18", "EventID": 59, "RecordID": 8267, "Level": "Information", "Descr": "BITS started the <Name> transfer job that is associated with the <URL>", "TransferId": "52C35D14-4F4A-4153-9DFB-3185CE61C0BF", "Name": "Push Notification Platform Job: 1", "JobId": "8CBD340C-9D31-4890-B766-E0EC7DE451DA", "URL": "https://site-cdn.onenote.net/161340731555_Images/LiveTileImages/MediumAndLarge/Image1.png", "Peer": null, "FileTime": "1601-01-01 00:00:00 UTC", "FileSize": "18446744073709551615"}
{"Timestamp": "2020-10-17 22:37:53.807408Z", "Channel": "Microsoft-Windows-Bits-Client/Operational", "Provider": "Microsoft-Windows-Bits-Client", "Hostname": "MSEDGEWIN10", "SID": "S-1-5-18", "EventID": 59, "RecordID": 8265, "Level": "Information", "Descr": "BITS started the <Name> transfer job that is associated with the <URL>", "TransferId": "CD6FA4D4-1AE2-453A-959B-104093D5D56F", "Name": "Push Notification Platform Job: 1", "JobId": "8CBD340C-9D31-4890-B766-E0EC7DE451DA", "URL": "https://site-cdn.onenote.net/161340731555_Images/LiveTileImages/MediumAndLarge/Image1.png", "Peer": null, "FileTime": "1601-01-01 00:00:00 UTC", "FileSize": "18446744073709551615"}
{"Timestamp": "2020-10-17 22:37:53.771083Z", "Channel": "Microsoft-Windows-Bits-Client/Operational", "Provider": "Microsoft-Windows-Bits-Client", "Hostname": "MSEDGEWIN10", "SID": "S-1-5-18", "EventID": 59, "RecordID": 8263, "Level": "Information", "Descr": "BITS started the <Name> transfer job that is associated with the <URL>", "TransferId": "A7E6F047-988E-448B-88EC-7D84DB912A3F", "Name": "Push Notification Platform Job: 1", "JobId": "8CBD340C-9D31-4890-B766-E0EC7DE451DA", "URL": "https://site-cdn.onenote.net/161340731555_Images/LiveTileImages/MediumAndLarge/Image1.png", "Peer": null, "FileTime": "1601-01-01 00:00:00 UTC", "FileSize": "18446744073709551615"}
{"Timestamp": "2020-10-17 22:37:53.747084Z", "Channel": "Microsoft-Windows-Bits-Client/Operational", "Provider": "Microsoft-Windows-Bits-Client", "Hostname": "MSEDGEWIN10", "SID": "S-1-5-18", "EventID": 3, "RecordID": 8261, "Level": "Information", "Descr": "The BITS service created a new job", "JobTitle": "Push Notification Platform Job: 1", "JobId": "8CBD340C-9D31-4890-B766-E0EC7DE451DA", "JobOwner": "MSEDGEWIN10\\IEUser", "ProcessPath": "C:\\Windows\\System32\\svchost.exe", "ProcessId": "4600"}
{"Timestamp": "2020-10-17 22:37:53.710163Z", "Channel": "Microsoft-Windows-Bits-Client/Operational", "Provider": "Microsoft-Windows-Bits-Client", "Hostname": "MSEDGEWIN10", "SID": "S-1-5-21-3461203602-4096304019-2269080069-1000", "EventID": 5, "RecordID": 8260, "Level": "Information", "Descr": "Job cancelled", "Username": "MSEDGEWIN10\\IEUser", "JobTitle": "Push Notification Platform Job: 1", "JobId": "2572D397-A284-4686-8234-88B19F21E1B3", "JobOwner": "MSEDGEWIN10\\IEUser", "FileCount": "1"}
{"Timestamp": "2020-10-17 22:37:53.664782Z", "Channel": "Microsoft-Windows-Bits-Client/Operational", "Provider": "Microsoft-Windows-Bits-Client", "Hostname": "MSEDGEWIN10", "SID": "S-1-5-18", "EventID": 59, "RecordID": 8258, "Level": "Information", "Descr": "BITS started the <Name> transfer job that is associated with the <URL>", "TransferId": "11786750-FEB3-4F4A-9C75-3B28447903E7", "Name": "Push Notification Platform Job: 1", "JobId": "2572D397-A284-4686-8234-88B19F21E1B3", "URL": "https://img-s-msn-com.akamaized.net/tenant/amp/entityid/BB1a7GBU.img?w=100&h=100&m=6&tilesize=medium&ms-scale=100&ms-contrast=standard", "Peer": null, "FileTime": "1601-01-01 00:00:00 UTC", "FileSize": "18446744073709551615"}
{"Timestamp": "2020-10-17 22:37:53.571682Z", "Channel": "Microsoft-Windows-Bits-Client/Operational", "Provider": "Microsoft-Windows-Bits-Client", "Hostname": "MSEDGEWIN10", "SID": "S-1-5-18", "EventID": 59, "RecordID": 8256, "Level": "Information", "Descr": "BITS started the <Name> transfer job that is associated with the <URL>", "TransferId": "62AD5FB3-2592-4CC4-B60E-EF93DA7147A3", "Name": "Push Notification Platform Job: 1", "JobId": "2572D397-A284-4686-8234-88B19F21E1B3", "URL": "https://img-s-msn-com.akamaized.net/tenant/amp/entityid/BB1a7GBU.img?w=100&h=100&m=6&tilesize=medium&ms-scale=100&ms-contrast=standard", "Peer": null, "FileTime": "1601-01-01 00:00:00 UTC", "FileSize": "18446744073709551615"}
{"Timestamp": "2020-10-17 22:37:53.527857Z", "Channel": "Microsoft-Windows-Bits-Client/Operational", "Provider": "Microsoft-Windows-Bits-Client", "Hostname": "MSEDGEWIN10", "SID": "S-1-5-18", "EventID": 59, "RecordID": 8254, "Level": "Information", "Descr": "BITS started the <Name> transfer job that is associated with the <URL>", "TransferId": "816C55D2-6964-418D-BFD4-3B7A321D8168", "Name": "Push Notification Platform Job: 1", "JobId": "2572D397-A284-4686-8234-88B19F21E1B3", "URL": "https://img-s-msn-com.akamaized.net/tenant/amp/entityid/BB1a7GBU.img?w=100&h=100&m=6&tilesize=medium&ms-scale=100&ms-contrast=standard", "Peer": null, "FileTime": "1601-01-01 00:00:00 UTC", "FileSize": "18446744073709551615"}
{"Timestamp": "2020-10-17 22:37:53.417186Z", "Channel": "Microsoft-Windows-Bits-Client/Operational", "Provider": "Microsoft-Windows-Bits-Client", "Hostname": "MSEDGEWIN10", "SID": "S-1-5-18", "EventID": 59, "RecordID": 8252, "Level": "Information", "Descr": "BITS started the <Name> transfer job that is associated with the <URL>", "TransferId": "422815AF-6CCC-4B08-85A7-6633A4B21578", "Name": "Push Notification Platform Job: 1", "JobId": "2572D397-A284-4686-8234-88B19F21E1B3", "URL": "https://img-s-msn-com.akamaized.net/tenant/amp/entityid/BB1a7GBU.img?w=100&h=100&m=6&tilesize=medium&ms-scale=100&ms-contrast=standard", "Peer": null, "FileTime": "1601-01-01 00:00:00 UTC", "FileSize": "18446744073709551615"}
{"Timestamp": "2020-10-23 21:15:21.762124Z", "Channel": "Microsoft-Windows-Bits-Client/Operational", "Provider": "Microsoft-Windows-Bits-Client", "Hostname": "MSEDGEWIN10", "SID": "S-1-5-21-3461203602-4096304019-2269080069-1000", "EventID": 5, "RecordID": 8426, "Level": "Information", "Descr": "Job cancelled", "Username": "MSEDGEWIN10\\IEUser", "JobTitle": "PreSignInSettingsConfigJSON", "JobId": "8E8BAAFE-CD10-42B1-A80C-E9674FFF8EC0", "JobOwner": "MSEDGEWIN10\\IEUser", "FileCount": "1"}
{"Timestamp": "2020-10-23 21:12:21.527366Z", "Channel": "Microsoft-Windows-Bits-Client/Operational", "Provider": "Microsoft-Windows-Bits-Client", "Hostname": "MSEDGEWIN10", "SID": "S-1-5-18", "EventID": 3, "RecordID": 8409, "Level": "Information", "Descr": "The BITS service created a new job", "JobTitle": "PreSignInSettingsConfigJSON", "JobId": "8E8BAAFE-CD10-42B1-A80C-E9674FFF8EC0", "JobOwner": "MSEDGEWIN10\\IEUser", "ProcessPath": "C:\\Users\\IEUser\\AppData\\Local\\Microsoft\\OneDrive\\OneDriveStandaloneUpdater.exe", "ProcessId": "3520"}
{"Timestamp": "2020-10-23 21:09:56.306786Z", "Channel": "Microsoft-Windows-Bits-Client/Operational", "Provider": "Microsoft-Windows-Bits-Client", "Hostname": "MSEDGEWIN10", "SID": "S-1-5-18", "EventID": 5, "RecordID": 8407, "Level": "Information", "Descr": "Job cancelled", "Username": "NT AUTHORITY\\SYSTEM", "JobTitle": "C:\\Program Files (x86)\\Google\\Update\\1.3.36.32\\Recovery\\GURCC0A.tmp\\GoogleUpdateSetup.crx3", "JobId": "BE3ECE44-A469-4613-8547-17E1CB04305B", "JobOwner": "NT AUTHORITY\\SYSTEM", "FileCount": "1"}
{"Timestamp": "2020-10-23 21:09:56.208905Z", "Channel": "Microsoft-Windows-Bits-Client/Operational", "Provider": "Microsoft-Windows-Bits-Client", "Hostname": "MSEDGEWIN10", "SID": "S-1-5-18", "EventID": 3, "RecordID": 8405, "Level": "Information", "Descr": "The BITS service created a new job", "JobTitle": "C:\\Program Files (x86)\\Google\\Update\\1.3.36.32\\Recovery\\GURCC0A.tmp\\GoogleUpdateSetup.crx3", "JobId": "BE3ECE44-A469-4613-8547-17E1CB04305B", "JobOwner": "NT AUTHORITY\\SYSTEM", "ProcessPath": "C:\\Program Files (x86)\\Google\\Update\\GoogleUpdate.exe", "ProcessId": "5036"}
{"Timestamp": "2020-10-23 21:09:56.133869Z", "Channel": "Microsoft-Windows-Bits-Client/Operational", "Provider": "Microsoft-Windows-Bits-Client", "Hostname": "MSEDGEWIN10", "SID": "S-1-5-18", "EventID": 5, "RecordID": 8404, "Level": "Information", "Descr": "Job cancelled", "Username": "NT AUTHORITY\\SYSTEM", "JobTitle": "C:\\Program Files (x86)\\Google\\Update\\1.3.36.32\\Recovery\\GURCC0A.tmp\\GoogleUpdateSetup.crx3", "JobId": "A79F49B5-2814-442B-9A94-169BA764F0F9", "JobOwner": "NT AUTHORITY\\SYSTEM", "FileCount": "1"}
{"Timestamp": "2020-10-23 21:09:56.021616Z", "Channel": "Microsoft-Windows-Bits-Client/Operational", "Provider": "Microsoft-Windows-Bits-Client", "Hostname": "MSEDGEWIN10", "SID": "S-1-5-18", "EventID": 3, "RecordID": 8402, "Level": "Information", "Descr": "The BITS service created a new job", "JobTitle": "C:\\Program Files (x86)\\Google\\Update\\1.3.36.32\\Recovery\\GURCC0A.tmp\\GoogleUpdateSetup.crx3", "JobId": "A79F49B5-2814-442B-9A94-169BA764F0F9", "JobOwner": "NT AUTHORITY\\SYSTEM", "ProcessPath": "C:\\Program Files (x86)\\Google\\Update\\GoogleUpdate.exe", "ProcessId": "5036"}
{"Timestamp": "2020-10-23 21:09:55.846830Z", "Channel": "Microsoft-Windows-Bits-Client/Operational", "Provider": "Microsoft-Windows-Bits-Client", "Hostname": "MSEDGEWIN10", "SID": "S-1-5-18", "EventID": 5, "RecordID": 8401, "Level": "Information", "Descr": "Job cancelled", "Username": "NT AUTHORITY\\SYSTEM", "JobTitle": "C:\\Users\\IEUser\\AppData\\Local\\{5E4BE82C-5D56-456A-A73E-DAD75A58D342}", "JobId": "AF7DD2A0-DB85-43CF-A671-7BA8AEB9BBD9", "JobOwner": "NT AUTHORITY\\SYSTEM", "FileCount": "1"}
{"Timestamp": "2020-10-23 21:09:55.793699Z", "Channel": "Microsoft-Windows-Bits-Client/Operational", "Provider": "Microsoft-Windows-Bits-Client", "Hostname": "MSEDGEWIN10", "SID": "S-1-5-18", "EventID": 3, "RecordID": 8399, "Level": "Information", "Descr": "The BITS service created a new job", "JobTitle": "C:\\Users\\IEUser\\AppData\\Local\\{5E4BE82C-5D56-456A-A73E-DAD75A58D342}", "JobId": "AF7DD2A0-DB85-43CF-A671-7BA8AEB9BBD9", "JobOwner": "NT AUTHORITY\\SYSTEM", "ProcessPath": "C:\\Program Files (x86)\\Google\\Update\\GoogleUpdate.exe", "ProcessId": "5036"}
{"Timestamp": "2020-10-23 21:09:55.767314Z", "Channel": "Microsoft-Windows-Bits-Client/Operational", "Provider": "Microsoft-Windows-Bits-Client", "Hostname": "MSEDGEWIN10", "SID": "S-1-5-18", "EventID": 5, "RecordID": 8398, "Level": "Information", "Descr": "Job cancelled", "Username": "NT AUTHORITY\\SYSTEM", "JobTitle": "C:\\Users\\IEUser\\AppData\\Local\\{5E4BE82C-5D56-456A-A73E-DAD75A58D342}", "JobId": "FAD798DD-0C32-49E8-9382-3B70F97B713C", "JobOwner": "NT AUTHORITY\\SYSTEM", "FileCount": "1"}
{"Timestamp": "2020-10-23 21:09:55.714936Z", "Channel": "Microsoft-Windows-Bits-Client/Operational", "Provider": "Microsoft-Windows-Bits-Client", "Hostname": "MSEDGEWIN10", "SID": "S-1-5-18", "EventID": 3, "RecordID": 8396, "Level": "Information", "Descr": "The BITS service created a new job", "JobTitle": "C:\\Users\\IEUser\\AppData\\Local\\{5E4BE82C-5D56-456A-A73E-DAD75A58D342}", "JobId": "FAD798DD-0C32-49E8-9382-3B70F97B713C", "JobOwner": "NT AUTHORITY\\SYSTEM", "ProcessPath": "C:\\Program Files (x86)\\Google\\Update\\GoogleUpdate.exe", "ProcessId": "5036"}
{"Timestamp": "2020-10-20 21:31:29.810510Z", "Channel": "Microsoft-Windows-Bits-Client/Operational", "Provider": "Microsoft-Windows-Bits-Client", "Hostname": "MSEDGEWIN10", "SID": "S-1-5-21-3461203602-4096304019-2269080069-1000", "EventID": 5, "RecordID": 8394, "Level": "Information", "Descr": "Job cancelled", "Username": "MSEDGEWIN10\\IEUser", "JobTitle": "UpdateDescriptionXml", "JobId": "46D7C165-25D5-44FD-9D01-09715B849812", "JobOwner": "MSEDGEWIN10\\IEUser", "FileCount": "1"}
{"Timestamp": "2020-10-20 21:28:29.575505Z", "Channel": "Microsoft-Windows-Bits-Client/Operational", "Provider": "Microsoft-Windows-Bits-Client", "Hostname": "MSEDGEWIN10", "SID": "S-1-5-18", "EventID": 3, "RecordID": 8377, "Level": "Information", "Descr": "The BITS service created a new job", "JobTitle": "UpdateDescriptionXml", "JobId": "46D7C165-25D5-44FD-9D01-09715B849812", "JobOwner": "MSEDGEWIN10\\IEUser", "ProcessPath": "C:\\Users\\IEUser\\AppData\\Local\\Microsoft\\OneDrive\\OneDriveStandaloneUpdater.exe", "ProcessId": "1664"}
{"Timestamp": "2020-10-20 21:27:39.156648Z", "Channel": "Microsoft-Windows-Bits-Client/Operational", "Provider": "Microsoft-Windows-Bits-Client", "Hostname": "MSEDGEWIN10", "SID": "S-1-5-21-3461203602-4096304019-2269080069-1000", "EventID": 5, "RecordID": 8376, "Level": "Information", "Descr": "Job cancelled", "Username": "MSEDGEWIN10\\IEUser", "JobTitle": "PreSignInSettingsConfigJSON", "JobId": "5B7459C8-B540-4861-81DF-FBAAF764A12D", "JobOwner": "MSEDGEWIN10\\IEUser", "FileCount": "1"}
{"Timestamp": "2020-10-20 21:24:38.950682Z", "Channel": "Microsoft-Windows-Bits-Client/Operational", "Provider": "Microsoft-Windows-Bits-Client", "Hostname": "MSEDGEWIN10", "SID": "S-1-5-18", "EventID": 3, "RecordID": 8359, "Level": "Information", "Descr": "The BITS service created a new job", "JobTitle": "PreSignInSettingsConfigJSON", "JobId": "5B7459C8-B540-4861-81DF-FBAAF764A12D", "JobOwner": "MSEDGEWIN10\\IEUser", "ProcessPath": "C:\\Users\\IEUser\\AppData\\Local\\Microsoft\\OneDrive\\OneDriveStandaloneUpdater.exe", "ProcessId": "1664"}
{"Timestamp": "2020-10-20 21:19:11.952747Z", "Channel": "Microsoft-Windows-Bits-Client/Operational", "Provider": "Microsoft-Windows-Bits-Client", "Hostname": "MSEDGEWIN10", "SID": "S-1-5-18", "EventID": 5, "RecordID": 8357, "Level": "Information", "Descr": "Job cancelled", "Username": "NT AUTHORITY\\SYSTEM", "JobTitle": "C:\\Program Files (x86)\\Google\\Update\\1.3.36.32\\Recovery\\GURC7EA.tmp\\GoogleUpdateSetup.crx3", "JobId": "7FDEE228-1914-486B-907B-FC5B1645BAD9", "JobOwner": "NT AUTHORITY\\SYSTEM", "FileCount": "1"}
{"Timestamp": "2020-10-20 21:19:11.941038Z", "Channel": "Microsoft-Windows-Bits-Client/Operational", "Provider": "Microsoft-Windows-Bits-Client", "Hostname": "MSEDGEWIN10", "SID": "S-1-5-18", "EventID": 3, "RecordID": 8355, "Level": "Information", "Descr": "The BITS service created a new job", "JobTitle": "C:\\Program Files (x86)\\Google\\Update\\1.3.36.32\\Recovery\\GURC7EA.tmp\\GoogleUpdateSetup.crx3", "JobId": "7FDEE228-1914-486B-907B-FC5B1645BAD9", "JobOwner": "NT AUTHORITY\\SYSTEM", "ProcessPath": "C:\\Program Files (x86)\\Google\\Update\\GoogleUpdate.exe", "ProcessId": "3012"}
{"Timestamp": "2020-10-20 21:19:11.933346Z", "Channel": "Microsoft-Windows-Bits-Client/Operational", "Provider": "Microsoft-Windows-Bits-Client", "Hostname": "MSEDGEWIN10", "SID": "S-1-5-18", "EventID": 5, "RecordID": 8354, "Level": "Information", "Descr": "Job cancelled", "Username": "NT AUTHORITY\\SYSTEM", "JobTitle": "C:\\Program Files (x86)\\Google\\Update\\1.3.36.32\\Recovery\\GURC7EA.tmp\\GoogleUpdateSetup.crx3", "JobId": "D1A4207C-D52B-4D2A-86ED-40AFAAD6A3EA", "JobOwner": "NT AUTHORITY\\SYSTEM", "FileCount": "1"}
{"Timestamp": "2020-10-20 21:19:11.919300Z", "Channel": "Microsoft-Windows-Bits-Client/Operational", "Provider": "Microsoft-Windows-Bits-Client", "Hostname": "MSEDGEWIN10", "SID": "S-1-5-18", "EventID": 3, "RecordID": 8352, "Level": "Information", "Descr": "The BITS service created a new job", "JobTitle": "C:\\Program Files (x86)\\Google\\Update\\1.3.36.32\\Recovery\\GURC7EA.tmp\\GoogleUpdateSetup.crx3", "JobId": "D1A4207C-D52B-4D2A-86ED-40AFAAD6A3EA", "JobOwner": "NT AUTHORITY\\SYSTEM", "ProcessPath": "C:\\Program Files (x86)\\Google\\Update\\GoogleUpdate.exe", "ProcessId": "3012"}
