{"Timestamp": "2020-11-21 11:50:16.981254Z", "Channel": "Microsoft-Windows-Bits-Client/Operational", "Provider": "Microsoft-Windows-Bits-Client", "Hostname": "MSEDGEWIN10", "SID": "S-1-5-18", "EventID": 4, "RecordID": 9054, "Level": "Information", "Descr": "The transfer job is complete", "Username": "MSEDGEWIN10\\IEUser", "JobTitle": "Push Notification Platform Job: 1", "JobId": "3A322F3C-2522-4A75-8142-E7B3C8501F32", "JobOwner": "MSEDGEWIN10\\IEUser", "FileCount": "1"}
{"Timestamp": "2020-11-21 11:50:16.974681Z", "Channel": "Microsoft-Windows-Bits-Client/Operational", "Provider": "Microsoft-Windows-Bits-Client", "Hostname": "MSEDGEWIN10", "SID": "S-1-5-18", "EventID": 60, "RecordID": 9053, "Level": "Information", "Descr": "BITS stopped transferring the <Name> transfer job that is associated with the <URL>", "TransferId": "2B255382-6AD9-487E-9649-4D5F02C24F6A", "Name": "Push Notification Platform Job: 1", "JobId": "3A322F3C-2522-4A75-8142-E7B3C8501F32", "URL": "https://img-s-msn-com.akamaized.net/tenant/amp/entityid/BB1begCn.img?w=100&h=100&m=6&tilesize=medium&ms-scale=100&ms-contrast=standard", "Peer": null, "FileTime": "2020-11-21 10:39:43 UTC", "FileSize": "9636", "BytesTotal": "9636", "BytesTransferred": "9636", "BytesTransferredFromPeer": "0"}
{"Timestamp": "2020-11-21 11:50:16.788136Z", "Channel": "Microsoft-Windows-Bits-Client/Operational", "Provider": "Microsoft-Windows-Bits-Client", "Hostname": "MSEDGEWIN10", "SID": "S-1-5-18", "EventID": 59, "RecordID": 9052, "Level": "Information", "Descr": "BITS started the <Name> transfer job that is associated with the <URL>", "TransferId": "2B255382-6AD9-487E-9649-4D5F02C24F6A", "Name": "Push Notification Platform Job: 1", "JobId": "3A322F3C-2522-4A75-8142-E7B3C8501F32", "URL": "https://img-s-msn-com.akamaized.net/tenant/amp/entityid/BB1begCn.img?w=100&h=100&m=6&tilesize=medium&ms-scale=100&ms-contrast=standard", "Peer": null, "FileTime": "1601-01-01 00:00:00 UTC", "FileSize": "18446744073709551615"}
{"Timestamp": "2020-11-21 11:50:16.748704Z", "Channel": "Microsoft-Windows-Bits-Client/Operational", "Provider": "Microsoft-Windows-Bits-Client", "Hostname": "MSEDGEWIN10", "SID": "S-1-5-18", "EventID": 3, "RecordID": 9050, "Level": "Information", "Descr": "The BITS service created a new job", "JobTitle": "Push Notification Platform Job: 1", "JobId": "3A322F3C-2522-4A75-8142-E7B3C8501F32", "JobOwner": "MSEDGEWIN10\\IEUser", "ProcessPath": "C:\\Windows\\System32\\svchost.exe", "ProcessId": "5512"}
{"Timestamp": "2020-11-21 11:19:38.623256Z", "Channel": "Microsoft-Windows-Bits-Client/Operational", "Provider": "Microsoft-Windows-Bits-Client", "Hostname": "MSEDGEWIN10", "SID": "S-1-5-18", "EventID": 4, "RecordID": 9048, "Level": "Information", "Descr": "The transfer job is complete", "Username": "MSEDGEWIN10\\IEUser", "JobTitle": "Chrome Component Updater", "JobId": "E89541C4-1A07-4980-8FAF-5FDC871700D2", "JobOwner": "MSEDGEWIN10\\IEUser", "FileCount": "1"}
{"Timestamp": "2020-11-21 11:19:35.345556Z", "Channel": "Microsoft-Windows-Bits-Client/Operational", "Provider": "Microsoft-Windows-Bits-Client", "Hostname": "MSEDGEWIN10", "SID": "S-1-5-18", "EventID": 60, "RecordID": 9047, "Level": "Information", "Descr": "BITS stopped transferring the <Name> transfer job that is associated with the <URL>", "TransferId": "41101BD5-FA55-4E85-9EAA-998DF54EC8EB", "Name": "Chrome Component Updater", "JobId": "E89541C4-1A07-4980-8FAF-5FDC871700D2", "URL": "http://redirector.gvt1.com/edgedl/release2/chrome_component/Z0dgM6Cm_Rt2z0LEtvtuMA_2020.11.16.1201/AIpG92DElyR2vE9pGKmvVoc", "Peer": null, "FileTime": "2020-11-16 20:10:11 UTC", "FileSize": "13130", "BytesTotal": "13130", "BytesTransferred": "13130", "BytesTransferredFromPeer": "0"}
{"Timestamp": "2020-11-21 11:19:34.726243Z", "Channel": "Microsoft-Windows-Bits-Client/Operational", "Provider": "Microsoft-Windows-Bits-Client", "Hostname": "MSEDGEWIN10", "SID": "S-1-5-18", "EventID": 59, "RecordID": 9046, "Level": "Information", "Descr": "BITS started the <Name> transfer job that is associated with the <URL>", "TransferId": "41101BD5-FA55-4E85-9EAA-998DF54EC8EB", "Name": "Chrome Component Updater", "JobId": "E89541C4-1A07-4980-8FAF-5FDC871700D2", "URL": "http://redirector.gvt1.com/edgedl/release2/chrome_component/Z0dgM6Cm_Rt2z0LEtvtuMA_2020.11.16.1201/AIpG92DElyR2vE9pGKmvVoc", "Peer": null, "FileTime": "2020-11-16 20:10:11 UTC", "FileSize": "13130"}
{"Timestamp": "2020-11-21 11:19:34.588760Z", "Channel": "Microsoft-Windows-Bits-Client/Operational", "Provider": "Microsoft-Windows-Bits-Client", "Hostname": "MSEDGEWIN10", "SID": "S-1-5-18", "EventID": 3, "RecordID": 9045, "Level": "Information", "Descr": "The BITS service created a new job", "JobTitle": "Chrome Component Updater", "JobId": "E89541C4-1A07-4980-8FAF-5FDC871700D2", "JobOwner": "MSEDGEWIN10\\IEUser", "ProcessPath": "C:\\Program Files (x86)\\Google\\Chrome\\Application\\chrome.exe", "ProcessId": "1204"}
{"Timestamp": "2020-11-21 11:19:29.277871Z", "Channel": "Microsoft-Windows-Bits-Client/Operational", "Provider": "Microsoft-Windows-Bits-Client", "Hostname": "MSEDGEWIN10", "SID": "S-1-5-18", "EventID": 4, "RecordID": 9044, "Level": "Information", "Descr": "The transfer job is complete", "Username": "MSEDGEWIN10\\IEUser", "JobTitle": "Chrome Component Updater", "JobId": "55C4CAE7-46D0-4E29-81EA-FEAB14451C17", "JobOwner": "MSEDGEWIN10\\IEUser", "FileCount": "1"}
{"Timestamp": "2020-11-21 11:19:25.792824Z", "Channel": "Microsoft-Windows-Bits-Client/Operational", "Provider": "Microsoft-Windows-Bits-Client", "Hostname": "MSEDGEWIN10", "SID": "S-1-5-18", "EventID": 60, "RecordID": 9043, "Level": "Information", "Descr": "BITS stopped transferring the <Name> transfer job that is associated with the <URL>", "TransferId": "C026CCE3-AA7F-4DF3-898F-0E0C0421BDAE", "Name": "Chrome Component Updater", "JobId": "55C4CAE7-46D0-4E29-81EA-FEAB14451C17", "URL": "http://redirector.gvt1.com/edgedl/release2/chrome_component/AJqZYiqGvCtix64S2N84g-M_2020.11.2.164946/EWvH2e-LS80S29cxzuTfRA", "Peer": null, "FileTime": "2020-11-02 15:59:03 UTC", "FileSize": "113772", "BytesTotal": "113772", "BytesTransferred": "113772", "BytesTransferredFromPeer": "0"}
{"Timestamp": "2020-11-21 11:19:25.377966Z", "Channel": "Microsoft-Windows-Bits-Client/Operational", "Provider": "Microsoft-Windows-Bits-Client", "Hostname": "MSEDGEWIN10", "SID": "S-1-5-18", "EventID": 59, "RecordID": 9042, "Level": "Information", "Descr": "BITS started the <Name> transfer job that is associated with the <URL>", "TransferId": "C026CCE3-AA7F-4DF3-898F-0E0C0421BDAE", "Name": "Chrome Component Updater", "JobId": "55C4CAE7-46D0-4E29-81EA-FEAB14451C17", "URL": "http://redirector.gvt1.com/edgedl/release2/chrome_component/AJqZYiqGvCtix64S2N84g-M_2020.11.2.164946/EWvH2e-LS80S29cxzuTfRA", "Peer": null, "FileTime": "2020-11-02 15:59:03 UTC", "FileSize": "113772"}
{"Timestamp": "2020-11-21 11:19:25.258853Z", "Channel": "Microsoft-Windows-Bits-Client/Operational", "Provider": "Microsoft-Windows-Bits-Client", "Hostname": "MSEDGEWIN10", "SID": "S-1-5-18", "EventID": 3, "RecordID": 9041, "Level": "Information", "Descr": "The BITS service created a new job", "JobTitle": "Chrome Component Updater", "JobId": "55C4CAE7-46D0-4E29-81EA-FEAB14451C17", "JobOwner": "MSEDGEWIN10\\IEUser", "ProcessPath": "C:\\Program Files (x86)\\Google\\Chrome\\Application\\chrome.exe", "ProcessId": "1204"}
{"Timestamp": "2020-11-21 11:19:25.091115Z", "Channel": "Microsoft-Windows-Bits-Client/Operational", "Provider": "Microsoft-Windows-Bits-Client", "Hostname": "MSEDGEWIN10", "SID": "S-1-5-18", "EventID": 4, "RecordID": 9040, "Level": "Information", "Descr": "The transfer job is complete", "Username": "MSEDGEWIN10\\IEUser", "JobTitle": "Chrome Component Updater", "JobId": "E1421BE1-9BFD-44F4-899C-0AD5ACF219EB", "JobOwner": "MSEDGEWIN10\\IEUser", "FileCount": "1"}
{"Timestamp": "2020-11-21 11:19:24.864470Z", "Channel": "Microsoft-Windows-Bits-Client/Operational", "Provider": "Microsoft-Windows-Bits-Client", "Hostname": "MSEDGEWIN10", "SID": "S-1-5-18", "EventID": 60, "RecordID": 9039, "Level": "Information", "Descr": "BITS stopped transferring the <Name> transfer job that is associated with the <URL>", "TransferId": "D22FAD20-94EF-4D5F-8CAC-56E8C5E587BE", "Name": "Chrome Component Updater", "JobId": "E1421BE1-9BFD-44F4-899C-0AD5ACF219EB", "URL": "http://redirector.gvt1.com/edgedl/release2/chrome_component/APhHMzuprJvS7ixvnAk_gdI_1/anGnv31dmOJhheXBnYQ3gw", "Peer": null, "FileTime": "2020-07-28 19:50:19 UTC", "FileSize": "394133", "BytesTotal": "394133", "BytesTransferred": "394133", "BytesTransferredFromPeer": "0"}
{"Timestamp": "2020-11-21 11:19:21.164549Z", "Channel": "Microsoft-Windows-Bits-Client/Operational", "Provider": "Microsoft-Windows-Bits-Client", "Hostname": "MSEDGEWIN10", "SID": "S-1-5-18", "EventID": 59, "RecordID": 9038, "Level": "Information", "Descr": "BITS started the <Name> transfer job that is associated with the <URL>", "TransferId": "D22FAD20-94EF-4D5F-8CAC-56E8C5E587BE", "Name": "Chrome Component Updater", "JobId": "E1421BE1-9BFD-44F4-899C-0AD5ACF219EB", "URL": "http://redirector.gvt1.com/edgedl/release2/chrome_component/APhHMzuprJvS7ixvnAk_gdI_1/anGnv31dmOJhheXBnYQ3gw", "Peer": null, "FileTime": "2020-07-28 19:50:19 UTC", "FileSize": "394133"}
{"Timestamp": "2020-11-21 11:19:21.077912Z", "Channel": "Microsoft-Windows-Bits-Client/Operational", "Provider": "Microsoft-Windows-Bits-Client", "Hostname": "MSEDGEWIN10", "SID": "S-1-5-18", "EventID": 3, "RecordID": 9037, "Level": "Information", "Descr": "The BITS service created a new job", "JobTitle": "Chrome Component Updater", "JobId": "E1421BE1-9BFD-44F4-899C-0AD5ACF219EB", "JobOwner": "MSEDGEWIN10\\IEUser", "ProcessPath": "C:\\Program Files (x86)\\Google\\Chrome\\Application\\chrome.exe", "ProcessId": "1204"}
{"Timestamp": "2020-11-21 11:19:20.987201Z", "Channel": "Microsoft-Windows-Bits-Client/Operational", "Provider": "Microsoft-Windows-Bits-Client", "Hostname": "MSEDGEWIN10", "SID": "S-1-5-18", "EventID": 4, "RecordID": 9036, "Level": "Information", "Descr": "The transfer job is complete", "Username": "MSEDGEWIN10\\IEUser", "JobTitle": "Chrome Component Updater", "JobId": "F971F3C5-3D1A-44FD-AD39-A3F33F061AED", "JobOwner": "MSEDGEWIN10\\IEUser", "FileCount": "1"}
{"Timestamp": "2020-11-21 11:19:17.698876Z", "Channel": "Microsoft-Windows-Bits-Client/Operational", "Provider": "Microsoft-Windows-Bits-Client", "Hostname": "MSEDGEWIN10", "SID": "S-1-5-18", "EventID": 60, "RecordID": 9035, "Level": "Information", "Descr": "BITS stopped transferring the <Name> transfer job that is associated with the <URL>", "TransferId": "EF70115B-9580-4E15-89A3-9DD16217A2B1", "Name": "Chrome Component Updater", "JobId": "F971F3C5-3D1A-44FD-AD39-A3F33F061AED", "URL": "http://redirector.gvt1.com/edgedl/release2/chrome_component/ONVXH2AuMZGs-h196MV_Rg_2505/bYFE7q-GLInSBxc008hucw", "Peer": null, "FileTime": "2020-11-21 00:01:36 UTC", "FileSize": "9587", "BytesTotal": "9587", "BytesTransferred": "9587", "BytesTransferredFromPeer": "0"}
{"Timestamp": "2020-11-21 11:19:17.194080Z", "Channel": "Microsoft-Windows-Bits-Client/Operational", "Provider": "Microsoft-Windows-Bits-Client", "Hostname": "MSEDGEWIN10", "SID": "S-1-5-18", "EventID": 59, "RecordID": 9034, "Level": "Information", "Descr": "BITS started the <Name> transfer job that is associated with the <URL>", "TransferId": "EF70115B-9580-4E15-89A3-9DD16217A2B1", "Name": "Chrome Component Updater", "JobId": "F971F3C5-3D1A-44FD-AD39-A3F33F061AED", "URL": "http://redirector.gvt1.com/edgedl/release2/chrome_component/ONVXH2AuMZGs-h196MV_Rg_2505/bYFE7q-GLInSBxc008hucw", "Peer": null, "FileTime": "2020-11-21 00:01:36 UTC", "FileSize": "9587"}
{"Timestamp": "2020-11-21 11:19:16.969036Z", "Channel": "Microsoft-Windows-Bits-Client/Operational", "Provider": "Microsoft-Windows-Bits-Client", "Hostname": "MSEDGEWIN10", "SID": "S-1-5-18", "EventID": 3, "RecordID": 9033, "Level": "Information", "Descr": "The BITS service created a new job", "JobTitle": "Chrome Component Updater", "JobId": "F971F3C5-3D1A-44FD-AD39-A3F33F061AED", "JobOwner": "MSEDGEWIN10\\IEUser", "ProcessPath": "C:\\Program Files (x86)\\Google\\Chrome\\Application\\chrome.exe", "ProcessId": "1204"}
{"Timestamp": "2020-11-21 11:19:16.598255Z", "Channel": "Microsoft-Windows-Bits-Client/Operational", "Provider": "Microsoft-Windows-Bits-Client", "Hostname": "MSEDGEWIN10", "SID": "S-1-5-18", "EventID": 4, "RecordID": 9032, "Level": "Information", "Descr": "The transfer job is complete", "Username": "MSEDGEWIN10\\IEUser", "JobTitle": "Chrome Component Updater", "JobId": "5EC45507-A944-4FB6-8BCC-4CFDD22827E1", "JobOwner": "MSEDGEWIN10\\IEUser", "FileCount": "1"}
{"Timestamp": "2020-11-28 16:17:34.631896Z", "Channel": "Microsoft-Windows-Bits-Client/Operational", "Provider": "Microsoft-Windows-Bits-Client", "Hostname": "MSEDGEWIN10", "SID": "S-1-5-18", "EventID": 3, "RecordID": 9246, "Level": "Information", "Descr": "The BITS service created a new job", "JobTitle": "UpdateDescriptionXml", "JobId": "6340054D-3DC4-435E-A655-42190C38FC7F", "JobOwner": "MSEDGEWIN10\\IEUser", "ProcessPath": "C:\\Users\\IEUser\\AppData\\Local\\Microsoft\\OneDrive\\OneDriveStandaloneUpdater.exe", "ProcessId": "5328"}
{"Timestamp": "2020-11-28 16:17:34.356303Z", "Channel": "Microsoft-Windows-Bits-Client/Operational", "Provider": "Microsoft-Windows-Bits-Client", "Hostname": "MSEDGEWIN10", "SID": "S-1-5-18", "EventID": 4, "RecordID": 9245, "Level": "Information", "Descr": "The transfer job is complete", "Username": "MSEDGEWIN10\\IEUser", "JobTitle": "PreSignInSettingsConfigJSON", "JobId": "309F5D6B-92C8-4A71-AA21-57AF25913782", "JobOwner": "MSEDGEWIN10\\IEUser", "FileCount": "1"}
{"Timestamp": "2020-11-28 16:17:34.347701Z", "Channel": "Microsoft-Windows-Bits-Client/Operational", "Provider": "Microsoft-Windows-Bits-Client", "Hostname": "MSEDGEWIN10", "SID": "S-1-5-18", "EventID": 60, "RecordID": 9244, "Level": "Information", "Descr": "BITS stopped transferring the <Name> transfer job that is associated with the <URL>", "TransferId": "472FD3BE-1ECB-40B9-A769-DB8B4B7B545A", "Name": "PreSignInSettingsConfigJSON", "JobId": "309F5D6B-92C8-4A71-AA21-57AF25913782", "URL": "https://g.live.com/odclientsettings/Prod", "Peer": null, "FileTime": "2020-11-20 21:55:10 UTC", "FileSize": "33022", "BytesTotal": "33022", "BytesTransferred": "33022", "BytesTransferredFromPeer": "0"}
{"Timestamp": "2020-11-28 16:17:33.019302Z", "Channel": "Microsoft-Windows-Bits-Client/Operational", "Provider": "Microsoft-Windows-Bits-Client", "Hostname": "MSEDGEWIN10", "SID": "S-1-5-18", "EventID": 59, "RecordID": 9243, "Level": "Information", "Descr": "BITS started the <Name> transfer job that is associated with the <URL>", "TransferId": "472FD3BE-1ECB-40B9-A769-DB8B4B7B545A", "Name": "PreSignInSettingsConfigJSON", "JobId": "309F5D6B-92C8-4A71-AA21-57AF25913782", "URL": "https://g.live.com/odclientsettings/Prod", "Peer": null, "FileTime": "2020-11-20 21:55:10 UTC", "FileSize": "33022"}
{"Timestamp": "2020-11-28 16:17:31.751461Z", "Channel": "Microsoft-Windows-Bits-Client/Operational", "Provider": "Microsoft-Windows-Bits-Client", "Hostname": "MSEDGEWIN10", "SID": "S-1-5-18", "EventID": 3, "RecordID": 9241, "Level": "Information", "Descr": "The BITS service created a new job", "JobTitle": "PreSignInSettingsConfigJSON", "JobId": "309F5D6B-92C8-4A71-AA21-57AF25913782", "JobOwner": "MSEDGEWIN10\\IEUser", "ProcessPath": "C:\\Users\\IEUser\\AppData\\Local\\Microsoft\\OneDrive\\OneDriveStandaloneUpdater.exe", "ProcessId": "5328"}
{"Timestamp": "2020-11-27 20:15:23.794119Z", "Channel": "Microsoft-Windows-Bits-Client/Operational", "Provider": "Microsoft-Windows-Bits-Client", "Hostname": "MSEDGEWIN10", "SID": "S-1-5-18", "EventID": 4, "RecordID": 9239, "Level": "Information", "Descr": "The transfer job is complete", "Username": "MSEDGEWIN10\\IEUser", "JobTitle": "UpdateDescriptionXml", "JobId": "15CC55FA-83C4-49B4-9DD7-172884DB6787", "JobOwner": "MSEDGEWIN10\\IEUser", "FileCount": "1"}
{"Timestamp": "2020-11-27 20:15:23.792057Z", "Channel": "Microsoft-Windows-Bits-Client/Operational", "Provider": "Microsoft-Windows-Bits-Client", "Hostname": "MSEDGEWIN10", "SID": "S-1-5-18", "EventID": 60, "RecordID": 9238, "Level": "Information", "Descr": "BITS stopped transferring the <Name> transfer job that is associated with the <URL>", "TransferId": "4324B507-D795-47C0-9F3C-948C597D752A", "Name": "UpdateDescriptionXml", "JobId": "15CC55FA-83C4-49B4-9DD7-172884DB6787", "URL": "https://g.live.com/1rewlive5skydrive/ODSUProduction", "Peer": null, "FileTime": "2020-10-26 21:00:55 UTC", "FileSize": "526", "BytesTotal": "526", "BytesTransferred": "526", "BytesTransferredFromPeer": "0"}
{"Timestamp": "2020-11-27 20:15:23.662107Z", "Channel": "Microsoft-Windows-Bits-Client/Operational", "Provider": "Microsoft-Windows-Bits-Client", "Hostname": "MSEDGEWIN10", "SID": "S-1-5-18", "EventID": 59, "RecordID": 9237, "Level": "Information", "Descr": "BITS started the <Name> transfer job that is associated with the <URL>", "TransferId": "4324B507-D795-47C0-9F3C-948C597D752A", "Name": "UpdateDescriptionXml", "JobId": "15CC55FA-83C4-49B4-9DD7-172884DB6787", "URL": "https://g.live.com/1rewlive5skydrive/ODSUProduction", "Peer": null, "FileTime": "2020-10-26 21:00:55 UTC", "FileSize": "526"}
{"Timestamp": "2020-11-27 20:15:23.573301Z", "Channel": "Microsoft-Windows-Bits-Client/Operational", "Provider": "Microsoft-Windows-Bits-Client", "Hostname": "MSEDGEWIN10", "SID": "S-1-5-18", "EventID": 3, "RecordID": 9236, "Level": "Information", "Descr": "The BITS service created a new job", "JobTitle": "UpdateDescriptionXml", "JobId": "15CC55FA-83C4-49B4-9DD7-172884DB6787", "JobOwner": "MSEDGEWIN10\\IEUser", "ProcessPath": "C:\\Users\\IEUser\\AppData\\Local\\Microsoft\\OneDrive\\OneDriveStandaloneUpdater.exe", "ProcessId": "10204"}
{"Timestamp": "2020-11-27 20:15:23.210319Z", "Channel": "Microsoft-Windows-Bits-Client/Operational", "Provider": "Microsoft-Windows-Bits-Client", "Hostname": "MSEDGEWIN10", "SID": "S-1-5-18", "EventID": 4, "RecordID": 9235, "Level": "Information", "Descr": "The transfer job is complete", "Username": "MSEDGEWIN10\\IEUser", "JobTitle": "PreSignInSettingsConfigJSON", "JobId": "CA8CF097-6343-4FD4-9C3E-A4AD31BA98C3", "JobOwner": "MSEDGEWIN10\\IEUser", "FileCount": "1"}
{"Timestamp": "2020-11-27 20:15:23.207457Z", "Channel": "Microsoft-Windows-Bits-Client/Operational", "Provider": "Microsoft-Windows-Bits-Client", "Hostname": "MSEDGEWIN10", "SID": "S-1-5-18", "EventID": 60, "RecordID": 9234, "Level": "Information", "Descr": "BITS stopped transferring the <Name> transfer job that is associated with the <URL>", "TransferId": "0CAFAC8C-C472-4E25-B1B1-743295A47E02", "Name": "PreSignInSettingsConfigJSON", "JobId": "CA8CF097-6343-4FD4-9C3E-A4AD31BA98C3", "URL": "https://g.live.com/odclientsettings/Prod", "Peer": null, "FileTime": "2020-11-20 21:55:10 UTC", "FileSize": "33022", "BytesTotal": "33022", "BytesTransferred": "33022", "BytesTransferredFromPeer": "0"}
{"Timestamp": "2020-11-27 20:15:22.956554Z", "Channel": "Microsoft-Windows-Bits-Client/Operational", "Provider": "Microsoft-Windows-Bits-Client", "Hostname": "MSEDGEWIN10", "SID": "S-1-5-18", "EventID": 59, "RecordID": 9233, "Level": "Information", "Descr": "BITS started the <Name> transfer job that is associated with the <URL>", "TransferId": "0CAFAC8C-C472-4E25-B1B1-743295A47E02", "Name": "PreSignInSettingsConfigJSON", "JobId": "CA8CF097-6343-4FD4-9C3E-A4AD31BA98C3", "URL": "https://g.live.com/odclientsettings/Prod", "Peer": null, "FileTime": "2020-11-20 21:55:10 UTC", "FileSize": "33022"}
{"Timestamp": "2020-11-27 20:15:22.330234Z", "Channel": "Microsoft-Windows-Bits-Client/Operational", "Provider": "Microsoft-Windows-Bits-Client", "Hostname": "MSEDGEWIN10", "SID": "S-1-5-18", "EventID": 3, "RecordID": 9231, "Level": "Information", "Descr": "The BITS service created a new job", "JobTitle": "PreSignInSettingsConfigJSON", "JobId": "CA8CF097-6343-4FD4-9C3E-A4AD31BA98C3", "JobOwner": "MSEDGEWIN10\\IEUser", "ProcessPath": "C:\\Users\\IEUser\\AppData\\Local\\Microsoft\\OneDrive\\OneDriveStandaloneUpdater.exe", "ProcessId": "10204"}
{"Timestamp": "2020-11-26 13:23:32.528950Z", "Channel": "Microsoft-Windows-Bits-Client/Operational", "Provider": "Microsoft-Windows-Bits-Client", "Hostname": "MSEDGEWIN10", "SID": "S-1-5-18", "EventID": 4, "RecordID": 9228, "Level": "Information", "Descr": "The transfer job is complete", "Username": "MSEDGEWIN10\\IEUser", "JobTitle": "UpdateDescriptionXml", "JobId": "80EAB460-EC4D-495E-8038-651F16FBE2D0", "JobOwner": "MSEDGEWIN10\\IEUser", "FileCount": "1"}
{"Timestamp": "2020-11-26 13:23:32.519058Z", "Channel": "Microsoft-Windows-Bits-Client/Operational", "Provider": "Microsoft-Windows-Bits-Client", "Hostname": "MSEDGEWIN10", "SID": "S-1-5-18", "EventID": 60, "RecordID": 9227, "Level": "Information", "Descr": "BITS stopped transferring the <Name> transfer job that is associated with the <URL>", "TransferId": "0C0F3C17-737A-44CB-A2D2-E3F4707392F0", "Name": "UpdateDescriptionXml", "JobId": "80EAB460-EC4D-495E-8038-651F16FBE2D0", "URL": "https://g.live.com/1rewlive5skydrive/ODSUProduction", "Peer": null, "FileTime": "2020-10-26 21:00:55 UTC", "FileSize": "526", "BytesTotal": "526", "BytesTransferred": "526", "BytesTransferredFromPeer": "0"}
{"Timestamp": "2020-11-26 13:23:32.141756Z", "Channel": "Microsoft-Windows-Bits-Client/Operational", "Provider": "Microsoft-Windows-Bits-Client", "Hostname": "MSEDGEWIN10", "SID": "S-1-5-18", "EventID": 59, "RecordID": 9226, "Level": "Information", "Descr": "BITS started the <Name> transfer job that is associated with the <URL>", "TransferId": "0C0F3C17-737A-44CB-A2D2-E3F4707392F0", "Name": "UpdateDescriptionXml", "JobId": "80EAB460-EC4D-495E-8038-651F16FBE2D0", "URL": "https://g.live.com/1rewlive5skydrive/ODSUProduction", "Peer": null, "FileTime": "2020-10-26 21:00:55 UTC", "FileSize": "526"}
{"Timestamp": "2020-11-26 13:23:31.841313Z", "Channel": "Microsoft-Windows-Bits-Client/Operational", "Provider": "Microsoft-Windows-Bits-Client", "Hostname": "MSEDGEWIN10", "SID": "S-1-5-18", "EventID": 3, "RecordID": 9225, "Level": "Information", "Descr": "The BITS service created a new job", "JobTitle": "UpdateDescriptionXml", "JobId": "80EAB460-EC4D-495E-8038-651F16FBE2D0", "JobOwner": "MSEDGEWIN10\\IEUser", "ProcessPath": "C:\\Users\\IEUser\\AppData\\Local\\Microsoft\\OneDrive\\OneDriveStandaloneUpdater.exe", "ProcessId": "7404"}
{"Timestamp": "2020-11-26 13:23:31.019028Z", "Channel": "Microsoft-Windows-Bits-Client/Operational", "Provider": "Microsoft-Windows-Bits-Client", "Hostname": "MSEDGEWIN10", "SID": "S-1-5-18", "EventID": 4, "RecordID": 9224, "Level": "Information", "Descr": "The transfer job is complete", "Username": "MSEDGEWIN10\\IEUser", "JobTitle": "PreSignInSettingsConfigJSON", "JobId": "499D7696-5384-490D-A069-BC7119113ADF", "JobOwner": "MSEDGEWIN10\\IEUser", "FileCount": "1"}
{"Timestamp": "2020-11-26 13:23:31.013833Z", "Channel": "Microsoft-Windows-Bits-Client/Operational", "Provider": "Microsoft-Windows-Bits-Client", "Hostname": "MSEDGEWIN10", "SID": "S-1-5-18", "EventID": 60, "RecordID": 9223, "Level": "Information", "Descr": "BITS stopped transferring the <Name> transfer job that is associated with the <URL>", "TransferId": "D5284C5C-1E09-4A45-BCD7-8DDBC6552183", "Name": "PreSignInSettingsConfigJSON", "JobId": "499D7696-5384-490D-A069-BC7119113ADF", "URL": "https://g.live.com/odclientsettings/Prod", "Peer": null, "FileTime": "2020-11-20 21:55:10 UTC", "FileSize": "33022", "BytesTotal": "33022", "BytesTransferred": "33022", "BytesTransferredFromPeer": "0"}
{"Timestamp": "2020-11-26 13:23:30.614778Z", "Channel": "Microsoft-Windows-Bits-Client/Operational", "Provider": "Microsoft-Windows-Bits-Client", "Hostname": "MSEDGEWIN10", "SID": "S-1-5-18", "EventID": 59, "RecordID": 9222, "Level": "Information", "Descr": "BITS started the <Name> transfer job that is associated with the <URL>", "TransferId": "D5284C5C-1E09-4A45-BCD7-8DDBC6552183", "Name": "PreSignInSettingsConfigJSON", "JobId": "499D7696-5384-490D-A069-BC7119113ADF", "URL": "https://g.live.com/odclientsettings/Prod", "Peer": null, "FileTime": "2020-11-20 21:55:10 UTC", "FileSize": "33022"}
{"Timestamp": "2020-11-26 13:23:28.694389Z", "Channel": "Microsoft-Windows-Bits-Client/Operational", "Provider": "Microsoft-Windows-Bits-Client", "Hostname": "MSEDGEWIN10", "SID": "S-1-5-18", "EventID": 3, "RecordID": 9220, "Level": "Information", "Descr": "The BITS service created a new job", "JobTitle": "PreSignInSettingsConfigJSON", "JobId": "499D7696-5384-490D-A069-BC7119113ADF", "JobOwner": "MSEDGEWIN10\\IEUser", "ProcessPath": "C:\\Users\\IEUser\\AppData\\Local\\Microsoft\\OneDrive\\OneDriveStandaloneUpdater.exe", "ProcessId": "7404"}
{"Timestamp": "2020-11-26 08:55:57.738963Z", "Channel": "Microsoft-Windows-Bits-Client/Operational", "Provider": "Microsoft-Windows-Bits-Client", "Hostname": "MSEDGEWIN10", "SID": "S-1-5-18", "EventID": 3, "RecordID": 9217, "Level": "Information", "Descr": "The BITS service created a new job", "JobTitle": "MicrosoftMapsBingGeoStore", "JobId": "736274C5-98B0-41FF-B996-010F877CD9A5", "JobOwner": "NT AUTHORITY\\NETWORK SERVICE", "ProcessPath": "C:\\Windows\\System32\\svchost.exe", "ProcessId": "9120"}
{"Timestamp": "2020-11-25 14:04:37.258650Z", "Channel": "Microsoft-Windows-Bits-Client/Operational", "Provider": "Microsoft-Windows-Bits-Client", "Hostname": "MSEDGEWIN10", "SID": "S-1-5-18", "EventID": 4, "RecordID": 9214, "Level": "Information", "Descr": "The transfer job is complete", "Username": "MSEDGEWIN10\\IEUser", "JobTitle": "UpdateDescriptionXml", "JobId": "47B2C91F-C084-44FD-ABC2-A895BF2C95B7", "JobOwner": "MSEDGEWIN10\\IEUser", "FileCount": "1"}
{"Timestamp": "2020-11-25 14:04:37.255712Z", "Channel": "Microsoft-Windows-Bits-Client/Operational", "Provider": "Microsoft-Windows-Bits-Client", "Hostname": "MSEDGEWIN10", "SID": "S-1-5-18", "EventID": 60, "RecordID": 9213, "Level": "Information", "Descr": "BITS stopped transferring the <Name> transfer job that is associated with the <URL>", "TransferId": "229F093B-30CE-4B32-907B-0A587FCCB0D0", "Name": "UpdateDescriptionXml", "JobId": "47B2C91F-C084-44FD-ABC2-A895BF2C95B7", "URL": "https://g.live.com/1rewlive5skydrive/ODSUProduction", "Peer": null, "FileTime": "2020-10-26 21:00:55 UTC", "FileSize": "526", "BytesTotal": "526", "BytesTransferred": "526", "BytesTransferredFromPeer": "0"}
{"Timestamp": "2020-11-25 14:04:36.013279Z", "Channel": "Microsoft-Windows-Bits-Client/Operational", "Provider": "Microsoft-Windows-Bits-Client", "Hostname": "MSEDGEWIN10", "SID": "S-1-5-18", "EventID": 59, "RecordID": 9212, "Level": "Information", "Descr": "BITS started the <Name> transfer job that is associated with the <URL>", "TransferId": "229F093B-30CE-4B32-907B-0A587FCCB0D0", "Name": "UpdateDescriptionXml", "JobId": "47B2C91F-C084-44FD-ABC2-A895BF2C95B7", "URL": "https://g.live.com/1rewlive5skydrive/ODSUProduction", "Peer": null, "FileTime": "2020-10-26 21:00:55 UTC", "FileSize": "526"}
{"Timestamp": "2020-11-25 14:04:35.197904Z", "Channel": "Microsoft-Windows-Bits-Client/Operational", "Provider": "Microsoft-Windows-Bits-Client", "Hostname": "MSEDGEWIN10", "SID": "S-1-5-18", "EventID": 3, "RecordID": 9211, "Level": "Information", "Descr": "The BITS service created a new job", "JobTitle": "UpdateDescriptionXml", "JobId": "47B2C91F-C084-44FD-ABC2-A895BF2C95B7", "JobOwner": "MSEDGEWIN10\\IEUser", "ProcessPath": "C:\\Users\\IEUser\\AppData\\Local\\Microsoft\\OneDrive\\OneDriveStandaloneUpdater.exe", "ProcessId": "6940"}
{"Timestamp": "2020-11-25 14:04:35.124831Z", "Channel": "Microsoft-Windows-Bits-Client/Operational", "Provider": "Microsoft-Windows-Bits-Client", "Hostname": "MSEDGEWIN10", "SID": "S-1-5-18", "EventID": 4, "RecordID": 9210, "Level": "Information", "Descr": "The transfer job is complete", "Username": "MSEDGEWIN10\\IEUser", "JobTitle": "PreSignInSettingsConfigJSON", "JobId": "43E04D15-FA10-417B-8001-2A2729F83544", "JobOwner": "MSEDGEWIN10\\IEUser", "FileCount": "1"}
{"Timestamp": "2020-11-25 14:04:35.123199Z", "Channel": "Microsoft-Windows-Bits-Client/Operational", "Provider": "Microsoft-Windows-Bits-Client", "Hostname": "MSEDGEWIN10", "SID": "S-1-5-18", "EventID": 60, "RecordID": 9209, "Level": "Information", "Descr": "BITS stopped transferring the <Name> transfer job that is associated with the <URL>", "TransferId": "780B8AB0-D920-4F25-BB15-2AEBC3ECB4D5", "Name": "PreSignInSettingsConfigJSON", "JobId": "43E04D15-FA10-417B-8001-2A2729F83544", "URL": "https://g.live.com/odclientsettings/Prod", "Peer": null, "FileTime": "2020-11-20 21:55:10 UTC", "FileSize": "33022", "BytesTotal": "33022", "BytesTransferred": "33022", "BytesTransferredFromPeer": "0"}
{"Timestamp": "2020-11-25 14:04:33.703275Z", "Channel": "Microsoft-Windows-Bits-Client/Operational", "Provider": "Microsoft-Windows-Bits-Client", "Hostname": "MSEDGEWIN10", "SID": "S-1-5-18", "EventID": 59, "RecordID": 9208, "Level": "Information", "Descr": "BITS started the <Name> transfer job that is associated with the <URL>", "TransferId": "780B8AB0-D920-4F25-BB15-2AEBC3ECB4D5", "Name": "PreSignInSettingsConfigJSON", "JobId": "43E04D15-FA10-417B-8001-2A2729F83544", "URL": "https://g.live.com/odclientsettings/Prod", "Peer": null, "FileTime": "2020-11-20 21:55:10 UTC", "FileSize": "33022"}
{"Timestamp": "2020-11-25 14:04:30.287004Z", "Channel": "Microsoft-Windows-Bits-Client/Operational", "Provider": "Microsoft-Windows-Bits-Client", "Hostname": "MSEDGEWIN10", "SID": "S-1-5-18", "EventID": 3, "RecordID": 9206, "Level": "Information", "Descr": "The BITS service created a new job", "JobTitle": "PreSignInSettingsConfigJSON", "JobId": "43E04D15-FA10-417B-8001-2A2729F83544", "JobOwner": "MSEDGEWIN10\\IEUser", "ProcessPath": "C:\\Users\\IEUser\\AppData\\Local\\Microsoft\\OneDrive\\OneDriveStandaloneUpdater.exe", "ProcessId": "6940"}
{"Timestamp": "2020-11-25 13:02:42.593536Z", "Channel": "Microsoft-Windows-Bits-Client/Operational", "Provider": "Microsoft-Windows-Bits-Client", "Hostname": "MSEDGEWIN10", "SID": "S-1-5-18", "EventID": 3, "RecordID": 9203, "Level": "Information", "Descr": "The BITS service created a new job", "JobTitle": "MicrosoftMapsBingGeoStore", "JobId": "C206B9C6-5417-4E23-9E3B-B4352270C14E", "JobOwner": "NT AUTHORITY\\NETWORK SERVICE", "ProcessPath": "C:\\Windows\\System32\\svchost.exe", "ProcessId": "4844"}
{"Timestamp": "2020-11-25 09:58:03.295970Z", "Channel": "Microsoft-Windows-Bits-Client/Operational", "Provider": "Microsoft-Windows-Bits-Client", "Hostname": "MSEDGEWIN10", "SID": "S-1-5-18", "EventID": 4, "RecordID": 9201, "Level": "Information", "Descr": "The transfer job is complete", "Username": "MSEDGEWIN10\\IEUser", "JobTitle": "Chrome Component Updater", "JobId": "ECF65399-E119-4BE1-99AE-B06566A48DC3", "JobOwner": "MSEDGEWIN10\\IEUser", "FileCount": "1"}
{"Timestamp": "2020-11-25 09:57:59.700935Z", "Channel": "Microsoft-Windows-Bits-Client/Operational", "Provider": "Microsoft-Windows-Bits-Client", "Hostname": "MSEDGEWIN10", "SID": "S-1-5-18", "EventID": 60, "RecordID": 9200, "Level": "Information", "Descr": "BITS stopped transferring the <Name> transfer job that is associated with the <URL>", "TransferId": "B0AE4332-F0DF-420A-A700-232ADAEC6DDB", "Name": "Chrome Component Updater", "JobId": "ECF65399-E119-4BE1-99AE-B06566A48DC3", "URL": "http://redirector.gvt1.com/edgedl/release2/chrome_component/Jo7Lnj2MkXB5ezNave49dw_2509/AOHc3HV2drrDzlxLOXeJFhs", "Peer": null, "FileTime": "2020-11-24 19:26:23 UTC", "FileSize": "10215", "BytesTotal": "10215", "BytesTransferred": "10215", "BytesTransferredFromPeer": "0"}
{"Timestamp": "2020-11-25 09:57:59.420277Z", "Channel": "Microsoft-Windows-Bits-Client/Operational", "Provider": "Microsoft-Windows-Bits-Client", "Hostname": "MSEDGEWIN10", "SID": "S-1-5-18", "EventID": 59, "RecordID": 9199, "Level": "Information", "Descr": "BITS started the <Name> transfer job that is associated with the <URL>", "TransferId": "B0AE4332-F0DF-420A-A700-232ADAEC6DDB", "Name": "Chrome Component Updater", "JobId": "ECF65399-E119-4BE1-99AE-B06566A48DC3", "URL": "http://redirector.gvt1.com/edgedl/release2/chrome_component/Jo7Lnj2MkXB5ezNave49dw_2509/AOHc3HV2drrDzlxLOXeJFhs", "Peer": null, "FileTime": "2020-11-24 19:26:23 UTC", "FileSize": "10215"}
{"Timestamp": "2020-11-25 09:57:59.267998Z", "Channel": "Microsoft-Windows-Bits-Client/Operational", "Provider": "Microsoft-Windows-Bits-Client", "Hostname": "MSEDGEWIN10", "SID": "S-1-5-18", "EventID": 3, "RecordID": 9198, "Level": "Information", "Descr": "The BITS service created a new job", "JobTitle": "Chrome Component Updater", "JobId": "ECF65399-E119-4BE1-99AE-B06566A48DC3", "JobOwner": "MSEDGEWIN10\\IEUser", "ProcessPath": "C:\\Program Files (x86)\\Google\\Chrome\\Application\\chrome.exe", "ProcessId": "6032"}
{"Timestamp": "2020-11-25 09:57:59.044316Z", "Channel": "Microsoft-Windows-Bits-Client/Operational", "Provider": "Microsoft-Windows-Bits-Client", "Hostname": "MSEDGEWIN10", "SID": "S-1-5-18", "EventID": 4, "RecordID": 9197, "Level": "Information", "Descr": "The transfer job is complete", "Username": "MSEDGEWIN10\\IEUser", "JobTitle": "Chrome Component Updater", "JobId": "C9797E96-F093-465F-BABD-C7D594D79AA1", "JobOwner": "MSEDGEWIN10\\IEUser", "FileCount": "1"}
{"Timestamp": "2020-11-25 09:57:56.989735Z", "Channel": "Microsoft-Windows-Bits-Client/Operational", "Provider": "Microsoft-Windows-Bits-Client", "Hostname": "MSEDGEWIN10", "SID": "S-1-5-18", "EventID": 60, "RecordID": 9196, "Level": "Information", "Descr": "BITS stopped transferring the <Name> transfer job that is associated with the <URL>", "TransferId": "072C3B80-1C24-4D36-99A7-593F188BEB69", "Name": "Chrome Component Updater", "JobId": "C9797E96-F093-465F-BABD-C7D594D79AA1", "URL": "http://redirector.gvt1.com/edgedl/release2/chrome_component/AN67dIUbQty67HoEacsJ61c_6260/APHk7sg8XbALFcVmjTty4CQ", "Peer": null, "FileTime": "2020-11-25 08:10:07 UTC", "FileSize": "23550", "BytesTotal": "23550", "BytesTransferred": "23550", "BytesTransferredFromPeer": "0"}
{"Timestamp": "2020-11-25 09:57:51.221619Z", "Channel": "Microsoft-Windows-Bits-Client/Operational", "Provider": "Microsoft-Windows-Bits-Client", "Hostname": "MSEDGEWIN10", "SID": "S-1-5-18", "EventID": 59, "RecordID": 9195, "Level": "Information", "Descr": "BITS started the <Name> transfer job that is associated with the <URL>", "TransferId": "072C3B80-1C24-4D36-99A7-593F188BEB69", "Name": "Chrome Component Updater", "JobId": "C9797E96-F093-465F-BABD-C7D594D79AA1", "URL": "http://redirector.gvt1.com/edgedl/release2/chrome_component/AN67dIUbQty67HoEacsJ61c_6260/APHk7sg8XbALFcVmjTty4CQ", "Peer": null, "FileTime": "2020-11-25 08:10:07 UTC", "FileSize": "23550"}
{"Timestamp": "2020-11-25 09:57:51.002061Z", "Channel": "Microsoft-Windows-Bits-Client/Operational", "Provider": "Microsoft-Windows-Bits-Client", "Hostname": "MSEDGEWIN10", "SID": "S-1-5-18", "EventID": 3, "RecordID": 9194, "Level": "Information", "Descr": "The BITS service created a new job", "JobTitle": "Chrome Component Updater", "JobId": "C9797E96-F093-465F-BABD-C7D594D79AA1", "JobOwner": "MSEDGEWIN10\\IEUser", "ProcessPath": "C:\\Program Files (x86)\\Google\\Chrome\\Application\\chrome.exe", "ProcessId": "6032"}
{"Timestamp": "2020-11-25 09:57:08.779763Z", "Channel": "Microsoft-Windows-Bits-Client/Operational", "Provider": "Microsoft-Windows-Bits-Client", "Hostname": "MSEDGEWIN10", "SID": "S-1-5-18", "EventID": 4, "RecordID": 9193, "Level": "Information", "Descr": "The transfer job is complete", "Username": "MSEDGEWIN10\\IEUser", "JobTitle": "Chrome Component Updater", "JobId": "1BFD734D-045D-4C16-AA33-0E1D95B4E4AE", "JobOwner": "MSEDGEWIN10\\IEUser", "FileCount": "1"}
{"Timestamp": "2020-11-25 09:57:08.489612Z", "Channel": "Microsoft-Windows-Bits-Client/Operational", "Provider": "Microsoft-Windows-Bits-Client", "Hostname": "MSEDGEWIN10", "SID": "S-1-5-18", "EventID": 60, "RecordID": 9192, "Level": "Information", "Descr": "BITS stopped transferring the <Name> transfer job that is associated with the <URL>", "TransferId": "B44405B1-FEDA-42AC-92CC-C17B4CFBAB6A", "Name": "Chrome Component Updater", "JobId": "1BFD734D-045D-4C16-AA33-0E1D95B4E4AE", "URL": "http://storage.googleapis.com/update-delta/gkmgaooipdjhmangpemjhigmamcehddo/86.249.200/84.243.200/17f6e5d11e18da93834a470f7266ede269d3660ac7a4c31c0d0acdb0c4c34ba2.crxd", "Peer": null, "FileTime": "2020-11-05 12:39:42 UTC", "FileSize": "741942", "BytesTotal": "741942", "BytesTransferred": "741942", "BytesTransferredFromPeer": "0"}
{"Timestamp": "2020-11-25 09:56:29.274480Z", "Channel": "Microsoft-Windows-Bits-Client/Operational", "Provider": "Microsoft-Windows-Bits-Client", "Hostname": "MSEDGEWIN10", "SID": "S-1-5-18", "EventID": 59, "RecordID": 9191, "Level": "Information", "Descr": "BITS started the <Name> transfer job that is associated with the <URL>", "TransferId": "B44405B1-FEDA-42AC-92CC-C17B4CFBAB6A", "Name": "Chrome Component Updater", "JobId": "1BFD734D-045D-4C16-AA33-0E1D95B4E4AE", "URL": "http://storage.googleapis.com/update-delta/gkmgaooipdjhmangpemjhigmamcehddo/86.249.200/84.243.200/17f6e5d11e18da93834a470f7266ede269d3660ac7a4c31c0d0acdb0c4c34ba2.crxd", "Peer": null, "FileTime": "2020-11-05 12:39:42 UTC", "FileSize": "741942"}
{"Timestamp": "2020-11-25 09:56:28.596825Z", "Channel": "Microsoft-Windows-Bits-Client/Operational", "Provider": "Microsoft-Windows-Bits-Client", "Hostname": "MSEDGEWIN10", "SID": "S-1-5-18", "EventID": 3, "RecordID": 9189, "Level": "Information", "Descr": "The BITS service created a new job", "JobTitle": "Chrome Component Updater", "JobId": "1BFD734D-045D-4C16-AA33-0E1D95B4E4AE", "JobOwner": "MSEDGEWIN10\\IEUser", "ProcessPath": "C:\\Program Files (x86)\\Google\\Chrome\\Application\\chrome.exe", "ProcessId": "6032"}
{"Timestamp": "2020-11-24 23:55:56.520139Z", "Channel": "Microsoft-Windows-Bits-Client/Operational", "Provider": "Microsoft-Windows-Bits-Client", "Hostname": "MSEDGEWIN10", "SID": "S-1-5-18", "EventID": 4, "RecordID": 9187, "Level": "Information", "Descr": "The transfer job is complete", "Username": "MSEDGEWIN10\\IEUser", "JobTitle": "Push Notification Platform Job: 1", "JobId": "D18D92B4-1D35-49AD-96F6-A5C7E818B479", "JobOwner": "MSEDGEWIN10\\IEUser", "FileCount": "1"}
{"Timestamp": "2020-11-24 23:55:56.499907Z", "Channel": "Microsoft-Windows-Bits-Client/Operational", "Provider": "Microsoft-Windows-Bits-Client", "Hostname": "MSEDGEWIN10", "SID": "S-1-5-18", "EventID": 60, "RecordID": 9186, "Level": "Information", "Descr": "BITS stopped transferring the <Name> transfer job that is associated with the <URL>", "TransferId": "90368123-EC5A-4E55-9D83-9DAA479BF78A", "Name": "Push Notification Platform Job: 1", "JobId": "D18D92B4-1D35-49AD-96F6-A5C7E818B479", "URL": "https://img-s-msn-com.akamaized.net/tenant/amp/entityid/BB1bkiYw.img?w=100&h=100&m=6&tilesize=medium&x=1094&y=441&ms-scale=100&ms-contrast=standard", "Peer": null, "FileTime": "2020-11-24 23:43:12 UTC", "FileSize": "5601", "BytesTotal": "5601", "BytesTransferred": "5601", "BytesTransferredFromPeer": "0"}
{"Timestamp": "2020-11-24 23:55:56.229727Z", "Channel": "Microsoft-Windows-Bits-Client/Operational", "Provider": "Microsoft-Windows-Bits-Client", "Hostname": "MSEDGEWIN10", "SID": "S-1-5-18", "EventID": 59, "RecordID": 9185, "Level": "Information", "Descr": "BITS started the <Name> transfer job that is associated with the <URL>", "TransferId": "90368123-EC5A-4E55-9D83-9DAA479BF78A", "Name": "Push Notification Platform Job: 1", "JobId": "D18D92B4-1D35-49AD-96F6-A5C7E818B479", "URL": "https://img-s-msn-com.akamaized.net/tenant/amp/entityid/BB1bkiYw.img?w=100&h=100&m=6&tilesize=medium&x=1094&y=441&ms-scale=100&ms-contrast=standard", "Peer": null, "FileTime": "1601-01-01 00:00:00 UTC", "FileSize": "18446744073709551615"}
{"Timestamp": "2020-11-24 23:55:56.159730Z", "Channel": "Microsoft-Windows-Bits-Client/Operational", "Provider": "Microsoft-Windows-Bits-Client", "Hostname": "MSEDGEWIN10", "SID": "S-1-5-18", "EventID": 3, "RecordID": 9183, "Level": "Information", "Descr": "The BITS service created a new job", "JobTitle": "Push Notification Platform Job: 1", "JobId": "D18D92B4-1D35-49AD-96F6-A5C7E818B479", "JobOwner": "MSEDGEWIN10\\IEUser", "ProcessPath": "C:\\Windows\\System32\\svchost.exe", "ProcessId": "5536"}
{"Timestamp": "2020-11-24 21:06:52.780335Z", "Channel": "Microsoft-Windows-Bits-Client/Operational", "Provider": "Microsoft-Windows-Bits-Client", "Hostname": "MSEDGEWIN10", "SID": "S-1-5-18", "EventID": 4, "RecordID": 9181, "Level": "Information", "Descr": "The transfer job is complete", "Username": "MSEDGEWIN10\\IEUser", "JobTitle": "Push Notification Platform Job: 1", "JobId": "6BC7697C-9E28-4E59-8311-7379965E7C38", "JobOwner": "MSEDGEWIN10\\IEUser", "FileCount": "1"}
{"Timestamp": "2020-11-24 21:06:52.762042Z", "Channel": "Microsoft-Windows-Bits-Client/Operational", "Provider": "Microsoft-Windows-Bits-Client", "Hostname": "MSEDGEWIN10", "SID": "S-1-5-18", "EventID": 60, "RecordID": 9180, "Level": "Information", "Descr": "BITS stopped transferring the <Name> transfer job that is associated with the <URL>", "TransferId": "E710BB3C-D76C-426F-912F-3E9EF16AEDB3", "Name": "Push Notification Platform Job: 1", "JobId": "6BC7697C-9E28-4E59-8311-7379965E7C38", "URL": "https://img-s-msn-com.akamaized.net/tenant/amp/entityid/BB1aV2sK.img?w=100&h=100&m=6&tilesize=medium&ms-scale=100&ms-contrast=standard", "Peer": null, "FileTime": "2020-11-24 20:47:14 UTC", "FileSize": "6250", "BytesTotal": "6250", "BytesTransferred": "6250", "BytesTransferredFromPeer": "0"}
{"Timestamp": "2020-11-24 21:06:52.429712Z", "Channel": "Microsoft-Windows-Bits-Client/Operational", "Provider": "Microsoft-Windows-Bits-Client", "Hostname": "MSEDGEWIN10", "SID": "S-1-5-18", "EventID": 59, "RecordID": 9179, "Level": "Information", "Descr": "BITS started the <Name> transfer job that is associated with the <URL>", "TransferId": "E710BB3C-D76C-426F-912F-3E9EF16AEDB3", "Name": "Push Notification Platform Job: 1", "JobId": "6BC7697C-9E28-4E59-8311-7379965E7C38", "URL": "https://img-s-msn-com.akamaized.net/tenant/amp/entityid/BB1aV2sK.img?w=100&h=100&m=6&tilesize=medium&ms-scale=100&ms-contrast=standard", "Peer": null, "FileTime": "1601-01-01 00:00:00 UTC", "FileSize": "18446744073709551615"}
{"Timestamp": "2020-11-24 21:06:52.411796Z", "Channel": "Microsoft-Windows-Bits-Client/Operational", "Provider": "Microsoft-Windows-Bits-Client", "Hostname": "MSEDGEWIN10", "SID": "S-1-5-18", "EventID": 3, "RecordID": 9177, "Level": "Information", "Descr": "The BITS service created a new job", "JobTitle": "Push Notification Platform Job: 1", "JobId": "6BC7697C-9E28-4E59-8311-7379965E7C38", "JobOwner": "MSEDGEWIN10\\IEUser", "ProcessPath": "C:\\Windows\\System32\\svchost.exe", "ProcessId": "5380"}
{"Timestamp": "2020-11-24 12:47:58.679427Z", "Channel": "Microsoft-Windows-Bits-Client/Operational", "Provider": "Microsoft-Windows-Bits-Client", "Hostname": "MSEDGEWIN10", "SID": "S-1-5-18", "EventID": 4, "RecordID": 9174, "Level": "Information", "Descr": "The transfer job is complete", "Username": "MSEDGEWIN10\\IEUser", "JobTitle": "UpdateDescriptionXml", "JobId": "D38DC3A6-FCCE-4927-80CD-679F609A62EF", "JobOwner": "MSEDGEWIN10\\IEUser", "FileCount": "1"}
{"Timestamp": "2020-11-24 12:47:58.677704Z", "Channel": "Microsoft-Windows-Bits-Client/Operational", "Provider": "Microsoft-Windows-Bits-Client", "Hostname": "MSEDGEWIN10", "SID": "S-1-5-18", "EventID": 60, "RecordID": 9173, "Level": "Information", "Descr": "BITS stopped transferring the <Name> transfer job that is associated with the <URL>", "TransferId": "D4FA6F5C-3E57-4C3A-8F0F-7D23C0D46521", "Name": "UpdateDescriptionXml", "JobId": "D38DC3A6-FCCE-4927-80CD-679F609A62EF", "URL": "https://g.live.com/1rewlive5skydrive/ODSUProduction", "Peer": null, "FileTime": "2020-10-26 21:00:55 UTC", "FileSize": "526", "BytesTotal": "526", "BytesTransferred": "526", "BytesTransferredFromPeer": "0"}
{"Timestamp": "2020-11-24 12:47:57.912380Z", "Channel": "Microsoft-Windows-Bits-Client/Operational", "Provider": "Microsoft-Windows-Bits-Client", "Hostname": "MSEDGEWIN10", "SID": "S-1-5-18", "EventID": 59, "RecordID": 9172, "Level": "Information", "Descr": "BITS started the <Name> transfer job that is associated with the <URL>", "TransferId": "D4FA6F5C-3E57-4C3A-8F0F-7D23C0D46521", "Name": "UpdateDescriptionXml", "JobId": "D38DC3A6-FCCE-4927-80CD-679F609A62EF", "URL": "https://g.live.com/1rewlive5skydrive/ODSUProduction", "Peer": null, "FileTime": "2020-10-26 21:00:55 UTC", "FileSize": "526"}
{"Timestamp": "2020-11-24 12:47:57.120414Z", "Channel": "Microsoft-Windows-Bits-Client/Operational", "Provider": "Microsoft-Windows-Bits-Client", "Hostname": "MSEDGEWIN10", "SID": "S-1-5-18", "EventID": 3, "RecordID": 9171, "Level": "Information", "Descr": "The BITS service created a new job", "JobTitle": "UpdateDescriptionXml", "JobId": "D38DC3A6-FCCE-4927-80CD-679F609A62EF", "JobOwner": "MSEDGEWIN10\\IEUser", "ProcessPath": "C:\\Users\\IEUser\\AppData\\Local\\Microsoft\\OneDrive\\OneDriveStandaloneUpdater.exe", "ProcessId": "7804"}
{"Timestamp": "2020-11-24 12:47:57.029894Z", "Channel": "Microsoft-Windows-Bits-Client/Operational", "Provider": "Microsoft-Windows-Bits-Client", "Hostname": "MSEDGEWIN10", "SID": "S-1-5-18", "EventID": 4, "RecordID": 9170, "Level": "Information", "Descr": "The transfer job is complete", "Username": "MSEDGEWIN10\\IEUser", "JobTitle": "PreSignInSettingsConfigJSON", "JobId": "1E2D7DF2-7116-43C5-9C9A-07A9CCA7E32C", "JobOwner": "MSEDGEWIN10\\IEUser", "FileCount": "1"}
{"Timestamp": "2020-11-24 12:47:57.026733Z", "Channel": "Microsoft-Windows-Bits-Client/Operational", "Provider": "Microsoft-Windows-Bits-Client", "Hostname": "MSEDGEWIN10", "SID": "S-1-5-18", "EventID": 60, "RecordID": 9169, "Level": "Information", "Descr": "BITS stopped transferring the <Name> transfer job that is associated with the <URL>", "TransferId": "5D4B7D84-68B9-4A36-964B-FABD13B9ADB8", "Name": "PreSignInSettingsConfigJSON", "JobId": "1E2D7DF2-7116-43C5-9C9A-07A9CCA7E32C", "URL": "https://g.live.com/odclientsettings/Prod", "Peer": null, "FileTime": "2020-11-20 21:55:10 UTC", "FileSize": "33022", "BytesTotal": "33022", "BytesTransferred": "33022", "BytesTransferredFromPeer": "0"}
{"Timestamp": "2020-11-24 12:47:56.181135Z", "Channel": "Microsoft-Windows-Bits-Client/Operational", "Provider": "Microsoft-Windows-Bits-Client", "Hostname": "MSEDGEWIN10", "SID": "S-1-5-18", "EventID": 59, "RecordID": 9168, "Level": "Information", "Descr": "BITS started the <Name> transfer job that is associated with the <URL>", "TransferId": "5D4B7D84-68B9-4A36-964B-FABD13B9ADB8", "Name": "PreSignInSettingsConfigJSON", "JobId": "1E2D7DF2-7116-43C5-9C9A-07A9CCA7E32C", "URL": "https://g.live.com/odclientsettings/Prod", "Peer": null, "FileTime": "2020-11-20 21:55:10 UTC", "FileSize": "33022"}
{"Timestamp": "2020-11-24 12:47:50.540842Z", "Channel": "Microsoft-Windows-Bits-Client/Operational", "Provider": "Microsoft-Windows-Bits-Client", "Hostname": "MSEDGEWIN10", "SID": "S-1-5-18", "EventID": 3, "RecordID": 9166, "Level": "Information", "Descr": "The BITS service created a new job", "JobTitle": "PreSignInSettingsConfigJSON", "JobId": "1E2D7DF2-7116-43C5-9C9A-07A9CCA7E32C", "JobOwner": "MSEDGEWIN10\\IEUser", "ProcessPath": "C:\\Users\\IEUser\\AppData\\Local\\Microsoft\\OneDrive\\OneDriveStandaloneUpdater.exe", "ProcessId": "7804"}
{"Timestamp": "2020-11-24 10:33:53.933950Z", "Channel": "Microsoft-Windows-Bits-Client/Operational", "Provider": "Microsoft-Windows-Bits-Client", "Hostname": "MSEDGEWIN10", "SID": "S-1-5-18", "EventID": 3, "RecordID": 9163, "Level": "Information", "Descr": "The BITS service created a new job", "JobTitle": "MicrosoftMapsBingGeoStore", "JobId": "E707C438-30F7-41E4-87E9-6B502E3373AF", "JobOwner": "NT AUTHORITY\\NETWORK SERVICE", "ProcessPath": "C:\\Windows\\System32\\svchost.exe", "ProcessId": "1048"}
{"Timestamp": "2020-11-23 15:41:53.003656Z", "Channel": "Microsoft-Windows-Bits-Client/Operational", "Provider": "Microsoft-Windows-Bits-Client", "Hostname": "MSEDGEWIN10", "SID": "S-1-5-18", "EventID": 4, "RecordID": 9159, "Level": "Information", "Descr": "The transfer job is complete", "Username": "MSEDGEWIN10\\IEUser", "JobTitle": "Push Notification Platform Job: 1", "JobId": "740F8784-E849-43DC-92C1-B6A8CE111A6A", "JobOwner": "MSEDGEWIN10\\IEUser", "FileCount": "1"}
{"Timestamp": "2020-11-23 15:41:52.997871Z", "Channel": "Microsoft-Windows-Bits-Client/Operational", "Provider": "Microsoft-Windows-Bits-Client", "Hostname": "MSEDGEWIN10", "SID": "S-1-5-18", "EventID": 60, "RecordID": 9158, "Level": "Information", "Descr": "BITS stopped transferring the <Name> transfer job that is associated with the <URL>", "TransferId": "9827D087-5EDB-459E-9AC8-2F4EDAF03D24", "Name": "Push Notification Platform Job: 1", "JobId": "740F8784-E849-43DC-92C1-B6A8CE111A6A", "URL": "https://img-s-msn-com.akamaized.net/tenant/amp/entityid/BB1bhEQI.img?w=100&h=100&m=6&tilesize=medium&ms-scale=100&ms-contrast=standard", "Peer": null, "FileTime": "2020-11-23 15:17:08 UTC", "FileSize": "6615", "BytesTotal": "6615", "BytesTransferred": "6615", "BytesTransferredFromPeer": "0"}
{"Timestamp": "2020-11-23 15:41:52.668852Z", "Channel": "Microsoft-Windows-Bits-Client/Operational", "Provider": "Microsoft-Windows-Bits-Client", "Hostname": "MSEDGEWIN10", "SID": "S-1-5-18", "EventID": 59, "RecordID": 9157, "Level": "Information", "Descr": "BITS started the <Name> transfer job that is associated with the <URL>", "TransferId": "9827D087-5EDB-459E-9AC8-2F4EDAF03D24", "Name": "Push Notification Platform Job: 1", "JobId": "740F8784-E849-43DC-92C1-B6A8CE111A6A", "URL": "https://img-s-msn-com.akamaized.net/tenant/amp/entityid/BB1bhEQI.img?w=100&h=100&m=6&tilesize=medium&ms-scale=100&ms-contrast=standard", "Peer": null, "FileTime": "1601-01-01 00:00:00 UTC", "FileSize": "18446744073709551615"}
