{"Timestamp": "2019-02-16 17:57:55.766505Z", "Channel": "Security", "Provider": "Microsoft-Windows-Security-Auditing", "Hostname": "PC01.example.corp", "SID": "S-1-5-21-3583694148-1414552638-2922671848-1000", "EventID": 5145, "RecordID": 237415, "Level": "0", "Descr": "A network share object was checked to see whether client can be granted desired access", "Username": "IEUser", "Domain": "PC01", "LogonId": "0x7accb8", "ObjectType": "File", "IP": "10.0.2.16", "Port": "49456", "ShareName": "\\\\*\\IPC$", "ShareLocalPath": null, "RelativeTargetName": "svcctl", "AccessMask": "0x12019f", "AccessList": "READ_CONTROL, SYNCHRONIZE, ReadData (or ListDirectory), WriteData (or AddFile), AppendData (or AddSubdirectory or CreatePipeInstance), ReadEA, WriteEA, ReadAttributes, WriteAttributes", "AccessReason": "-"}
{"Timestamp": "2019-02-16 17:57:41.475956Z", "Channel": "Security", "Provider": "Microsoft-Windows-Security-Auditing", "Hostname": "PC01.example.corp", "SID": "S-1-5-21-3583694148-1414552638-2922671848-1000", "EventID": 5145, "RecordID": 237401, "Level": "0", "Descr": "A network share object was checked to see whether client can be granted desired access", "Username": "IEUser", "Domain": "PC01", "LogonId": "0x7accb8", "ObjectType": "File", "IP": "10.0.2.16", "Port": "49456", "ShareName": "\\\\*\\ADMIN$", "ShareLocalPath": "\\??\\C:\\Windows", "RelativeTargetName": "System32\\RemComSvc.exe", "AccessMask": "0x120196", "AccessList": "READ_CONTROL, SYNCHRONIZE, WriteData (or AddFile), AppendData (or AddSubdirectory or CreatePipeInstance), WriteEA, ReadAttributes, WriteAttributes", "AccessReason": "-"}
{"Timestamp": "2019-02-16 17:57:41.475956Z", "Channel": "Security", "Provider": "Microsoft-Windows-Security-Auditing", "Hostname": "PC01.example.corp", "SID": "S-1-5-21-3583694148-1414552638-2922671848-1000", "EventID": 5145, "RecordID": 237400, "Level": "0", "Descr": "A network share object was checked to see whether client can be granted desired access", "Username": "IEUser", "Domain": "PC01", "LogonId": "0x7accb8", "ObjectType": "File", "IP": "10.0.2.16", "Port": "49456", "ShareName": "\\\\*\\ADMIN$", "ShareLocalPath": "\\??\\C:\\Windows", "RelativeTargetName": "System32\\RemComSvc.exe", "AccessMask": "0x120196", "AccessList": "READ_CONTROL, SYNCHRONIZE, WriteData (or AddFile), AppendData (or AddSubdirectory or CreatePipeInstance), WriteEA, ReadAttributes, WriteAttributes", "AccessReason": "-"}
{"Timestamp": "2019-02-16 17:57:41.475956Z", "Channel": "Security", "Provider": "Microsoft-Windows-Security-Auditing", "Hostname": "PC01.example.corp", "SID": "S-1-5-21-3583694148-1414552638-2922671848-1000", "EventID": 5145, "RecordID": 237399, "Level": "0", "Descr": "A network share object was checked to see whether client can be granted desired access", "Username": "IEUser", "Domain": "PC01", "LogonId": "0x7accb8", "ObjectType": "File", "IP": "10.0.2.16", "Port": "49456", "ShareName": "\\\\*\\ADMIN$", "ShareLocalPath": "\\??\\C:\\Windows", "RelativeTargetName": "\\", "AccessMask": "0x100088", "AccessList": "SYNCHRONIZE, ReadEA, ReadAttributes", "AccessReason": "-"}
{"Timestamp": "2019-02-16 17:56:01.472158Z", "Channel": "Security", "Provider": "Microsoft-Windows-Security-Auditing", "Hostname": "PC01.example.corp", "SID": "S-1-5-21-3583694148-1414552638-2922671848-1000", "EventID": 5145, "RecordID": 237384, "Level": "0", "Descr": "A network share object was checked to see whether client can be granted desired access", "Username": "IEUser", "Domain": "PC01", "LogonId": "0x311293", "ObjectType": "File", "IP": "10.0.2.16", "Port": "59528", "ShareName": "\\\\*\\IPC$", "ShareLocalPath": null, "RelativeTargetName": "svcctl", "AccessMask": "0x12019f", "AccessList": "READ_CONTROL, SYNCHRONIZE, ReadData (or ListDirectory), WriteData (or AddFile), AppendData (or AddSubdirectory or CreatePipeInstance), ReadEA, WriteEA, ReadAttributes, WriteAttributes", "AccessReason": "-"}
{"Timestamp": "2019-02-16 17:55:47.181609Z", "Channel": "Security", "Provider": "Microsoft-Windows-Security-Auditing", "Hostname": "PC01.example.corp", "SID": "S-1-5-21-3583694148-1414552638-2922671848-1000", "EventID": 5145, "RecordID": 237372, "Level": "0", "Descr": "A network share object was checked to see whether client can be granted desired access", "Username": "IEUser", "Domain": "PC01", "LogonId": "0x311293", "ObjectType": "File", "IP": "10.0.2.16", "Port": "59528", "ShareName": "\\\\*\\ADMIN$", "ShareLocalPath": "\\??\\C:\\Windows", "RelativeTargetName": "System32\\RemComSvc.exe", "AccessMask": "0x120196", "AccessList": "READ_CONTROL, SYNCHRONIZE, WriteData (or AddFile), AppendData (or AddSubdirectory or CreatePipeInstance), WriteEA, ReadAttributes, WriteAttributes", "AccessReason": "-"}
{"Timestamp": "2019-02-16 17:55:47.181609Z", "Channel": "Security", "Provider": "Microsoft-Windows-Security-Auditing", "Hostname": "PC01.example.corp", "SID": "S-1-5-21-3583694148-1414552638-2922671848-1000", "EventID": 5145, "RecordID": 237371, "Level": "0", "Descr": "A network share object was checked to see whether client can be granted desired access", "Username": "IEUser", "Domain": "PC01", "LogonId": "0x311293", "ObjectType": "File", "IP": "10.0.2.16", "Port": "59528", "ShareName": "\\\\*\\ADMIN$", "ShareLocalPath": "\\??\\C:\\Windows", "RelativeTargetName": "System32\\RemComSvc.exe", "AccessMask": "0x120196", "AccessList": "READ_CONTROL, SYNCHRONIZE, WriteData (or AddFile), AppendData (or AddSubdirectory or CreatePipeInstance), WriteEA, ReadAttributes, WriteAttributes", "AccessReason": "-"}
{"Timestamp": "2019-02-16 17:55:47.181609Z", "Channel": "Security", "Provider": "Microsoft-Windows-Security-Auditing", "Hostname": "PC01.example.corp", "SID": "S-1-5-21-3583694148-1414552638-2922671848-1000", "EventID": 5145, "RecordID": 237370, "Level": "0", "Descr": "A network share object was checked to see whether client can be granted desired access", "Username": "IEUser", "Domain": "PC01", "LogonId": "0x311293", "ObjectType": "File", "IP": "10.0.2.16", "Port": "59528", "ShareName": "\\\\*\\ADMIN$", "ShareLocalPath": "\\??\\C:\\Windows", "RelativeTargetName": "\\", "AccessMask": "0x100088", "AccessList": "SYNCHRONIZE, ReadEA, ReadAttributes", "AccessReason": "-"}
{"Timestamp": "2019-02-16 17:54:41.256814Z", "Channel": "Security", "Provider": "Microsoft-Windows-Security-Auditing", "Hostname": "PC01.example.corp", "SID": "S-1-5-21-3583694148-1414552638-2922671848-1000", "EventID": 5145, "RecordID": 237343, "Level": "0", "Descr": "A network share object was checked to see whether client can be granted desired access", "Username": "IEUser", "Domain": "PC01", "LogonId": "0x95c2e", "ObjectType": "File", "IP": "10.0.2.16", "Port": "59492", "ShareName": "\\\\*\\IPC$", "ShareLocalPath": null, "RelativeTargetName": "svcctl", "AccessMask": "0x12019f", "AccessList": "READ_CONTROL, SYNCHRONIZE, ReadData (or ListDirectory), WriteData (or AddFile), AppendData (or AddSubdirectory or CreatePipeInstance), ReadEA, WriteEA, ReadAttributes, WriteAttributes", "AccessReason": "-"}
{"Timestamp": "2019-02-16 17:54:26.956251Z", "Channel": "Security", "Provider": "Microsoft-Windows-Security-Auditing", "Hostname": "PC01.example.corp", "SID": "S-1-5-21-3583694148-1414552638-2922671848-1000", "EventID": 5145, "RecordID": 237287, "Level": "0", "Descr": "A network share object was checked to see whether client can be granted desired access", "Username": "IEUser", "Domain": "PC01", "LogonId": "0x95c2e", "ObjectType": "File", "IP": "10.0.2.16", "Port": "59492", "ShareName": "\\\\*\\ADMIN$", "ShareLocalPath": "\\??\\C:\\Windows", "RelativeTargetName": "System32\\RemComSvc.exe", "AccessMask": "0x120196", "AccessList": "READ_CONTROL, SYNCHRONIZE, WriteData (or AddFile), AppendData (or AddSubdirectory or CreatePipeInstance), WriteEA, ReadAttributes, WriteAttributes", "AccessReason": "-"}
{"Timestamp": "2019-02-16 17:54:26.956251Z", "Channel": "Security", "Provider": "Microsoft-Windows-Security-Auditing", "Hostname": "PC01.example.corp", "SID": "S-1-5-21-3583694148-1414552638-2922671848-1000", "EventID": 5145, "RecordID": 237286, "Level": "0", "Descr": "A network share object was checked to see whether client can be granted desired access", "Username": "IEUser", "Domain": "PC01", "LogonId": "0x95c2e", "ObjectType": "File", "IP": "10.0.2.16", "Port": "59492", "ShareName": "\\\\*\\ADMIN$", "ShareLocalPath": "\\??\\C:\\Windows", "RelativeTargetName": "System32\\RemComSvc.exe", "AccessMask": "0x120196", "AccessList": "READ_CONTROL, SYNCHRONIZE, WriteData (or AddFile), AppendData (or AddSubdirectory or CreatePipeInstance), WriteEA, ReadAttributes, WriteAttributes", "AccessReason": "-"}
{"Timestamp": "2019-02-16 17:54:26.956251Z", "Channel": "Security", "Provider": "Microsoft-Windows-Security-Auditing", "Hostname": "PC01.example.corp", "SID": "S-1-5-21-3583694148-1414552638-2922671848-1000", "EventID": 5145, "RecordID": 237285, "Level": "0", "Descr": "A network share object was checked to see whether client can be granted desired access", "Username": "IEUser", "Domain": "PC01", "LogonId": "0x95c2e", "ObjectType": "File", "IP": "10.0.2.16", "Port": "59492", "ShareName": "\\\\*\\ADMIN$", "ShareLocalPath": "\\??\\C:\\Windows", "RelativeTargetName": "\\", "AccessMask": "0x100088", "AccessList": "SYNCHRONIZE, ReadEA, ReadAttributes", "AccessReason": "-"}
{"Timestamp": "2019-03-18 11:06:46.305152Z", "Channel": "Security", "Provider": "Microsoft-Windows-Security-Auditing", "Hostname": "PC01.example.corp", "SID": "S-1-5-18", "EventID": 4688, "RecordID": 433078, "Level": "0", "Descr": "A new process has been created", "Username": "PC01$", "Domain": "EXAMPLE", "LogonId": "0x3e7", "NewProcessId": "0xf6c", "NewProcessPath": "C:\\Windows\\System32\\dllhost.exe", "TokenElevationType": "TokenElevationTypeDefault (1)", "ProcessId": "0x278", "Command": null}
{"Timestamp": "2019-03-18 11:06:29.961651Z", "Channel": "Security", "Provider": "Microsoft-Windows-Security-Auditing", "Hostname": "PC01.example.corp", "SID": "S-1-5-18", "EventID": 4688, "RecordID": 432906, "Level": "0", "Descr": "A new process has been created", "Username": "PC01$", "Domain": "EXAMPLE", "LogonId": "0x3e7", "NewProcessId": "0x370", "NewProcessPath": "C:\\Windows\\System32\\conhost.exe", "TokenElevationType": "TokenElevationTypeDefault (1)", "ProcessId": "0x764", "Command": null}
{"Timestamp": "2019-03-18 11:06:29.911579Z", "Channel": "Security", "Provider": "Microsoft-Windows-Security-Auditing", "Hostname": "PC01.example.corp", "SID": "S-1-5-18", "EventID": 4688, "RecordID": 432905, "Level": "0", "Descr": "A new process has been created", "Username": "PC01$", "Domain": "EXAMPLE", "LogonId": "0x3e7", "NewProcessId": "0x440", "NewProcessPath": "C:\\Windows\\System32\\cmd.exe", "TokenElevationType": "TokenElevationTypeDefault (1)", "ProcessId": "0x448", "Command": null}
{"Timestamp": "2019-03-18 11:06:29.911579Z", "Channel": "Security", "Provider": "Microsoft-Windows-Security-Auditing", "Hostname": "PC01.example.corp", "SID": null, "EventID": 4672, "RecordID": 432904, "Level": "0", "Descr": "Special privileges assigned to new logon", "TargetSID": "S-1-5-21-1587066498-1489273250-1035260531-1106", "TargetUsername": "user01", "TargetDomain": "EXAMPLE", "TargetLogonId": "0x4530f0f", "PrivilegeList": "SeSecurityPrivilege\n\t\t\tSeTakeOwnershipPrivilege\n\t\t\tSeLoadDriverPrivilege\n\t\t\tSeBackupPrivilege\n\t\t\tSeRestorePrivilege\n\t\t\tSeDebugPrivilege\n\t\t\tSeSystemEnvironmentPrivilege\n\t\t\tSeImpersonatePrivilege"}
{"Timestamp": "2019-03-18 11:06:29.911579Z", "Channel": "Security", "Provider": "Microsoft-Windows-Security-Auditing", "Hostname": "PC01.example.corp", "SID": "S-1-5-21-1587066498-1489273250-1035260531-1106", "EventID": 4624, "RecordID": 432903, "Level": "0", "Descr": "An account was successfully logged on", "Username": "user01", "Domain": "EXAMPLE", "LogonId": "0x18a7875", "TargetSID": "S-1-5-21-1587066498-1489273250-1035260531-1106", "TargetUsername": "user01", "TargetDomain": "EXAMPLE", "TargetLogonId": "0x4530f0f", "LogonType+": "9", "LogonType": "9", "LogonProcess": "seclogo", "AuthenticationPackage": "Negotiate", "WorkstationName": null, "LogonGUID": "00000000-0000-0000-0000-000000000000", "TransmittedServices": "-", "KeyLength": "0", "ProcessId": "0x3ec", "ProcessPath": "C:\\Windows\\System32\\svchost.exe", "IP": "::1", "Port": "0"}
{"Timestamp": "2019-03-18 11:06:25.485214Z", "Channel": "Security", "Provider": "Microsoft-Windows-Eventlog", "Hostname": "PC01.example.corp", "SID": "S-1-5-21-1587066498-1489273250-1035260531-1106", "EventID": 1102, "RecordID": 432901, "Level": "Information", "Descr": "The audit log was cleared", "Username": "user01", "Domain": "EXAMPLE", "LogonId": "0x18a7875"}
{"Timestamp": "2019-01-20 07:30:10.660099Z", "Channel": "Security", "Provider": "Microsoft-Windows-Security-Auditing", "Hostname": "WIN-77LTAPHIQ1R.example.corp", "SID": "S-1-5-21-1587066498-1489273250-1035260531-1106", "EventID": 5145, "RecordID": 32953, "Level": "0", "Descr": "A network share object was checked to see whether client can be granted desired access", "Username": "user01", "Domain": "EXAMPLE", "LogonId": "0x150133", "ObjectType": "File", "IP": "10.0.2.17", "Port": "49381", "ShareName": "\\\\*\\IPC$", "ShareLocalPath": null, "RelativeTargetName": "srvsvc", "AccessMask": "0x12019f", "AccessList": "READ_CONTROL, SYNCHRONIZE, ReadData (or ListDirectory), WriteData (or AddFile), AppendData (or AddSubdirectory or CreatePipeInstance), ReadEA, WriteEA, ReadAttributes, WriteAttributes", "AccessReason": "-"}
{"Timestamp": "2019-01-20 07:30:10.660099Z", "Channel": "Security", "Provider": "Microsoft-Windows-Security-Auditing", "Hostname": "WIN-77LTAPHIQ1R.example.corp", "SID": "S-1-5-21-1587066498-1489273250-1035260531-1106", "EventID": 5145, "RecordID": 32952, "Level": "0", "Descr": "A network share object was checked to see whether client can be granted desired access", "Username": "user01", "Domain": "EXAMPLE", "LogonId": "0x150133", "ObjectType": "File", "IP": "10.0.2.17", "Port": "49381", "ShareName": "\\\\*\\IPC$", "ShareLocalPath": null, "RelativeTargetName": "lsarpc", "AccessMask": "0x12019f", "AccessList": "READ_CONTROL, SYNCHRONIZE, ReadData (or ListDirectory), WriteData (or AddFile), AppendData (or AddSubdirectory or CreatePipeInstance), ReadEA, WriteEA, ReadAttributes, WriteAttributes", "AccessReason": "-"}
{"Timestamp": "2019-01-20 07:30:10.645116Z", "Channel": "Security", "Provider": "Microsoft-Windows-Security-Auditing", "Hostname": "WIN-77LTAPHIQ1R.example.corp", "SID": "S-1-5-21-1587066498-1489273250-1035260531-1106", "EventID": 5145, "RecordID": 32951, "Level": "0", "Descr": "A network share object was checked to see whether client can be granted desired access", "Username": "user01", "Domain": "EXAMPLE", "LogonId": "0x150133", "ObjectType": "File", "IP": "10.0.2.17", "Port": "49381", "ShareName": "\\\\*\\IPC$", "ShareLocalPath": null, "RelativeTargetName": "winreg", "AccessMask": "0x12019f", "AccessList": "READ_CONTROL, SYNCHRONIZE, ReadData (or ListDirectory), WriteData (or AddFile), AppendData (or AddSubdirectory or CreatePipeInstance), ReadEA, WriteEA, ReadAttributes, WriteAttributes", "AccessReason": "-"}
{"Timestamp": "2019-01-20 07:29:57.863893Z", "Channel": "Security", "Provider": "Microsoft-Windows-Eventlog", "Hostname": "WIN-77LTAPHIQ1R.example.corp", "SID": "S-1-5-21-1587066498-1489273250-1035260531-500", "EventID": 1102, "RecordID": 32950, "Level": "Information", "Descr": "The audit log was cleared", "Username": "Administrator", "Domain": "EXAMPLE", "LogonId": "0x35312"}
{"Timestamp": "2020-09-15 18:04:39.987123Z", "Channel": "Security", "Provider": "Microsoft-Windows-Security-Auditing", "Hostname": "MSEDGEWIN10", "SID": "S-1-5-21-3461203602-4096304019-2269080069-1009", "EventID": 4624, "RecordID": 161473, "Level": "0", "Descr": "An account was successfully logged on", "Username": "svc01", "Domain": "MSEDGEWIN10", "LogonId": "0x10b6b3", "TargetSID": "S-1-5-21-3461203602-4096304019-2269080069-1000", "TargetUsername": "IEUser", "TargetDomain": "MSEDGEWIN10", "TargetLogonId": "0x22afa1", "LogonType+": "3", "LogonType": "3", "LogonProcess": "Advapi  ", "AuthenticationPackage": "MICROSOFT_AUTHENTICATION_PACKAGE_V1_0", "WorkstationName": "MSEDGEWIN10", "LogonGUID": "00000000-0000-0000-0000-000000000000", "TransmittedServices": "-", "KeyLength": "0", "ProcessId": "0x140c", "ProcessPath": "C:\\Windows\\System32\\inetsrv\\w3wp.exe", "IP": "-", "Port": "-", "RestrictedAdminMode": "-", "TargetOutboundUsername": "-", "TargetOutboundDomain": "-", "ElevatedToken": "Yes"}
{"Timestamp": "2020-09-15 18:04:39.987052Z", "Channel": "Security", "Provider": "Microsoft-Windows-Security-Auditing", "Hostname": "MSEDGEWIN10", "SID": "S-1-5-21-3461203602-4096304019-2269080069-1009", "EventID": 4648, "RecordID": 161472, "Level": "0", "Descr": "A logon was attempted using explicit credentials", "Username": "svc01", "Domain": "MSEDGEWIN10", "LogonId": "0x10b6b3", "LogonGUID": "00000000-0000-0000-0000-000000000000", "TargetUsername": "IEUser", "TargetDomain": "MSEDGEWIN10", "TargetLogonGuid": "00000000-0000-0000-0000-000000000000", "TargetServerName": "localhost", "TargetInfo": "localhost", "ProcessId": "0x140c", "ProcessPath": "C:\\Windows\\System32\\inetsrv\\w3wp.exe", "IP": "-", "Port": "-"}
{"Timestamp": "2020-09-15 18:04:36.333991Z", "Channel": "Security", "Provider": "Microsoft-Windows-Eventlog", "Hostname": "MSEDGEWIN10", "SID": "S-1-5-21-3461203602-4096304019-2269080069-1000", "EventID": 1102, "RecordID": 161471, "Level": "Information", "Descr": "The audit log was cleared", "Username": "IEUser", "Domain": "MSEDGEWIN10", "LogonId": "0x52a7d"}
{"Timestamp": "2019-08-05 09:39:30.697730Z", "Channel": "Security", "Provider": "Microsoft-Windows-Security-Auditing", "Hostname": "MSEDGEWIN10", "SID": "S-1-5-21-3461203602-4096304019-2269080069-1000", "EventID": 4624, "RecordID": 10113, "Level": "0", "Descr": "An account was successfully logged on", "Username": "IEUser", "Domain": "MSEDGEWIN10", "LogonId": "0x2e4ce", "TargetSID": "S-1-5-21-3461203602-4096304019-2269080069-1000", "TargetUsername": "IEUser", "TargetDomain": "MSEDGEWIN10", "TargetLogonId": "0x38f87e", "LogonType+": "9", "LogonType": "9", "LogonProcess": "seclogo", "AuthenticationPackage": "Negotiate", "WorkstationName": "-", "LogonGUID": "00000000-0000-0000-0000-000000000000", "TransmittedServices": "-", "KeyLength": "0", "ProcessId": "0x1b90", "ProcessPath": "C:\\Windows\\System32\\svchost.exe", "IP": "::1", "Port": "0", "RestrictedAdminMode": "-", "TargetOutboundUsername": "l", "TargetOutboundDomain": "o", "ElevatedToken": "No"}
{"Timestamp": "2019-03-19 23:34:25.894341Z", "Channel": "System", "Provider": "Microsoft-Windows-Eventlog", "Hostname": "PC01.example.corp", "SID": "S-1-5-21-1587066498-1489273250-1035260531-1106", "EventID": 104, "RecordID": 27736, "Level": "Information", "Descr": "The <EventLogName> log file was cleared", "Username": "user01", "Domain": "EXAMPLE", "EventLogName": "System", "BackupPath": null}
{"Timestamp": "2020-09-17 10:57:53.407618Z", "Channel": "Security", "Provider": "Microsoft-Windows-Security-Auditing", "Hostname": "01566s-win16-ir.threebeesco.com", "SID": "S-1-0-0", "EventID": 4624, "RecordID": 769798, "Level": "0", "Descr": "An account was successfully logged on", "Username": "-", "Domain": "-", "LogonId": "0x0", "TargetSID": "S-1-5-18", "TargetUsername": "01566S-WIN16-IR$", "TargetDomain": "THREEBEESCO.COM", "TargetLogonId": "0x85516e", "LogonType+": "3", "LogonType": "3", "LogonProcess": "Kerberos", "AuthenticationPackage": "Kerberos", "WorkstationName": "-", "LogonGUID": "063B0961-D1B7-6D2C-1FF3-98764C4FAC9D", "TransmittedServices": "-", "KeyLength": "0", "ProcessId": "0x0", "ProcessPath": "-", "IP": "::1", "Port": "53668", "RestrictedAdminMode": "-", "TargetOutboundUsername": "-", "TargetOutboundDomain": "-", "ElevatedToken": "Yes"}
{"Timestamp": "2020-09-17 10:57:44.368952Z", "Channel": "Security", "Provider": "Microsoft-Windows-Security-Auditing", "Hostname": "01566s-win16-ir.threebeesco.com", "SID": "S-1-5-21-308926384-506822093-3341789130-500", "EventID": 5145, "RecordID": 769797, "Level": "0", "Descr": "A network share object was checked to see whether client can be granted desired access", "Username": "Administrator", "Domain": "3B", "LogonId": "0x853237", "ObjectType": "File", "IP": "172.16.66.37", "Port": "49959", "ShareName": "\\\\*\\IPC$", "ShareLocalPath": null, "RelativeTargetName": "lsarpc", "AccessMask": "0x12019f", "AccessList": "READ_CONTROL, SYNCHRONIZE, ReadData (or ListDirectory), WriteData (or AddFile), AppendData (or AddSubdirectory or CreatePipeInstance), ReadEA, WriteEA, ReadAttributes, WriteAttributes", "AccessReason": "-"}
{"Timestamp": "2020-09-17 10:57:44.289618Z", "Channel": "Security", "Provider": "Microsoft-Windows-Security-Auditing", "Hostname": "01566s-win16-ir.threebeesco.com", "SID": "S-1-5-21-308926384-506822093-3341789130-500", "EventID": 4724, "RecordID": 769796, "Level": "0", "Descr": "An attempt to was made to reset an account's password", "TargetUsername": "01566S-WIN16-IR$", "TargetDomain": "3B", "TargetSID": "S-1-5-21-308926384-506822093-3341789130-35103", "Username": "Administrator", "Domain": "3B", "LogonId": "0x853237"}
{"Timestamp": "2020-09-17 10:57:44.272505Z", "Channel": "Security", "Provider": "Microsoft-Windows-Security-Auditing", "Hostname": "01566s-win16-ir.threebeesco.com", "SID": "S-1-5-21-308926384-506822093-3341789130-500", "EventID": 5145, "RecordID": 769795, "Level": "0", "Descr": "A network share object was checked to see whether client can be granted desired access", "Username": "Administrator", "Domain": "3B", "LogonId": "0x853237", "ObjectType": "File", "IP": "172.16.66.37", "Port": "49959", "ShareName": "\\\\*\\IPC$", "ShareLocalPath": null, "RelativeTargetName": "samr", "AccessMask": "0x12019f", "AccessList": "READ_CONTROL, SYNCHRONIZE, ReadData (or ListDirectory), WriteData (or AddFile), AppendData (or AddSubdirectory or CreatePipeInstance), ReadEA, WriteEA, ReadAttributes, WriteAttributes", "AccessReason": "-"}
{"Timestamp": "2020-09-17 10:57:44.270428Z", "Channel": "Security", "Provider": "Microsoft-Windows-Security-Auditing", "Hostname": "01566s-win16-ir.threebeesco.com", "SID": "S-1-0-0", "EventID": 4624, "RecordID": 769794, "Level": "0", "Descr": "An account was successfully logged on", "Username": "-", "Domain": "-", "LogonId": "0x0", "TargetSID": "S-1-5-21-308926384-506822093-3341789130-500", "TargetUsername": "Administrator", "TargetDomain": "3B", "TargetLogonId": "0x853237", "LogonType+": "3", "LogonType": "3", "LogonProcess": "NtLmSsp ", "AuthenticationPackage": "NTLM", "WorkstationName": "02694W-WIN10", "LogonGUID": "00000000-0000-0000-0000-000000000000", "TransmittedServices": "-", "KeyLength": "128", "ProcessId": "0x0", "ProcessPath": "-", "IP": "172.16.66.37", "Port": "49959", "RestrictedAdminMode": "-", "TargetOutboundUsername": "-", "TargetOutboundDomain": "-", "ElevatedToken": "Yes"}
{"Timestamp": "2020-09-17 10:57:44.254575Z", "Channel": "Security", "Provider": "Microsoft-Windows-Security-Auditing", "Hostname": "01566s-win16-ir.threebeesco.com", "SID": null, "EventID": 4776, "RecordID": 769793, "Level": "0", "Descr": "The computer attempted to validate the credentials for an account", "AuthenticationPackage": "MICROSOFT_AUTHENTICATION_PACKAGE_V1_0", "TargetUsername": "Administrator", "WorkstationName": "02694W-WIN10", "ResultCode+": "0x0", "ResultCode": "0x0"}
{"Timestamp": "2020-09-17 10:57:37.013214Z", "Channel": "Security", "Provider": "Microsoft-Windows-Eventlog", "Hostname": "01566s-win16-ir.threebeesco.com", "SID": "S-1-5-21-308926384-506822093-3341789130-1106", "EventID": 1102, "RecordID": 769792, "Level": "Information", "Descr": "The audit log was cleared", "Username": "a-jbrown", "Domain": "3B", "LogonId": "0x4c331"}
{"Timestamp": "2019-03-18 14:23:23.747040Z", "Channel": "Security", "Provider": "Microsoft-Windows-Security-Auditing", "Hostname": "PC01.example.corp", "SID": "S-1-5-21-1587066498-1489273250-1035260531-500", "EventID": 5145, "RecordID": 437569, "Level": "0", "Descr": "A network share object was checked to see whether client can be granted desired access", "Username": "Administrator", "Domain": "EXAMPLE", "LogonId": "0xfc635", "ObjectType": "File", "IP": "10.0.2.15", "Port": "55632", "ShareName": "\\\\*\\C$", "ShareLocalPath": "\\??\\C:\\", "RelativeTargetName": "Users\\Administrator.EXAMPLE\\Music\\desktop.ini", "AccessMask": "0x120089", "AccessList": "READ_CONTROL, SYNCHRONIZE, ReadData (or ListDirectory), ReadEA, ReadAttributes", "AccessReason": "-"}
{"Timestamp": "2019-03-18 14:23:23.747040Z", "Channel": "Security", "Provider": "Microsoft-Windows-Security-Auditing", "Hostname": "PC01.example.corp", "SID": "S-1-5-21-1587066498-1489273250-1035260531-500", "EventID": 5145, "RecordID": 437568, "Level": "0", "Descr": "A network share object was checked to see whether client can be granted desired access", "Username": "Administrator", "Domain": "EXAMPLE", "LogonId": "0xfc635", "ObjectType": "File", "IP": "10.0.2.15", "Port": "55632", "ShareName": "\\\\*\\C$", "ShareLocalPath": "\\??\\C:\\", "RelativeTargetName": "Users\\Administrator.EXAMPLE\\Links\\desktop.ini", "AccessMask": "0x120089", "AccessList": "READ_CONTROL, SYNCHRONIZE, ReadData (or ListDirectory), ReadEA, ReadAttributes", "AccessReason": "-"}
{"Timestamp": "2019-03-18 14:23:23.747040Z", "Channel": "Security", "Provider": "Microsoft-Windows-Security-Auditing", "Hostname": "PC01.example.corp", "SID": "S-1-5-21-1587066498-1489273250-1035260531-500", "EventID": 5145, "RecordID": 437567, "Level": "0", "Descr": "A network share object was checked to see whether client can be granted desired access", "Username": "Administrator", "Domain": "EXAMPLE", "LogonId": "0xfc635", "ObjectType": "File", "IP": "10.0.2.15", "Port": "55632", "ShareName": "\\\\*\\C$", "ShareLocalPath": "\\??\\C:\\", "RelativeTargetName": "Users\\Administrator.EXAMPLE\\Favorites\\desktop.ini", "AccessMask": "0x120089", "AccessList": "READ_CONTROL, SYNCHRONIZE, ReadData (or ListDirectory), ReadEA, ReadAttributes", "AccessReason": "-"}
{"Timestamp": "2019-03-18 14:23:23.747040Z", "Channel": "Security", "Provider": "Microsoft-Windows-Security-Auditing", "Hostname": "PC01.example.corp", "SID": "S-1-5-21-1587066498-1489273250-1035260531-500", "EventID": 5145, "RecordID": 437566, "Level": "0", "Descr": "A network share object was checked to see whether client can be granted desired access", "Username": "Administrator", "Domain": "EXAMPLE", "LogonId": "0xfc635", "ObjectType": "File", "IP": "10.0.2.15", "Port": "55632", "ShareName": "\\\\*\\C$", "ShareLocalPath": "\\??\\C:\\", "RelativeTargetName": "Users\\Administrator.EXAMPLE\\Downloads\\desktop.ini", "AccessMask": "0x120089", "AccessList": "READ_CONTROL, SYNCHRONIZE, ReadData (or ListDirectory), ReadEA, ReadAttributes", "AccessReason": "-"}
{"Timestamp": "2019-03-18 14:23:23.737026Z", "Channel": "Security", "Provider": "Microsoft-Windows-Security-Auditing", "Hostname": "PC01.example.corp", "SID": "S-1-5-21-1587066498-1489273250-1035260531-500", "EventID": 5145, "RecordID": 437565, "Level": "0", "Descr": "A network share object was checked to see whether client can be granted desired access", "Username": "Administrator", "Domain": "EXAMPLE", "LogonId": "0xfc635", "ObjectType": "File", "IP": "10.0.2.15", "Port": "55632", "ShareName": "\\\\*\\C$", "ShareLocalPath": "\\??\\C:\\", "RelativeTargetName": "Users\\Administrator.EXAMPLE\\Documents\\desktop.ini", "AccessMask": "0x120089", "AccessList": "READ_CONTROL, SYNCHRONIZE, ReadData (or ListDirectory), ReadEA, ReadAttributes", "AccessReason": "-"}
{"Timestamp": "2019-03-18 14:23:23.737026Z", "Channel": "Security", "Provider": "Microsoft-Windows-Security-Auditing", "Hostname": "PC01.example.corp", "SID": "S-1-5-21-1587066498-1489273250-1035260531-500", "EventID": 5145, "RecordID": 437564, "Level": "0", "Descr": "A network share object was checked to see whether client can be granted desired access", "Username": "Administrator", "Domain": "EXAMPLE", "LogonId": "0xfc635", "ObjectType": "File", "IP": "10.0.2.15", "Port": "55632", "ShareName": "\\\\*\\C$", "ShareLocalPath": "\\??\\C:\\", "RelativeTargetName": "Users\\Administrator.EXAMPLE\\Desktop\\desktop.ini", "AccessMask": "0x120089", "AccessList": "READ_CONTROL, SYNCHRONIZE, ReadData (or ListDirectory), ReadEA, ReadAttributes", "AccessReason": "-"}
{"Timestamp": "2019-03-18 14:23:23.737026Z", "Channel": "Security", "Provider": "Microsoft-Windows-Security-Auditing", "Hostname": "PC01.example.corp", "SID": "S-1-5-21-1587066498-1489273250-1035260531-500", "EventID": 5145, "RecordID": 437563, "Level": "0", "Descr": "A network share object was checked to see whether client can be granted desired access", "Username": "Administrator", "Domain": "EXAMPLE", "LogonId": "0xfc635", "ObjectType": "File", "IP": "10.0.2.15", "Port": "55632", "ShareName": "\\\\*\\C$", "ShareLocalPath": "\\??\\C:\\", "RelativeTargetName": "Users\\Administrator.EXAMPLE\\Contacts\\desktop.ini", "AccessMask": "0x120089", "AccessList": "READ_CONTROL, SYNCHRONIZE, ReadData (or ListDirectory), ReadEA, ReadAttributes", "AccessReason": "-"}
{"Timestamp": "2019-03-18 14:23:23.737026Z", "Channel": "Security", "Provider": "Microsoft-Windows-Security-Auditing", "Hostname": "PC01.example.corp", "SID": "S-1-5-21-1587066498-1489273250-1035260531-500", "EventID": 5145, "RecordID": 437562, "Level": "0", "Descr": "A network share object was checked to see whether client can be granted desired access", "Username": "Administrator", "Domain": "EXAMPLE", "LogonId": "0xfc635", "ObjectType": "File", "IP": "10.0.2.15", "Port": "55632", "ShareName": "\\\\*\\C$", "ShareLocalPath": "\\??\\C:\\", "RelativeTargetName": "Users\\Administrator.EXAMPLE", "AccessMask": "0x100081", "AccessList": "SYNCHRONIZE, ReadData (or ListDirectory), ReadAttributes", "AccessReason": "-"}
{"Timestamp": "2019-03-18 14:23:23.737026Z", "Channel": "Security", "Provider": "Microsoft-Windows-Security-Auditing", "Hostname": "PC01.example.corp", "SID": "S-1-5-21-1587066498-1489273250-1035260531-500", "EventID": 5145, "RecordID": 437561, "Level": "0", "Descr": "A network share object was checked to see whether client can be granted desired access", "Username": "Administrator", "Domain": "EXAMPLE", "LogonId": "0xfc635", "ObjectType": "File", "IP": "10.0.2.15", "Port": "55632", "ShareName": "\\\\*\\C$", "ShareLocalPath": "\\??\\C:\\", "RelativeTargetName": "Users\\Administrator\\Videos", "AccessMask": "0x100081", "AccessList": "SYNCHRONIZE, ReadData (or ListDirectory), ReadAttributes", "AccessReason": "-"}
{"Timestamp": "2019-03-18 14:23:23.737026Z", "Channel": "Security", "Provider": "Microsoft-Windows-Security-Auditing", "Hostname": "PC01.example.corp", "SID": "S-1-5-21-1587066498-1489273250-1035260531-500", "EventID": 5145, "RecordID": 437560, "Level": "0", "Descr": "A network share object was checked to see whether client can be granted desired access", "Username": "Administrator", "Domain": "EXAMPLE", "LogonId": "0xfc635", "ObjectType": "File", "IP": "10.0.2.15", "Port": "55632", "ShareName": "\\\\*\\C$", "ShareLocalPath": "\\??\\C:\\", "RelativeTargetName": "Users\\Administrator\\Searches", "AccessMask": "0x100081", "AccessList": "SYNCHRONIZE, ReadData (or ListDirectory), ReadAttributes", "AccessReason": "-"}
{"Timestamp": "2019-03-18 14:23:23.727012Z", "Channel": "Security", "Provider": "Microsoft-Windows-Security-Auditing", "Hostname": "PC01.example.corp", "SID": "S-1-5-21-1587066498-1489273250-1035260531-500", "EventID": 5145, "RecordID": 437559, "Level": "0", "Descr": "A network share object was checked to see whether client can be granted desired access", "Username": "Administrator", "Domain": "EXAMPLE", "LogonId": "0xfc635", "ObjectType": "File", "IP": "10.0.2.15", "Port": "55632", "ShareName": "\\\\*\\C$", "ShareLocalPath": "\\??\\C:\\", "RelativeTargetName": "Users\\Administrator\\Saved Games", "AccessMask": "0x100081", "AccessList": "SYNCHRONIZE, ReadData (or ListDirectory), ReadAttributes", "AccessReason": "-"}
{"Timestamp": "2019-03-18 14:23:23.727012Z", "Channel": "Security", "Provider": "Microsoft-Windows-Security-Auditing", "Hostname": "PC01.example.corp", "SID": "S-1-5-21-1587066498-1489273250-1035260531-500", "EventID": 5145, "RecordID": 437558, "Level": "0", "Descr": "A network share object was checked to see whether client can be granted desired access", "Username": "Administrator", "Domain": "EXAMPLE", "LogonId": "0xfc635", "ObjectType": "File", "IP": "10.0.2.15", "Port": "55632", "ShareName": "\\\\*\\C$", "ShareLocalPath": "\\??\\C:\\", "RelativeTargetName": "Users\\Administrator\\Pictures", "AccessMask": "0x100081", "AccessList": "SYNCHRONIZE, ReadData (or ListDirectory), ReadAttributes", "AccessReason": "-"}
{"Timestamp": "2019-03-18 14:23:23.727012Z", "Channel": "Security", "Provider": "Microsoft-Windows-Security-Auditing", "Hostname": "PC01.example.corp", "SID": "S-1-5-21-1587066498-1489273250-1035260531-500", "EventID": 5145, "RecordID": 437557, "Level": "0", "Descr": "A network share object was checked to see whether client can be granted desired access", "Username": "Administrator", "Domain": "EXAMPLE", "LogonId": "0xfc635", "ObjectType": "File", "IP": "10.0.2.15", "Port": "55632", "ShareName": "\\\\*\\C$", "ShareLocalPath": "\\??\\C:\\", "RelativeTargetName": "Users\\Administrator\\Music", "AccessMask": "0x100081", "AccessList": "SYNCHRONIZE, ReadData (or ListDirectory), ReadAttributes", "AccessReason": "-"}
{"Timestamp": "2019-03-18 14:23:23.727012Z", "Channel": "Security", "Provider": "Microsoft-Windows-Security-Auditing", "Hostname": "PC01.example.corp", "SID": "S-1-5-21-1587066498-1489273250-1035260531-500", "EventID": 5145, "RecordID": 437556, "Level": "0", "Descr": "A network share object was checked to see whether client can be granted desired access", "Username": "Administrator", "Domain": "EXAMPLE", "LogonId": "0xfc635", "ObjectType": "File", "IP": "10.0.2.15", "Port": "55632", "ShareName": "\\\\*\\C$", "ShareLocalPath": "\\??\\C:\\", "RelativeTargetName": "Users\\Administrator\\Links", "AccessMask": "0x100081", "AccessList": "SYNCHRONIZE, ReadData (or ListDirectory), ReadAttributes", "AccessReason": "-"}
{"Timestamp": "2019-03-18 14:23:23.727012Z", "Channel": "Security", "Provider": "Microsoft-Windows-Security-Auditing", "Hostname": "PC01.example.corp", "SID": "S-1-5-21-1587066498-1489273250-1035260531-500", "EventID": 5145, "RecordID": 437555, "Level": "0", "Descr": "A network share object was checked to see whether client can be granted desired access", "Username": "Administrator", "Domain": "EXAMPLE", "LogonId": "0xfc635", "ObjectType": "File", "IP": "10.0.2.15", "Port": "55632", "ShareName": "\\\\*\\C$", "ShareLocalPath": "\\??\\C:\\", "RelativeTargetName": "Users\\Administrator\\Favorites\\Links for United States", "AccessMask": "0x100081", "AccessList": "SYNCHRONIZE, ReadData (or ListDirectory), ReadAttributes", "AccessReason": "-"}
{"Timestamp": "2019-03-18 14:23:23.727012Z", "Channel": "Security", "Provider": "Microsoft-Windows-Security-Auditing", "Hostname": "PC01.example.corp", "SID": "S-1-5-21-1587066498-1489273250-1035260531-500", "EventID": 5145, "RecordID": 437554, "Level": "0", "Descr": "A network share object was checked to see whether client can be granted desired access", "Username": "Administrator", "Domain": "EXAMPLE", "LogonId": "0xfc635", "ObjectType": "File", "IP": "10.0.2.15", "Port": "55632", "ShareName": "\\\\*\\C$", "ShareLocalPath": "\\??\\C:\\", "RelativeTargetName": "Users\\Administrator\\Favorites\\Links", "AccessMask": "0x100081", "AccessList": "SYNCHRONIZE, ReadData (or ListDirectory), ReadAttributes", "AccessReason": "-"}
{"Timestamp": "2019-03-18 14:23:23.716997Z", "Channel": "Security", "Provider": "Microsoft-Windows-Security-Auditing", "Hostname": "PC01.example.corp", "SID": "S-1-5-21-1587066498-1489273250-1035260531-500", "EventID": 5145, "RecordID": 437553, "Level": "0", "Descr": "A network share object was checked to see whether client can be granted desired access", "Username": "Administrator", "Domain": "EXAMPLE", "LogonId": "0xfc635", "ObjectType": "File", "IP": "10.0.2.15", "Port": "55632", "ShareName": "\\\\*\\C$", "ShareLocalPath": "\\??\\C:\\", "RelativeTargetName": "Users\\Administrator\\Favorites\\Links for United States\\desktop.ini", "AccessMask": "0x120089", "AccessList": "READ_CONTROL, SYNCHRONIZE, ReadData (or ListDirectory), ReadEA, ReadAttributes", "AccessReason": "-"}
{"Timestamp": "2019-03-18 14:23:23.716997Z", "Channel": "Security", "Provider": "Microsoft-Windows-Security-Auditing", "Hostname": "PC01.example.corp", "SID": "S-1-5-21-1587066498-1489273250-1035260531-500", "EventID": 5145, "RecordID": 437552, "Level": "0", "Descr": "A network share object was checked to see whether client can be granted desired access", "Username": "Administrator", "Domain": "EXAMPLE", "LogonId": "0xfc635", "ObjectType": "File", "IP": "10.0.2.15", "Port": "55632", "ShareName": "\\\\*\\C$", "ShareLocalPath": "\\??\\C:\\", "RelativeTargetName": "Users\\Administrator\\Favorites\\Links\\desktop.ini", "AccessMask": "0x120089", "AccessList": "READ_CONTROL, SYNCHRONIZE, ReadData (or ListDirectory), ReadEA, ReadAttributes", "AccessReason": "-"}
{"Timestamp": "2019-03-18 14:23:23.716997Z", "Channel": "Security", "Provider": "Microsoft-Windows-Security-Auditing", "Hostname": "PC01.example.corp", "SID": "S-1-5-21-1587066498-1489273250-1035260531-500", "EventID": 5145, "RecordID": 437551, "Level": "0", "Descr": "A network share object was checked to see whether client can be granted desired access", "Username": "Administrator", "Domain": "EXAMPLE", "LogonId": "0xfc635", "ObjectType": "File", "IP": "10.0.2.15", "Port": "55632", "ShareName": "\\\\*\\C$", "ShareLocalPath": "\\??\\C:\\", "RelativeTargetName": "Users\\Administrator\\Favorites", "AccessMask": "0x100081", "AccessList": "SYNCHRONIZE, ReadData (or ListDirectory), ReadAttributes", "AccessReason": "-"}
{"Timestamp": "2019-03-18 14:23:23.716997Z", "Channel": "Security", "Provider": "Microsoft-Windows-Security-Auditing", "Hostname": "PC01.example.corp", "SID": "S-1-5-21-1587066498-1489273250-1035260531-500", "EventID": 5145, "RecordID": 437550, "Level": "0", "Descr": "A network share object was checked to see whether client can be granted desired access", "Username": "Administrator", "Domain": "EXAMPLE", "LogonId": "0xfc635", "ObjectType": "File", "IP": "10.0.2.15", "Port": "55632", "ShareName": "\\\\*\\C$", "ShareLocalPath": "\\??\\C:\\", "RelativeTargetName": "Users\\Administrator\\Downloads", "AccessMask": "0x100081", "AccessList": "SYNCHRONIZE, ReadData (or ListDirectory), ReadAttributes", "AccessReason": "-"}
{"Timestamp": "2019-03-18 14:23:23.716997Z", "Channel": "Security", "Provider": "Microsoft-Windows-Security-Auditing", "Hostname": "PC01.example.corp", "SID": "S-1-5-21-1587066498-1489273250-1035260531-500", "EventID": 5145, "RecordID": 437549, "Level": "0", "Descr": "A network share object was checked to see whether client can be granted desired access", "Username": "Administrator", "Domain": "EXAMPLE", "LogonId": "0xfc635", "ObjectType": "File", "IP": "10.0.2.15", "Port": "55632", "ShareName": "\\\\*\\C$", "ShareLocalPath": "\\??\\C:\\", "RelativeTargetName": "Users\\Administrator\\Documents", "AccessMask": "0x100081", "AccessList": "SYNCHRONIZE, ReadData (or ListDirectory), ReadAttributes", "AccessReason": "-"}
{"Timestamp": "2019-03-18 14:23:23.706983Z", "Channel": "Security", "Provider": "Microsoft-Windows-Security-Auditing", "Hostname": "PC01.example.corp", "SID": "S-1-5-21-1587066498-1489273250-1035260531-500", "EventID": 5145, "RecordID": 437548, "Level": "0", "Descr": "A network share object was checked to see whether client can be granted desired access", "Username": "Administrator", "Domain": "EXAMPLE", "LogonId": "0xfc635", "ObjectType": "File", "IP": "10.0.2.15", "Port": "55632", "ShareName": "\\\\*\\C$", "ShareLocalPath": "\\??\\C:\\", "RelativeTargetName": "Users\\Administrator\\Desktop", "AccessMask": "0x100081", "AccessList": "SYNCHRONIZE, ReadData (or ListDirectory), ReadAttributes", "AccessReason": "-"}
{"Timestamp": "2019-03-18 14:23:23.706983Z", "Channel": "Security", "Provider": "Microsoft-Windows-Security-Auditing", "Hostname": "PC01.example.corp", "SID": "S-1-5-21-1587066498-1489273250-1035260531-500", "EventID": 5145, "RecordID": 437547, "Level": "0", "Descr": "A network share object was checked to see whether client can be granted desired access", "Username": "Administrator", "Domain": "EXAMPLE", "LogonId": "0xfc635", "ObjectType": "File", "IP": "10.0.2.15", "Port": "55632", "ShareName": "\\\\*\\C$", "ShareLocalPath": "\\??\\C:\\", "RelativeTargetName": "Users\\Administrator\\Contacts", "AccessMask": "0x100081", "AccessList": "SYNCHRONIZE, ReadData (or ListDirectory), ReadAttributes", "AccessReason": "-"}
{"Timestamp": "2019-03-18 14:23:23.706983Z", "Channel": "Security", "Provider": "Microsoft-Windows-Security-Auditing", "Hostname": "PC01.example.corp", "SID": "S-1-5-21-1587066498-1489273250-1035260531-500", "EventID": 5145, "RecordID": 437546, "Level": "0", "Descr": "A network share object was checked to see whether client can be granted desired access", "Username": "Administrator", "Domain": "EXAMPLE", "LogonId": "0xfc635", "ObjectType": "File", "IP": "10.0.2.15", "Port": "55632", "ShareName": "\\\\*\\C$", "ShareLocalPath": "\\??\\C:\\", "RelativeTargetName": "Users\\Administrator\\Videos\\desktop.ini", "AccessMask": "0x120089", "AccessList": "READ_CONTROL, SYNCHRONIZE, ReadData (or ListDirectory), ReadEA, ReadAttributes", "AccessReason": "-"}
{"Timestamp": "2019-03-18 14:23:23.706983Z", "Channel": "Security", "Provider": "Microsoft-Windows-Security-Auditing", "Hostname": "PC01.example.corp", "SID": "S-1-5-21-1587066498-1489273250-1035260531-500", "EventID": 5145, "RecordID": 437545, "Level": "0", "Descr": "A network share object was checked to see whether client can be granted desired access", "Username": "Administrator", "Domain": "EXAMPLE", "LogonId": "0xfc635", "ObjectType": "File", "IP": "10.0.2.15", "Port": "55632", "ShareName": "\\\\*\\C$", "ShareLocalPath": "\\??\\C:\\", "RelativeTargetName": "Users\\Administrator\\Searches\\desktop.ini", "AccessMask": "0x120089", "AccessList": "READ_CONTROL, SYNCHRONIZE, ReadData (or ListDirectory), ReadEA, ReadAttributes", "AccessReason": "-"}
{"Timestamp": "2019-03-18 14:23:23.706983Z", "Channel": "Security", "Provider": "Microsoft-Windows-Security-Auditing", "Hostname": "PC01.example.corp", "SID": "S-1-5-21-1587066498-1489273250-1035260531-500", "EventID": 5145, "RecordID": 437544, "Level": "0", "Descr": "A network share object was checked to see whether client can be granted desired access", "Username": "Administrator", "Domain": "EXAMPLE", "LogonId": "0xfc635", "ObjectType": "File", "IP": "10.0.2.15", "Port": "55632", "ShareName": "\\\\*\\C$", "ShareLocalPath": "\\??\\C:\\", "RelativeTargetName": "Users\\Administrator\\Saved Games\\desktop.ini", "AccessMask": "0x120089", "AccessList": "READ_CONTROL, SYNCHRONIZE, ReadData (or ListDirectory), ReadEA, ReadAttributes", "AccessReason": "-"}
{"Timestamp": "2019-03-18 14:23:23.706983Z", "Channel": "Security", "Provider": "Microsoft-Windows-Security-Auditing", "Hostname": "PC01.example.corp", "SID": "S-1-5-21-1587066498-1489273250-1035260531-500", "EventID": 5145, "RecordID": 437543, "Level": "0", "Descr": "A network share object was checked to see whether client can be granted desired access", "Username": "Administrator", "Domain": "EXAMPLE", "LogonId": "0xfc635", "ObjectType": "File", "IP": "10.0.2.15", "Port": "55632", "ShareName": "\\\\*\\C$", "ShareLocalPath": "\\??\\C:\\", "RelativeTargetName": "Users\\Administrator\\Pictures\\desktop.ini", "AccessMask": "0x120089", "AccessList": "READ_CONTROL, SYNCHRONIZE, ReadData (or ListDirectory), ReadEA, ReadAttributes", "AccessReason": "-"}
{"Timestamp": "2019-03-18 14:23:23.696968Z", "Channel": "Security", "Provider": "Microsoft-Windows-Security-Auditing", "Hostname": "PC01.example.corp", "SID": "S-1-5-21-1587066498-1489273250-1035260531-500", "EventID": 5145, "RecordID": 437542, "Level": "0", "Descr": "A network share object was checked to see whether client can be granted desired access", "Username": "Administrator", "Domain": "EXAMPLE", "LogonId": "0xfc635", "ObjectType": "File", "IP": "10.0.2.15", "Port": "55632", "ShareName": "\\\\*\\C$", "ShareLocalPath": "\\??\\C:\\", "RelativeTargetName": "Users\\Administrator\\Music\\desktop.ini", "AccessMask": "0x120089", "AccessList": "READ_CONTROL, SYNCHRONIZE, ReadData (or ListDirectory), ReadEA, ReadAttributes", "AccessReason": "-"}
{"Timestamp": "2019-03-18 14:23:23.696968Z", "Channel": "Security", "Provider": "Microsoft-Windows-Security-Auditing", "Hostname": "PC01.example.corp", "SID": "S-1-5-21-1587066498-1489273250-1035260531-500", "EventID": 5145, "RecordID": 437541, "Level": "0", "Descr": "A network share object was checked to see whether client can be granted desired access", "Username": "Administrator", "Domain": "EXAMPLE", "LogonId": "0xfc635", "ObjectType": "File", "IP": "10.0.2.15", "Port": "55632", "ShareName": "\\\\*\\C$", "ShareLocalPath": "\\??\\C:\\", "RelativeTargetName": "Users\\Administrator\\Links\\desktop.ini", "AccessMask": "0x120089", "AccessList": "READ_CONTROL, SYNCHRONIZE, ReadData (or ListDirectory), ReadEA, ReadAttributes", "AccessReason": "-"}
{"Timestamp": "2019-03-18 14:23:23.696968Z", "Channel": "Security", "Provider": "Microsoft-Windows-Security-Auditing", "Hostname": "PC01.example.corp", "SID": "S-1-5-21-1587066498-1489273250-1035260531-500", "EventID": 5145, "RecordID": 437540, "Level": "0", "Descr": "A network share object was checked to see whether client can be granted desired access", "Username": "Administrator", "Domain": "EXAMPLE", "LogonId": "0xfc635", "ObjectType": "File", "IP": "10.0.2.15", "Port": "55632", "ShareName": "\\\\*\\C$", "ShareLocalPath": "\\??\\C:\\", "RelativeTargetName": "Users\\Administrator\\Favorites\\desktop.ini", "AccessMask": "0x120089", "AccessList": "READ_CONTROL, SYNCHRONIZE, ReadData (or ListDirectory), ReadEA, ReadAttributes", "AccessReason": "-"}
{"Timestamp": "2019-03-18 14:23:23.696968Z", "Channel": "Security", "Provider": "Microsoft-Windows-Security-Auditing", "Hostname": "PC01.example.corp", "SID": "S-1-5-21-1587066498-1489273250-1035260531-500", "EventID": 5145, "RecordID": 437539, "Level": "0", "Descr": "A network share object was checked to see whether client can be granted desired access", "Username": "Administrator", "Domain": "EXAMPLE", "LogonId": "0xfc635", "ObjectType": "File", "IP": "10.0.2.15", "Port": "55632", "ShareName": "\\\\*\\C$", "ShareLocalPath": "\\??\\C:\\", "RelativeTargetName": "Users\\Administrator\\Downloads\\desktop.ini", "AccessMask": "0x120089", "AccessList": "READ_CONTROL, SYNCHRONIZE, ReadData (or ListDirectory), ReadEA, ReadAttributes", "AccessReason": "-"}
{"Timestamp": "2019-03-18 14:23:23.686954Z", "Channel": "Security", "Provider": "Microsoft-Windows-Security-Auditing", "Hostname": "PC01.example.corp", "SID": "S-1-5-21-1587066498-1489273250-1035260531-500", "EventID": 5145, "RecordID": 437538, "Level": "0", "Descr": "A network share object was checked to see whether client can be granted desired access", "Username": "Administrator", "Domain": "EXAMPLE", "LogonId": "0xfc635", "ObjectType": "File", "IP": "10.0.2.15", "Port": "55632", "ShareName": "\\\\*\\C$", "ShareLocalPath": "\\??\\C:\\", "RelativeTargetName": "Users\\Administrator\\Documents\\desktop.ini", "AccessMask": "0x120089", "AccessList": "READ_CONTROL, SYNCHRONIZE, ReadData (or ListDirectory), ReadEA, ReadAttributes", "AccessReason": "-"}
{"Timestamp": "2019-03-18 14:23:23.686954Z", "Channel": "Security", "Provider": "Microsoft-Windows-Security-Auditing", "Hostname": "PC01.example.corp", "SID": "S-1-5-21-1587066498-1489273250-1035260531-500", "EventID": 5145, "RecordID": 437537, "Level": "0", "Descr": "A network share object was checked to see whether client can be granted desired access", "Username": "Administrator", "Domain": "EXAMPLE", "LogonId": "0xfc635", "ObjectType": "File", "IP": "10.0.2.15", "Port": "55632", "ShareName": "\\\\*\\C$", "ShareLocalPath": "\\??\\C:\\", "RelativeTargetName": "Users\\Administrator\\Desktop\\desktop.ini", "AccessMask": "0x120089", "AccessList": "READ_CONTROL, SYNCHRONIZE, ReadData (or ListDirectory), ReadEA, ReadAttributes", "AccessReason": "-"}
{"Timestamp": "2019-03-18 14:23:23.686954Z", "Channel": "Security", "Provider": "Microsoft-Windows-Security-Auditing", "Hostname": "PC01.example.corp", "SID": "S-1-5-21-1587066498-1489273250-1035260531-500", "EventID": 5145, "RecordID": 437536, "Level": "0", "Descr": "A network share object was checked to see whether client can be granted desired access", "Username": "Administrator", "Domain": "EXAMPLE", "LogonId": "0xfc635", "ObjectType": "File", "IP": "10.0.2.15", "Port": "55632", "ShareName": "\\\\*\\C$", "ShareLocalPath": "\\??\\C:\\", "RelativeTargetName": "Users\\Administrator\\Contacts\\desktop.ini", "AccessMask": "0x120089", "AccessList": "READ_CONTROL, SYNCHRONIZE, ReadData (or ListDirectory), ReadEA, ReadAttributes", "AccessReason": "-"}
{"Timestamp": "2019-03-18 14:23:23.686954Z", "Channel": "Security", "Provider": "Microsoft-Windows-Security-Auditing", "Hostname": "PC01.example.corp", "SID": "S-1-5-21-1587066498-1489273250-1035260531-500", "EventID": 5145, "RecordID": 437535, "Level": "0", "Descr": "A network share object was checked to see whether client can be granted desired access", "Username": "Administrator", "Domain": "EXAMPLE", "LogonId": "0xfc635", "ObjectType": "File", "IP": "10.0.2.15", "Port": "55632", "ShareName": "\\\\*\\C$", "ShareLocalPath": "\\??\\C:\\", "RelativeTargetName": "Users\\Administrator", "AccessMask": "0x100081", "AccessList": "SYNCHRONIZE, ReadData (or ListDirectory), ReadAttributes", "AccessReason": "-"}
